Log file open, 02/27/21 17:54:19
LogWindows: Failed to load 'aqProf.dll' (GetLastError=126)
LogWindows: File 'aqProf.dll' does not exist
LogWindows: Failed to load 'VtuneApi.dll' (GetLastError=126)
LogWindows: File 'VtuneApi.dll' does not exist
LogWindows: Failed to load 'VtuneApi32e.dll' (GetLastError=126)
LogWindows: File 'VtuneApi32e.dll' does not exist
LogConsoleResponse: Display: Failed to find resolution value strings in scalability ini. Falling back to default.
LogInit: Display: Running engine without a game
LogPlatformFile: Not using cached read wrapper
LogInit: Display: Loading recent project file: ../../../../../../Users/david/Documents/GitHub/Final-Year-Project/FYP/FYP.uproject
LogTaskGraph: Started task graph with 5 named threads and 14 total threads with 3 sets of task threads.
LogStats: Stats thread started at 0.092520
LogD3D11RHI: Loaded GFSDK_Aftermath_Lib.x64.dll
LogICUInternationalization: ICU TimeZone Detection - Raw Offset: +0:00, Platform Override: ''
LogPluginManager: Mounting plugin Paper2D
LogPluginManager: Mounting plugin AISupport
LogPluginManager: Mounting plugin LightPropagationVolume
LogPluginManager: Mounting plugin ActorLayerUtilities
LogPluginManager: Mounting plugin AnimationSharing
LogPluginManager: Mounting plugin CLionSourceCodeAccess
LogPluginManager: Mounting plugin CodeLiteSourceCodeAccess
LogPluginManager: Mounting plugin GitSourceControl
LogPluginManager: Mounting plugin KDevelopSourceCodeAccess
LogPluginManager: Mounting plugin NullSourceCodeAccess
LogPluginManager: Mounting plugin PerforceSourceControl
LogPluginManager: Mounting plugin SubversionSourceControl
LogPluginManager: Mounting plugin UObjectPlugin
LogPluginManager: Mounting plugin VisualStudioCodeSourceCodeAccess
LogPluginManager: Mounting plugin VisualStudioSourceCodeAccess
LogPluginManager: Mounting plugin XCodeSourceCodeAccess
LogPluginManager: Mounting plugin AssetManagerEditor
LogPluginManager: Mounting plugin CryptoKeys
LogPluginManager: Mounting plugin CurveEditorTools
LogPluginManager: Mounting plugin DataValidation
LogPluginManager: Mounting plugin FacialAnimation
LogPluginManager: Mounting plugin GameplayTagsEditor
LogPluginManager: Mounting plugin MacGraphicsSwitching
LogPluginManager: Mounting plugin MaterialAnalyzer
LogPluginManager: Mounting plugin MobileLauncherProfileWizard
LogPluginManager: Mounting plugin PluginBrowser
LogPluginManager: Mounting plugin SpeedTreeImporter
LogPluginManager: Mounting plugin DatasmithContent
LogPluginManager: Mounting plugin VariantManagerContent
LogPluginManager: Mounting plugin AlembicImporter
LogPluginManager: Mounting plugin AutomationUtils
LogPluginManager: Mounting plugin BackChannel
LogPluginManager: Mounting plugin CharacterAI
LogPluginManager: Mounting plugin GeometryCache
LogPluginManager: Mounting plugin HTML5Networking
LogPluginManager: Mounting plugin PlatformCrypto
LogPluginManager: Mounting plugin ProxyLODPlugin
LogPluginManager: Mounting plugin RawInput
LogPluginManager: Mounting plugin SkeletalReduction
LogPluginManager: Mounting plugin MagicLeap
LogPluginManager: Mounting plugin MagicLeapMedia
LogPluginManager: Mounting plugin AndroidMedia
LogPluginManager: Mounting plugin AvfMedia
LogPluginManager: Mounting plugin ImgMedia
LogPluginManager: Mounting plugin MediaCompositing
LogPluginManager: Mounting plugin MediaPlayerEditor
LogPluginManager: Mounting plugin WebMMedia
LogPluginManager: Mounting plugin WmfMedia
LogPluginManager: Mounting plugin TcpMessaging
LogPluginManager: Mounting plugin UdpMessaging
LogPluginManager: Mounting plugin ActorSequence
LogPluginManager: Mounting plugin LevelSequenceEditor
LogPluginManager: Mounting plugin MatineeToLevelSequence
LogPluginManager: Mounting plugin NetcodeUnitTest
LogPluginManager: Mounting plugin NUTUnrealEngine4
LogPluginManager: Mounting plugin OnlineSubsystemGooglePlay
LogPluginManager: Mounting plugin OnlineSubsystemIOS
LogPluginManager: Mounting plugin OnlineSubsystem
LogPluginManager: Mounting plugin OnlineSubsystemNull
LogPluginManager: Mounting plugin OnlineSubsystemUtils
LogPluginManager: Mounting plugin LauncherChunkInstaller
LogPluginManager: Mounting plugin AndroidDeviceProfileSelector
LogPluginManager: Mounting plugin AndroidMoviePlayer
LogPluginManager: Mounting plugin AndroidPermission
LogPluginManager: Mounting plugin AppleImageUtils
LogPluginManager: Mounting plugin AppleMoviePlayer
LogPluginManager: Mounting plugin ArchVisCharacter
LogPluginManager: Mounting plugin AudioCapture
LogPluginManager: Mounting plugin CableComponent
LogPluginManager: Mounting plugin CustomMeshComponent
LogPluginManager: Mounting plugin EditableMesh
LogPluginManager: Mounting plugin ExampleDeviceProfileSelector
LogPluginManager: Mounting plugin GoogleCloudMessaging
LogPluginManager: Mounting plugin IOSDeviceProfileSelector
LogPluginManager: Mounting plugin LinuxDeviceProfileSelector
LogPluginManager: Mounting plugin LocationServicesBPLibrary
LogPluginManager: Mounting plugin MobilePatchingUtils
LogPluginManager: Mounting plugin OculusVR
LogPluginManager: Mounting plugin PhysXVehicles
LogPluginManager: Mounting plugin ProceduralMeshComponent
LogPluginManager: Mounting plugin RuntimePhysXCooking
LogPluginManager: Mounting plugin SignificanceManager
LogPluginManager: Mounting plugin SteamVR
LogPluginManager: Mounting plugin WebMMoviePlayer
LogPluginManager: Mounting plugin WindowsMoviePlayer
LogPluginManager: Mounting plugin ScreenshotTools
LogPluginManager: Mounting plugin SocketIOClient
LogPluginManager: Mounting plugin TensorFlow
LogPluginManager: Mounting plugin UnrealEnginePython
LogInit: Using libcurl 7.55.1-DEV
LogInit:  - built for x86_64-pc-win32
LogInit:  - supports SSL with OpenSSL/1.1.1
LogInit:  - supports HTTP deflate (compression) using libz 1.2.8
LogInit:  - other features:
LogInit:      CURL_VERSION_SSL
LogInit:      CURL_VERSION_LIBZ
LogInit:      CURL_VERSION_IPV6
LogInit:      CURL_VERSION_ASYNCHDNS
LogInit:      CURL_VERSION_LARGEFILE
LogInit:      CURL_VERSION_IDN
LogInit:  CurlRequestOptions (configurable via config and command line):
LogInit:  - bVerifyPeer = true  - Libcurl will verify peer certificate
LogInit:  - bUseHttpProxy = false  - Libcurl will NOT use HTTP proxy
LogInit:  - bDontReuseConnections = false  - Libcurl will reuse connections
LogInit:  - MaxHostConnections = 16  - Libcurl will limit the number of connections to a host
LogInit:  - LocalHostAddr = Default
LogInit:  - BufferSize = 65536
LogOnline: OSS: Creating online subsystem instance for: NULL
LogInit: WinSock: version 1.1 (2.2), MaxSocks=32767, MaxUdp=65467
LogInit: Build: ++UE4+Release-4.23-CL-9631420
LogInit: Engine Version: 4.23.1-9631420+++UE4+Release-4.23
LogInit: Compatible Engine Version: 4.23.0-8386587+++UE4+Release-4.23
LogInit: Net CL: 8386587
LogInit: OS: Windows 10 (Release 2009) (), CPU:        Intel(R) Core(TM) i5-2500K CPU @ 3.30GHz, GPU: NVIDIA GeForce RTX 2060 SUPER
LogInit: Compiled (64-bit): Oct 18 2019 02:07:44
LogInit: Compiled with Visual C++: 19.16.27030.01
LogInit: Build Configuration: Development
LogInit: Branch Name: ++UE4+Release-4.23
LogInit: Command Line:  -EpicPortal -epicusername=tauntcorpse5866 -epicuserid=e3fa17de25344c4b9e8f9f55e5e8e750 -epiclocale=en
LogInit: Base Directory: C:/Program Files/Epic Games/UE_4.23/Engine/Binaries/Win64/
LogInit: Installed Engine Build: 1
LogDevObjectVersion: Number of dev versions registered: 23
LogDevObjectVersion:   Dev-Blueprints (B0D832E4-1F89-4F0D-ACCF-7EB736FD4AA2): 10
LogDevObjectVersion:   Dev-Build (E1C64328-A22C-4D53-A36C-8E866417BD8C): 0
LogDevObjectVersion:   Dev-Core (375EC13C-06E4-48FB-B500-84F0262A717E): 3
LogDevObjectVersion:   Dev-Editor (E4B068ED-F494-42E9-A231-DA0B2E46BB41): 34
LogDevObjectVersion:   Dev-Framework (CFFC743F-43B0-4480-9391-14DF171D2073): 35
LogDevObjectVersion:   Dev-Mobile (B02B49B5-BB20-44E9-A304-32B752E40360): 2
LogDevObjectVersion:   Dev-Networking (A4E4105C-59A1-49B5-A7C5-40C4547EDFEE): 0
LogDevObjectVersion:   Dev-Online (39C831C9-5AE6-47DC-9A44-9C173E1C8E7C): 0
LogDevObjectVersion:   Dev-Physics (78F01B33-EBEA-4F98-B9B4-84EACCB95AA2): 0
LogDevObjectVersion:   Dev-Platform (6631380F-2D4D-43E0-8009-CF276956A95A): 0
LogDevObjectVersion:   Dev-Rendering (12F88B9F-8875-4AFC-A67C-D90C383ABD29): 31
LogDevObjectVersion:   Dev-Sequencer (7B5AE74C-D270-4C10-A958-57980B212A5A): 11
LogDevObjectVersion:   Dev-VR (D7296918-1DD6-4BDD-9DE2-64A83CC13884): 2
LogDevObjectVersion:   Dev-LoadTimes (C2A15278-BFE7-4AFE-6C17-90FF531DF755): 1
LogDevObjectVersion:   Private-Geometry (6EACA3D4-40EC-4CC1-B786-8BED09428FC5): 3
LogDevObjectVersion:   Dev-AnimPhys (29E575DD-E0A3-4627-9D10-D276232CDCEA): 17
LogDevObjectVersion:   Dev-Anim (AF43A65D-7FD3-4947-9873-3E8ED9C1BB05): 2
LogDevObjectVersion:   Dev-ReflectionCapture (6B266CEC-1EC7-4B8F-A30B-E4D90942FC07): 1
LogDevObjectVersion:   Dev-Automation (0DF73D61-A23F-47EA-B727-89E90C41499A): 1
LogDevObjectVersion:   FortniteMain (601D1886-AC64-4F84-AA16-D3DE0DEAC7D6): 27
LogDevObjectVersion:   Dev-Enterprise (9DFFBCD6-494F-0158-E221-12823C92A888): 6
LogDevObjectVersion:   Dev-Niagara (F2AED0AC-9AFE-416F-8664-AA7FFA26D6FC): 1
LogDevObjectVersion:   Dev-Destruction (174F1F0B-B4C6-45A5-B13F-2EE8D0FB917D): 9
LogInit: Presizing for max 16777216 objects, including 0 objects not considered by GC, pre-allocating 0 bytes for permanent pool.
LogInit: Object subsystem initialized
LogConfig: Setting CVar [[con.DebugEarlyDefault:1]]
LogConfig: Setting CVar [[r.setres:1280x720]]
[2021.02.27-17.54.20:103][  0]LogConfig: Setting CVar [[r.VSync:0]]
[2021.02.27-17.54.20:103][  0]LogConfig: Setting CVar [[r.RHICmdBypass:0]]
[2021.02.27-17.54.20:103][  0]LogConfig: Applying CVar settings from Section [/Script/Engine.RendererSettings] File [C:/Users/david/Documents/GitHub/Final-Year-Project/FYP/Saved/Config/Windows/Engine.ini]
[2021.02.27-17.54.20:103][  0]LogConfig: Setting CVar [[r.GPUCrashDebugging:0]]
[2021.02.27-17.54.20:103][  0]LogConfig: Setting CVar [[r.MobileHDR:1]]
[2021.02.27-17.54.20:103][  0]LogConfig: Setting CVar [[r.Mobile.DisableVertexFog:1]]
[2021.02.27-17.54.20:103][  0]LogConfig: Setting CVar [[r.Shadow.CSM.MaxMobileCascades:2]]
[2021.02.27-17.54.20:103][  0]LogConfig: Setting CVar [[r.MobileMSAA:1]]
[2021.02.27-17.54.20:103][  0]LogConfig: Setting CVar [[r.Mobile.UseLegacyShadingModel:0]]
[2021.02.27-17.54.20:103][  0]LogConfig: Setting CVar [[r.Mobile.UseHWsRGBEncoding:0]]
[2021.02.27-17.54.20:103][  0]LogConfig: Setting CVar [[r.Mobile.AllowDitheredLODTransition:0]]
[2021.02.27-17.54.20:103][  0]LogConfig: Setting CVar [[r.Mobile.AllowSoftwareOcclusion:0]]
[2021.02.27-17.54.20:103][  0]LogConfig: Setting CVar [[r.DiscardUnusedQuality:0]]
[2021.02.27-17.54.20:103][  0]LogConfig: Setting CVar [[r.AllowOcclusionQueries:1]]
[2021.02.27-17.54.20:103][  0]LogConfig: Setting CVar [[r.MinScreenRadiusForLights:0.030000]]
[2021.02.27-17.54.20:103][  0]LogConfig: Setting CVar [[r.MinScreenRadiusForDepthPrepass:0.030000]]
[2021.02.27-17.54.20:103][  0]LogConfig: Setting CVar [[r.MinScreenRadiusForCSMDepth:0.010000]]
[2021.02.27-17.54.20:103][  0]LogConfig: Setting CVar [[r.PrecomputedVisibilityWarning:0]]
[2021.02.27-17.54.20:103][  0]LogConfig: Setting CVar [[r.TextureStreaming:1]]
[2021.02.27-17.54.20:103][  0]LogConfig: Setting CVar [[Compat.UseDXT5NormalMaps:0]]
[2021.02.27-17.54.20:103][  0]LogConfig: Setting CVar [[r.VirtualTextures:0]]
[2021.02.27-17.54.20:103][  0]LogConfig: Setting CVar [[r.VirtualTexturedLightmaps:0]]
[2021.02.27-17.54.20:103][  0]LogConfig: Setting CVar [[r.VT.TileSize:128]]
[2021.02.27-17.54.20:103][  0]LogConfig: Setting CVar [[r.VT.TileBorderSize:4]]
[2021.02.27-17.54.20:103][  0]LogConfig: Setting CVar [[r.vt.FeedbackFactor:16]]
[2021.02.27-17.54.20:103][  0]LogConfig: Setting CVar [[r.VT.EnableCompressZlib:1]]
[2021.02.27-17.54.20:103][  0]LogConfig: Setting CVar [[r.VT.EnableCompressCrunch:0]]
[2021.02.27-17.54.20:103][  0]LogConfig: Setting CVar [[r.ClearCoatNormal:0]]
[2021.02.27-17.54.20:103][  0]LogConfig: Setting CVar [[r.ReflectionCaptureResolution:128]]
[2021.02.27-17.54.20:103][  0]LogConfig: Setting CVar [[r.ReflectionEnvironmentLightmapMixBasedOnRoughness:1]]
[2021.02.27-17.54.20:103][  0]LogConfig: Setting CVar [[r.ForwardShading:0]]
[2021.02.27-17.54.20:103][  0]LogConfig: Setting CVar [[r.VertexFoggingForOpaque:1]]
[2021.02.27-17.54.20:103][  0]LogConfig: Setting CVar [[r.AllowStaticLighting:1]]
[2021.02.27-17.54.20:103][  0]LogConfig: Setting CVar [[r.NormalMapsForStaticLighting:0]]
[2021.02.27-17.54.20:103][  0]LogConfig: Setting CVar [[r.GenerateMeshDistanceFields:0]]
[2021.02.27-17.54.20:103][  0]LogConfig: Setting CVar [[r.DistanceFieldBuild.EightBit:0]]
[2021.02.27-17.54.20:103][  0]LogConfig: Setting CVar [[r.GenerateLandscapeGIData:0]]
[2021.02.27-17.54.20:103][  0]LogConfig: Setting CVar [[r.DistanceFieldBuild.Compress:0]]
[2021.02.27-17.54.20:103][  0]LogConfig: Setting CVar [[r.TessellationAdaptivePixelsPerTriangle:48.000000]]
[2021.02.27-17.54.20:103][  0]LogConfig: Setting CVar [[r.SeparateTranslucency:1]]
[2021.02.27-17.54.20:103][  0]LogConfig: Setting CVar [[r.TranslucentSortPolicy:0]]
[2021.02.27-17.54.20:103][  0]LogConfig: Setting CVar [[r.CustomDepth:1]]
[2021.02.27-17.54.20:103][  0]LogConfig: Setting CVar [[r.CustomDepthTemporalAAJitter:1]]
[2021.02.27-17.54.20:103][  0]LogConfig: Setting CVar [[r.PostProcessing.PropagateAlpha:0]]
[2021.02.27-17.54.20:103][  0]LogConfig: Setting CVar [[r.DefaultFeature.Bloom:1]]
[2021.02.27-17.54.20:104][  0]LogConfig: Setting CVar [[r.DefaultFeature.AmbientOcclusion:1]]
[2021.02.27-17.54.20:104][  0]LogConfig: Setting CVar [[r.DefaultFeature.AmbientOcclusionStaticFraction:1]]
[2021.02.27-17.54.20:104][  0]LogConfig: Setting CVar [[r.DefaultFeature.AutoExposure:0]]
[2021.02.27-17.54.20:104][  0]LogConfig: Setting CVar [[r.DefaultFeature.AutoExposure.Method:0]]
[2021.02.27-17.54.20:104][  0]LogConfig: Setting CVar [[r.DefaultFeature.AutoExposure.ExtendDefaultLuminanceRange:0]]
[2021.02.27-17.54.20:104][  0]LogConfig: Setting CVar [[r.UsePreExposure:1]]
[2021.02.27-17.54.20:104][  0]LogConfig: Setting CVar [[r.EyeAdaptation.EditorOnly:1]]
[2021.02.27-17.54.20:104][  0]LogConfig: Setting CVar [[r.DefaultFeature.MotionBlur:0]]
[2021.02.27-17.54.20:104][  0]LogConfig: Setting CVar [[r.DefaultFeature.LensFlare:0]]
[2021.02.27-17.54.20:104][  0]LogConfig: Setting CVar [[r.TemporalAA.Upsampling:0]]
[2021.02.27-17.54.20:104][  0]LogConfig: Setting CVar [[r.DefaultFeature.AntiAliasing:0]]
[2021.02.27-17.54.20:104][  0]LogConfig: Setting CVar [[r.DefaultFeature.LightUnits:1]]
[2021.02.27-17.54.20:104][  0]LogConfig: Setting CVar [[r.DefaultBackBufferPixelFormat:4]]
[2021.02.27-17.54.20:104][  0]LogConfig: Setting CVar [[r.Shadow.UnbuiltPreviewInGame:1]]
[2021.02.27-17.54.20:104][  0]LogConfig: Setting CVar [[r.StencilForLODDither:0]]
[2021.02.27-17.54.20:104][  0]LogConfig: Setting CVar [[r.EarlyZPass:3]]
[2021.02.27-17.54.20:104][  0]LogConfig: Setting CVar [[r.EarlyZPassOnlyMaterialMasking:0]]
[2021.02.27-17.54.20:104][  0]LogConfig: Setting CVar [[r.DBuffer:1]]
[2021.02.27-17.54.20:104][  0]LogConfig: Setting CVar [[r.ClearSceneMethod:1]]
[2021.02.27-17.54.20:104][  0]LogConfig: Setting CVar [[r.BasePassOutputsVelocity:0]]
[2021.02.27-17.54.20:104][  0]LogConfig: Setting CVar [[r.SelectiveBasePassOutputs:0]]
[2021.02.27-17.54.20:104][  0]LogConfig: Setting CVar [[fx.GPUSimulationTextureSizeX:1024]]
[2021.02.27-17.54.20:104][  0]LogConfig: Setting CVar [[fx.GPUSimulationTextureSizeY:1024]]
[2021.02.27-17.54.20:104][  0]LogConfig: Setting CVar [[r.AllowGlobalClipPlane:0]]
[2021.02.27-17.54.20:104][  0]LogConfig: Setting CVar [[r.GBufferFormat:1]]
[2021.02.27-17.54.20:104][  0]LogConfig: Setting CVar [[r.MorphTarget.Mode:1]]
[2021.02.27-17.54.20:104][  0]LogConfig: Setting CVar [[vr.InstancedStereo:0]]
[2021.02.27-17.54.20:104][  0]LogConfig: Setting CVar [[vr.MultiView:0]]
[2021.02.27-17.54.20:104][  0]LogConfig: Setting CVar [[vr.MobileMultiView:0]]
[2021.02.27-17.54.20:104][  0]LogConfig: Setting CVar [[vr.MobileMultiView.Direct:0]]
[2021.02.27-17.54.20:104][  0]LogConfig: Setting CVar [[vr.RoundRobinOcclusion:0]]
[2021.02.27-17.54.20:104][  0]LogConfig: Setting CVar [[vr.ODSCapture:0]]
[2021.02.27-17.54.20:104][  0]LogConfig: Setting CVar [[r.WireframeCullThreshold:5.000000]]
[2021.02.27-17.54.20:104][  0]LogConfig: Setting CVar [[r.RayTracing:0]]
[2021.02.27-17.54.20:104][  0]LogConfig: Setting CVar [[r.SupportStationarySkylight:1]]
[2021.02.27-17.54.20:104][  0]LogConfig: Setting CVar [[r.SupportLowQualityLightmaps:1]]
[2021.02.27-17.54.20:104][  0]LogConfig: Setting CVar [[r.SupportPointLightWholeSceneShadows:1]]
[2021.02.27-17.54.20:104][  0]LogConfig: Setting CVar [[r.SupportAtmosphericFog:1]]
[2021.02.27-17.54.20:104][  0]LogConfig: Setting CVar [[r.SkinCache.CompileShaders:0]]
[2021.02.27-17.54.20:104][  0]LogConfig: Setting CVar [[r.Mobile.EnableStaticAndCSMShadowReceivers:1]]
[2021.02.27-17.54.20:104][  0]LogConfig: Setting CVar [[r.Mobile.EnableMovableLightCSMShaderCulling:1]]
[2021.02.27-17.54.20:104][  0]LogConfig: Setting CVar [[r.Mobile.AllowDistanceFieldShadows:1]]
[2021.02.27-17.54.20:104][  0]LogConfig: Setting CVar [[r.Mobile.AllowMovableDirectionalLights:1]]
[2021.02.27-17.54.20:104][  0]LogConfig: Setting CVar [[r.MobileNumDynamicPointLights:4]]
[2021.02.27-17.54.20:104][  0]LogConfig: Setting CVar [[r.MobileDynamicPointLightsUseStaticBranch:1]]
[2021.02.27-17.54.20:104][  0]LogConfig: Setting CVar [[r.Mobile.EnableMovableSpotlights:0]]
[2021.02.27-17.54.20:104][  0]LogConfig: Setting CVar [[r.SkinCache.SceneMemoryLimitInMB:128.000000]]
[2021.02.27-17.54.20:104][  0]LogConfig: Setting CVar [[r.GPUSkin.Limit2BoneInfluences:0]]
[2021.02.27-17.54.20:104][  0]LogConfig: Setting CVar [[r.SupportDepthOnlyIndexBuffers:1]]
[2021.02.27-17.54.20:104][  0]LogConfig: Setting CVar [[r.SupportReversedIndexBuffers:1]]
[2021.02.27-17.54.20:104][  0]LogConfig: Setting CVar [[r.SupportMaterialLayers:0]]
[2021.02.27-17.54.20:104][  0]LogConfig: Applying CVar settings from Section [/Script/Engine.RendererOverrideSettings] File [C:/Users/david/Documents/GitHub/Final-Year-Project/FYP/Saved/Config/Windows/Engine.ini]
[2021.02.27-17.54.20:104][  0]LogConfig: Applying CVar settings from Section [/Script/Engine.StreamingSettings] File [C:/Users/david/Documents/GitHub/Final-Year-Project/FYP/Saved/Config/Windows/Engine.ini]
[2021.02.27-17.54.20:104][  0]LogConfig: Setting CVar [[s.MinBulkDataSizeForAsyncLoading:131072]]
[2021.02.27-17.54.20:104][  0]LogConfig: Setting CVar [[s.AsyncLoadingThreadEnabled:0]]
[2021.02.27-17.54.20:104][  0]LogConfig: Setting CVar [[s.EventDrivenLoaderEnabled:1]]
[2021.02.27-17.54.20:104][  0]LogConfig: Setting CVar [[s.WarnIfTimeLimitExceeded:0]]
[2021.02.27-17.54.20:105][  0]LogConfig: Setting CVar [[s.TimeLimitExceededMultiplier:1.5]]
[2021.02.27-17.54.20:105][  0]LogConfig: Setting CVar [[s.TimeLimitExceededMinTime:0.005]]
[2021.02.27-17.54.20:105][  0]LogConfig: Setting CVar [[s.UseBackgroundLevelStreaming:1]]
[2021.02.27-17.54.20:105][  0]LogConfig: Setting CVar [[s.PriorityAsyncLoadingExtraTime:15.0]]
[2021.02.27-17.54.20:105][  0]LogConfig: Setting CVar [[s.LevelStreamingActorsUpdateTimeLimit:5.0]]
[2021.02.27-17.54.20:105][  0]LogConfig: Setting CVar [[s.PriorityLevelStreamingActorsUpdateExtraTime:5.0]]
[2021.02.27-17.54.20:105][  0]LogConfig: Setting CVar [[s.LevelStreamingComponentsRegistrationGranularity:10]]
[2021.02.27-17.54.20:105][  0]LogConfig: Setting CVar [[s.UnregisterComponentsTimeLimit:1.0]]
[2021.02.27-17.54.20:105][  0]LogConfig: Setting CVar [[s.LevelStreamingComponentsUnregistrationGranularity:5]]
[2021.02.27-17.54.20:105][  0]LogConfig: Applying CVar settings from Section [/Script/Engine.GarbageCollectionSettings] File [C:/Users/david/Documents/GitHub/Final-Year-Project/FYP/Saved/Config/Windows/Engine.ini]
[2021.02.27-17.54.20:105][  0]LogConfig: Setting CVar [[gc.MaxObjectsNotConsideredByGC:1]]
[2021.02.27-17.54.20:105][  0]LogConfig: Setting CVar [[gc.SizeOfPermanentObjectPool:0]]
[2021.02.27-17.54.20:105][  0]LogConfig: Setting CVar [[gc.FlushStreamingOnGC:0]]
[2021.02.27-17.54.20:105][  0]LogConfig: Setting CVar [[gc.NumRetriesBeforeForcingGC:10]]
[2021.02.27-17.54.20:105][  0]LogConfig: Setting CVar [[gc.AllowParallelGC:1]]
[2021.02.27-17.54.20:105][  0]LogConfig: Setting CVar [[gc.TimeBetweenPurgingPendingKillObjects:61.1]]
[2021.02.27-17.54.20:105][  0]LogConfig: Setting CVar [[gc.MaxObjectsInEditor:16777216]]
[2021.02.27-17.54.20:105][  0]LogConfig: Setting CVar [[gc.IncrementalBeginDestroyEnabled:1]]
[2021.02.27-17.54.20:105][  0]LogConfig: Setting CVar [[gc.CreateGCClusters:1]]
[2021.02.27-17.54.20:105][  0]LogConfig: Setting CVar [[gc.MinGCClusterSize:5]]
[2021.02.27-17.54.20:105][  0]LogConfig: Setting CVar [[gc.ActorClusteringEnabled:0]]
[2021.02.27-17.54.20:105][  0]LogConfig: Setting CVar [[gc.BlueprintClusteringEnabled:0]]
[2021.02.27-17.54.20:105][  0]LogConfig: Setting CVar [[gc.UseDisregardForGCOnDedicatedServers:0]]
[2021.02.27-17.54.20:105][  0]LogConfig: Applying CVar settings from Section [/Script/Engine.NetworkSettings] File [C:/Users/david/Documents/GitHub/Final-Year-Project/FYP/Saved/Config/Windows/Engine.ini]
[2021.02.27-17.54.20:105][  0]LogConfig: Applying CVar settings from Section [/Script/UnrealEd.CookerSettings] File [C:/Users/david/Documents/GitHub/Final-Year-Project/FYP/Saved/Config/Windows/Engine.ini]
[2021.02.27-17.54.20:109][  0]LogConfig: Applying CVar settings from Section [ViewDistanceQuality@3] File [C:/Users/david/Documents/GitHub/Final-Year-Project/FYP/Saved/Config/Windows/Scalability.ini]
[2021.02.27-17.54.20:109][  0]LogConfig: Setting CVar [[r.SkeletalMeshLODBias:0]]
[2021.02.27-17.54.20:109][  0]LogConfig: Setting CVar [[r.ViewDistanceScale:1.0]]
[2021.02.27-17.54.20:109][  0]LogConfig: Applying CVar settings from Section [AntiAliasingQuality@3] File [C:/Users/david/Documents/GitHub/Final-Year-Project/FYP/Saved/Config/Windows/Scalability.ini]
[2021.02.27-17.54.20:109][  0]LogConfig: Setting CVar [[r.PostProcessAAQuality:4]]
[2021.02.27-17.54.20:109][  0]LogConfig: Applying CVar settings from Section [ShadowQuality@3] File [C:/Users/david/Documents/GitHub/Final-Year-Project/FYP/Saved/Config/Windows/Scalability.ini]
[2021.02.27-17.54.20:109][  0]LogConfig: Setting CVar [[r.LightFunctionQuality:1]]
[2021.02.27-17.54.20:109][  0]LogConfig: Setting CVar [[r.ShadowQuality:5]]
[2021.02.27-17.54.20:109][  0]LogConfig: Setting CVar [[r.Shadow.CSM.MaxCascades:10]]
[2021.02.27-17.54.20:109][  0]LogConfig: Setting CVar [[r.Shadow.MaxResolution:2048]]
[2021.02.27-17.54.20:109][  0]LogConfig: Setting CVar [[r.Shadow.MaxCSMResolution:2048]]
[2021.02.27-17.54.20:109][  0]LogConfig: Setting CVar [[r.Shadow.RadiusThreshold:0.01]]
[2021.02.27-17.54.20:109][  0]LogConfig: Setting CVar [[r.Shadow.DistanceScale:1.0]]
[2021.02.27-17.54.20:109][  0]LogConfig: Setting CVar [[r.Shadow.CSM.TransitionScale:1.0]]
[2021.02.27-17.54.20:109][  0]LogConfig: Setting CVar [[r.Shadow.PreShadowResolutionFactor:1.0]]
[2021.02.27-17.54.20:109][  0]LogConfig: Setting CVar [[r.DistanceFieldShadowing:1]]
[2021.02.27-17.54.20:109][  0]LogConfig: Setting CVar [[r.DistanceFieldAO:1]]
[2021.02.27-17.54.20:109][  0]LogConfig: Setting CVar [[r.AOQuality:2]]
[2021.02.27-17.54.20:109][  0]LogConfig: Setting CVar [[r.VolumetricFog:1]]
[2021.02.27-17.54.20:109][  0]LogConfig: Setting CVar [[r.VolumetricFog.GridPixelSize:8]]
[2021.02.27-17.54.20:109][  0]LogConfig: Setting CVar [[r.VolumetricFog.GridSizeZ:128]]
[2021.02.27-17.54.20:109][  0]LogConfig: Setting CVar [[r.VolumetricFog.HistoryMissSupersampleCount:4]]
[2021.02.27-17.54.20:109][  0]LogConfig: Setting CVar [[r.LightMaxDrawDistanceScale:1]]
[2021.02.27-17.54.20:109][  0]LogConfig: Setting CVar [[r.CapsuleShadows:1]]
[2021.02.27-17.54.20:109][  0]LogConfig: Applying CVar settings from Section [PostProcessQuality@3] File [C:/Users/david/Documents/GitHub/Final-Year-Project/FYP/Saved/Config/Windows/Scalability.ini]
[2021.02.27-17.54.20:109][  0]LogConfig: Setting CVar [[r.MotionBlurQuality:4]]
[2021.02.27-17.54.20:109][  0]LogConfig: Setting CVar [[r.AmbientOcclusionMipLevelFactor:0.4]]
[2021.02.27-17.54.20:109][  0]LogConfig: Setting CVar [[r.AmbientOcclusionMaxQuality:100]]
[2021.02.27-17.54.20:109][  0]LogConfig: Setting CVar [[r.AmbientOcclusionLevels:-1]]
[2021.02.27-17.54.20:109][  0]LogConfig: Setting CVar [[r.AmbientOcclusionRadiusScale:1.0]]
[2021.02.27-17.54.20:109][  0]LogConfig: Setting CVar [[r.DepthOfFieldQuality:2]]
[2021.02.27-17.54.20:109][  0]LogConfig: Setting CVar [[r.RenderTargetPoolMin:400]]
[2021.02.27-17.54.20:109][  0]LogConfig: Setting CVar [[r.LensFlareQuality:2]]
[2021.02.27-17.54.20:109][  0]LogConfig: Setting CVar [[r.SceneColorFringeQuality:1]]
[2021.02.27-17.54.20:109][  0]LogConfig: Setting CVar [[r.EyeAdaptationQuality:2]]
[2021.02.27-17.54.20:109][  0]LogConfig: Setting CVar [[r.BloomQuality:5]]
[2021.02.27-17.54.20:109][  0]LogConfig: Setting CVar [[r.FastBlurThreshold:100]]
[2021.02.27-17.54.20:109][  0]LogConfig: Setting CVar [[r.Upscale.Quality:3]]
[2021.02.27-17.54.20:109][  0]LogConfig: Setting CVar [[r.Tonemapper.GrainQuantization:1]]
[2021.02.27-17.54.20:109][  0]LogConfig: Setting CVar [[r.LightShaftQuality:1]]
[2021.02.27-17.54.20:109][  0]LogConfig: Setting CVar [[r.Filter.SizeScale:1]]
[2021.02.27-17.54.20:109][  0]LogConfig: Setting CVar [[r.Tonemapper.Quality:5]]
[2021.02.27-17.54.20:110][  0]LogConfig: Setting CVar [[r.DOF.Gather.AccumulatorQuality:1        ; higher gathering accumulator quality]]
[2021.02.27-17.54.20:110][  0]LogConfig: Setting CVar [[r.DOF.Gather.PostfilterMethod:1          ; Median3x3 postfilering method]]
[2021.02.27-17.54.20:110][  0]LogConfig: Setting CVar [[r.DOF.Gather.EnableBokehSettings:0       ; no bokeh simulation when gathering]]
[2021.02.27-17.54.20:110][  0]LogConfig: Setting CVar [[r.DOF.Gather.RingCount:4                 ; medium number of samples when gathering]]
[2021.02.27-17.54.20:110][  0]LogConfig: Setting CVar [[r.DOF.Scatter.ForegroundCompositing:1    ; additive foreground scattering]]
[2021.02.27-17.54.20:110][  0]LogConfig: Setting CVar [[r.DOF.Scatter.BackgroundCompositing:2    ; additive background scattering]]
[2021.02.27-17.54.20:110][  0]LogConfig: Setting CVar [[r.DOF.Scatter.EnableBokehSettings:1      ; bokeh simulation when scattering]]
[2021.02.27-17.54.20:110][  0]LogConfig: Setting CVar [[r.DOF.Scatter.MaxSpriteRatio:0.1         ; only a maximum of 10% of scattered bokeh]]
[2021.02.27-17.54.20:110][  0]LogConfig: Setting CVar [[r.DOF.Recombine.Quality:1                ; cheap slight out of focus]]
[2021.02.27-17.54.20:110][  0]LogConfig: Setting CVar [[r.DOF.Recombine.EnableBokehSettings:0    ; no bokeh simulation on slight out of focus]]
[2021.02.27-17.54.20:110][  0]LogConfig: Setting CVar [[r.DOF.TemporalAAQuality:1                ; more stable temporal accumulation]]
[2021.02.27-17.54.20:110][  0]LogConfig: Setting CVar [[r.DOF.Kernel.MaxForegroundRadius:0.025]]
[2021.02.27-17.54.20:110][  0]LogConfig: Setting CVar [[r.DOF.Kernel.MaxBackgroundRadius:0.025]]
[2021.02.27-17.54.20:110][  0]LogConfig: Applying CVar settings from Section [TextureQuality@3] File [C:/Users/david/Documents/GitHub/Final-Year-Project/FYP/Saved/Config/Windows/Scalability.ini]
[2021.02.27-17.54.20:110][  0]LogConfig: Setting CVar [[r.Streaming.MipBias:0]]
[2021.02.27-17.54.20:110][  0]LogConfig: Setting CVar [[r.Streaming.AmortizeCPUToGPUCopy:0]]
[2021.02.27-17.54.20:110][  0]LogConfig: Setting CVar [[r.Streaming.MaxNumTexturesToStreamPerFrame:0]]
[2021.02.27-17.54.20:110][  0]LogConfig: Setting CVar [[r.Streaming.Boost:1]]
[2021.02.27-17.54.20:110][  0]LogConfig: Setting CVar [[r.MaxAnisotropy:8]]
[2021.02.27-17.54.20:110][  0]LogConfig: Setting CVar [[r.Streaming.LimitPoolSizeToVRAM:0]]
[2021.02.27-17.54.20:110][  0]LogConfig: Setting CVar [[r.Streaming.PoolSize:1000]]
[2021.02.27-17.54.20:110][  0]LogConfig: Setting CVar [[r.Streaming.MaxEffectiveScreenSize:0]]
[2021.02.27-17.54.20:110][  0]LogConfig: Applying CVar settings from Section [EffectsQuality@3] File [C:/Users/david/Documents/GitHub/Final-Year-Project/FYP/Saved/Config/Windows/Scalability.ini]
[2021.02.27-17.54.20:110][  0]LogConfig: Setting CVar [[r.TranslucencyLightingVolumeDim:64]]
[2021.02.27-17.54.20:110][  0]LogConfig: Setting CVar [[r.RefractionQuality:2]]
[2021.02.27-17.54.20:110][  0]LogConfig: Setting CVar [[r.SSR.Quality:3]]
[2021.02.27-17.54.20:110][  0]LogConfig: Setting CVar [[r.SceneColorFormat:4]]
[2021.02.27-17.54.20:110][  0]LogConfig: Setting CVar [[r.DetailMode:2]]
[2021.02.27-17.54.20:110][  0]LogConfig: Setting CVar [[r.TranslucencyVolumeBlur:1]]
[2021.02.27-17.54.20:110][  0]LogConfig: Setting CVar [[r.MaterialQualityLevel:1 ; High quality]]
[2021.02.27-17.54.20:110][  0]LogConfig: Setting CVar [[r.SSS.Scale:1]]
[2021.02.27-17.54.20:110][  0]LogConfig: Setting CVar [[r.SSS.SampleSet:2]]
[2021.02.27-17.54.20:110][  0]LogConfig: Setting CVar [[r.SSS.Quality:1]]
[2021.02.27-17.54.20:110][  0]LogConfig: Setting CVar [[r.SSS.HalfRes:1]]
[2021.02.27-17.54.20:110][  0]LogConfig: Setting CVar [[r.EmitterSpawnRateScale:1.0]]
[2021.02.27-17.54.20:110][  0]LogConfig: Setting CVar [[r.ParticleLightQuality:2]]
[2021.02.27-17.54.20:110][  0]LogConfig: Applying CVar settings from Section [FoliageQuality@3] File [C:/Users/david/Documents/GitHub/Final-Year-Project/FYP/Saved/Config/Windows/Scalability.ini]
[2021.02.27-17.54.20:110][  0]LogConfig: Setting CVar [[foliage.DensityScale:1.0]]
[2021.02.27-17.54.20:110][  0]LogConfig: Setting CVar [[grass.DensityScale:1.0]]
[2021.02.27-17.54.20:110][  0]LogInit: Selected Device Profile: [Windows]
[2021.02.27-17.54.20:111][  0]LogInit: Applying CVar settings loaded from the selected device profile: [Windows]
[2021.02.27-17.54.20:115][  0]LogHAL: Display: Platform has ~ 16 GB [17129328640 / 17179869184 / 16], which maps to Larger [LargestMinGB=32, LargerMinGB=12, DefaultMinGB=8, SmallerMinGB=6, SmallestMinGB=0)
[2021.02.27-17.54.20:115][  0]LogInit: Going up to parent DeviceProfile []
[2021.02.27-17.54.20:115][  0]LogConfig: Applying CVar settings from Section [ViewDistanceQuality@3] File [C:/Users/david/Documents/GitHub/Final-Year-Project/FYP/Saved/Config/Windows/Scalability.ini]
[2021.02.27-17.54.20:115][  0]LogConfig: Setting CVar [[r.SkeletalMeshLODBias:0]]
[2021.02.27-17.54.20:115][  0]LogConfig: Setting CVar [[r.ViewDistanceScale:1.0]]
[2021.02.27-17.54.20:115][  0]LogConfig: Applying CVar settings from Section [AntiAliasingQuality@3] File [C:/Users/david/Documents/GitHub/Final-Year-Project/FYP/Saved/Config/Windows/Scalability.ini]
[2021.02.27-17.54.20:115][  0]LogConfig: Setting CVar [[r.PostProcessAAQuality:4]]
[2021.02.27-17.54.20:115][  0]LogConfig: Applying CVar settings from Section [ShadowQuality@3] File [C:/Users/david/Documents/GitHub/Final-Year-Project/FYP/Saved/Config/Windows/Scalability.ini]
[2021.02.27-17.54.20:115][  0]LogConfig: Setting CVar [[r.LightFunctionQuality:1]]
[2021.02.27-17.54.20:115][  0]LogConfig: Setting CVar [[r.ShadowQuality:5]]
[2021.02.27-17.54.20:115][  0]LogConfig: Setting CVar [[r.Shadow.CSM.MaxCascades:10]]
[2021.02.27-17.54.20:115][  0]LogConfig: Setting CVar [[r.Shadow.MaxResolution:2048]]
[2021.02.27-17.54.20:115][  0]LogConfig: Setting CVar [[r.Shadow.MaxCSMResolution:2048]]
[2021.02.27-17.54.20:115][  0]LogConfig: Setting CVar [[r.Shadow.RadiusThreshold:0.01]]
[2021.02.27-17.54.20:115][  0]LogConfig: Setting CVar [[r.Shadow.DistanceScale:1.0]]
[2021.02.27-17.54.20:115][  0]LogConfig: Setting CVar [[r.Shadow.CSM.TransitionScale:1.0]]
[2021.02.27-17.54.20:115][  0]LogConfig: Setting CVar [[r.Shadow.PreShadowResolutionFactor:1.0]]
[2021.02.27-17.54.20:115][  0]LogConfig: Setting CVar [[r.DistanceFieldShadowing:1]]
[2021.02.27-17.54.20:115][  0]LogConfig: Setting CVar [[r.DistanceFieldAO:1]]
[2021.02.27-17.54.20:115][  0]LogConfig: Setting CVar [[r.AOQuality:2]]
[2021.02.27-17.54.20:115][  0]LogConfig: Setting CVar [[r.VolumetricFog:1]]
[2021.02.27-17.54.20:116][  0]LogConfig: Setting CVar [[r.VolumetricFog.GridPixelSize:8]]
[2021.02.27-17.54.20:116][  0]LogConfig: Setting CVar [[r.VolumetricFog.GridSizeZ:128]]
[2021.02.27-17.54.20:116][  0]LogConfig: Setting CVar [[r.VolumetricFog.HistoryMissSupersampleCount:4]]
[2021.02.27-17.54.20:116][  0]LogConfig: Setting CVar [[r.LightMaxDrawDistanceScale:1]]
[2021.02.27-17.54.20:116][  0]LogConfig: Setting CVar [[r.CapsuleShadows:1]]
[2021.02.27-17.54.20:116][  0]LogConfig: Applying CVar settings from Section [PostProcessQuality@3] File [C:/Users/david/Documents/GitHub/Final-Year-Project/FYP/Saved/Config/Windows/Scalability.ini]
[2021.02.27-17.54.20:116][  0]LogConfig: Setting CVar [[r.MotionBlurQuality:4]]
[2021.02.27-17.54.20:116][  0]LogConfig: Setting CVar [[r.AmbientOcclusionMipLevelFactor:0.4]]
[2021.02.27-17.54.20:116][  0]LogConfig: Setting CVar [[r.AmbientOcclusionMaxQuality:100]]
[2021.02.27-17.54.20:116][  0]LogConfig: Setting CVar [[r.AmbientOcclusionLevels:-1]]
[2021.02.27-17.54.20:116][  0]LogConfig: Setting CVar [[r.AmbientOcclusionRadiusScale:1.0]]
[2021.02.27-17.54.20:116][  0]LogConfig: Setting CVar [[r.DepthOfFieldQuality:2]]
[2021.02.27-17.54.20:116][  0]LogConfig: Setting CVar [[r.RenderTargetPoolMin:400]]
[2021.02.27-17.54.20:116][  0]LogConfig: Setting CVar [[r.LensFlareQuality:2]]
[2021.02.27-17.54.20:116][  0]LogConfig: Setting CVar [[r.SceneColorFringeQuality:1]]
[2021.02.27-17.54.20:116][  0]LogConfig: Setting CVar [[r.EyeAdaptationQuality:2]]
[2021.02.27-17.54.20:116][  0]LogConfig: Setting CVar [[r.BloomQuality:5]]
[2021.02.27-17.54.20:116][  0]LogConfig: Setting CVar [[r.FastBlurThreshold:100]]
[2021.02.27-17.54.20:116][  0]LogConfig: Setting CVar [[r.Upscale.Quality:3]]
[2021.02.27-17.54.20:116][  0]LogConfig: Setting CVar [[r.Tonemapper.GrainQuantization:1]]
[2021.02.27-17.54.20:116][  0]LogConfig: Setting CVar [[r.LightShaftQuality:1]]
[2021.02.27-17.54.20:116][  0]LogConfig: Setting CVar [[r.Filter.SizeScale:1]]
[2021.02.27-17.54.20:116][  0]LogConfig: Setting CVar [[r.Tonemapper.Quality:5]]
[2021.02.27-17.54.20:116][  0]LogConfig: Setting CVar [[r.DOF.Gather.AccumulatorQuality:1        ; higher gathering accumulator quality]]
[2021.02.27-17.54.20:116][  0]LogConfig: Setting CVar [[r.DOF.Gather.PostfilterMethod:1          ; Median3x3 postfilering method]]
[2021.02.27-17.54.20:116][  0]LogConfig: Setting CVar [[r.DOF.Gather.EnableBokehSettings:0       ; no bokeh simulation when gathering]]
[2021.02.27-17.54.20:116][  0]LogConfig: Setting CVar [[r.DOF.Gather.RingCount:4                 ; medium number of samples when gathering]]
[2021.02.27-17.54.20:116][  0]LogConfig: Setting CVar [[r.DOF.Scatter.ForegroundCompositing:1    ; additive foreground scattering]]
[2021.02.27-17.54.20:116][  0]LogConfig: Setting CVar [[r.DOF.Scatter.BackgroundCompositing:2    ; additive background scattering]]
[2021.02.27-17.54.20:116][  0]LogConfig: Setting CVar [[r.DOF.Scatter.EnableBokehSettings:1      ; bokeh simulation when scattering]]
[2021.02.27-17.54.20:116][  0]LogConfig: Setting CVar [[r.DOF.Scatter.MaxSpriteRatio:0.1         ; only a maximum of 10% of scattered bokeh]]
[2021.02.27-17.54.20:116][  0]LogConfig: Setting CVar [[r.DOF.Recombine.Quality:1                ; cheap slight out of focus]]
[2021.02.27-17.54.20:116][  0]LogConfig: Setting CVar [[r.DOF.Recombine.EnableBokehSettings:0    ; no bokeh simulation on slight out of focus]]
[2021.02.27-17.54.20:116][  0]LogConfig: Setting CVar [[r.DOF.TemporalAAQuality:1                ; more stable temporal accumulation]]
[2021.02.27-17.54.20:116][  0]LogConfig: Setting CVar [[r.DOF.Kernel.MaxForegroundRadius:0.025]]
[2021.02.27-17.54.20:116][  0]LogConfig: Setting CVar [[r.DOF.Kernel.MaxBackgroundRadius:0.025]]
[2021.02.27-17.54.20:116][  0]LogConfig: Applying CVar settings from Section [TextureQuality@3] File [C:/Users/david/Documents/GitHub/Final-Year-Project/FYP/Saved/Config/Windows/Scalability.ini]
[2021.02.27-17.54.20:116][  0]LogConfig: Setting CVar [[r.Streaming.MipBias:0]]
[2021.02.27-17.54.20:116][  0]LogConfig: Setting CVar [[r.Streaming.AmortizeCPUToGPUCopy:0]]
[2021.02.27-17.54.20:116][  0]LogConfig: Setting CVar [[r.Streaming.MaxNumTexturesToStreamPerFrame:0]]
[2021.02.27-17.54.20:116][  0]LogConfig: Setting CVar [[r.Streaming.Boost:1]]
[2021.02.27-17.54.20:116][  0]LogConfig: Setting CVar [[r.MaxAnisotropy:8]]
[2021.02.27-17.54.20:116][  0]LogConfig: Setting CVar [[r.Streaming.LimitPoolSizeToVRAM:0]]
[2021.02.27-17.54.20:116][  0]LogConfig: Setting CVar [[r.Streaming.PoolSize:1000]]
[2021.02.27-17.54.20:116][  0]LogConfig: Setting CVar [[r.Streaming.MaxEffectiveScreenSize:0]]
[2021.02.27-17.54.20:116][  0]LogConfig: Applying CVar settings from Section [EffectsQuality@3] File [C:/Users/david/Documents/GitHub/Final-Year-Project/FYP/Saved/Config/Windows/Scalability.ini]
[2021.02.27-17.54.20:116][  0]LogConfig: Setting CVar [[r.TranslucencyLightingVolumeDim:64]]
[2021.02.27-17.54.20:116][  0]LogConfig: Setting CVar [[r.RefractionQuality:2]]
[2021.02.27-17.54.20:116][  0]LogConfig: Setting CVar [[r.SSR.Quality:3]]
[2021.02.27-17.54.20:116][  0]LogConfig: Setting CVar [[r.SceneColorFormat:4]]
[2021.02.27-17.54.20:116][  0]LogConfig: Setting CVar [[r.DetailMode:2]]
[2021.02.27-17.54.20:116][  0]LogConfig: Setting CVar [[r.TranslucencyVolumeBlur:1]]
[2021.02.27-17.54.20:116][  0]LogConfig: Setting CVar [[r.MaterialQualityLevel:1 ; High quality]]
[2021.02.27-17.54.20:117][  0]LogConfig: Setting CVar [[r.SSS.Scale:1]]
[2021.02.27-17.54.20:117][  0]LogConfig: Setting CVar [[r.SSS.SampleSet:2]]
[2021.02.27-17.54.20:117][  0]LogConfig: Setting CVar [[r.SSS.Quality:1]]
[2021.02.27-17.54.20:117][  0]LogConfig: Setting CVar [[r.SSS.HalfRes:1]]
[2021.02.27-17.54.20:117][  0]LogConfig: Setting CVar [[r.EmitterSpawnRateScale:1.0]]
[2021.02.27-17.54.20:117][  0]LogConfig: Setting CVar [[r.ParticleLightQuality:2]]
[2021.02.27-17.54.20:117][  0]LogConfig: Applying CVar settings from Section [FoliageQuality@3] File [C:/Users/david/Documents/GitHub/Final-Year-Project/FYP/Saved/Config/Windows/Scalability.ini]
[2021.02.27-17.54.20:117][  0]LogConfig: Setting CVar [[foliage.DensityScale:1.0]]
[2021.02.27-17.54.20:117][  0]LogConfig: Setting CVar [[grass.DensityScale:1.0]]
[2021.02.27-17.54.20:117][  0]LogConfig: Applying CVar settings from Section [Startup] File [../../../Engine/Config/ConsoleVariables.ini]
[2021.02.27-17.54.20:117][  0]LogConfig: Setting CVar [[net.UseAdaptiveNetUpdateFrequency:0]]
[2021.02.27-17.54.20:117][  0]LogConfig: Setting CVar [[p.chaos.AllowCreatePhysxBodies:1]]
[2021.02.27-17.54.20:117][  0]LogConfig: Applying CVar settings from Section [ConsoleVariables] File [C:/Users/david/Documents/GitHub/Final-Year-Project/FYP/Saved/Config/Windows/Engine.ini]
[2021.02.27-17.54.20:117][  0]LogInit: Computer: DESKTOP-070UMBJ
[2021.02.27-17.54.20:117][  0]LogInit: User: david
[2021.02.27-17.54.20:117][  0]LogInit: CPU Page size=4096, Cores=4
[2021.02.27-17.54.20:117][  0]LogInit: High frequency timer resolution =10.000000 MHz
[2021.02.27-17.54.20:117][  0]LogMemory: Memory total: Physical=16.0GB (16GB approx)
[2021.02.27-17.54.20:118][  0]LogMemory: Platform Memory Stats for Windows
[2021.02.27-17.54.20:118][  0]LogMemory: Process Physical Memory: 101.38 MB used, 101.38 MB peak
[2021.02.27-17.54.20:118][  0]LogMemory: Process Virtual Memory: 87.87 MB used, 87.87 MB peak
[2021.02.27-17.54.20:118][  0]LogMemory: Physical Memory: 6957.47 MB used,  9378.33 MB free, 16335.80 MB total
[2021.02.27-17.54.20:118][  0]LogMemory: Virtual Memory: 4645.41 MB used,  134213080.00 MB free, 134217728.00 MB total
[2021.02.27-17.54.20:120][  0]LogWindows: WindowsPlatformFeatures enabled
[2021.02.27-17.54.20:168][  0]LogInit: Using OS detected language (en-GB).
[2021.02.27-17.54.20:168][  0]LogInit: Using OS detected locale (en-GB).
[2021.02.27-17.54.20:169][  0]LogTextLocalizationManager: No specific localization for 'en-GB' exists, so the 'en' localization will be used.
[2021.02.27-17.54.20:387][  0]LogInit: Setting process to per monitor DPI aware
[2021.02.27-17.54.20:424][  0]LogSlate: New Slate User Created.  User Index 0, Is Virtual User: 0
[2021.02.27-17.54.20:424][  0]LogSlate: Slate User Registered.  User Index 0, Is Virtual User: 0
[2021.02.27-17.54.20:641][  0]LogHMD: Failed to initialize OpenVR with code 110
[2021.02.27-17.54.20:641][  0]LogD3D11RHI: D3D11 adapters:
[2021.02.27-17.54.20:785][  0]LogD3D11RHI:    0. 'NVIDIA GeForce RTX 2060 SUPER' (Feature Level 11_0)
[2021.02.27-17.54.20:785][  0]LogD3D11RHI:       8031/0/8167 MB DedicatedVideo/DedicatedSystem/SharedSystem, Outputs:1, VendorId:0x10de
[2021.02.27-17.54.20:787][  0]LogD3D11RHI:    1. 'Microsoft Basic Render Driver' (Feature Level 11_0)
[2021.02.27-17.54.20:787][  0]LogD3D11RHI:       0/0/8167 MB DedicatedVideo/DedicatedSystem/SharedSystem, Outputs:0, VendorId:0x1414
[2021.02.27-17.54.20:787][  0]LogD3D11RHI: Chosen D3D11 Adapter: 0
[2021.02.27-17.54.20:795][  0]LogD3D11RHI: Creating new Direct3DDevice
[2021.02.27-17.54.20:795][  0]LogD3D11RHI:     GPU DeviceId: 0x1f06 (for the marketing name, search the web for "GPU Device Id")
[2021.02.27-17.54.20:795][  0]LogWindows: EnumDisplayDevices:
[2021.02.27-17.54.20:795][  0]LogWindows:    0. 'NVIDIA GeForce RTX 2060 SUPER' (P:1 D:1)
[2021.02.27-17.54.20:795][  0]LogWindows:    1. 'NVIDIA GeForce RTX 2060 SUPER' (P:0 D:0)
[2021.02.27-17.54.20:796][  0]LogWindows:    2. 'NVIDIA GeForce RTX 2060 SUPER' (P:0 D:0)
[2021.02.27-17.54.20:796][  0]LogWindows:    3. 'NVIDIA GeForce RTX 2060 SUPER' (P:0 D:0)
[2021.02.27-17.54.20:796][  0]LogWindows: DebugString: FoundDriverCount:4 
[2021.02.27-17.54.20:796][  0]LogD3D11RHI:     Adapter Name: NVIDIA GeForce RTX 2060 SUPER
[2021.02.27-17.54.20:796][  0]LogD3D11RHI:   Driver Version: 460.89 (internal:27.21.14.6089, unified:460.89)
[2021.02.27-17.54.20:796][  0]LogD3D11RHI:      Driver Date: 12-11-2020
[2021.02.27-17.54.20:796][  0]LogRHI: Texture pool is 5621 MB (70% of 8031 MB)
[2021.02.27-17.54.20:923][  0]LogD3D11RHI: Async texture creation enabled
[2021.02.27-17.54.20:960][  0]LogD3D11RHI: GPU Timing Frequency: 1000.000000 (Debug: 2 1)
[2021.02.27-17.54.21:308][  0]LogTemp: Display: Module 'AllDesktopTargetPlatform' loaded TargetPlatform 'AllDesktop'
[2021.02.27-17.54.21:320][  0]LogTemp: Display: Module 'MacClientTargetPlatform' loaded TargetPlatform 'MacClient'
[2021.02.27-17.54.21:332][  0]LogTemp: Display: Module 'MacNoEditorTargetPlatform' loaded TargetPlatform 'MacNoEditor'
[2021.02.27-17.54.21:343][  0]LogTemp: Display: Module 'MacServerTargetPlatform' loaded TargetPlatform 'MacServer'
[2021.02.27-17.54.21:354][  0]LogTemp: Display: Module 'MacTargetPlatform' loaded TargetPlatform 'Mac'
[2021.02.27-17.54.21:365][  0]LogTemp: Display: Module 'WindowsClientTargetPlatform' loaded TargetPlatform 'WindowsClient'
[2021.02.27-17.54.21:377][  0]LogTemp: Display: Module 'WindowsNoEditorTargetPlatform' loaded TargetPlatform 'WindowsNoEditor'
[2021.02.27-17.54.21:387][  0]LogTemp: Display: Module 'WindowsServerTargetPlatform' loaded TargetPlatform 'WindowsServer'
[2021.02.27-17.54.21:393][  0]LogTemp: Display: Module 'WindowsTargetPlatform' loaded TargetPlatform 'Windows'
[2021.02.27-17.54.21:431][  0]LogTemp: Display: Module 'AndroidTargetPlatform' loaded TargetPlatform 'Android'
[2021.02.27-17.54.21:431][  0]LogTemp: Display: Module 'AndroidTargetPlatform' loaded TargetPlatform 'Android_ASTC'
[2021.02.27-17.54.21:431][  0]LogTemp: Display: Module 'AndroidTargetPlatform' loaded TargetPlatform 'Android_ATC'
[2021.02.27-17.54.21:431][  0]LogTemp: Display: Module 'AndroidTargetPlatform' loaded TargetPlatform 'Android_DXT'
[2021.02.27-17.54.21:431][  0]LogTemp: Display: Module 'AndroidTargetPlatform' loaded TargetPlatform 'Android_ETC1'
[2021.02.27-17.54.21:431][  0]LogTemp: Display: Module 'AndroidTargetPlatform' loaded TargetPlatform 'Android_ETC1a'
[2021.02.27-17.54.21:431][  0]LogTemp: Display: Module 'AndroidTargetPlatform' loaded TargetPlatform 'Android_ETC2'
[2021.02.27-17.54.21:431][  0]LogTemp: Display: Module 'AndroidTargetPlatform' loaded TargetPlatform 'Android_PVRTC'
[2021.02.27-17.54.21:431][  0]LogTemp: Display: Module 'AndroidTargetPlatform' loaded TargetPlatform 'AndroidClient'
[2021.02.27-17.54.21:431][  0]LogTemp: Display: Module 'AndroidTargetPlatform' loaded TargetPlatform 'Android_ASTCClient'
[2021.02.27-17.54.21:431][  0]LogTemp: Display: Module 'AndroidTargetPlatform' loaded TargetPlatform 'Android_ATCClient'
[2021.02.27-17.54.21:431][  0]LogTemp: Display: Module 'AndroidTargetPlatform' loaded TargetPlatform 'Android_DXTClient'
[2021.02.27-17.54.21:431][  0]LogTemp: Display: Module 'AndroidTargetPlatform' loaded TargetPlatform 'Android_ETC1Client'
[2021.02.27-17.54.21:431][  0]LogTemp: Display: Module 'AndroidTargetPlatform' loaded TargetPlatform 'Android_ETC1aClient'
[2021.02.27-17.54.21:431][  0]LogTemp: Display: Module 'AndroidTargetPlatform' loaded TargetPlatform 'Android_ETC2Client'
[2021.02.27-17.54.21:431][  0]LogTemp: Display: Module 'AndroidTargetPlatform' loaded TargetPlatform 'Android_PVRTCClient'
[2021.02.27-17.54.21:431][  0]LogTemp: Display: Module 'AndroidTargetPlatform' loaded TargetPlatform 'Android_Multi'
[2021.02.27-17.54.21:431][  0]LogTemp: Display: Module 'AndroidTargetPlatform' loaded TargetPlatform 'Android_MultiClient'
[2021.02.27-17.54.21:434][  0]LogTemp: Display: Module 'HTML5TargetPlatform' loaded TargetPlatform 'HTML5'
[2021.02.27-17.54.21:455][  0]LogTemp: Display: Module 'IOSTargetPlatform' loaded TargetPlatform 'IOSClient'
[2021.02.27-17.54.21:455][  0]LogTemp: Display: Module 'IOSTargetPlatform' loaded TargetPlatform 'IOS'
[2021.02.27-17.54.21:472][  0]LogTemp: Display: Module 'TVOSTargetPlatform' loaded TargetPlatform 'TVOSClient'
[2021.02.27-17.54.21:472][  0]LogTemp: Display: Module 'TVOSTargetPlatform' loaded TargetPlatform 'TVOS'
[2021.02.27-17.54.21:481][  0]LogTemp: Display: Module 'LinuxClientTargetPlatform' loaded TargetPlatform 'LinuxClient'
[2021.02.27-17.54.21:490][  0]LogTemp: Display: Module 'LinuxNoEditorTargetPlatform' loaded TargetPlatform 'LinuxNoEditor'
[2021.02.27-17.54.21:499][  0]LogTemp: Display: Module 'LinuxServerTargetPlatform' loaded TargetPlatform 'LinuxServer'
[2021.02.27-17.54.21:510][  0]LogTemp: Display: Module 'LinuxTargetPlatform' loaded TargetPlatform 'Linux'
[2021.02.27-17.54.21:541][  0]LogTemp: Display: Module 'LuminTargetPlatform' loaded TargetPlatform 'Lumin'
[2021.02.27-17.54.21:541][  0]LogTemp: Display: Module 'LuminTargetPlatform' loaded TargetPlatform 'LuminClient'
[2021.02.27-17.54.21:541][  0]LogTargetPlatformManager: Display: Building Assets For Windows
[2021.02.27-17.54.21:553][  0]LogAudioDebug: Display: Lib vorbis DLL was dynamically loaded.
[2021.02.27-17.54.21:618][  0]LogShaderCompilers: Guid format shader working directory is -23 characters bigger than the processId version (../../../../../../Users/david/Documents/GitHub/Final-Year-Project/FYP/Intermediate/Shaders/WorkingDirectory/9512/).
[2021.02.27-17.54.21:619][  0]LogShaderCompilers: Cleaned the shader compiler working directory 'C:/Users/david/AppData/Local/Temp/UnrealShaderWorkingDir/4F8AD350464CD4D5345F35AA691D5302/'.
[2021.02.27-17.54.21:622][  0]LogXGEController: Cleaning working directory: C:/Users/david/AppData/Local/Temp/UnrealXGEWorkingDir/
[2021.02.27-17.54.21:622][  0]LogXGEController: Cannot use XGE Controller as Incredibuild is not installed on this machine.
[2021.02.27-17.54.21:622][  0]LogShaderCompilers: Cannot use XGE Shader Compiler as Incredibuild is not installed on this machine.
[2021.02.27-17.54.21:622][  0]LogShaderCompilers: Display: Using Local Shader Compiler.
[2021.02.27-17.54.22:388][  0]LogDerivedDataCache: Display: Max Cache Size: 512 MB
[2021.02.27-17.54.22:445][  0]LogDerivedDataCache: Loaded boot cache 0.06s 75MB C:/Users/david/AppData/Local/UnrealEngine/4.23/DerivedDataCache/Boot.ddc.
[2021.02.27-17.54.22:445][  0]LogDerivedDataCache: Display: Loaded Boot cache: C:/Users/david/AppData/Local/UnrealEngine/4.23/DerivedDataCache/Boot.ddc
[2021.02.27-17.54.22:445][  0]LogDerivedDataCache: FDerivedDataBackendGraph:  Pak pak cache file ../../../../../../Users/david/Documents/GitHub/Final-Year-Project/FYP/DerivedDataCache/DDC.ddp not found, will not use a pak cache.
[2021.02.27-17.54.22:445][  0]LogDerivedDataCache: Unable to find inner node Pak for hierarchical cache Hierarchy.
[2021.02.27-17.54.22:445][  0]LogDerivedDataCache: FDerivedDataBackendGraph:  CompressedPak pak cache file ../../../../../../Users/david/Documents/GitHub/Final-Year-Project/FYP/DerivedDataCache/Compressed.ddp not found, will not use a pak cache.
[2021.02.27-17.54.22:445][  0]LogDerivedDataCache: Unable to find inner node CompressedPak for hierarchical cache Hierarchy.
[2021.02.27-17.54.22:459][  0]LogDerivedDataCache: Display: Pak cache opened for reading ../../../Engine/DerivedDataCache/Compressed.ddp.
[2021.02.27-17.54.22:459][  0]LogDerivedDataCache: FDerivedDataBackendGraph:  EnterprisePak pak cache file ../../../Enterprise/DerivedDataCache/Compressed.ddp not found, will not use a pak cache.
[2021.02.27-17.54.22:460][  0]LogDerivedDataCache: Unable to find inner node EnterprisePak for hierarchical cache Hierarchy.
[2021.02.27-17.54.22:461][  0]LogDerivedDataCache: Using Local data cache path C:/Users/david/AppData/Local/UnrealEngine/Common/DerivedDataCache: Writable
[2021.02.27-17.54.22:461][  0]LogDerivedDataCache: Shared data cache path not found in *engine.ini, will not use an Shared cache.
[2021.02.27-17.54.22:461][  0]LogDerivedDataCache: Unable to find inner node Shared for hierarchical cache Hierarchy.
[2021.02.27-17.54.22:487][  0]LogMaterial: Verifying Global Shaders for PCD3D_SM5
[2021.02.27-17.54.22:491][  0]LogSlate: Using FreeType 2.6.0
[2021.02.27-17.54.22:492][  0]LogSlate: SlateFontServices - WITH_FREETYPE: 1, WITH_HARFBUZZ: 1
[2021.02.27-17.54.22:560][  0]LogAssetRegistry: FAssetRegistry took 0.0026 seconds to start up
[2021.02.27-17.54.22:903][  0]LogInit: Selected Device Profile: [Windows]
[2021.02.27-17.54.23:087][  0]LogMeshReduction: Using QuadricMeshReduction for automatic static mesh reduction
[2021.02.27-17.54.23:087][  0]LogMeshReduction: Using SimplygonMeshReduction for automatic skeletal mesh reduction
[2021.02.27-17.54.23:087][  0]LogMeshReduction: Using ProxyLODMeshReduction for automatic mesh merging
[2021.02.27-17.54.23:087][  0]LogMeshReduction: No distributed automatic mesh merging module available
[2021.02.27-17.54.23:087][  0]LogMeshMerging: No distributed automatic mesh merging module available
[2021.02.27-17.54.23:098][  0]LogNetVersion: FYP 1.0.0, NetCL: 8386587, EngineNetVer: 11, GameNetVer: 0 (Checksum: 2864843675)
[2021.02.27-17.54.23:602][  0]LogPackageLocalizationCache: Processed 14 localized package path(s) for 1 prioritized culture(s) in 0.077258 seconds
[2021.02.27-17.54.23:612][  0]LogUObjectArray: 43444 objects as part of root set at end of initial load.
[2021.02.27-17.54.23:612][  0]LogUObjectAllocator: 7548648 out of 0 bytes used by permanent object pool.
[2021.02.27-17.54.23:612][  0]LogUObjectArray: CloseDisregardForGC: 0/0 objects in disregard for GC pool
[2021.02.27-17.54.24:631][  0]LogTcpMessaging: Initializing TcpMessaging bridge
[2021.02.27-17.54.24:635][  0]LogUdpMessaging: Initializing bridge on interface 0.0.0.0:0 to multicast group 230.0.0.1:6666.
[2021.02.27-17.54.24:731][  0]LogPython: Python Scripts search path: ../../../../../../Users/david/Documents/GitHub/Final-Year-Project/FYP/Content/Scripts
[2021.02.27-17.54.24:731][  0]LogPython: Python Scripts search path: ../../../../../../Users/david/Documents/GitHub/Final-Year-Project/FYP/Plugins/tensorflow-ue4/Content/Scripts
[2021.02.27-17.54.24:731][  0]LogPython: Python Scripts search path: ../../../../../../Users/david/Documents/GitHub/Final-Year-Project/FYP/Plugins/UnrealEnginePython/Content/Scripts
[2021.02.27-17.54.24:731][  0]LogPython: Python Scripts search path: ../../../../../../Users/david/Documents/GitHub/Final-Year-Project/FYP/Plugins/UnrealEnginePython
[2021.02.27-17.54.24:731][  0]LogPython: Python VM initialized: 3.6.4 (v3.6.4:d48eceb, Dec 19 2017, 06:54:40) [MSC v.1900 64 bit (AMD64)]
[2021.02.27-17.54.24:764][  0]LogPython: upystartup::Checking pip location on startup
[2021.02.27-17.54.24:764][  0]LogPython: 

[2021.02.27-17.54.24:764][  0]LogPython: upystartup::stored loc: C:/Users/david/Documents/GitHub/Final-Year-Project/FYP/Plugins/UnrealEnginePython/Binaries/Win64/Scripts
[2021.02.27-17.54.24:764][  0]LogPython: 

[2021.02.27-17.54.24:764][  0]LogPython: upystartup::correct loc: C:/Users/david/Documents/GitHub/Final-Year-Project/FYP/Plugins/UnrealEnginePython/Binaries/Win64/Scripts
[2021.02.27-17.54.24:764][  0]LogPython: 

[2021.02.27-17.54.24:764][  0]LogPython: upystartup::pip location is up to date.
[2021.02.27-17.54.24:764][  0]LogPython: 

[2021.02.27-17.54.24:764][  0]LogPython: upystartup::system paths normalized.
[2021.02.27-17.54.24:764][  0]LogPython: 

[2021.02.27-17.54.24:764][  0]LogPython: upystartup::project doesn't use a upymodule.json file.
[2021.02.27-17.54.24:764][  0]LogPython: 

[2021.02.27-17.54.24:767][  0]LogPython: ue_site Python module not found
[2021.02.27-17.54.24:927][  0]SourceControl: Source control is disabled
[2021.02.27-17.54.24:927][  0]SourceControl: Source control is disabled
[2021.02.27-17.54.24:930][  0]SourceControl: Source control is disabled
[2021.02.27-17.54.24:931][  0]SourceControl: Source control is disabled
[2021.02.27-17.54.25:043][  0]LogAndroidPermission: UAndroidPermissionCallbackProxy::GetInstance
[2021.02.27-17.54.25:174][  0]LogOcInput: OculusInput pre-init called
[2021.02.27-17.54.25:183][  0]LogWindows: Failed to load 'OVRPlugin.dll' (GetLastError=126)
[2021.02.27-17.54.25:183][  0]LogWindows: File 'OVRPlugin.dll' does not exist
[2021.02.27-17.54.25:201][  0]LogPython: Added TensorFlow Plugin Content/Scripts (C:/Users/david/Documents/GitHub/Final-Year-Project/FYP/Plugins/tensorflow-ue4/Content/Scripts) to sys.path
[2021.02.27-17.54.25:212][  0]LogPython: upymodule_importer::Resolving upymodule dependencies for tensorflow-ue4
[2021.02.27-17.54.25:978][  0]LogPython: upymodule_importer::tensorflow-gpu 1.12.0 installed? True
[2021.02.27-17.54.25:978][  0]LogPython: upymodule_importer::h5py 2.7.0 installed? True
[2021.02.27-17.54.25:978][  0]LogPython: upymodule_importer::2 tensorflow-ue4 upymodule dependencies resolved (if installation in progress, more async output will stream)
[2021.02.27-17.54.25:978][  0]LogPython: TensorFlow Plugin upymodule.json parsed
[2021.02.27-17.54.26:074][  0]LogEngine: Initializing Engine...
[2021.02.27-17.54.26:075][  0]LogHMD: Failed to initialize OpenVR with code 110
[2021.02.27-17.54.26:076][  0]LogStats: UGameplayTagsManager::InitializeManager -  0.000 s
[2021.02.27-17.54.26:329][  0]LogInit: Initializing FReadOnlyCVARCache
[2021.02.27-17.54.26:348][  0]LogAIModule: Creating AISystem for world Untitled
[2021.02.27-17.54.26:372][  0]LogInit: XAudio2 using 'LG ULTRAWIDE (NVIDIA High Definition Audio)' : 2 channels at 48 kHz using 16 bits per sample (channel mask 0x3)
[2021.02.27-17.54.26:407][  0]LogInit: FAudioDevice initialized.
[2021.02.27-17.54.26:408][  0]LogNetVersion: Set ProjectVersion to 1.0.0.0. Version Checksum will be recalculated on next use.
[2021.02.27-17.54.26:488][  0]LogDerivedDataCache: Saved boot cache 0.08s 75MB C:/Users/david/AppData/Local/UnrealEngine/4.23/DerivedDataCache/Boot.ddc.
[2021.02.27-17.54.26:498][  0]LogInit: Texture streaming: Enabled
[2021.02.27-17.54.26:521][  0]LogEngineSessionManager: EngineSessionManager initialized
[2021.02.27-17.54.26:521][  0]LogEditorSessionSummary: Verbose: Initializing EditorSessionSummaryWriter for editor session tracking
[2021.02.27-17.54.26:522][  0]LogEditorSessionSummary: EditorSessionSummaryWriter initialized
[2021.02.27-17.54.26:620][  0]LogInit: Transaction tracking system initialized
[2021.02.27-17.54.26:660][  0]BlueprintLog: New page: Editor Load
[2021.02.27-17.54.26:752][  0]LocalizationService: Localization service is disabled
[2021.02.27-17.54.27:029][  0]LogCook: Display: Max memory allowance for cook 16384mb min free memory 0mb
[2021.02.27-17.54.27:029][  0]LogCook: Display: Mobile HDR setting 1
[2021.02.27-17.54.27:244][  0]SourceControl: Source control is disabled
[2021.02.27-17.54.27:244][  0]Cmd: MAP LOAD FILE="../../../../../../Users/david/Documents/GitHub/Final-Year-Project/FYP/Content/VehicleAdvCPP/Maps/VehicleAdvExampleMap.umap" TEMPLATE=0 SHOWPROGRESS=1 FEATURELEVEL=3
[2021.02.27-17.54.27:245][  0]LightingResults: New page: Lighting Build
[2021.02.27-17.54.27:248][  0]LogWorld: UWorld::CleanupWorld for Untitled, bSessionEnded=true, bCleanupResources=true
[2021.02.27-17.54.27:248][  0]MapCheck: New page: Map Check
[2021.02.27-17.54.27:248][  0]LightingResults: New page: Lighting Build
[2021.02.27-17.54.27:274][  0]LogUObjectHash: Compacting FUObjectHashTables data took   2.52ms
[2021.02.27-17.54.27:492][  0]LogAIModule: Creating AISystem for world VehicleAdvExampleMap
[2021.02.27-17.54.27:506][  0]LogEditorServer: Finished looking for orphan Actors (0.000 secs)
[2021.02.27-17.54.27:549][  0]LogUObjectHash: Compacting FUObjectHashTables data took   3.06ms
[2021.02.27-17.54.27:549][  0]Cmd: MAP CHECKDEP NOCLEARLOG
[2021.02.27-17.54.27:550][  0]MapCheck: Map check complete: 0 Error(s), 0 Warning(s), took 0.239ms to complete.
[2021.02.27-17.54.27:550][  0]LogFileHelpers: Loading map 'VehicleAdvExampleMap' took 0.306
[2021.02.27-17.54.28:855][  0]LogSlate: Only BGRA pngs, bmps or icos are supported in by External Image Picker
[2021.02.27-17.54.28:928][  0]LogSlate: Updating window title bar state: overlay mode, drag disabled, window buttons hidden, title bar hidden
[2021.02.27-17.54.28:937][  0]LogSlate: Updating window title bar state: overlay mode, drag disabled, window buttons hidden, title bar hidden
[2021.02.27-17.54.28:945][  0]LogSlate: Updating window title bar state: overlay mode, drag disabled, window buttons hidden, title bar hidden
[2021.02.27-17.54.28:954][  0]LogSlate: Updating window title bar state: overlay mode, drag disabled, window buttons hidden, title bar hidden
[2021.02.27-17.54.28:962][  0]LogCollectionManager: Loaded 0 collections in 0.002063 seconds
[2021.02.27-17.54.28:969][  0]LogFileCache: Scanning file cache for directory 'C:/Users/david/Documents/GitHub/Final-Year-Project/FYP/Saved/Collections/' took 0.00s
[2021.02.27-17.54.28:969][  0]LogFileCache: Scanning file cache for directory 'C:/Users/david/Documents/GitHub/Final-Year-Project/FYP/Content/Developers/david/Collections/' took 0.00s
[2021.02.27-17.54.28:969][  0]LogFileCache: Scanning file cache for directory 'C:/Users/david/Documents/GitHub/Final-Year-Project/FYP/Content/Collections/' took 0.00s
[2021.02.27-17.54.28:969][  0]LogCollectionManager: Rebuilt the GUID cache for 0 collections in 0.000002 seconds
[2021.02.27-17.54.28:979][  0]LogContentBrowser: Native class hierarchy populated in 0.0097 seconds. Added 2905 classes and 708 folders.
[2021.02.27-17.54.28:990][  0]LogContentBrowser: Native class hierarchy updated for 'WidgetCarousel' in 0.0004 seconds. Added 0 classes and 0 folders.
[2021.02.27-17.54.29:042][  0]LogContentBrowser: Native class hierarchy updated for 'AddContentDialog' in 0.0004 seconds. Added 0 classes and 0 folders.
[2021.02.27-17.54.29:147][  0]LogSlate: Took 0.000281 seconds to synchronously load lazily loaded font '../../../Engine/Content/Slate/Fonts/Roboto-Regular.ttf' (155K)
[2021.02.27-17.54.29:152][  0]LogSlate: Took 0.000204 seconds to synchronously load lazily loaded font '../../../Engine/Content/Slate/Fonts/Roboto-Bold.ttf' (160K)
[2021.02.27-17.54.29:154][  0]LogSlate: Took 0.000265 seconds to synchronously load lazily loaded font '../../../Engine/Content/Editor/Slate/Fonts/FontAwesome.ttf' (139K)
[2021.02.27-17.54.29:239][  0]LogRenderer: Reallocating scene render targets to support 1664x612 Format 10 NumSamples 1 (Frame:1).
[2021.02.27-17.54.29:313][  0]LogSlate: Took 0.000182 seconds to synchronously load lazily loaded font '../../../Engine/Content/Slate/Fonts/Roboto-Light.ttf' (167K)
[2021.02.27-17.54.29:370][  0]LogContentBrowser: Native class hierarchy updated for 'HierarchicalLODOutliner' in 0.0004 seconds. Added 0 classes and 0 folders.
[2021.02.27-17.54.29:370][  0]LogLoad: (Engine Initialization) Total time: 11.39 seconds
[2021.02.27-17.54.29:370][  0]LogLoad: (Engine Initialization) Total Blueprint compile time: 0.00 seconds
[2021.02.27-17.54.29:381][  0]LogRawInputWindows: Warning: Found device 0 devices
[2021.02.27-17.54.29:382][  0]LogRawInputWindows: Warning: Found device 0 devices
[2021.02.27-17.54.29:382][  0]LogRawInputWindows: Warning: Device was registered succesfully but not connected (Usage:4 UsagePage:1)
[2021.02.27-17.54.29:382][  0]LogRawInputWindows: Warning: Found device 1 devices
[2021.02.27-17.54.29:382][  0]LogRawInputWindows: Warning: Device was registered succesfully but not connected (Usage:5 UsagePage:1)
[2021.02.27-17.54.29:449][  0]LogAssetRegistry: Asset discovery search completed in 6.8902 seconds
[2021.02.27-17.54.29:453][  0]LogCollectionManager: Rebuilt the object cache for 0 collections in 0.000007 seconds (found 0 objects)
[2021.02.27-17.54.29:453][  0]LogCollectionManager: Fixed up redirectors for 0 collections in 0.000101 seconds (updated 0 objects)
[2021.02.27-17.54.29:454][  0]LogContentStreaming: Texture pool size now 1000 MB
[2021.02.27-17.54.56:229][173]LogSlate: FSceneViewport::OnFocusLost() reason 0
[2021.02.27-17.55.29:518][428]LogEditorSessionSummary: EditorSessionSummary sent report. Type=Shutdown, SessionId={9763DA4A-40F7-2C1A-0113-778F30A0E390}
[2021.02.27-18.03.23:692][252]Candidate modules for hot reload:
[2021.02.27-18.03.23:692][252]  FYP
[2021.02.27-18.03.23:692][252]Launching UnrealBuildTool... [C:/Program Files/Epic Games/UE_4.23/Engine/Binaries/DotNET/UnrealBuildTool.exe  -ModuleWithSuffix=FYP,8716 Win64 Development -TargetType=Editor -Project="C:/Users/david/Documents/GitHub/Final-Year-Project/FYP/FYP.uproject" "C:/Users/david/Documents/GitHub/Final-Year-Project/FYP/FYP.uproject"  -IgnoreJunk]
[2021.02.27-18.03.23:694][252]Warning: Starting HotReload took  0.0s.
[2021.02.27-18.03.41:684][528]LogEditorViewport: Clicking on Actor (LMB): TP_VehicleAdvPawn5_Blueprint_C (TP_VehicleAdvPawn5_Blueprint)
[2021.02.27-18.03.41:773][529]LogEditorViewport: Clicking on Component (LMB): CameraComponent (ChaseCamera)
[2021.02.27-18.04.02:567][177]LogSlate: FSceneViewport::OnFocusLost() reason 0
[2021.02.27-18.04.04:632][379]LogEditorViewport: Clicking Background
[2021.02.27-18.04.34:671][819]CompilerResultsLog: New page: Compilation - 27 Feb 2021 18:04:34
[2021.02.27-18.04.34:671][819]CompilerResultsLog: Using 'git status' to determine working set for adaptive non-unity build (C:\Users\david\Documents\GitHub\Final-Year-Project).
[2021.02.27-18.04.34:672][819]CompilerResultsLog: Waiting for 'git status' command to complete
[2021.02.27-18.04.34:672][819]CompilerResultsLog: Terminating git child process due to timeout
[2021.02.27-18.04.34:672][819]CompilerResultsLog: Parsing headers for FYPEditor
[2021.02.27-18.04.34:672][819]CompilerResultsLog:   Running UnrealHeaderTool "C:\Users\david\Documents\GitHub\Final-Year-Project\FYP\FYP.uproject" "C:\Users\david\Documents\GitHub\Final-Year-Project\FYP\Intermediate\Build\Win64\FYPEditor\Development\FYPEditor.uhtmanifest" -LogCmds="loginit warning, logexit warning, logdatabase error" -Unattended -WarningsAsErrors -installed
[2021.02.27-18.04.34:672][819]CompilerResultsLog: Reflection code generated for FYPEditor in 31.2537039 seconds
[2021.02.27-18.04.34:672][819]CompilerResultsLog: Using Visual Studio 2017 14.16.27023 toolchain (C:\Program Files (x86)\Microsoft Visual Studio\2017\Community\VC\Tools\MSVC\14.16.27023) and Windows 10.0.17763.0 SDK (C:\Program Files (x86)\Windows Kits\10).
[2021.02.27-18.04.34:672][819]CompilerResultsLog: Building 8 actions with 4 processes...
[2021.02.27-18.04.34:672][819]CompilerResultsLog:   [1/8] FYP_Car_Body.gen.cpp
[2021.02.27-18.04.34:673][819]CompilerResultsLog:    C:\Users\david\Documents\GitHub\Final-Year-Project\FYP\Source\FYP/FYP_Car_Body.h(214) : error C2059: syntax error: '}'
[2021.02.27-18.04.34:673][819]CompilerResultsLog:   [2/8] FYP_Car_Body.cpp
[2021.02.27-18.04.34:673][819]CompilerResultsLog:    c:\users\david\documents\github\final-year-project\fyp\source\fyp\FYP_Car_Body.h(214) : error C2059: syntax error: '}'
[2021.02.27-18.04.34:673][819]CompilerResultsLog:    C:\Users\david\Documents\GitHub\Final-Year-Project\FYP\Source\FYP\FYP_Car_Body.cpp(302) : error C2143: syntax error: missing ';' before '}'
[2021.02.27-18.04.34:673][819]CompilerResultsLog:   C:\Users\david\Documents\GitHub\Final-Year-Project\FYP\Source\FYP\FYP_Car_Body.cpp(483): warning C4458: declaration of 'Steer' hides class member
[2021.02.27-18.04.34:673][819]CompilerResultsLog:   c:\users\david\documents\github\final-year-project\fyp\source\fyp\FYP_Car_Body.h(241): note: see declaration of 'AFYPPawn::Steer'
[2021.02.27-18.04.34:673][819]CompilerResultsLog:   [3/8] FYP.init.gen.cpp
[2021.02.27-18.04.34:673][819]CompilerResultsLog:   [4/8] FYPGameMode.cpp
[2021.02.27-18.04.34:673][819]CompilerResultsLog:    c:\users\david\documents\github\final-year-project\fyp\source\fyp\FYP_Car_Body.h(214) : error C2059: syntax error: '}'
[2021.02.27-18.04.34:673][819]CompilerResultsLog:   [5/8] FYP_Car_Hud.cpp
[2021.02.27-18.04.34:673][819]CompilerResultsLog:    c:\users\david\documents\github\final-year-project\fyp\source\fyp\FYP_Car_Body.h(214) : error C2059: syntax error: '}'
[2021.02.27-18.04.34:673][819]LogMainFrame: MainFrame: Module compiling took 70.986 seconds
[2021.02.27-18.04.34:673][819]Warning: HotReload failed, recompile failed
[2021.02.27-18.04.41:482][627]LogSlate: FSceneViewport::OnFocusLost() reason 0
[2021.02.27-18.04.47:353][321]LogSlate: FSceneViewport::OnFocusLost() reason 0
[2021.02.27-18.05.34:494][321]Candidate modules for hot reload:
[2021.02.27-18.05.34:494][321]  FYP
[2021.02.27-18.05.34:494][321]Launching UnrealBuildTool... [C:/Program Files/Epic Games/UE_4.23/Engine/Binaries/DotNET/UnrealBuildTool.exe  -ModuleWithSuffix=FYP,7986 Win64 Development -TargetType=Editor -Project="C:/Users/david/Documents/GitHub/Final-Year-Project/FYP/FYP.uproject" "C:/Users/david/Documents/GitHub/Final-Year-Project/FYP/FYP.uproject"  -IgnoreJunk]
[2021.02.27-18.05.34:496][321]Warning: Starting HotReload took  0.0s.
[2021.02.27-18.06.17:758][330]CompilerResultsLog: New page: Compilation - 27 Feb 2021 18:06:17
[2021.02.27-18.06.17:759][330]CompilerResultsLog: Using 'git status' to determine working set for adaptive non-unity build (C:\Users\david\Documents\GitHub\Final-Year-Project).
[2021.02.27-18.06.17:759][330]CompilerResultsLog: Waiting for 'git status' command to complete
[2021.02.27-18.06.17:759][330]CompilerResultsLog: Terminating git child process due to timeout
[2021.02.27-18.06.17:759][330]CompilerResultsLog: Parsing headers for FYPEditor
[2021.02.27-18.06.17:759][330]CompilerResultsLog:   Running UnrealHeaderTool "C:\Users\david\Documents\GitHub\Final-Year-Project\FYP\FYP.uproject" "C:\Users\david\Documents\GitHub\Final-Year-Project\FYP\Intermediate\Build\Win64\FYPEditor\Development\FYPEditor.uhtmanifest" -LogCmds="loginit warning, logexit warning, logdatabase error" -Unattended -WarningsAsErrors -installed
[2021.02.27-18.06.17:759][330]CompilerResultsLog: Reflection code generated for FYPEditor in 7.8254752 seconds
[2021.02.27-18.06.17:759][330]CompilerResultsLog: Using Visual Studio 2017 14.16.27023 toolchain (C:\Program Files (x86)\Microsoft Visual Studio\2017\Community\VC\Tools\MSVC\14.16.27023) and Windows 10.0.17763.0 SDK (C:\Program Files (x86)\Windows Kits\10).
[2021.02.27-18.06.17:759][330]CompilerResultsLog: Building 7 actions with 4 processes...
[2021.02.27-18.06.17:760][330]CompilerResultsLog:   [1/7] FYP_Car_Body.cpp
[2021.02.27-18.06.17:760][330]CompilerResultsLog:    C:\Users\david\Documents\GitHub\Final-Year-Project\FYP\Source\FYP\FYP_Car_Body.cpp(302) : error C2143: syntax error: missing ';' before '}'
[2021.02.27-18.06.17:760][330]CompilerResultsLog:   C:\Users\david\Documents\GitHub\Final-Year-Project\FYP\Source\FYP\FYP_Car_Body.cpp(483): warning C4458: declaration of 'Steer' hides class member
[2021.02.27-18.06.17:760][330]CompilerResultsLog:   c:\users\david\documents\github\final-year-project\fyp\source\fyp\FYP_Car_Body.h(241): note: see declaration of 'AFYPPawn::Steer'
[2021.02.27-18.06.17:760][330]CompilerResultsLog:   [2/7] FYP_Car_Body.gen.cpp
[2021.02.27-18.06.17:760][330]CompilerResultsLog:   [3/7] FYPGameMode.cpp
[2021.02.27-18.06.17:760][330]CompilerResultsLog:   [4/7] FYP_Car_Hud.cpp
[2021.02.27-18.06.17:760][330]LogMainFrame: MainFrame: Module compiling took 43.271 seconds
[2021.02.27-18.06.17:760][330]Warning: HotReload failed, recompile failed
[2021.02.27-18.06.57:312][ 72]LogTemp: Repeating last play command: Selected Viewport
[2021.02.27-18.06.57:332][ 72]LogBlueprintUserMessages: Early PlayInEditor Detection: Level '/Game/VehicleAdvCPP/Maps/VehicleAdvExampleMap.VehicleAdvExampleMap:PersistentLevel' has LevelScriptBlueprint '/Game/VehicleAdvCPP/Maps/VehicleAdvExampleMap.VehicleAdvExampleMap:PersistentLevel.VehicleAdvExampleMap' with GeneratedClass '/Game/VehicleAdvCPP/Maps/VehicleAdvExampleMap.VehicleAdvExampleMap_C' with ClassGeneratedBy '/Game/VehicleAdvCPP/Maps/VehicleAdvExampleMap.VehicleAdvExampleMap:PersistentLevel.VehicleAdvExampleMap'
[2021.02.27-18.06.57:333][ 72]LogPlayLevel: PlayLevel: No blueprints needed recompiling
[2021.02.27-18.06.57:333][ 72]PIE: New page: PIE session: VehicleAdvExampleMap (27 Feb 2021 18:06:57)
[2021.02.27-18.06.57:334][ 72]LogOnline: OSS: Creating online subsystem instance for: NULL
[2021.02.27-18.06.57:335][ 72]LogPlayLevel: Creating play world package: /Game/VehicleAdvCPP/Maps/UEDPIE_0_VehicleAdvExampleMap
[2021.02.27-18.06.57:373][ 72]LogPlayLevel: PIE: StaticDuplicateObject took: (0.038125s)
[2021.02.27-18.06.57:374][ 72]LogAIModule: Creating AISystem for world VehicleAdvExampleMap
[2021.02.27-18.06.57:375][ 72]LogPlayLevel: PIE: World Init took: (0.001301s)
[2021.02.27-18.06.57:375][ 72]LogPlayLevel: PIE: Created PIE world by copying editor world from /Game/VehicleAdvCPP/Maps/VehicleAdvExampleMap.VehicleAdvExampleMap to /Game/VehicleAdvCPP/Maps/UEDPIE_0_VehicleAdvExampleMap.VehicleAdvExampleMap (0.039809s)
[2021.02.27-18.06.57:438][ 72]LogUObjectHash: Compacting FUObjectHashTables data took   2.00ms
[2021.02.27-18.06.57:457][ 72]LogInit: XAudio2 using 'LG ULTRAWIDE (NVIDIA High Definition Audio)' : 2 channels at 48 kHz using 16 bits per sample (channel mask 0x3)
[2021.02.27-18.06.57:469][ 72]LogInit: FAudioDevice initialized.
[2021.02.27-18.06.57:478][ 72]LogLoad: Game class is 'FYPGameMode'
[2021.02.27-18.06.57:487][ 72]LogWorld: Bringing World /Game/VehicleAdvCPP/Maps/UEDPIE_0_VehicleAdvExampleMap.VehicleAdvExampleMap up for play (max tick rate 0) at 2021.02.27-18.06.57
[2021.02.27-18.06.58:011][ 72]LogPython: Error: C:\Users\david\Documents\GitHub\Final-Year-Project\FYP\Plugins\UnrealEnginePython\Binaries\Win64\Lib\site-packages\tensorflow\python\framework\dtypes.py:523: FutureWarning: Passing (type, 1) or '1type' as a synonym of type is deprecated; in a future version of numpy, it will be understood as (type, (1,)) / '(1,)type'.
  _np_qint8 = np.dtype([("qint8", np.int8, 1)])

[2021.02.27-18.06.58:011][ 72]LogPython: Error: C:\Users\david\Documents\GitHub\Final-Year-Project\FYP\Plugins\UnrealEnginePython\Binaries\Win64\Lib\site-packages\tensorflow\python\framework\dtypes.py:524: FutureWarning: Passing (type, 1) or '1type' as a synonym of type is deprecated; in a future version of numpy, it will be understood as (type, (1,)) / '(1,)type'.
  _np_quint8 = np.dtype([("quint8", np.uint8, 1)])

[2021.02.27-18.06.58:011][ 72]LogPython: Error: C:\Users\david\Documents\GitHub\Final-Year-Project\FYP\Plugins\UnrealEnginePython\Binaries\Win64\Lib\site-packages\tensorflow\python\framework\dtypes.py:525: FutureWarning: Passing (type, 1) or '1type' as a synonym of type is deprecated; in a future version of numpy, it will be understood as (type, (1,)) / '(1,)type'.
  _np_qint16 = np.dtype([("qint16", np.int16, 1)])

[2021.02.27-18.06.58:011][ 72]LogPython: Error: C:\Users\david\Documents\GitHub\Final-Year-Project\FYP\Plugins\UnrealEnginePython\Binaries\Win64\Lib\site-packages\tensorflow\python\framework\dtypes.py:526: FutureWarning: Passing (type, 1) or '1type' as a synonym of type is deprecated; in a future version of numpy, it will be understood as (type, (1,)) / '(1,)type'.
  _np_quint16 = np.dtype([("quint16", np.uint16, 1)])

[2021.02.27-18.06.58:012][ 72]LogPython: Error: C:\Users\david\Documents\GitHub\Final-Year-Project\FYP\Plugins\UnrealEnginePython\Binaries\Win64\Lib\site-packages\tensorflow\python\framework\dtypes.py:527: FutureWarning: Passing (type, 1) or '1type' as a synonym of type is deprecated; in a future version of numpy, it will be understood as (type, (1,)) / '(1,)type'.
  _np_qint32 = np.dtype([("qint32", np.int32, 1)])

[2021.02.27-18.06.58:012][ 72]LogPython: Error: C:\Users\david\Documents\GitHub\Final-Year-Project\FYP\Plugins\UnrealEnginePython\Binaries\Win64\Lib\site-packages\tensorflow\python\framework\dtypes.py:532: FutureWarning: Passing (type, 1) or '1type' as a synonym of type is deprecated; in a future version of numpy, it will be understood as (type, (1,)) / '(1,)type'.
  np_resource = np.dtype([("resource", np.ubyte, 1)])

[2021.02.27-18.06.59:626][ 72]LogWorld: Bringing up level for play took: 2.145239
[2021.02.27-18.06.59:627][ 72]LogOnline: OSS: Creating online subsystem instance for: :Context_4
[2021.02.27-18.06.59:997][ 72]LogContentBrowser: Native class hierarchy updated for 'MovieSceneCapture' in 0.0005 seconds. Added 20 classes and 0 folders.
[2021.02.27-18.06.59:998][ 72]LogPython: BeginPlay, importing TF module: AICar
[2021.02.27-18.07.00:015][ 72]LogPython: Error: only integers, slices (`:`), ellipsis (`...`), numpy.newaxis (`None`) and integer or boolean arrays are valid indices
[2021.02.27-18.07.00:016][ 72]LogPython: Error: Traceback (most recent call last):

[2021.02.27-18.07.00:016][ 72]LogPython: Error:   File "C:\Users\david\Documents\GitHub\Final-Year-Project\FYP\Plugins\tensorflow-ue4\Content\Scripts\TensorFlowComponent.py", line 36, in begin_play
    self.setup()

[2021.02.27-18.07.00:016][ 72]LogPython: Error:   File "C:\Users\david\Documents\GitHub\Final-Year-Project\FYP\Plugins\tensorflow-ue4\Content\Scripts\TensorFlowComponent.py", line 56, in setup
    self.setup_blocking()

[2021.02.27-18.07.00:016][ 72]LogPython: Error:   File "C:\Users\david\Documents\GitHub\Final-Year-Project\FYP\Plugins\tensorflow-ue4\Content\Scripts\TensorFlowComponent.py", line 130, in setup_blocking
    self.tfapi.onSetup()

[2021.02.27-18.07.00:016][ 72]LogPython: Error:   File "C:\Users\david\Documents\GitHub\Final-Year-Project\FYP\Content\Scripts\AICar.py", line 363, in onSetup
    self.AIStatsToCheck[AiToTrainValues.ModelLayoutSelection] = 3

[2021.02.27-18.07.00:016][ 72]LogPython: Error: IndexError: only integers, slices (`:`), ellipsis (`...`), numpy.newaxis (`None`) and integer or boolean arrays are valid indices

[2021.02.27-18.07.00:017][ 72]PIE: Play in editor start time for /Game/VehicleAdvCPP/Maps/UEDPIE_0_VehicleAdvExampleMap 2.48
[2021.02.27-18.07.00:018][ 72]LogBlueprintUserMessages: Late PlayInEditor Detection: Level '/Game/VehicleAdvCPP/Maps/VehicleAdvExampleMap.VehicleAdvExampleMap:PersistentLevel' has LevelScriptBlueprint '/Game/VehicleAdvCPP/Maps/VehicleAdvExampleMap.VehicleAdvExampleMap:PersistentLevel.VehicleAdvExampleMap' with GeneratedClass '/Game/VehicleAdvCPP/Maps/VehicleAdvExampleMap.VehicleAdvExampleMap_C' with ClassGeneratedBy '/Game/VehicleAdvCPP/Maps/VehicleAdvExampleMap.VehicleAdvExampleMap:PersistentLevel.VehicleAdvExampleMap'
[2021.02.27-18.07.00:018][ 72]LogTemp: Warning: Format Format
[2021.02.27-18.07.00:058][ 73]LogTemp: Warning: Format Format
[2021.02.27-18.07.00:094][ 74]LogTemp: Warning: Format Format
[2021.02.27-18.07.00:104][ 75]LogTemp: Warning: Format Format
[2021.02.27-18.07.00:112][ 76]LogTemp: Warning: Format Format
[2021.02.27-18.07.00:121][ 77]LogTemp: Warning: Format Format
[2021.02.27-18.07.00:130][ 78]LogTemp: Warning: Format Format
[2021.02.27-18.07.00:138][ 79]LogTemp: Warning: Format Format
[2021.02.27-18.07.00:147][ 80]LogTemp: Warning: Format Format
[2021.02.27-18.07.00:156][ 81]LogTemp: Warning: Format Format
[2021.02.27-18.07.00:165][ 82]LogTemp: Warning: Format Format
[2021.02.27-18.07.00:174][ 83]LogTemp: Warning: Format Format
[2021.02.27-18.07.00:183][ 84]LogTemp: Warning: Format Format
[2021.02.27-18.07.00:192][ 85]LogTemp: Warning: Format Format
[2021.02.27-18.07.00:200][ 86]LogTemp: Warning: Format Format
[2021.02.27-18.07.00:209][ 87]LogTemp: Warning: Format Format
[2021.02.27-18.07.00:218][ 88]LogTemp: Warning: Format Format
[2021.02.27-18.07.00:226][ 89]LogTemp: Warning: Format Format
[2021.02.27-18.07.00:235][ 90]LogTemp: Warning: Format Format
[2021.02.27-18.07.00:244][ 91]LogTemp: Warning: Format Format
[2021.02.27-18.07.00:253][ 92]LogTemp: Warning: Format Format
[2021.02.27-18.07.00:261][ 93]LogTemp: Warning: Format Format
[2021.02.27-18.07.00:269][ 94]LogTemp: Warning: Format Format
[2021.02.27-18.07.00:278][ 95]LogTemp: Warning: Format Format
[2021.02.27-18.07.00:286][ 96]LogTemp: Warning: Format Format
[2021.02.27-18.07.00:295][ 97]LogTemp: Warning: Format Format
[2021.02.27-18.07.00:303][ 98]LogTemp: Warning: Format Format
[2021.02.27-18.07.00:311][ 99]LogTemp: Warning: Format Format
[2021.02.27-18.07.00:320][100]LogTemp: Warning: Format Format
[2021.02.27-18.07.00:329][101]LogTemp: Warning: Format Format
[2021.02.27-18.07.00:337][102]LogTemp: Warning: Format Format
[2021.02.27-18.07.00:345][103]LogTemp: Warning: Format Format
[2021.02.27-18.07.00:353][104]LogTemp: Warning: Format Format
[2021.02.27-18.07.00:362][105]LogTemp: Warning: Format Format
[2021.02.27-18.07.00:370][106]LogTemp: Warning: Format Format
[2021.02.27-18.07.00:379][107]LogTemp: Warning: Format Format
[2021.02.27-18.07.00:387][108]LogTemp: Warning: Format Format
[2021.02.27-18.07.00:395][109]LogTemp: Warning: Format Format
[2021.02.27-18.07.00:404][110]LogTemp: Warning: Format Format
[2021.02.27-18.07.00:412][111]LogTemp: Warning: Format Format
[2021.02.27-18.07.00:421][112]LogTemp: Warning: Format Format
[2021.02.27-18.07.00:430][113]LogTemp: Warning: Format Format
[2021.02.27-18.07.00:438][114]LogTemp: Warning: Format Format
[2021.02.27-18.07.00:447][115]LogTemp: Warning: Format Format
[2021.02.27-18.07.00:455][116]LogTemp: Warning: Format Format
[2021.02.27-18.07.00:464][117]LogTemp: Warning: Format Format
[2021.02.27-18.07.00:472][118]LogTemp: Warning: Format Format
[2021.02.27-18.07.00:481][119]LogTemp: Warning: Format Format
[2021.02.27-18.07.00:490][120]LogTemp: Warning: Format Format
[2021.02.27-18.07.00:500][121]LogTemp: Warning: Format Format
[2021.02.27-18.07.00:508][122]LogTemp: Warning: Format Format
[2021.02.27-18.07.00:516][123]LogTemp: Warning: Format Format
[2021.02.27-18.07.00:525][124]LogTemp: Warning: Format Format
[2021.02.27-18.07.00:534][125]LogTemp: Warning: Format Format
[2021.02.27-18.07.00:544][126]LogTemp: Warning: Format Format
[2021.02.27-18.07.00:554][127]LogTemp: Warning: Format Format
[2021.02.27-18.07.00:563][128]LogTemp: Warning: Format Format
[2021.02.27-18.07.00:573][129]LogTemp: Warning: Format Format
[2021.02.27-18.07.00:584][130]LogTemp: Warning: Format Format
[2021.02.27-18.07.00:594][131]LogTemp: Warning: Format Format
[2021.02.27-18.07.00:603][132]LogTemp: Warning: Format Format
[2021.02.27-18.07.00:614][133]LogTemp: Warning: Format Format
[2021.02.27-18.07.00:623][134]LogTemp: Warning: Format Format
[2021.02.27-18.07.00:632][135]LogTemp: Warning: Format Format
[2021.02.27-18.07.00:641][136]LogTemp: Warning: Format Format
[2021.02.27-18.07.00:651][137]LogTemp: Warning: Format Format
[2021.02.27-18.07.00:660][138]LogTemp: Warning: Format Format
[2021.02.27-18.07.00:670][139]LogTemp: Warning: Format Format
[2021.02.27-18.07.00:679][140]LogTemp: Warning: Format Format
[2021.02.27-18.07.00:689][141]LogTemp: Warning: Format Format
[2021.02.27-18.07.00:698][142]LogTemp: Warning: Format Format
[2021.02.27-18.07.00:707][143]LogTemp: Warning: Format Format
[2021.02.27-18.07.00:717][144]LogTemp: Warning: Format Format
[2021.02.27-18.07.00:726][145]LogTemp: Warning: Format Format
[2021.02.27-18.07.00:735][146]LogTemp: Warning: Format Format
[2021.02.27-18.07.00:743][147]LogTemp: Warning: Format Format
[2021.02.27-18.07.00:752][148]LogTemp: Warning: Format Format
[2021.02.27-18.07.00:760][149]LogTemp: Warning: Format Format
[2021.02.27-18.07.00:769][150]LogTemp: Warning: Format Format
[2021.02.27-18.07.00:777][151]LogTemp: Warning: Format Format
[2021.02.27-18.07.00:786][152]LogTemp: Warning: Format Format
[2021.02.27-18.07.00:794][153]LogTemp: Warning: Format Format
[2021.02.27-18.07.00:803][154]LogTemp: Warning: Format Format
[2021.02.27-18.07.00:811][155]LogTemp: Warning: Format Format
[2021.02.27-18.07.00:820][156]LogTemp: Warning: Format Format
[2021.02.27-18.07.00:829][157]LogTemp: Warning: Format Format
[2021.02.27-18.07.00:839][158]LogTemp: Warning: Format Format
[2021.02.27-18.07.00:848][159]LogTemp: Warning: Format Format
[2021.02.27-18.07.00:857][160]LogTemp: Warning: Format Format
[2021.02.27-18.07.00:866][161]LogTemp: Warning: Format Format
[2021.02.27-18.07.00:875][162]LogTemp: Warning: Format Format
[2021.02.27-18.07.00:884][163]LogTemp: Warning: Format Format
[2021.02.27-18.07.00:935][169]LogTemp: Warning: Format Format
[2021.02.27-18.07.00:937][169]LogBlueprintUserMessages: Early EndPlayMap Detection: Level '/Game/VehicleAdvCPP/Maps/VehicleAdvExampleMap.VehicleAdvExampleMap:PersistentLevel' has LevelScriptBlueprint '/Game/VehicleAdvCPP/Maps/VehicleAdvExampleMap.VehicleAdvExampleMap:PersistentLevel.VehicleAdvExampleMap' with GeneratedClass '/Game/VehicleAdvCPP/Maps/VehicleAdvExampleMap.VehicleAdvExampleMap_C' with ClassGeneratedBy '/Game/VehicleAdvCPP/Maps/VehicleAdvExampleMap.VehicleAdvExampleMap:PersistentLevel.VehicleAdvExampleMap'
[2021.02.27-18.07.00:937][169]LogSlate: Updating window title bar state: overlay mode, drag disabled, window buttons hidden, title bar hidden
[2021.02.27-18.07.00:937][169]LogWorld: BeginTearingDown for /Game/VehicleAdvCPP/Maps/UEDPIE_0_VehicleAdvExampleMap
[2021.02.27-18.07.00:937][169]LogWorld: UWorld::CleanupWorld for VehicleAdvExampleMap, bSessionEnded=true, bCleanupResources=true
[2021.02.27-18.07.00:952][169]LogPlayLevel: Display: Shutting down PIE online subsystems
[2021.02.27-18.07.00:952][169]LogBlueprintUserMessages: Late EndPlayMap Detection: Level '/Game/VehicleAdvCPP/Maps/VehicleAdvExampleMap.VehicleAdvExampleMap:PersistentLevel' has LevelScriptBlueprint '/Game/VehicleAdvCPP/Maps/VehicleAdvExampleMap.VehicleAdvExampleMap:PersistentLevel.VehicleAdvExampleMap' with GeneratedClass '/Game/VehicleAdvCPP/Maps/VehicleAdvExampleMap.VehicleAdvExampleMap_C' with ClassGeneratedBy '/Game/VehicleAdvCPP/Maps/VehicleAdvExampleMap.VehicleAdvExampleMap:PersistentLevel.VehicleAdvExampleMap'
[2021.02.27-18.07.00:981][169]LogSlate: Updating window title bar state: overlay mode, drag disabled, window buttons hidden, title bar hidden
[2021.02.27-18.07.00:985][169]LogUObjectHash: Compacting FUObjectHashTables data took   2.11ms
[2021.02.27-18.07.01:043][171]LogPlayLevel: Display: Destroying online subsystem :Context_4
[2021.02.27-18.07.01:817][258]Candidate modules for hot reload:
[2021.02.27-18.07.01:817][258]  FYP
[2021.02.27-18.07.01:817][258]Launching UnrealBuildTool... [C:/Program Files/Epic Games/UE_4.23/Engine/Binaries/DotNET/UnrealBuildTool.exe  -ModuleWithSuffix=FYP,3405 Win64 Development -TargetType=Editor -Project="C:/Users/david/Documents/GitHub/Final-Year-Project/FYP/FYP.uproject" "C:/Users/david/Documents/GitHub/Final-Year-Project/FYP/FYP.uproject"  -IgnoreJunk]
[2021.02.27-18.07.01:819][258]Warning: Starting HotReload took  0.0s.
[2021.02.27-18.07.17:959][129]LogSlate: Took 0.000161 seconds to synchronously load lazily loaded font '../../../Engine/Content/Slate/Fonts/Roboto-Light.ttf' (167K)
[2021.02.27-18.07.34:670][ 49]CompilerResultsLog: New page: Compilation - 27 Feb 2021 18:07:34
[2021.02.27-18.07.34:670][ 49]CompilerResultsLog: Using 'git status' to determine working set for adaptive non-unity build (C:\Users\david\Documents\GitHub\Final-Year-Project).
[2021.02.27-18.07.34:670][ 49]CompilerResultsLog: Waiting for 'git status' command to complete
[2021.02.27-18.07.34:670][ 49]CompilerResultsLog: Terminating git child process due to timeout
[2021.02.27-18.07.34:670][ 49]CompilerResultsLog: Parsing headers for FYPEditor
[2021.02.27-18.07.34:670][ 49]CompilerResultsLog:   Running UnrealHeaderTool "C:\Users\david\Documents\GitHub\Final-Year-Project\FYP\FYP.uproject" "C:\Users\david\Documents\GitHub\Final-Year-Project\FYP\Intermediate\Build\Win64\FYPEditor\Development\FYPEditor.uhtmanifest" -LogCmds="loginit warning, logexit warning, logdatabase error" -Unattended -WarningsAsErrors -installed
[2021.02.27-18.07.34:671][ 49]CompilerResultsLog: Reflection code generated for FYPEditor in 7.9232585 seconds
[2021.02.27-18.07.34:671][ 49]CompilerResultsLog: Using Visual Studio 2017 14.16.27023 toolchain (C:\Program Files (x86)\Microsoft Visual Studio\2017\Community\VC\Tools\MSVC\14.16.27023) and Windows 10.0.17763.0 SDK (C:\Program Files (x86)\Windows Kits\10).
[2021.02.27-18.07.34:671][ 49]CompilerResultsLog: Building 4 actions with 4 processes...
[2021.02.27-18.07.34:671][ 49]CompilerResultsLog:   [1/4] FYP_Car_Body.cpp
[2021.02.27-18.07.34:671][ 49]CompilerResultsLog:   C:\Users\david\Documents\GitHub\Final-Year-Project\FYP\Source\FYP\FYP_Car_Body.cpp(483): warning C4458: declaration of 'Steer' hides class member
[2021.02.27-18.07.34:671][ 49]CompilerResultsLog:   c:\users\david\documents\github\final-year-project\fyp\source\fyp\FYP_Car_Body.h(241): note: see declaration of 'AFYPPawn::Steer'
[2021.02.27-18.07.34:671][ 49]CompilerResultsLog:   [2/4] UE4Editor-FYP-3405.lib
[2021.02.27-18.07.34:671][ 49]CompilerResultsLog:      Creating library C:\Users\david\Documents\GitHub\Final-Year-Project\FYP\Intermediate\Build\Win64\UE4Editor\Development\FYP\UE4Editor-FYP-3405.lib and object C:\Users\david\Documents\GitHub\Final-Year-Project\FYP\Intermediate\Build\Win64\UE4Editor\Development\FYP\UE4Editor-FYP-3405.exp
[2021.02.27-18.07.34:671][ 49]CompilerResultsLog:   [3/4] UE4Editor-FYP-3405.dll
[2021.02.27-18.07.34:671][ 49]CompilerResultsLog:      Creating library C:\Users\david\Documents\GitHub\Final-Year-Project\FYP\Intermediate\Build\Win64\UE4Editor\Development\FYP\UE4Editor-FYP-3405.suppressed.lib and object C:\Users\david\Documents\GitHub\Final-Year-Project\FYP\Intermediate\Build\Win64\UE4Editor\Development\FYP\UE4Editor-FYP-3405.suppressed.exp
[2021.02.27-18.07.34:671][ 49]CompilerResultsLog:   [4/4] FYPEditor.target
[2021.02.27-18.07.34:671][ 49]CompilerResultsLog: Total time in Parallel executor: 6.46 seconds
[2021.02.27-18.07.34:671][ 49]CompilerResultsLog: Total execution time: 32.74 seconds
[2021.02.27-18.07.34:671][ 49]LogMainFrame: MainFrame: Module compiling took 32.859 seconds
[2021.02.27-18.07.34:695][ 49]LogUObjectHash: Compacting FUObjectHashTables data took   0.75ms
[2021.02.27-18.07.34:732][ 49]LogClass: Could not find existing class FYPPawn in package /Script/FYP for HotReload, assuming new class
[2021.02.27-18.07.34:732][ 49]LogClass: Function AICarControl is new.
[2021.02.27-18.07.34:732][ 49]LogClass: Function GetEastInput is new.
[2021.02.27-18.07.34:732][ 49]LogClass: Function GetNorthEastInput is new.
[2021.02.27-18.07.34:732][ 49]LogClass: Function GetNorthInput is new.
[2021.02.27-18.07.34:732][ 49]LogClass: Function GetNorthWestInput is new.
[2021.02.27-18.07.34:733][ 49]LogClass: Function GetScore is new.
[2021.02.27-18.07.34:733][ 49]LogClass: Function GetSouthEastInput is new.
[2021.02.27-18.07.34:733][ 49]LogClass: Function GetSouthInput is new.
[2021.02.27-18.07.34:733][ 49]LogClass: Function GetSouthWestInput is new.
[2021.02.27-18.07.34:733][ 49]LogClass: Function GetUserCarAcceleration is new.
[2021.02.27-18.07.34:733][ 49]LogClass: Function GetUserCarSteering is new.
[2021.02.27-18.07.34:733][ 49]LogClass: Function GetWestInput is new.
[2021.02.27-18.07.34:733][ 49]LogClass: Function InputDataAgmentation is new.
[2021.02.27-18.07.34:733][ 49]LogClass: Function InputsPressed is new.
[2021.02.27-18.07.34:733][ 49]LogClass: Function IsAiAlive is new.
[2021.02.27-18.07.34:733][ 49]LogClass: Function LapMarkerCollider is new.
[2021.02.27-18.07.34:733][ 49]LogClass: Function UpdateCarSpeed is new.
[2021.02.27-18.07.34:733][ 49]LogClass: Function UpdateRayCasts is new.
[2021.02.27-18.07.34:733][ 49]LogClass: Function UpdateUIElements is new.
[2021.02.27-18.07.34:741][ 49]LogHotReload: Re-instancing FYPGameMode after hot-reload.
[2021.02.27-18.07.34:863][ 49]LogHotReload: Re-instancing FYPPawn after hot-reload.
[2021.02.27-18.07.35:137][ 49]LogContentBrowser: Native class hierarchy updated for 'FYP' in 0.0005 seconds. Added 6 classes and 2 folders.
[2021.02.27-18.07.35:140][ 49]Display: HotReload successful (0 functions remapped  0 scriptstructs remapped)
[2021.02.27-18.07.35:221][ 49]LogUObjectHash: Compacting FUObjectHashTables data took   2.97ms
[2021.02.27-18.07.35:231][ 49]LogContentBrowser: Native class hierarchy populated in 0.0100 seconds. Added 2905 classes and 708 folders.
[2021.02.27-18.07.35:244][ 49]Display: HotReload took 33.4s.
[2021.02.27-18.08.11:482][368]LogSlate: Took 0.000263 seconds to synchronously load lazily loaded font '../../../Engine/Content/Slate/Fonts/DroidSansMono.ttf' (77K)
[2021.02.27-18.46.15:543][271]LogAudio: Warning: Current Audio Device with ID {0.0.0.00000000}.{27ab4367-5a62-465f-be16-0606c7e816ae} was removed. Shutting down audio device.
[2021.02.27-18.46.15:544][271]LogInit: XAudio2 using 'Digital Audio (S/PDIF) (High Definition Audio Device)' : 2 channels at 48 kHz using 16 bits per sample (channel mask 0x3)
[2021.02.27-19.02.15:027][121]LogInit: XAudio2 using 'LG ULTRAWIDE (NVIDIA High Definition Audio)' : 2 channels at 48 kHz using 16 bits per sample (channel mask 0x3)
[2021.02.27-19.04.34:863][727]LogEditorViewport: Clicking on Actor (LMB): TP_VehicleAdvPawn5_Blueprint_C (TP_VehicleAdvPawn5_Blueprint)
[2021.02.27-19.04.35:629][801]LogSlate: Took 0.000291 seconds to synchronously load lazily loaded font '../../../Engine/Content/Slate/Fonts/Roboto-Italic.ttf' (157K)
[2021.02.27-19.04.36:507][892]LogSlate: FSceneViewport::OnFocusLost() reason 0
[2021.02.27-19.04.55:670][612]LogSlate: FSceneViewport::OnFocusLost() reason 0
[2021.02.27-19.05.12:061][407]LogSlate: FSceneViewport::OnFocusLost() reason 0
[2021.02.27-19.05.35:173][844]LogSlate: FSceneViewport::OnFocusLost() reason 0
[2021.02.27-19.06.05:263][850]LogSlate: FSceneViewport::OnFocusLost() reason 0
[2021.02.27-19.06.43:530][459]LogEditorViewport: Clicking on Actor (LMB): TP_VehicleAdvPawn5_Blueprint_C (TP_VehicleAdvPawn5_Blueprint)
[2021.02.27-19.06.44:230][528]LogEditorViewport: Clicking on Actor (LMB): TP_VehicleAdvPawn5_Blueprint_C (TP_VehicleAdvPawn5_Blueprint)
[2021.02.27-19.06.45:622][678]LogSlate: FSceneViewport::OnFocusLost() reason 0
[2021.02.27-19.07.35:452][238]LogSlate: FSceneViewport::OnFocusLost() reason 5
[2021.02.27-19.07.35:540][238]LogUObjectHash: Compacting FUObjectHashTables data took   2.10ms
[2021.02.27-19.07.35:797][238]LogSavePackage: Moving '../../../../../../Users/david/Documents/GitHub/Final-Year-Project/FYP/Saved/VehicleAdvExampleMap_Auto1B2FE84BB4015C2A42C11439FC43708A8.tmp' to '../../../../../../Users/david/Documents/GitHub/Final-Year-Project/FYP/Saved/Autosaves/Game/VehicleAdvCPP/Maps/VehicleAdvExampleMap_Auto1.umap'
[2021.02.27-19.07.35:809][238]LogFileHelpers: Editor autosave (incl. sublevels) for '/Game/VehicleAdvCPP/Maps/VehicleAdvExampleMap' took 0.294
[2021.02.27-19.07.35:809][238]LogFileHelpers: Editor autosave (incl. sublevels) for all levels took 0.294
[2021.02.27-19.09.34:467][438]LogEditorViewport: Clicking on Component (LMB): TextRenderComponent (Lap Multiplyer)
[2021.02.27-19.09.43:218][433]LogEditorViewport: Clicking on Component (LMB): TextRenderComponent (Car Score)
[2021.02.27-19.09.46:676][828]LogEditorViewport: Clicking on Component (LMB): TextRenderComponent (Lap Multiplyer)
[2021.02.27-19.09.48:451][ 15]LogSlate: FSceneViewport::OnFocusLost() reason 0
[2021.02.27-19.09.50:900][290]LogEditorViewport: Clicking on Component (LMB): TextRenderComponent (Car Score)
[2021.02.27-19.09.52:390][447]LogSlate: FSceneViewport::OnFocusLost() reason 0
[2021.02.27-19.10.11:402][326]LogSlate: FSceneViewport::OnFocusLost() reason 5
[2021.02.27-19.10.17:694][  5]LogSlate: Window 'Color Picker' being destroyed
[2021.02.27-19.10.21:243][408]LogEditorViewport: Clicking on Actor (LMB): TP_VehicleAdvPawn5_Blueprint_C (TP_VehicleAdvPawn5_Blueprint)
[2021.02.27-19.10.23:250][624]LogSlate: FSceneViewport::OnFocusLost() reason 0
[2021.02.27-19.11.08:395][263]LogSlate: Window 'Color Picker' being destroyed
[2021.02.27-19.12.23:007][729]LogUObjectHash: Compacting FUObjectHashTables data took   2.86ms
[2021.02.27-19.12.23:263][729]LogSavePackage: Moving '../../../../../../Users/david/Documents/GitHub/Final-Year-Project/FYP/Saved/VehicleAdvExampleMap89ACB1C847A445D6CD4A36802ED5A730.tmp' to '../../../../../../Users/david/Documents/GitHub/Final-Year-Project/FYP/Content/VehicleAdvCPP/Maps/VehicleAdvExampleMap.umap'
[2021.02.27-19.12.23:991][729]LogSavePackage: Moving '../../../../../../Users/david/Documents/GitHub/Final-Year-Project/FYP/Saved/VehicleAdvExampleMap_BuiltDataACB5FA8A46A99E988AAAC39D4E8EC987.tmp' to '../../../../../../Users/david/Documents/GitHub/Final-Year-Project/FYP/Content/VehicleAdvCPP/Maps/VehicleAdvExampleMap_BuiltData.uasset'
[2021.02.27-19.12.40:485][434]LogSlate: FSceneViewport::OnFocusLost() reason 0
[2021.02.27-19.12.40:612][444]LogUObjectHash: Compacting FUObjectHashTables data took   2.94ms
[2021.02.27-19.12.40:863][444]LogSavePackage: Moving '../../../../../../Users/david/Documents/GitHub/Final-Year-Project/FYP/Saved/VehicleAdvExampleMap200B527F409D70939617F69506369EB0.tmp' to '../../../../../../Users/david/Documents/GitHub/Final-Year-Project/FYP/Content/VehicleAdvCPP/Maps/VehicleAdvExampleMap.umap'
[2021.02.27-19.12.41:393][444]LogSavePackage: Moving '../../../../../../Users/david/Documents/GitHub/Final-Year-Project/FYP/Saved/VehicleAdvExampleMap_BuiltData227072674EB964AB0D370785BA06A268.tmp' to '../../../../../../Users/david/Documents/GitHub/Final-Year-Project/FYP/Content/VehicleAdvCPP/Maps/VehicleAdvExampleMap_BuiltData.uasset'
[2021.02.27-19.12.42:572][560]LogAssetEditorManager: Opening Asset editor for Blueprint /Game/TP_VehicleAdvPawn5_Blueprint.TP_VehicleAdvPawn5_Blueprint
[2021.02.27-19.12.43:299][560]LogContentBrowser: Native class hierarchy updated for 'BlueprintGraph' in 0.0007 seconds. Added 121 classes and 0 folders.
[2021.02.27-19.12.44:539][560]LogSlate: Took 0.000298 seconds to synchronously load lazily loaded font '../../../Engine/Content/Slate/Fonts/Roboto-BoldCondensed.ttf' (158K)
[2021.02.27-19.12.57:977][613]LogUObjectGlobals: Warning: Failed to find object 'Class None.SIOJJsonObject'
[2021.02.27-19.12.57:977][613]LogUObjectGlobals: Warning: Failed to find object 'Class None.SIOJJsonObject'
[2021.02.27-19.14.34:427][886]Cmd: OBJ SAVEPACKAGE PACKAGE="/Game/TP_VehicleAdvPawn5_Blueprint" FILE="../../../../../../Users/david/Documents/GitHub/Final-Year-Project/FYP/Content/TP_VehicleAdvPawn5_Blueprint.uasset" SILENT=true
[2021.02.27-19.14.34:597][886]LogSavePackage: Moving '../../../../../../Users/david/Documents/GitHub/Final-Year-Project/FYP/Saved/TP_VehicleAdvPawn5_Blueprint830F208D43F35918426748BC379CB61D.tmp' to '../../../../../../Users/david/Documents/GitHub/Final-Year-Project/FYP/Content/TP_VehicleAdvPawn5_Blueprint.uasset'
[2021.02.27-19.14.34:894][907]BlueprintLog: New page: Compile TP_VehicleAdvPawn5_Blueprint
[2021.02.27-19.14.35:203][907]LogUObjectHash: Compacting FUObjectHashTables data took   5.03ms
[2021.02.27-19.22.40:662][443]LogUObjectHash: Compacting FUObjectHashTables data took   5.31ms
[2021.02.27-19.22.41:009][443]LogSavePackage: Moving '../../../../../../Users/david/Documents/GitHub/Final-Year-Project/FYP/Saved/VehicleAdvExampleMap_Auto2E587DB84420DBC735507289354B81315.tmp' to '../../../../../../Users/david/Documents/GitHub/Final-Year-Project/FYP/Saved/Autosaves/Game/VehicleAdvCPP/Maps/VehicleAdvExampleMap_Auto2.umap'
[2021.02.27-19.22.41:014][443]LogFileHelpers: Editor autosave (incl. sublevels) for '/Game/VehicleAdvCPP/Maps/VehicleAdvExampleMap' took 0.392
[2021.02.27-19.22.41:014][443]LogFileHelpers: Editor autosave (incl. sublevels) for all levels took 0.392
[2021.02.27-19.34.41:774][643]LogAudio: Warning: Current Audio Device with ID {0.0.0.00000000}.{27ab4367-5a62-465f-be16-0606c7e816ae} was removed. Shutting down audio device.
