Log file open, 12/29/20 17:17:52
LogWindows: Failed to load 'aqProf.dll' (GetLastError=126)
LogWindows: File 'aqProf.dll' does not exist
LogWindows: Failed to load 'VtuneApi.dll' (GetLastError=126)
LogWindows: File 'VtuneApi.dll' does not exist
LogWindows: Failed to load 'VtuneApi32e.dll' (GetLastError=126)
LogWindows: File 'VtuneApi32e.dll' does not exist
LogConsoleResponse: Display: Failed to find resolution value strings in scalability ini. Falling back to default.
LogInit: Display: Running engine for game: FYP
LogPlatformFile: Not using cached read wrapper
LogTaskGraph: Started task graph with 5 named threads and 14 total threads with 3 sets of task threads.
LogStats: Stats thread started at 0.090853
LogD3D11RHI: Loaded GFSDK_Aftermath_Lib.x64.dll
LogICUInternationalization: ICU TimeZone Detection - Raw Offset: +0:00, Platform Override: ''
LogPluginManager: Mounting plugin Paper2D
LogPluginManager: Mounting plugin AISupport
LogPluginManager: Mounting plugin LightPropagationVolume
LogPluginManager: Mounting plugin ActorLayerUtilities
LogPluginManager: Mounting plugin AnimationSharing
LogPluginManager: Mounting plugin CLionSourceCodeAccess
LogPluginManager: Mounting plugin CodeLiteSourceCodeAccess
LogPluginManager: Mounting plugin GitSourceControl
LogPluginManager: Mounting plugin KDevelopSourceCodeAccess
LogPluginManager: Mounting plugin NullSourceCodeAccess
LogPluginManager: Mounting plugin PerforceSourceControl
LogPluginManager: Mounting plugin SubversionSourceControl
LogPluginManager: Mounting plugin UObjectPlugin
LogPluginManager: Mounting plugin VisualStudioCodeSourceCodeAccess
LogPluginManager: Mounting plugin VisualStudioSourceCodeAccess
LogPluginManager: Mounting plugin XCodeSourceCodeAccess
LogPluginManager: Mounting plugin AssetManagerEditor
LogPluginManager: Mounting plugin CryptoKeys
LogPluginManager: Mounting plugin CurveEditorTools
LogPluginManager: Mounting plugin DataValidation
LogPluginManager: Mounting plugin FacialAnimation
LogPluginManager: Mounting plugin GameplayTagsEditor
LogPluginManager: Mounting plugin MacGraphicsSwitching
LogPluginManager: Mounting plugin MaterialAnalyzer
LogPluginManager: Mounting plugin MobileLauncherProfileWizard
LogPluginManager: Mounting plugin PluginBrowser
LogPluginManager: Mounting plugin SpeedTreeImporter
LogPluginManager: Mounting plugin DatasmithContent
LogPluginManager: Mounting plugin VariantManagerContent
LogPluginManager: Mounting plugin AlembicImporter
LogPluginManager: Mounting plugin AutomationUtils
LogPluginManager: Mounting plugin BackChannel
LogPluginManager: Mounting plugin CharacterAI
LogPluginManager: Mounting plugin GeometryCache
LogPluginManager: Mounting plugin HTML5Networking
LogPluginManager: Mounting plugin PlatformCrypto
LogPluginManager: Mounting plugin ProxyLODPlugin
LogPluginManager: Mounting plugin RawInput
LogPluginManager: Mounting plugin SkeletalReduction
LogPluginManager: Mounting plugin MagicLeap
LogPluginManager: Mounting plugin MagicLeapMedia
LogPluginManager: Mounting plugin AndroidMedia
LogPluginManager: Mounting plugin AvfMedia
LogPluginManager: Mounting plugin ImgMedia
LogPluginManager: Mounting plugin MediaCompositing
LogPluginManager: Mounting plugin MediaPlayerEditor
LogPluginManager: Mounting plugin WebMMedia
LogPluginManager: Mounting plugin WmfMedia
LogPluginManager: Mounting plugin TcpMessaging
LogPluginManager: Mounting plugin UdpMessaging
LogPluginManager: Mounting plugin ActorSequence
LogPluginManager: Mounting plugin LevelSequenceEditor
LogPluginManager: Mounting plugin MatineeToLevelSequence
LogPluginManager: Mounting plugin NetcodeUnitTest
LogPluginManager: Mounting plugin NUTUnrealEngine4
LogPluginManager: Mounting plugin OnlineSubsystemGooglePlay
LogPluginManager: Mounting plugin OnlineSubsystemIOS
LogPluginManager: Mounting plugin OnlineSubsystem
LogPluginManager: Mounting plugin OnlineSubsystemNull
LogPluginManager: Mounting plugin OnlineSubsystemUtils
LogPluginManager: Mounting plugin LauncherChunkInstaller
LogPluginManager: Mounting plugin AndroidDeviceProfileSelector
LogPluginManager: Mounting plugin AndroidMoviePlayer
LogPluginManager: Mounting plugin AndroidPermission
LogPluginManager: Mounting plugin AppleImageUtils
LogPluginManager: Mounting plugin AppleMoviePlayer
LogPluginManager: Mounting plugin ArchVisCharacter
LogPluginManager: Mounting plugin AudioCapture
LogPluginManager: Mounting plugin CableComponent
LogPluginManager: Mounting plugin CustomMeshComponent
LogPluginManager: Mounting plugin EditableMesh
LogPluginManager: Mounting plugin ExampleDeviceProfileSelector
LogPluginManager: Mounting plugin GoogleCloudMessaging
LogPluginManager: Mounting plugin IOSDeviceProfileSelector
LogPluginManager: Mounting plugin LinuxDeviceProfileSelector
LogPluginManager: Mounting plugin LocationServicesBPLibrary
LogPluginManager: Mounting plugin MobilePatchingUtils
LogPluginManager: Mounting plugin OculusVR
LogPluginManager: Mounting plugin PhysXVehicles
LogPluginManager: Mounting plugin ProceduralMeshComponent
LogPluginManager: Mounting plugin RuntimePhysXCooking
LogPluginManager: Mounting plugin SignificanceManager
LogPluginManager: Mounting plugin SteamVR
LogPluginManager: Mounting plugin WebMMoviePlayer
LogPluginManager: Mounting plugin WindowsMoviePlayer
LogPluginManager: Mounting plugin ScreenshotTools
LogPluginManager: Mounting plugin SocketIOClient
LogPluginManager: Mounting plugin TensorFlow
LogPluginManager: Mounting plugin UnrealEnginePython
LogInit: Warning: Incompatible or missing module: FYP
Running C:/Program Files/Epic Games/UE_4.23/Engine/Binaries/DotNET/UnrealBuildTool.exe Development Win64 -Project="C:/Users/david/Documents/GitHub/Final-Year-Project/FYP/FYP.uproject" -TargetType=Editor -Progress -NoHotReloadFromIDE
Using 'git status' to determine working set for adaptive non-unity build (C:\Users\david\Documents\GitHub\Final-Year-Project).
@progress push 5%
Parsing headers for FYPEditor
  Running UnrealHeaderTool "C:\Users\david\Documents\GitHub\Final-Year-Project\FYP\FYP.uproject" "C:\Users\david\Documents\GitHub\Final-Year-Project\FYP\Intermediate\Build\Win64\FYPEditor\Development\FYPEditor.uhtmanifest" -LogCmds="loginit warning, logexit warning, logdatabase error" -Unattended -WarningsAsErrors -installed
Reflection code generated for FYPEditor in 7.539775 seconds
@progress pop
Using Visual Studio 2017 14.16.27023 toolchain (C:\Program Files (x86)\Microsoft Visual Studio\2017\Community\VC\Tools\MSVC\14.16.27023) and Windows 10.0.17763.0 SDK (C:\Program Files (x86)\Windows Kits\10).
Building 258 actions with 4 processes...
  @progress 'Compiling C++ source code...' 0%
  [1/258] Microsoft (R) C/C++ Optimizing Compiler Version 19.16.27045 for x64
  Copyright (C) Microsoft Corporation.  All rights reserved.
  
  cl : Command line error D8022 : cannot open 'C:\Users\david\Documents\GitHub\Final-Year-Project\FYP\Plugins\UnrealEnginePython\Intermediate\Build\Win64\UE4Editor\Development\UnrealEnginePython\UEPyTexture.cpp.obj.response'
  @progress 'Compiling C++ source code...' 1%
  [2/258] Microsoft (R) C/C++ Optimizing Compiler Version 19.16.27045 for x64
  Copyright (C) Microsoft Corporation.  All rights reserved.
  
  cl : Command line error D8022 : cannot open 'C:\Users\david\Documents\GitHub\Final-Year-Project\FYP\Plugins\UnrealEnginePython\Intermediate\Build\Win64\UE4Editor\Development\UnrealEnginePython\UEPyFTabManager.cpp.obj.response'
  [3/258] Microsoft (R) C/C++ Optimizing Compiler Version 19.16.27045 for x64
  Copyright (C) Microsoft Corporation.  All rights reserved.
  
  cl : Command line error D8022 : cannot open 'C:\Users\david\Documents\GitHub\Final-Year-Project\FYP\Plugins\UnrealEnginePython\Intermediate\Build\Win64\UE4Editor\Development\UnrealEnginePython\UEPyFToolBarBuilder.cpp.obj.response'
  @progress 'Compiling C++ source code...' 2%
  [4/258] Microsoft (R) C/C++ Optimizing Compiler Version 19.16.27045 for x64
  Copyright (C) Microsoft Corporation.  All rights reserved.
  
  cl : Command line error D8022 : cannot open 'C:\Users\david\Documents\GitHub\Final-Year-Project\FYP\Plugins\UnrealEnginePython\Intermediate\Build\Win64\UE4Editor\Development\UnrealEnginePython\UEPyFInputEvent.cpp.obj.response'
  [5/258] Microsoft (R) C/C++ Optimizing Compiler Version 19.16.27045 for x64
  Copyright (C) Microsoft Corporation.  All rights reserved.
  
  cl : Command line error D8022 : cannot open 'C:\Users\david\Documents\GitHub\Final-Year-Project\FYP\Plugins\UnrealEnginePython\Intermediate\Build\Win64\UE4Editor\Development\UnrealEnginePython\UEPyIDetailsView.cpp.obj.response'
  [6/258] Microsoft (R) C/C++ Optimizing Compiler Version 19.16.27045 for x64
  Copyright (C) Microsoft Corporation.  All rights reserved.
  
  cl : Command line error D8022 : cannot open 'C:\Users\david\Documents\GitHub\Final-Year-Project\FYP\Plugins\UnrealEnginePython\Intermediate\Build\Win64\UE4Editor\Development\UnrealEnginePython\UEPySBorder.cpp.obj.response'
  @progress 'Compiling C++ source code...' 3%
  [7/258] Microsoft (R) C/C++ Optimizing Compiler Version 19.16.27045 for x64
  Copyright (C) Microsoft Corporation.  All rights reserved.
  
  cl : Command line error D8022 : cannot open 'C:\Users\david\Documents\GitHub\Final-Year-Project\FYP\Plugins\UnrealEnginePython\Intermediate\Build\Win64\UE4Editor\Development\UnrealEnginePython\UEPyIStructureDetailsView.cpp.obj.response'
  [8/258] Microsoft (R) C/C++ Optimizing Compiler Version 19.16.27045 for x64
  Copyright (C) Microsoft Corporation.  All rights reserved.
  
  cl : Command line error D8022 : cannot open 'C:\Users\david\Documents\GitHub\Final-Year-Project\FYP\Plugins\UnrealEnginePython\Intermediate\Build\Win64\UE4Editor\Development\UnrealEnginePython\UEPySAssetDropTarget.cpp.obj.response'
  [9/258] Microsoft (R) C/C++ Optimizing Compiler Version 19.16.27045 for x64
  Copyright (C) Microsoft Corporation.  All rights reserved.
  
  cl : Command line error D8022 : cannot open 'C:\Users\david\Documents\GitHub\Final-Year-Project\FYP\Plugins\UnrealEnginePython\Intermediate\Build\Win64\UE4Editor\Development\UnrealEnginePython\UEPySBoxPanel.cpp.obj.response'
  @progress 'Compiling C++ source code...' 4%
  [10/258] Microsoft (R) C/C++ Optimizing Compiler Version 19.16.27045 for x64
  Copyright (C) Microsoft Corporation.  All rights reserved.
  
  cl : Command line error D8022 : cannot open 'C:\Users\david\Documents\GitHub\Final-Year-Project\FYP\Plugins\UnrealEnginePython\Intermediate\Build\Win64\UE4Editor\Development\UnrealEnginePython\UEPyFTabSpawnerEntry.cpp.obj.response'
  [11/258] Microsoft (R) C/C++ Optimizing Compiler Version 19.16.27045 for x64
  Copyright (C) Microsoft Corporation.  All rights reserved.
  
  cl : Command line error D8022 : cannot open 'C:\Users\david\Documents\GitHub\Final-Year-Project\FYP\Plugins\UnrealEnginePython\Intermediate\Build\Win64\UE4Editor\Development\UnrealEnginePython\UEPyFSlateStyleSet.cpp.obj.response'
  @progress 'Compiling C++ source code...' 5%
  [12/258] Microsoft (R) C/C++ Optimizing Compiler Version 19.16.27045 for x64
  Copyright (C) Microsoft Corporation.  All rights reserved.
  
  cl : Command line error D8022 : cannot open 'C:\Users\david\Documents\GitHub\Final-Year-Project\FYP\Plugins\UnrealEnginePython\Intermediate\Build\Win64\UE4Editor\Development\UnrealEnginePython\UEPySButton.cpp.obj.response'
  [13/258] Microsoft (R) C/C++ Optimizing Compiler Version 19.16.27045 for x64
  Copyright (C) Microsoft Corporation.  All rights reserved.
  
  cl : Command line error D8022 : cannot open 'C:\Users\david\Documents\GitHub\Final-Year-Project\FYP\Plugins\UnrealEnginePython\Intermediate\Build\Win64\UE4Editor\Development\UnrealEnginePython\UEPyFMaterialEditorUtilities.cpp.obj.response'
  [14/258] Microsoft (R) C/C++ Optimizing Compiler Version 19.16.27045 for x64
  Copyright (C) Microsoft Corporation.  All rights reserved.
  
  cl : Command line error D8022 : cannot open 'C:\Users\david\Documents\GitHub\Final-Year-Project\FYP\Plugins\UnrealEnginePython\Intermediate\Build\Win64\UE4Editor\Development\UnrealEnginePython\UEPySTableViewBase.cpp.obj.response'
  @progress 'Compiling C++ source code...' 6%
  [15/258] Microsoft (R) C/C++ Optimizing Compiler Version 19.16.27045 for x64
  Copyright (C) Microsoft Corporation.  All rights reserved.
  
  cl : Command line error D8022 : cannot open 'C:\Users\david\Documents\GitHub\Final-Year-Project\FYP\Plugins\UnrealEnginePython\Intermediate\Build\Win64\UE4Editor\Development\UnrealEnginePython\UEPyEdGraph.cpp.obj.response'
  [16/258] Microsoft (R) C/C++ Optimizing Compiler Version 19.16.27045 for x64
  Copyright (C) Microsoft Corporation.  All rights reserved.
  
  cl : Command line error D8022 : cannot open 'C:\Users\david\Documents\GitHub\Final-Year-Project\FYP\Plugins\UnrealEnginePython\Intermediate\Build\Win64\UE4Editor\Development\UnrealEnginePython\UEPyEdGraphPin.cpp.obj.response'
  @progress 'Compiling C++ source code...' 7%
  [17/258] Microsoft (R) C/C++ Optimizing Compiler Version 19.16.27045 for x64
  Copyright (C) Microsoft Corporation.  All rights reserved.
  
  cl : Command line error D8022 : cannot open 'C:\Users\david\Documents\GitHub\Final-Year-Project\FYP\Plugins\UnrealEnginePython\Intermediate\Build\Win64\UE4Editor\Development\UnrealEnginePython\UEPyICollectionManager.cpp.obj.response'
  [18/258] Microsoft (R) C/C++ Optimizing Compiler Version 19.16.27045 for x64
  Copyright (C) Microsoft Corporation.  All rights reserved.
  
  cl : Command line error D8022 : cannot open 'C:\Users\david\Documents\GitHub\Final-Year-Project\FYP\Plugins\UnrealEnginePython\Intermediate\Build\Win64\UE4Editor\Development\UnrealEnginePython\UEPyFbxImporter.cpp.obj.response'
  [19/258] Microsoft (R) C/C++ Optimizing Compiler Version 19.16.27045 for x64
  Copyright (C) Microsoft Corporation.  All rights reserved.
  
  cl : Command line error D8022 : cannot open 'C:\Users\david\Documents\GitHub\Final-Year-Project\FYP\Plugins\UnrealEnginePython\Intermediate\Build\Win64\UE4Editor\Development\UnrealEnginePython\UEPyIConsoleManager.cpp.obj.response'
  @progress 'Compiling C++ source code...' 8%
  [20/258] Microsoft (R) C/C++ Optimizing Compiler Version 19.16.27045 for x64
  Copyright (C) Microsoft Corporation.  All rights reserved.
  
  cl : Command line error D8022 : cannot open 'C:\Users\david\Documents\GitHub\Final-Year-Project\FYP\Plugins\UnrealEnginePython\Intermediate\Build\Win64\UE4Editor\Development\UnrealEnginePython\UEPyFbxIOSettings.cpp.obj.response'
  [21/258] Microsoft (R) C/C++ Optimizing Compiler Version 19.16.27045 for x64
  Copyright (C) Microsoft Corporation.  All rights reserved.
  
  cl : Command line error D8022 : cannot open 'C:\Users\david\Documents\GitHub\Final-Year-Project\FYP\Plugins\UnrealEnginePython\Intermediate\Build\Win64\UE4Editor\Development\UnrealEnginePython\UEPyFCharacterEvent.cpp.obj.response'
  @progress 'Compiling C++ source code...' 9%
  [22/258] Microsoft (R) C/C++ Optimizing Compiler Version 19.16.27045 for x64
  Copyright (C) Microsoft Corporation.  All rights reserved.
  
  cl : Command line error D8022 : cannot open 'C:\Users\david\Documents\GitHub\Final-Year-Project\FYP\Plugins\UnrealEnginePython\Intermediate\Build\Win64\UE4Editor\Development\UnrealEnginePython\UEPyFGeometry.cpp.obj.response'
  [23/258] Microsoft (R) C/C++ Optimizing Compiler Version 19.16.27045 for x64
  Copyright (C) Microsoft Corporation.  All rights reserved.
  
  cl : Command line error D8022 : cannot open 'C:\Users\david\Documents\GitHub\Final-Year-Project\FYP\Plugins\UnrealEnginePython\Intermediate\Build\Win64\UE4Editor\Development\UnrealEnginePython\UEPyFbxMesh.cpp.obj.response'
  [24/258] Microsoft (R) C/C++ Optimizing Compiler Version 19.16.27045 for x64
  Copyright (C) Microsoft Corporation.  All rights reserved.
  
  cl : Command line error D8022 : cannot open 'C:\Users\david\Documents\GitHub\Final-Year-Project\FYP\Plugins\UnrealEnginePython\Intermediate\Build\Win64\UE4Editor\Development\UnrealEnginePython\UEPyFSlateIcon.cpp.obj.response'
  @progress 'Compiling C++ source code...' 10%
  [25/258] Microsoft (R) C/C++ Optimizing Compiler Version 19.16.27045 for x64
  Copyright (C) Microsoft Corporation.  All rights reserved.
  
  cl : Command line error D8022 : cannot open 'C:\Users\david\Documents\GitHub\Final-Year-Project\FYP\Plugins\UnrealEnginePython\Intermediate\Build\Win64\UE4Editor\Development\UnrealEnginePython\UEPyFPaintContext.cpp.obj.response'
  [26/258] Microsoft (R) C/C++ Optimizing Compiler Version 19.16.27045 for x64
  Copyright (C) Microsoft Corporation.  All rights reserved.
  
  cl : Command line error D8022 : cannot open 'C:\Users\david\Documents\GitHub\Final-Year-Project\FYP\Plugins\UnrealEnginePython\Intermediate\Build\Win64\UE4Editor\Development\UnrealEnginePython\PyNativeWidgetHost.cpp.obj.response'
  [27/258] Microsoft (R) C/C++ Optimizing Compiler Version 19.16.27045 for x64
  Copyright (C) Microsoft Corporation.  All rights reserved.
  
  cl : Command line error D8022 : cannot open 'C:\Users\david\Documents\GitHub\Final-Year-Project\FYP\Plugins\UnrealEnginePython\Intermediate\Build\Win64\UE4Editor\Development\UnrealEnginePython\PyPawn.cpp.obj.response'
  @progress 'Compiling C++ source code...' 11%
  [28/258] Microsoft (R) C/C++ Optimizing Compiler Version 19.16.27045 for x64
  Copyright (C) Microsoft Corporation.  All rights reserved.
  
  cl : Command line error D8022 : cannot open 'C:\Users\david\Documents\GitHub\Final-Year-Project\FYP\Plugins\UnrealEnginePython\Intermediate\Build\Win64\UE4Editor\Development\UnrealEnginePython\PythonBlueprintFunctionLibrary.cpp.obj.response'
  [29/258] Microsoft (R) C/C++ Optimizing Compiler Version 19.16.27045 for x64
  Copyright (C) Microsoft Corporation.  All rights reserved.
  
  cl : Command line error D8022 : cannot open 'C:\Users\david\Documents\GitHub\Final-Year-Project\FYP\Plugins\UnrealEnginePython\Intermediate\Build\Win64\UE4Editor\Development\UnrealEnginePython\PythonComponent.cpp.obj.response'
  @progress 'Compiling C++ source code...' 12%
  [30/258] Microsoft (R) C/C++ Optimizing Compiler Version 19.16.27045 for x64
  Copyright (C) Microsoft Corporation.  All rights reserved.
  
  cl : Command line error D8022 : cannot open 'C:\Users\david\Documents\GitHub\Final-Year-Project\FYP\Plugins\UnrealEnginePython\Intermediate\Build\Win64\UE4Editor\Development\UnrealEnginePython\PythonDelegate.cpp.obj.response'
  [31/258] Microsoft (R) C/C++ Optimizing Compiler Version 19.16.27045 for x64
  Copyright (C) Microsoft Corporation.  All rights reserved.
  
  cl : Command line error D8022 : cannot open 'C:\Users\david\Documents\GitHub\Final-Year-Project\FYP\Plugins\UnrealEnginePython\Intermediate\Build\Win64\UE4Editor\Development\UnrealEnginePython\PythonFunction.cpp.obj.response'
  [32/258] Microsoft (R) C/C++ Optimizing Compiler Version 19.16.27045 for x64
  Copyright (C) Microsoft Corporation.  All rights reserved.
  
  cl : Command line error D8022 : cannot open 'C:\Users\david\Documents\GitHub\Final-Year-Project\FYP\Plugins\UnrealEnginePython\Intermediate\Build\Win64\UE4Editor\Development\UnrealEnginePython\PythonHouseKeeper.cpp.obj.response'
  @progress 'Compiling C++ source code...' 13%
  [33/258] Microsoft (R) C/C++ Optimizing Compiler Version 19.16.27045 for x64
  Copyright (C) Microsoft Corporation.  All rights reserved.
  
  cl : Command line error D8022 : cannot open 'C:\Users\david\Documents\GitHub\Final-Year-Project\FYP\Plugins\UnrealEnginePython\Intermediate\Build\Win64\UE4Editor\Development\UnrealEnginePython\PythonScript.cpp.obj.response'
  [34/258] Microsoft (R) C/C++ Optimizing Compiler Version 19.16.27045 for x64
  Copyright (C) Microsoft Corporation.  All rights reserved.
  
  cl : Command line error D8022 : cannot open 'C:\Users\david\Documents\GitHub\Final-Year-Project\FYP\Plugins\UnrealEnginePython\Intermediate\Build\Win64\UE4Editor\Development\UnrealEnginePython\PythonSmartDelegate.cpp.obj.response'
  @progress 'Compiling C++ source code...' 14%
  [35/258] Microsoft (R) C/C++ Optimizing Compiler Version 19.16.27045 for x64
  Copyright (C) Microsoft Corporation.  All rights reserved.
  
  cl : Command line error D8022 : cannot open 'C:\Users\david\Documents\GitHub\Final-Year-Project\FYP\Plugins\UnrealEnginePython\Intermediate\Build\Win64\UE4Editor\Development\UnrealEnginePython\UEPyFPointerEvent.cpp.obj.response'
  [36/258] Microsoft (R) C/C++ Optimizing Compiler Version 19.16.27045 for x64
  Copyright (C) Microsoft Corporation.  All rights reserved.
  
  cl : Command line error D8022 : cannot open 'C:\Users\david\Documents\GitHub\Final-Year-Project\FYP\Plugins\UnrealEnginePython\Intermediate\Build\Win64\UE4Editor\Development\UnrealEnginePython\PyUserWidget.cpp.obj.response'
  [37/258] Microsoft (R) C/C++ Optimizing Compiler Version 19.16.27045 for x64
  Copyright (C) Microsoft Corporation.  All rights reserved.
  
  cl : Command line error D8022 : cannot open 'C:\Users\david\Documents\GitHub\Final-Year-Project\FYP\Plugins\UnrealEnginePython\Intermediate\Build\Win64\UE4Editor\Development\UnrealEnginePython\UEPyCallable.cpp.obj.response'
  @progress 'Compiling C++ source code...' 15%
  [38/258] Microsoft (R) C/C++ Optimizing Compiler Version 19.16.27045 for x64
  Copyright (C) Microsoft Corporation.  All rights reserved.
  
  cl : Command line error D8022 : cannot open 'C:\Users\david\Documents\GitHub\Final-Year-Project\FYP\Plugins\UnrealEnginePython\Intermediate\Build\Win64\UE4Editor\Development\UnrealEnginePython\UEPyEditor.cpp.obj.response'
  [39/258] Microsoft (R) C/C++ Optimizing Compiler Version 19.16.27045 for x64
  Copyright (C) Microsoft Corporation.  All rights reserved.
  
  cl : Command line error D8022 : cannot open 'C:\Users\david\Documents\GitHub\Final-Year-Project\FYP\Plugins\UnrealEnginePython\Intermediate\Build\Win64\UE4Editor\Development\UnrealEnginePython\UEPySTreeView.cpp.obj.response'
  @progress 'Compiling C++ source code...' 16%
  [40/258] Microsoft (R) C/C++ Optimizing Compiler Version 19.16.27045 for x64
  Copyright (C) Microsoft Corporation.  All rights reserved.
  
  cl : Command line error D8022 : cannot open 'C:\Users\david\Documents\GitHub\Final-Year-Project\FYP\Plugins\UnrealEnginePython\Intermediate\Build\Win64\UE4Editor\Development\UnrealEnginePython\UEPySTextBlock.cpp.obj.response'
  [41/258] Microsoft (R) C/C++ Optimizing Compiler Version 19.16.27045 for x64
  Copyright (C) Microsoft Corporation.  All rights reserved.
  
  cl : Command line error D8022 : cannot open 'C:\Users\david\Documents\GitHub\Final-Year-Project\FYP\Plugins\UnrealEnginePython\Intermediate\Build\Win64\UE4Editor\Development\UnrealEnginePython\UEPySSplitter.cpp.obj.response'
  [42/258] Microsoft (R) C/C++ Optimizing Compiler Version 19.16.27045 for x64
  Copyright (C) Microsoft Corporation.  All rights reserved.
  
  cl : Command line error D8022 : cannot open 'C:\Users\david\Documents\GitHub\Final-Year-Project\FYP\Plugins\UnrealEnginePython\Intermediate\Build\Win64\UE4Editor\Development\UnrealEnginePython\UEPySkeletal.cpp.obj.response'
  @progress 'Compiling C++ source code...' 17%
  [43/258] Microsoft (R) C/C++ Optimizing Compiler Version 19.16.27045 for x64
  Copyright (C) Microsoft Corporation.  All rights reserved.
  
  cl : Command line error D8022 : cannot open 'C:\Users\david\Documents\GitHub\Final-Year-Project\FYP\Plugins\UnrealEnginePython\Intermediate\Build\Win64\UE4Editor\Development\UnrealEnginePython\UEPyFKeyEvent.cpp.obj.response'
  [44/258] Microsoft (R) C/C++ Optimizing Compiler Version 19.16.27045 for x64
  Copyright (C) Microsoft Corporation.  All rights reserved.
  
  cl : Command line error D8022 : cannot open 'C:\Users\david\Documents\GitHub\Final-Year-Project\FYP\Plugins\UnrealEnginePython\Intermediate\Build\Win64\UE4Editor\Development\UnrealEnginePython\UEPyFMenuBuilder.cpp.obj.response'
  [45/258] Microsoft (R) C/C++ Optimizing Compiler Version 19.16.27045 for x64
  Copyright (C) Microsoft Corporation.  All rights reserved.
  
  cl : Command line error D8022 : cannot open 'C:\Users\david\Documents\GitHub\Final-Year-Project\FYP\Plugins\UnrealEnginePython\Intermediate\Build\Win64\UE4Editor\Development\UnrealEnginePython\UEPyFModifierKeysState.cpp.obj.response'
  @progress 'Compiling C++ source code...' 18%
  [46/258] Microsoft (R) C/C++ Optimizing Compiler Version 19.16.27045 for x64
  Copyright (C) Microsoft Corporation.  All rights reserved.
  
  cl : Command line error D8022 : cannot open 'C:\Users\david\Documents\GitHub\Final-Year-Project\FYP\Plugins\UnrealEnginePython\Intermediate\Build\Win64\UE4Editor\Development\UnrealEnginePython\UEPyAssetUserData.cpp.obj.response'
  [47/258] Microsoft (R) C/C++ Optimizing Compiler Version 19.16.27045 for x64
  Copyright (C) Microsoft Corporation.  All rights reserved.
  
  cl : Command line error D8022 : cannot open 'C:\Users\david\Documents\GitHub\Final-Year-Project\FYP\Plugins\UnrealEnginePython\Intermediate\Build\Win64\UE4Editor\Development\UnrealEnginePython\PyHUD.cpp.obj.response'
  @progress 'Compiling C++ source code...' 19%
  [48/258] Microsoft (R) C/C++ Optimizing Compiler Version 19.16.27045 for x64
  Copyright (C) Microsoft Corporation.  All rights reserved.
  
  cl : Command line error D8022 : cannot open 'C:\Users\david\Documents\GitHub\Final-Year-Project\FYP\Plugins\UnrealEnginePython\Intermediate\Build\Win64\UE4Editor\Development\UnrealEnginePython\UEPyFbxObject.cpp.obj.response'
  [49/258] Microsoft (R) C/C++ Optimizing Compiler Version 19.16.27045 for x64
  Copyright (C) Microsoft Corporation.  All rights reserved.
  
  cl : Command line error D8022 : cannot open 'C:\Users\david\Documents\GitHub\Final-Year-Project\FYP\Plugins\UnrealEnginePython\Intermediate\Build\Win64\UE4Editor\Development\UnrealEnginePython\UEPyFbxProperty.cpp.obj.response'
  [50/258] Microsoft (R) C/C++ Optimizing Compiler Version 19.16.27045 for x64
  Copyright (C) Microsoft Corporation.  All rights reserved.
  
  cl : Command line error D8022 : cannot open 'C:\Users\david\Documents\GitHub\Final-Year-Project\FYP\Plugins\UnrealEnginePython\Intermediate\Build\Win64\UE4Editor\Development\UnrealEnginePython\UEPySMultiLineEditableText.cpp.obj.response'
  @progress 'Compiling C++ source code...' 20%
  [51/258] Microsoft (R) C/C++ Optimizing Compiler Version 19.16.27045 for x64
  Copyright (C) Microsoft Corporation.  All rights reserved.
  
  cl : Command line error D8022 : cannot open 'C:\Users\david\Documents\GitHub\Final-Year-Project\FYP\Plugins\UnrealEnginePython\Intermediate\Build\Win64\UE4Editor\Development\UnrealEnginePython\UEPySNodePanel.cpp.obj.response'
  [52/258] Microsoft (R) C/C++ Optimizing Compiler Version 19.16.27045 for x64
  Copyright (C) Microsoft Corporation.  All rights reserved.
  
  cl : Command line error D8022 : cannot open 'C:\Users\david\Documents\GitHub\Final-Year-Project\FYP\Plugins\UnrealEnginePython\Intermediate\Build\Win64\UE4Editor\Development\UnrealEnginePython\UEPySCompoundWidget.cpp.obj.response'
  @progress 'Compiling C++ source code...' 21%
  [53/258] Microsoft (R) C/C++ Optimizing Compiler Version 19.16.27045 for x64
  Copyright (C) Microsoft Corporation.  All rights reserved.
  
  cl : Command line error D8022 : cannot open 'C:\Users\david\Documents\GitHub\Final-Year-Project\FYP\Plugins\UnrealEnginePython\Intermediate\Build\Win64\UE4Editor\Development\UnrealEnginePython\UEPySLevelViewport.cpp.obj.response'
  [54/258] Microsoft (R) C/C++ Optimizing Compiler Version 19.16.27045 for x64
  Copyright (C) Microsoft Corporation.  All rights reserved.
  
  cl : Command line error D8022 : cannot open 'C:\Users\david\Documents\GitHub\Final-Year-Project\FYP\Plugins\UnrealEnginePython\Intermediate\Build\Win64\UE4Editor\Development\UnrealEnginePython\UEPySDirectoryPicker.cpp.obj.response'
  [55/258] Microsoft (R) C/C++ Optimizing Compiler Version 19.16.27045 for x64
  Copyright (C) Microsoft Corporation.  All rights reserved.
  
  cl : Command line error D8022 : cannot open 'C:\Users\david\Documents\GitHub\Final-Year-Project\FYP\Plugins\UnrealEnginePython\Intermediate\Build\Win64\UE4Editor\Development\UnrealEnginePython\UEPySDockTab.cpp.obj.response'
  @progress 'Compiling C++ source code...' 22%
  [56/258] Microsoft (R) C/C++ Optimizing Compiler Version 19.16.27045 for x64
  Copyright (C) Microsoft Corporation.  All rights reserved.
  
  cl : Command line error D8022 : cannot open 'C:\Users\david\Documents\GitHub\Final-Year-Project\FYP\Plugins\UnrealEnginePython\Intermediate\Build\Win64\UE4Editor\Development\UnrealEnginePython\UEPySDropTarget.cpp.obj.response'
  [57/258] Microsoft (R) C/C++ Optimizing Compiler Version 19.16.27045 for x64
  Copyright (C) Microsoft Corporation.  All rights reserved.
  
  cl : Command line error D8022 : cannot open 'C:\Users\david\Documents\GitHub\Final-Year-Project\FYP\Plugins\UnrealEnginePython\Intermediate\Build\Win64\UE4Editor\Development\UnrealEnginePython\UEPySEditableTextBox.cpp.obj.response'
  [58/258] Microsoft (R) C/C++ Optimizing Compiler Version 19.16.27045 for x64
  Copyright (C) Microsoft Corporation.  All rights reserved.
  
  cl : Command line error D8022 : cannot open 'C:\Users\david\Documents\GitHub\Final-Year-Project\FYP\Plugins\UnrealEnginePython\Intermediate\Build\Win64\UE4Editor\Development\UnrealEnginePython\UEPySEditorViewport.cpp.obj.response'
  @progress 'Compiling C++ source code...' 23%
  [59/258] Microsoft (R) C/C++ Optimizing Compiler Version 19.16.27045 for x64
  Copyright (C) Microsoft Corporation.  All rights reserved.
  
  cl : Command line error D8022 : cannot open 'C:\Users\david\Documents\GitHub\Final-Year-Project\FYP\Plugins\UnrealEnginePython\Intermediate\Build\Win64\UE4Editor\Development\UnrealEnginePython\UEPySCheckBox.cpp.obj.response'
  [60/258] Microsoft (R) C/C++ Optimizing Compiler Version 19.16.27045 for x64
  Copyright (C) Microsoft Corporation.  All rights reserved.
  
  cl : Command line error D8022 : cannot open 'C:\Users\david\Documents\GitHub\Final-Year-Project\FYP\Plugins\UnrealEnginePython\Intermediate\Build\Win64\UE4Editor\Development\UnrealEnginePython\UEPySListView.cpp.obj.response'
  @progress 'Compiling C++ source code...' 24%
  [61/258] Microsoft (R) C/C++ Optimizing Compiler Version 19.16.27045 for x64
  Copyright (C) Microsoft Corporation.  All rights reserved.
  
  cl : Command line error D8022 : cannot open 'C:\Users\david\Documents\GitHub\Final-Year-Project\FYP\Plugins\UnrealEnginePython\Intermediate\Build\Win64\UE4Editor\Development\UnrealEnginePython\UEPySGraphPanel.cpp.obj.response'
  [62/258] Microsoft (R) C/C++ Optimizing Compiler Version 19.16.27045 for x64
  Copyright (C) Microsoft Corporation.  All rights reserved.
  
  cl : Command line error D8022 : cannot open 'C:\Users\david\Documents\GitHub\Final-Year-Project\FYP\Plugins\UnrealEnginePython\Intermediate\Build\Win64\UE4Editor\Development\UnrealEnginePython\UEPySGridPanel.cpp.obj.response'
  [63/258] Microsoft (R) C/C++ Optimizing Compiler Version 19.16.27045 for x64
  Copyright (C) Microsoft Corporation.  All rights reserved.
  
  cl : Command line error D8022 : cannot open 'C:\Users\david\Documents\GitHub\Final-Year-Project\FYP\Plugins\UnrealEnginePython\Intermediate\Build\Win64\UE4Editor\Development\UnrealEnginePython\UEPySHeaderRow.cpp.obj.response'
  @progress 'Compiling C++ source code...' 25%
  [64/258] Microsoft (R) C/C++ Optimizing Compiler Version 19.16.27045 for x64
  Copyright (C) Microsoft Corporation.  All rights reserved.
  
  cl : Command line error D8022 : cannot open 'C:\Users\david\Documents\GitHub\Final-Year-Project\FYP\Plugins\UnrealEnginePython\Intermediate\Build\Win64\UE4Editor\Development\UnrealEnginePython\UEPySHorizontalBox.cpp.obj.response'
  [65/258] Microsoft (R) C/C++ Optimizing Compiler Version 19.16.27045 for x64
  Copyright (C) Microsoft Corporation.  All rights reserved.
  
  cl : Command line error D8022 : cannot open 'C:\Users\david\Documents\GitHub\Final-Year-Project\FYP\Plugins\UnrealEnginePython\Intermediate\Build\Win64\UE4Editor\Development\UnrealEnginePython\UEPySImage.cpp.obj.response'
  @progress 'Compiling C++ source code...' 26%
  [66/258] Microsoft (R) C/C++ Optimizing Compiler Version 19.16.27045 for x64
  Copyright (C) Microsoft Corporation.  All rights reserved.
  
  cl : Command line error D8022 : cannot open 'C:\Users\david\Documents\GitHub\Final-Year-Project\FYP\Plugins\UnrealEnginePython\Intermediate\Build\Win64\UE4Editor\Development\UnrealEnginePython\UEPySlate.cpp.obj.response'
  [67/258] Microsoft (R) C/C++ Optimizing Compiler Version 19.16.27045 for x64
  Copyright (C) Microsoft Corporation.  All rights reserved.
  
  cl : Command line error D8022 : cannot open 'C:\Users\david\Documents\GitHub\Final-Year-Project\FYP\Plugins\UnrealEnginePython\Intermediate\Build\Win64\UE4Editor\Development\UnrealEnginePython\UEPySLeafWidget.cpp.obj.response'
  [68/258] Microsoft (R) C/C++ Optimizing Compiler Version 19.16.27045 for x64
  Copyright (C) Microsoft Corporation.  All rights reserved.
  
  cl : Command line error D8022 : cannot open 'C:\Users\david\Documents\GitHub\Final-Year-Project\FYP\Plugins\UnrealEnginePython\Intermediate\Build\Win64\UE4Editor\Development\UnrealEnginePython\UEPySGraphEditor.cpp.obj.response'
  @progress 'Compiling C++ source code...' 27%
  [69/258] Microsoft (R) C/C++ Optimizing Compiler Version 19.16.27045 for x64
  Copyright (C) Microsoft Corporation.  All rights reserved.
  
  cl : Command line error D8022 : cannot open 'C:\Users\david\Documents\GitHub\Final-Year-Project\FYP\Plugins\UnrealEnginePython\Intermediate\Build\Win64\UE4Editor\Development\UnrealEnginePython\UEPySSpacer.cpp.obj.response'
  [70/258] Microsoft (R) C/C++ Optimizing Compiler Version 19.16.27045 for x64
  Copyright (C) Microsoft Corporation.  All rights reserved.
  
  cl : Command line error D8022 : cannot open 'C:\Users\david\Documents\GitHub\Final-Year-Project\FYP\Plugins\UnrealEnginePython\Intermediate\Build\Win64\UE4Editor\Development\UnrealEnginePython\UEPySFilePathPicker.cpp.obj.response'
  @progress 'Compiling C++ source code...' 28%
  [71/258] Microsoft (R) C/C++ Optimizing Compiler Version 19.16.27045 for x64
  Copyright (C) Microsoft Corporation.  All rights reserved.
  
  cl : Command line error D8022 : cannot open 'C:\Users\david\Documents\GitHub\Final-Year-Project\FYP\Plugins\UnrealEnginePython\Intermediate\Build\Win64\UE4Editor\Development\UnrealEnginePython\UEPySSlider.cpp.obj.response'
  [72/258] Microsoft (R) C/C++ Optimizing Compiler Version 19.16.27045 for x64
  Copyright (C) Microsoft Corporation.  All rights reserved.
  
  cl : Command line error D8022 : cannot open 'C:\Users\david\Documents\GitHub\Final-Year-Project\FYP\Plugins\UnrealEnginePython\Intermediate\Build\Win64\UE4Editor\Development\UnrealEnginePython\UEPyFbxPose.cpp.obj.response'
  [73/258] Microsoft (R) C/C++ Optimizing Compiler Version 19.16.27045 for x64
  Copyright (C) Microsoft Corporation.  All rights reserved.
  
  cl : Command line error D8022 : cannot open 'C:\Users\david\Documents\GitHub\Final-Year-Project\FYP\Plugins\UnrealEnginePython\Intermediate\Build\Win64\UE4Editor\Development\UnrealEnginePython\UEPySRotatorInputBox.cpp.obj.response'
  @progress 'Compiling C++ source code...' 29%
  [74/258] Microsoft (R) C/C++ Optimizing Compiler Version 19.16.27045 for x64
  Copyright (C) Microsoft Corporation.  All rights reserved.
  
  cl : Command line error D8022 : cannot open 'C:\Users\david\Documents\GitHub\Final-Year-Project\FYP\Plugins\UnrealEnginePython\Intermediate\Build\Win64\UE4Editor\Development\UnrealEnginePython\UEPyFbxScene.cpp.obj.response'
  [75/258] Microsoft (R) C/C++ Optimizing Compiler Version 19.16.27045 for x64
  Copyright (C) Microsoft Corporation.  All rights reserved.
  
  cl : Command line error D8022 : cannot open 'C:\Users\david\Documents\GitHub\Final-Year-Project\FYP\Plugins\UnrealEnginePython\Intermediate\Build\Win64\UE4Editor\Development\UnrealEnginePython\UEPyIHttpBase.cpp.obj.response'
  [76/258] Microsoft (R) C/C++ Optimizing Compiler Version 19.16.27045 for x64
  Copyright (C) Microsoft Corporation.  All rights reserved.
  
  cl : Command line error D8022 : cannot open 'C:\Users\david\Documents\GitHub\Final-Year-Project\FYP\Plugins\UnrealEnginePython\Intermediate\Build\Win64\UE4Editor\Development\UnrealEnginePython\UEPyIHttpRequest.cpp.obj.response'
  @progress 'Compiling C++ source code...' 30%
  [77/258] Microsoft (R) C/C++ Optimizing Compiler Version 19.16.27045 for x64
  Copyright (C) Microsoft Corporation.  All rights reserved.
  
  cl : Command line error D8022 : cannot open 'C:\Users\david\Documents\GitHub\Final-Year-Project\FYP\Plugins\UnrealEnginePython\Intermediate\Build\Win64\UE4Editor\Development\UnrealEnginePython\UEPyFbxNode.cpp.obj.response'
  [78/258] Microsoft (R) C/C++ Optimizing Compiler Version 19.16.27045 for x64
  Copyright (C) Microsoft Corporation.  All rights reserved.
  
  cl : Command line error D8022 : cannot open 'C:\Users\david\Documents\GitHub\Final-Year-Project\FYP\Plugins\UnrealEnginePython\Intermediate\Build\Win64\UE4Editor\Development\UnrealEnginePython\UEPyIHttpResponse.cpp.obj.response'
  @progress 'Compiling C++ source code...' 31%
  [79/258] Microsoft (R) C/C++ Optimizing Compiler Version 19.16.27045 for x64
  Copyright (C) Microsoft Corporation.  All rights reserved.
  
  cl : Command line error D8022 : cannot open 'C:\Users\david\Documents\GitHub\Final-Year-Project\FYP\Plugins\UnrealEnginePython\Intermediate\Build\Win64\UE4Editor\Development\UnrealEnginePython\UEPySCanvas.cpp.obj.response'
  [80/258] Microsoft (R) C/C++ Optimizing Compiler Version 19.16.27045 for x64
  Copyright (C) Microsoft Corporation.  All rights reserved.
  
  cl : Command line error D8022 : cannot open 'C:\Users\david\Documents\GitHub\Final-Year-Project\FYP\Plugins\UnrealEnginePython\Intermediate\Build\Win64\UE4Editor\Development\UnrealEnginePython\UEPyFbxManager.cpp.obj.response'
  [81/258] Microsoft (R) C/C++ Optimizing Compiler Version 19.16.27045 for x64
  Copyright (C) Microsoft Corporation.  All rights reserved.
  
  cl : Command line error D8022 : cannot open 'C:\Users\david\Documents\GitHub\Final-Year-Project\FYP\Plugins\UnrealEnginePython\Intermediate\Build\Win64\UE4Editor\Development\UnrealEnginePython\UEPySColorBlock.cpp.obj.response'
  @progress 'Compiling C++ source code...' 32%
  [82/258] Microsoft (R) C/C++ Optimizing Compiler Version 19.16.27045 for x64
  Copyright (C) Microsoft Corporation.  All rights reserved.
  
  cl : Command line error D8022 : cannot open 'C:\Users\david\Documents\GitHub\Final-Year-Project\FYP\Plugins\UnrealEnginePython\Intermediate\Build\Win64\UE4Editor\Development\UnrealEnginePython\UEPySNumericEntryBox.cpp.obj.response'
  [83/258] Microsoft (R) C/C++ Optimizing Compiler Version 19.16.27045 for x64
  Copyright (C) Microsoft Corporation.  All rights reserved.
  
  cl : Command line error D8022 : cannot open 'C:\Users\david\Documents\GitHub\Final-Year-Project\FYP\Plugins\UnrealEnginePython\Intermediate\Build\Win64\UE4Editor\Development\UnrealEnginePython\UEPySScrollBox.cpp.obj.response'
  @progress 'Compiling C++ source code...' 33%
  [84/258] Microsoft (R) C/C++ Optimizing Compiler Version 19.16.27045 for x64
  Copyright (C) Microsoft Corporation.  All rights reserved.
  
  cl : Command line error D8022 : cannot open 'C:\Users\david\Documents\GitHub\Final-Year-Project\FYP\Plugins\UnrealEnginePython\Intermediate\Build\Win64\UE4Editor\Development\UnrealEnginePython\UEPySObjectPropertyEntryBox.cpp.obj.response'
  [85/258] Microsoft (R) C/C++ Optimizing Compiler Version 19.16.27045 for x64
  Copyright (C) Microsoft Corporation.  All rights reserved.
  
  cl : Command line error D8022 : cannot open 'C:\Users\david\Documents\GitHub\Final-Year-Project\FYP\Plugins\UnrealEnginePython\Intermediate\Build\Win64\UE4Editor\Development\UnrealEnginePython\UEPySPanel.cpp.obj.response'
  [86/258] Microsoft (R) C/C++ Optimizing Compiler Version 19.16.27045 for x64
  Copyright (C) Microsoft Corporation.  All rights reserved.
  
  cl : Command line error D8022 : cannot open 'C:\Users\david\Documents\GitHub\Final-Year-Project\FYP\Plugins\UnrealEnginePython\Intermediate\Build\Win64\UE4Editor\Development\UnrealEnginePython\UEPySProgressBar.cpp.obj.response'
  @progress 'Compiling C++ source code...' 34%
  [87/258] Microsoft (R) C/C++ Optimizing Compiler Version 19.16.27045 for x64
  Copyright (C) Microsoft Corporation.  All rights reserved.
  
  cl : Command line error D8022 : cannot open 'C:\Users\david\Documents\GitHub\Final-Year-Project\FYP\Plugins\UnrealEnginePython\Intermediate\Build\Win64\UE4Editor\Development\UnrealEnginePython\UEPySPythonComboBox.cpp.obj.response'
  [88/258] Microsoft (R) C/C++ Optimizing Compiler Version 19.16.27045 for x64
  Copyright (C) Microsoft Corporation.  All rights reserved.
  
  cl : Command line error D8022 : cannot open 'C:\Users\david\Documents\GitHub\Final-Year-Project\FYP\Plugins\UnrealEnginePython\Intermediate\Build\Win64\UE4Editor\Development\UnrealEnginePython\UEPySPythonEditorViewport.cpp.obj.response'
  [89/258] Microsoft (R) C/C++ Optimizing Compiler Version 19.16.27045 for x64
  Copyright (C) Microsoft Corporation.  All rights reserved.
  
  cl : Command line error D8022 : cannot open 'C:\Users\david\Documents\GitHub\Final-Year-Project\FYP\Plugins\UnrealEnginePython\Intermediate\Build\Win64\UE4Editor\Development\UnrealEnginePython\UEPySPythonListView.cpp.obj.response'
  @progress 'Compiling C++ source code...' 35%
  [90/258] Microsoft (R) C/C++ Optimizing Compiler Version 19.16.27045 for x64
  Copyright (C) Microsoft Corporation.  All rights reserved.
  
  cl : Command line error D8022 : cannot open 'C:\Users\david\Documents\GitHub\Final-Year-Project\FYP\Plugins\UnrealEnginePython\Intermediate\Build\Win64\UE4Editor\Development\UnrealEnginePython\UEPySPythonMultiColumnTableRow.cpp.obj.response'
  [91/258] Microsoft (R) C/C++ Optimizing Compiler Version 19.16.27045 for x64
  Copyright (C) Microsoft Corporation.  All rights reserved.
  
  cl : Command line error D8022 : cannot open 'C:\Users\david\Documents\GitHub\Final-Year-Project\FYP\Plugins\UnrealEnginePython\Intermediate\Build\Win64\UE4Editor\Development\UnrealEnginePython\UEPySPythonShelf.cpp.obj.response'
  @progress 'Compiling C++ source code...' 36%
  [92/258] Microsoft (R) C/C++ Optimizing Compiler Version 19.16.27045 for x64
  Copyright (C) Microsoft Corporation.  All rights reserved.
  
  cl : Command line error D8022 : cannot open 'C:\Users\david\Documents\GitHub\Final-Year-Project\FYP\Plugins\UnrealEnginePython\Intermediate\Build\Win64\UE4Editor\Development\UnrealEnginePython\UEPySPythonTreeView.cpp.obj.response'
  [93/258] Microsoft (R) C/C++ Optimizing Compiler Version 19.16.27045 for x64
  Copyright (C) Microsoft Corporation.  All rights reserved.
  
  cl : Command line error D8022 : cannot open 'C:\Users\david\Documents\GitHub\Final-Year-Project\FYP\Plugins\UnrealEnginePython\Intermediate\Build\Win64\UE4Editor\Development\UnrealEnginePython\UEPySPythonWidget.cpp.obj.response'
  [94/258] Microsoft (R) C/C++ Optimizing Compiler Version 19.16.27045 for x64
  Copyright (C) Microsoft Corporation.  All rights reserved.
  
  cl : Command line error D8022 : cannot open 'C:\Users\david\Documents\GitHub\Final-Year-Project\FYP\Plugins\UnrealEnginePython\Intermediate\Build\Win64\UE4Editor\Development\UnrealEnginePython\UEPySOverlay.cpp.obj.response'
  @progress 'Compiling C++ source code...' 37%
  [95/258] Microsoft (R) C/C++ Optimizing Compiler Version 19.16.27045 for x64
  Copyright (C) Microsoft Corporation.  All rights reserved.
  
  cl : Command line error D8022 : cannot open 'C:\Users\david\Documents\GitHub\Final-Year-Project\FYP\Plugins\UnrealEnginePython\Intermediate\Build\Win64\UE4Editor\Development\UnrealEnginePython\UEPySBox.cpp.obj.response'
  [96/258] Microsoft (R) C/C++ Optimizing Compiler Version 19.16.27045 for x64
  Copyright (C) Microsoft Corporation.  All rights reserved.
  
  cl : Command line error D8022 : cannot open 'C:\Users\david\Documents\GitHub\Final-Year-Project\FYP\Plugins\UnrealEnginePython\Intermediate\Build\Win64\UE4Editor\Development\UnrealEnginePython\PyCommandlet.cpp.obj.response'
  @progress 'Compiling C++ source code...' 38%
  [97/258] Microsoft (R) C/C++ Optimizing Compiler Version 19.16.27045 for x64
  Copyright (C) Microsoft Corporation.  All rights reserved.
  
  cl : Command line error D8022 : cannot open 'C:\Users\david\Documents\GitHub\Final-Year-Project\FYP\Plugins\UnrealEnginePython\Intermediate\Build\Win64\UE4Editor\Development\UnrealEnginePython\PyActor.cpp.obj.response'
  [98/258] Microsoft (R) C/C++ Optimizing Compiler Version 19.16.27045 for x64
  Copyright (C) Microsoft Corporation.  All rights reserved.
  
  cl : Command line error D8022 : cannot open 'C:\Users\david\Documents\GitHub\Final-Year-Project\FYP\Plugins\UnrealEnginePython\Intermediate\Build\Win64\UE4Editor\Development\UnrealEnginePython\UEPySpline.cpp.obj.response'
  [99/258] Microsoft (R) C/C++ Optimizing Compiler Version 19.16.27045 for x64
  Copyright (C) Microsoft Corporation.  All rights reserved.
  
  cl : Command line error D8022 : cannot open 'C:\Users\david\Documents\GitHub\Final-Year-Project\FYP\Plugins\UnrealEnginePython\Intermediate\Build\Win64\UE4Editor\Development\UnrealEnginePython\UEPyPlayer.cpp.obj.response'
  @progress 'Compiling C++ source code...' 39%
  [100/258] Microsoft (R) C/C++ Optimizing Compiler Version 19.16.27045 for x64
  Copyright (C) Microsoft Corporation.  All rights reserved.
  
  cl : Command line error D8022 : cannot open 'C:\Users\david\Documents\GitHub\Final-Year-Project\FYP\Plugins\UnrealEnginePython\Intermediate\Build\Win64\UE4Editor\Development\UnrealEnginePython\UEPySequencer.cpp.obj.response'
  [101/258] Microsoft (R) C/C++ Optimizing Compiler Version 19.16.27045 for x64
  Copyright (C) Microsoft Corporation.  All rights reserved.
  
  cl : Command line error D8022 : cannot open 'C:\Users\david\Documents\GitHub\Final-Year-Project\FYP\Plugins\UnrealEnginePython\Intermediate\Build\Win64\UE4Editor\Development\UnrealEnginePython\UEPySVectorInputBox.cpp.obj.response'
  @progress 'Compiling C++ source code...' 40%
  [102/258] Microsoft (R) C/C++ Optimizing Compiler Version 19.16.27045 for x64
  Copyright (C) Microsoft Corporation.  All rights reserved.
  
  cl : Command line error D8022 : cannot open 'C:\Users\david\Documents\GitHub\Final-Year-Project\FYP\Plugins\UnrealEnginePython\Intermediate\Build\Win64\UE4Editor\Development\UnrealEnginePython\UEPySVerticalBox.cpp.obj.response'
  [103/258] Microsoft (R) C/C++ Optimizing Compiler Version 19.16.27045 for x64
  Copyright (C) Microsoft Corporation.  All rights reserved.
  
  cl : Command line error D8022 : cannot open 'C:\Users\david\Documents\GitHub\Final-Year-Project\FYP\Plugins\UnrealEnginePython\Intermediate\Build\Win64\UE4Editor\Development\UnrealEnginePython\UEPySViewport.cpp.obj.response'
  [104/258] Microsoft (R) C/C++ Optimizing Compiler Version 19.16.27045 for x64
  Copyright (C) Microsoft Corporation.  All rights reserved.
  
  cl : Command line error D8022 : cannot open 'C:\Users\david\Documents\GitHub\Final-Year-Project\FYP\Plugins\UnrealEnginePython\Intermediate\Build\Win64\UE4Editor\Development\UnrealEnginePython\UEPySWindow.cpp.obj.response'
  @progress 'Compiling C++ source code...' 41%
  [105/258] Microsoft (R) C/C++ Optimizing Compiler Version 19.16.27045 for x64
  Copyright (C) Microsoft Corporation.  All rights reserved.
  
  cl : Command line error D8022 : cannot open 'C:\Users\david\Documents\GitHub\Final-Year-Project\FYP\Plugins\UnrealEnginePython\Intermediate\Build\Win64\UE4Editor\Development\UnrealEnginePython\UEPySWidget.cpp.obj.response'
  [106/258] Microsoft (R) C/C++ Optimizing Compiler Version 19.16.27045 for x64
  Copyright (C) Microsoft Corporation.  All rights reserved.
  
  cl : Command line error D8022 : cannot open 'C:\Users\david\Documents\GitHub\Final-Year-Project\FYP\Plugins\UnrealEnginePython\Intermediate\Build\Win64\UE4Editor\Development\UnrealEnginePython\UEPyFSlateApplication.cpp.obj.response'
  [107/258] Microsoft (R) C/C++ Optimizing Compiler Version 19.16.27045 for x64
  Copyright (C) Microsoft Corporation.  All rights reserved.
  
  cl : Command line error D8022 : cannot open 'C:\Users\david\Documents\GitHub\Final-Year-Project\FYP\Plugins\UnrealEnginePython\Intermediate\Build\Win64\UE4Editor\Development\UnrealEnginePython\UEPyStaticMesh.cpp.obj.response'
  @progress 'Compiling C++ source code...' 42%
  [108/258] Microsoft (R) C/C++ Optimizing Compiler Version 19.16.27045 for x64
  Copyright (C) Microsoft Corporation.  All rights reserved.
  
  cl : Command line error D8022 : cannot open 'C:\Users\david\Documents\GitHub\Final-Year-Project\FYP\Plugins\UnrealEnginePython\Intermediate\Build\Win64\UE4Editor\Development\UnrealEnginePython\UEPyActor.cpp.obj.response'
  [109/258] Microsoft (R) C/C++ Optimizing Compiler Version 19.16.27045 for x64
  Copyright (C) Microsoft Corporation.  All rights reserved.
  
  cl : Command line error D8022 : cannot open 'C:\Users\david\Documents\GitHub\Final-Year-Project\FYP\Plugins\UnrealEnginePython\Intermediate\Build\Win64\UE4Editor\Development\UnrealEnginePython\UEPyAttaching.cpp.obj.response'
  @progress 'Compiling C++ source code...' 43%
  [110/258] Microsoft (R) C/C++ Optimizing Compiler Version 19.16.27045 for x64
  Copyright (C) Microsoft Corporation.  All rights reserved.
  
  cl : Command line error D8022 : cannot open 'C:\Users\david\Documents\GitHub\Final-Year-Project\FYP\Plugins\UnrealEnginePython\Intermediate\Build\Win64\UE4Editor\Development\UnrealEnginePython\UEPyAudio.cpp.obj.response'
  [111/258] Microsoft (R) C/C++ Optimizing Compiler Version 19.16.27045 for x64
  Copyright (C) Microsoft Corporation.  All rights reserved.
  
  cl : Command line error D8022 : cannot open 'C:\Users\david\Documents\GitHub\Final-Year-Project\FYP\Plugins\UnrealEnginePython\Intermediate\Build\Win64\UE4Editor\Development\UnrealEnginePython\UEPyCapture.cpp.obj.response'
  [112/258] Microsoft (R) C/C++ Optimizing Compiler Version 19.16.27045 for x64
  Copyright (C) Microsoft Corporation.  All rights reserved.
  
  cl : Command line error D8022 : cannot open 'C:\Users\david\Documents\GitHub\Final-Year-Project\FYP\Plugins\UnrealEnginePython\Intermediate\Build\Win64\UE4Editor\Development\UnrealEnginePython\UEPyController.cpp.obj.response'
  @progress 'Compiling C++ source code...' 44%
  [113/258] Microsoft (R) C/C++ Optimizing Compiler Version 19.16.27045 for x64
  Copyright (C) Microsoft Corporation.  All rights reserved.
  
  cl : Command line error D8022 : cannot open 'C:\Users\david\Documents\GitHub\Final-Year-Project\FYP\Plugins\UnrealEnginePython\Intermediate\Build\Win64\UE4Editor\Development\UnrealEnginePython\UEPyDataTable.cpp.obj.response'
  [114/258] Microsoft (R) C/C++ Optimizing Compiler Version 19.16.27045 for x64
  Copyright (C) Microsoft Corporation.  All rights reserved.
  
  cl : Command line error D8022 : cannot open 'C:\Users\david\Documents\GitHub\Final-Year-Project\FYP\Plugins\UnrealEnginePython\Intermediate\Build\Win64\UE4Editor\Development\UnrealEnginePython\UEPyExporter.cpp.obj.response'
  @progress 'Compiling C++ source code...' 45%
  [115/258] Microsoft (R) C/C++ Optimizing Compiler Version 19.16.27045 for x64
  Copyright (C) Microsoft Corporation.  All rights reserved.
  
  cl : Command line error D8022 : cannot open 'C:\Users\david\Documents\GitHub\Final-Year-Project\FYP\Plugins\UnrealEnginePython\Intermediate\Build\Win64\UE4Editor\Development\UnrealEnginePython\UEPyFoliage.cpp.obj.response'
  [116/258] Microsoft (R) C/C++ Optimizing Compiler Version 19.16.27045 for x64
  Copyright (C) Microsoft Corporation.  All rights reserved.
  
  cl : Command line error D8022 : cannot open 'C:\Users\david\Documents\GitHub\Final-Year-Project\FYP\Plugins\UnrealEnginePython\Intermediate\Build\Win64\UE4Editor\Development\UnrealEnginePython\UEPyHUD.cpp.obj.response'
  [117/258] Microsoft (R) C/C++ Optimizing Compiler Version 19.16.27045 for x64
  Copyright (C) Microsoft Corporation.  All rights reserved.
  
  cl : Command line error D8022 : cannot open 'C:\Users\david\Documents\GitHub\Final-Year-Project\FYP\Plugins\UnrealEnginePython\Intermediate\Build\Win64\UE4Editor\Development\UnrealEnginePython\UEPyInput.cpp.obj.response'
  @progress 'Compiling C++ source code...' 46%
  [118/258] Microsoft (R) C/C++ Optimizing Compiler Version 19.16.27045 for x64
  Copyright (C) Microsoft Corporation.  All rights reserved.
  
  cl : Command line error D8022 : cannot open 'C:\Users\david\Documents\GitHub\Final-Year-Project\FYP\Plugins\UnrealEnginePython\Intermediate\Build\Win64\UE4Editor\Development\UnrealEnginePython\UEPyAnimSequence.cpp.obj.response'
  [119/258] Microsoft (R) C/C++ Optimizing Compiler Version 19.16.27045 for x64
  Copyright (C) Microsoft Corporation.  All rights reserved.
  
  cl : Command line error D8022 : cannot open 'C:\Users\david\Documents\GitHub\Final-Year-Project\FYP\Plugins\UnrealEnginePython\Intermediate\Build\Win64\UE4Editor\Development\UnrealEnginePython\UEPyLandscape.cpp.obj.response'
  @progress 'Compiling C++ source code...' 47%
  [120/258] Microsoft (R) C/C++ Optimizing Compiler Version 19.16.27045 for x64
  Copyright (C) Microsoft Corporation.  All rights reserved.
  
  cl : Command line error D8022 : cannot open 'C:\Users\david\Documents\GitHub\Final-Year-Project\FYP\Plugins\UnrealEnginePython\Intermediate\Build\Win64\UE4Editor\Development\UnrealEnginePython\UEPyFQuat.cpp.obj.response'
  [121/258] Microsoft (R) C/C++ Optimizing Compiler Version 19.16.27045 for x64
  Copyright (C) Microsoft Corporation.  All rights reserved.
  
  cl : Command line error D8022 : cannot open 'C:\Users\david\Documents\GitHub\Final-Year-Project\FYP\Plugins\UnrealEnginePython\Intermediate\Build\Win64\UE4Editor\Development\UnrealEnginePython\UEPyFRawAnimSequenceTrack.cpp.obj.response'
  [122/258] Microsoft (R) C/C++ Optimizing Compiler Version 19.16.27045 for x64
  Copyright (C) Microsoft Corporation.  All rights reserved.
  
  cl : Command line error D8022 : cannot open 'C:\Users\david\Documents\GitHub\Final-Year-Project\FYP\Plugins\UnrealEnginePython\Intermediate\Build\Win64\UE4Editor\Development\UnrealEnginePython\UEPyTraceAndSweep.cpp.obj.response'
  @progress 'Compiling C++ source code...' 48%
  [123/258] Microsoft (R) C/C++ Optimizing Compiler Version 19.16.27045 for x64
  Copyright (C) Microsoft Corporation.  All rights reserved.
  
  cl : Command line error D8022 : cannot open 'C:\Users\david\Documents\GitHub\Final-Year-Project\FYP\Plugins\UnrealEnginePython\Intermediate\Build\Win64\UE4Editor\Development\UnrealEnginePython\UEPyTransform.cpp.obj.response'
  [124/258] Microsoft (R) C/C++ Optimizing Compiler Version 19.16.27045 for x64
  Copyright (C) Microsoft Corporation.  All rights reserved.
  
  cl : Command line error D8022 : cannot open 'C:\Users\david\Documents\GitHub\Final-Year-Project\FYP\Plugins\UnrealEnginePython\Intermediate\Build\Win64\UE4Editor\Development\UnrealEnginePython\UEPyUserDefinedStruct.cpp.obj.response'
  [125/258] Microsoft (R) C/C++ Optimizing Compiler Version 19.16.27045 for x64
  Copyright (C) Microsoft Corporation.  All rights reserved.
  
  cl : Command line error D8022 : cannot open 'C:\Users\david\Documents\GitHub\Final-Year-Project\FYP\Plugins\UnrealEnginePython\Intermediate\Build\Win64\UE4Editor\Development\UnrealEnginePython\UEPyViewport.cpp.obj.response'
  @progress 'Compiling C++ source code...' 49%
  [126/258] Microsoft (R) C/C++ Optimizing Compiler Version 19.16.27045 for x64
  Copyright (C) Microsoft Corporation.  All rights reserved.
  
  cl : Command line error D8022 : cannot open 'C:\Users\david\Documents\GitHub\Final-Year-Project\FYP\Plugins\UnrealEnginePython\Intermediate\Build\Win64\UE4Editor\Development\UnrealEnginePython\UEPyWidget.cpp.obj.response'
  [127/258] Microsoft (R) C/C++ Optimizing Compiler Version 19.16.27045 for x64
  Copyright (C) Microsoft Corporation.  All rights reserved.
  
  cl : Command line error D8022 : cannot open 'C:\Users\david\Documents\GitHub\Final-Year-Project\FYP\Plugins\UnrealEnginePython\Intermediate\Build\Win64\UE4Editor\Development\UnrealEnginePython\UEPyWidgetComponent.cpp.obj.response'
  @progress 'Compiling C++ source code...' 50%
  [128/258] Microsoft (R) C/C++ Optimizing Compiler Version 19.16.27045 for x64
  Copyright (C) Microsoft Corporation.  All rights reserved.
  
  cl : Command line error D8022 : cannot open 'C:\Users\david\Documents\GitHub\Final-Year-Project\FYP\Plugins\UnrealEnginePython\Intermediate\Build\Win64\UE4Editor\Development\UnrealEnginePython\UEPyWorld.cpp.obj.response'
  [129/258] Microsoft (R) C/C++ Optimizing Compiler Version 19.16.27045 for x64
  Copyright (C) Microsoft Corporation.  All rights reserved.
  
  cl : Command line error D8022 : cannot open 'C:\Users\david\Documents\GitHub\Final-Year-Project\FYP\Plugins\UnrealEnginePython\Intermediate\Build\Win64\UE4Editor\Development\UnrealEnginePython\UEPyIVoiceCapture.cpp.obj.response'
  [130/258] Microsoft (R) C/C++ Optimizing Compiler Version 19.16.27045 for x64
  Copyright (C) Microsoft Corporation.  All rights reserved.
  
  cl : Command line error D8022 : cannot open 'C:\Users\david\Documents\GitHub\Final-Year-Project\FYP\Plugins\UnrealEnginePython\Intermediate\Build\Win64\UE4Editor\Development\UnrealEnginePython\UEPyESlateEnums.cpp.obj.response'
  @progress 'Compiling C++ source code...' 51%
  [131/258] Microsoft (R) C/C++ Optimizing Compiler Version 19.16.27045 for x64
  Copyright (C) Microsoft Corporation.  All rights reserved.
  
  cl : Command line error D8022 : cannot open 'C:\Users\david\Documents\GitHub\Final-Year-Project\FYP\Plugins\UnrealEnginePython\Intermediate\Build\Win64\UE4Editor\Development\UnrealEnginePython\UEPyFRandomStream.cpp.obj.response'
  [132/258] Microsoft (R) C/C++ Optimizing Compiler Version 19.16.27045 for x64
  Copyright (C) Microsoft Corporation.  All rights reserved.
  
  cl : Command line error D8022 : cannot open 'C:\Users\david\Documents\GitHub\Final-Year-Project\FYP\Plugins\UnrealEnginePython\Intermediate\Build\Win64\UE4Editor\Development\UnrealEnginePython\UEPyFARFilter.cpp.obj.response'
  @progress 'Compiling C++ source code...' 52%
  [133/258] Microsoft (R) C/C++ Optimizing Compiler Version 19.16.27045 for x64
  Copyright (C) Microsoft Corporation.  All rights reserved.
  
  cl : Command line error D8022 : cannot open 'C:\Users\david\Documents\GitHub\Final-Year-Project\FYP\Plugins\UnrealEnginePython\Intermediate\Build\Win64\UE4Editor\Development\UnrealEnginePython\UEPyFColor.cpp.obj.response'
  [134/258] Microsoft (R) C/C++ Optimizing Compiler Version 19.16.27045 for x64
  Copyright (C) Microsoft Corporation.  All rights reserved.
  
  cl : Command line error D8022 : cannot open 'C:\Users\david\Documents\GitHub\Final-Year-Project\FYP\Plugins\UnrealEnginePython\Intermediate\Build\Win64\UE4Editor\Development\UnrealEnginePython\UEPyFEditorViewportClient.cpp.obj.response'
  [135/258] Microsoft (R) C/C++ Optimizing Compiler Version 19.16.27045 for x64
  Copyright (C) Microsoft Corporation.  All rights reserved.
  
  cl : Command line error D8022 : cannot open 'C:\Users\david\Documents\GitHub\Final-Year-Project\FYP\Plugins\UnrealEnginePython\Intermediate\Build\Win64\UE4Editor\Development\UnrealEnginePython\PyCharacter.cpp.obj.response'
  @progress 'Compiling C++ source code...' 53%
  [136/258] Microsoft (R) C/C++ Optimizing Compiler Version 19.16.27045 for x64
  Copyright (C) Microsoft Corporation.  All rights reserved.
  
  cl : Command line error D8022 : cannot open 'C:\Users\david\Documents\GitHub\Final-Year-Project\FYP\Plugins\UnrealEnginePython\Intermediate\Build\Win64\UE4Editor\Development\UnrealEnginePython\UEPyFFrameNumber.cpp.obj.response'
  [137/258] Microsoft (R) C/C++ Optimizing Compiler Version 19.16.27045 for x64
  Copyright (C) Microsoft Corporation.  All rights reserved.
  
  cl : Command line error D8022 : cannot open 'C:\Users\david\Documents\GitHub\Final-Year-Project\FYP\Plugins\UnrealEnginePython\Intermediate\Build\Win64\UE4Editor\Development\UnrealEnginePython\UEPyFLinearColor.cpp.obj.response'
  [138/258] Microsoft (R) C/C++ Optimizing Compiler Version 19.16.27045 for x64
  Copyright (C) Microsoft Corporation.  All rights reserved.
  
  cl : Command line error D8022 : cannot open 'C:\Users\david\Documents\GitHub\Final-Year-Project\FYP\Plugins\UnrealEnginePython\Intermediate\Build\Win64\UE4Editor\Development\UnrealEnginePython\UEPyFHitResult.cpp.obj.response'
  @progress 'Compiling C++ source code...' 54%
  [139/258] Microsoft (R) C/C++ Optimizing Compiler Version 19.16.27045 for x64
  Copyright (C) Microsoft Corporation.  All rights reserved.
  
  cl : Command line error D8022 : cannot open 'C:\Users\david\Documents\GitHub\Final-Year-Project\FYP\Plugins\UnrealEnginePython\Intermediate\Build\Win64\UE4Editor\Development\UnrealEnginePython\UEPyFMorphTargetDelta.cpp.obj.response'
  [140/258] Microsoft (R) C/C++ Optimizing Compiler Version 19.16.27045 for x64
  Copyright (C) Microsoft Corporation.  All rights reserved.
  
  cl : Command line error D8022 : cannot open 'C:\Users\david\Documents\GitHub\Final-Year-Project\FYP\Plugins\UnrealEnginePython\Intermediate\Build\Win64\UE4Editor\Development\UnrealEnginePython\UEPyFObjectThumbnail.cpp.obj.response'
  @progress 'Compiling C++ source code...' 55%
  [141/258] Microsoft (R) C/C++ Optimizing Compiler Version 19.16.27045 for x64
  Copyright (C) Microsoft Corporation.  All rights reserved.
  
  cl : Command line error D8022 : cannot open 'C:\Users\david\Documents\GitHub\Final-Year-Project\FYP\Plugins\UnrealEnginePython\Intermediate\Build\Win64\UE4Editor\Development\UnrealEnginePython\UEPyFPythonOutputDevice.cpp.obj.response'
  [142/258] Microsoft (R) C/C++ Optimizing Compiler Version 19.16.27045 for x64
  Copyright (C) Microsoft Corporation.  All rights reserved.
  
  cl : Command line error D8022 : cannot open 'C:\Users\david\Documents\GitHub\Final-Year-Project\FYP\Plugins\UnrealEnginePython\Intermediate\Build\Win64\UE4Editor\Development\UnrealEnginePython\UEPyFAssetData.cpp.obj.response'
  [143/258] Microsoft (R) C/C++ Optimizing Compiler Version 19.16.27045 for x64
  Copyright (C) Microsoft Corporation.  All rights reserved.
  
  cl : Command line error D8022 : cannot open 'C:\Users\david\Documents\GitHub\Final-Year-Project\FYP\Plugins\UnrealEnginePython\Intermediate\Build\Win64\UE4Editor\Development\UnrealEnginePython\UEPyMaterial.cpp.obj.response'
  @progress 'Compiling C++ source code...' 56%
  [144/258] Microsoft (R) C/C++ Optimizing Compiler Version 19.16.27045 for x64
  Copyright (C) Microsoft Corporation.  All rights reserved.
  
  cl : Command line error D8022 : cannot open 'C:\Users\david\Documents\GitHub\Final-Year-Project\FYP\Plugins\UnrealEnginePython\Intermediate\Build\Win64\UE4Editor\Development\UnrealEnginePython\UEPyFFoliageInstance.cpp.obj.response'
  [145/258] Microsoft (R) C/C++ Optimizing Compiler Version 19.16.27045 for x64
  Copyright (C) Microsoft Corporation.  All rights reserved.
  
  cl : Command line error D8022 : cannot open 'C:\Users\david\Documents\GitHub\Final-Year-Project\FYP\Plugins\UnrealEnginePython\Intermediate\Build\Win64\UE4Editor\Development\UnrealEnginePython\UEPyNavigation.cpp.obj.response'
  @progress 'Compiling C++ source code...' 57%
  [146/258] Microsoft (R) C/C++ Optimizing Compiler Version 19.16.27045 for x64
  Copyright (C) Microsoft Corporation.  All rights reserved.
  
  cl : Command line error D8022 : cannot open 'C:\Users\david\Documents\GitHub\Final-Year-Project\FYP\Plugins\UnrealEnginePython\Intermediate\Build\Win64\UE4Editor\Development\UnrealEnginePython\PythonBlueprintFunctionLibrary.gen.cpp.obj.response'
  [147/258] Microsoft (R) C/C++ Optimizing Compiler Version 19.16.27045 for x64
  Copyright (C) Microsoft Corporation.  All rights reserved.
  
  cl : Command line error D8022 : cannot open 'C:\Users\david\Documents\GitHub\Final-Year-Project\FYP\Plugins\UnrealEnginePython\Intermediate\Build\Win64\UE4Editor\Development\UnrealEnginePython\PythonClass.gen.cpp.obj.response'
  [148/258] Microsoft (R) C/C++ Optimizing Compiler Version 19.16.27045 for x64
  Copyright (C) Microsoft Corporation.  All rights reserved.
  
  cl : Command line error D8022 : cannot open 'C:\Users\david\Documents\GitHub\Final-Year-Project\FYP\Plugins\UnrealEnginePython\Intermediate\Build\Win64\UE4Editor\Development\UnrealEnginePython\PythonDelegate.gen.cpp.obj.response'
  @progress 'Compiling C++ source code...' 58%
  [149/258] Microsoft (R) C/C++ Optimizing Compiler Version 19.16.27045 for x64
  Copyright (C) Microsoft Corporation.  All rights reserved.
  
  cl : Command line error D8022 : cannot open 'C:\Users\david\Documents\GitHub\Final-Year-Project\FYP\Plugins\UnrealEnginePython\Intermediate\Build\Win64\UE4Editor\Development\UnrealEnginePython\PythonComponent.gen.cpp.obj.response'
  [150/258] Microsoft (R) C/C++ Optimizing Compiler Version 19.16.27045 for x64
  Copyright (C) Microsoft Corporation.  All rights reserved.
  
  cl : Command line error D8022 : cannot open 'C:\Users\david\Documents\GitHub\Final-Year-Project\FYP\Plugins\UnrealEnginePython\Intermediate\Build\Win64\UE4Editor\Development\UnrealEnginePython\PythonFunction.gen.cpp.obj.response'
  @progress 'Compiling C++ source code...' 59%
  [151/258] Microsoft (R) C/C++ Optimizing Compiler Version 19.16.27045 for x64
  Copyright (C) Microsoft Corporation.  All rights reserved.
  
  cl : Command line error D8022 : cannot open 'C:\Users\david\Documents\GitHub\Final-Year-Project\FYP\Plugins\UnrealEnginePython\Intermediate\Build\Win64\UE4Editor\Development\UnrealEnginePython\PythonScript.gen.cpp.obj.response'
  [152/258] Microsoft (R) C/C++ Optimizing Compiler Version 19.16.27045 for x64
  Copyright (C) Microsoft Corporation.  All rights reserved.
  
  cl : Command line error D8022 : cannot open 'C:\Users\david\Documents\GitHub\Final-Year-Project\FYP\Plugins\UnrealEnginePython\Intermediate\Build\Win64\UE4Editor\Development\UnrealEnginePython\UnrealEnginePython.init.gen.cpp.obj.response'
  [153/258] Microsoft (R) C/C++ Optimizing Compiler Version 19.16.27045 for x64
  Copyright (C) Microsoft Corporation.  All rights reserved.
  
  cl : Command line error D8022 : cannot open 'C:\Users\david\Documents\GitHub\Final-Year-Project\FYP\Plugins\UnrealEnginePython\Intermediate\Build\Win64\UE4Editor\Development\UnrealEnginePython\PyUserWidget.gen.cpp.obj.response'
  @progress 'Compiling C++ source code...' 60%
  [154/258] Microsoft (R) C/C++ Optimizing Compiler Version 19.16.27045 for x64
  Copyright (C) Microsoft Corporation.  All rights reserved.
  
  cl : Command line error D8022 : cannot open 'C:\Users\david\Documents\GitHub\Final-Year-Project\FYP\Plugins\UnrealEnginePython\Intermediate\Build\Win64\UE4Editor\Development\UnrealEnginePython\PyCommandlet.gen.cpp.obj.response'
  [155/258] Microsoft (R) C/C++ Optimizing Compiler Version 19.16.27045 for x64
  Copyright (C) Microsoft Corporation.  All rights reserved.
  
  cl : Command line error D8022 : cannot open 'C:\Users\david\Documents\GitHub\Final-Year-Project\FYP\Plugins\UnrealEnginePython\Intermediate\Build\Win64\UE4Editor\Development\UnrealEnginePython\PyPawn.gen.cpp.obj.response'
  [156/258] Microsoft (R) C/C++ Optimizing Compiler Version 19.16.27045 for x64
  Copyright (C) Microsoft Corporation.  All rights reserved.
  
  cl : Command line error D8022 : cannot open 'C:\Users\david\Documents\GitHub\Final-Year-Project\FYP\Plugins\UnrealEnginePython\Intermediate\Build\Win64\UE4Editor\Development\UnrealEnginePython\UEPyIPlugin.cpp.obj.response'
  @progress 'Compiling C++ source code...' 61%
  [157/258] Microsoft (R) C/C++ Optimizing Compiler Version 19.16.27045 for x64
  Copyright (C) Microsoft Corporation.  All rights reserved.
  
  cl : Command line error D8022 : cannot open 'C:\Users\david\Documents\GitHub\Final-Year-Project\FYP\Plugins\UnrealEnginePython\Intermediate\Build\Win64\UE4Editor\Development\UnrealEnginePython\UEPyFSoftSkinVertex.cpp.obj.response'
  [158/258] Microsoft (R) C/C++ Optimizing Compiler Version 19.16.27045 for x64
  Copyright (C) Microsoft Corporation.  All rights reserved.
  
  cl : Command line error D8022 : cannot open 'C:\Users\david\Documents\GitHub\Final-Year-Project\FYP\Plugins\UnrealEnginePython\Intermediate\Build\Win64\UE4Editor\Development\UnrealEnginePython\UEPyFStringAssetReference.cpp.obj.response'
  @progress 'Compiling C++ source code...' 62%
  [159/258] Microsoft (R) C/C++ Optimizing Compiler Version 19.16.27045 for x64
  Copyright (C) Microsoft Corporation.  All rights reserved.
  
  cl : Command line error D8022 : cannot open 'C:\Users\david\Documents\GitHub\Final-Year-Project\FYP\Plugins\UnrealEnginePython\Intermediate\Build\Win64\UE4Editor\Development\UnrealEnginePython\UEPyFTransform.cpp.obj.response'
  [160/258] Microsoft (R) C/C++ Optimizing Compiler Version 19.16.27045 for x64
  Copyright (C) Microsoft Corporation.  All rights reserved.
  
  cl : Command line error D8022 : cannot open 'C:\Users\david\Documents\GitHub\Final-Year-Project\FYP\Plugins\UnrealEnginePython\Intermediate\Build\Win64\UE4Editor\Development\UnrealEnginePython\UEPyFVector.cpp.obj.response'
  [161/258] Microsoft (R) C/C++ Optimizing Compiler Version 19.16.27045 for x64
  Copyright (C) Microsoft Corporation.  All rights reserved.
  
  cl : Command line error D8022 : cannot open 'C:\Users\david\Documents\GitHub\Final-Year-Project\FYP\Plugins\UnrealEnginePython\Intermediate\Build\Win64\UE4Editor\Development\UnrealEnginePython\UEPyFVector2D.cpp.obj.response'
  @progress 'Compiling C++ source code...' 63%
  [162/258] Microsoft (R) C/C++ Optimizing Compiler Version 19.16.27045 for x64
  Copyright (C) Microsoft Corporation.  All rights reserved.
  
  cl : Command line error D8022 : cannot open 'C:\Users\david\Documents\GitHub\Final-Year-Project\FYP\Plugins\UnrealEnginePython\Intermediate\Build\Win64\UE4Editor\Development\UnrealEnginePython\UEPyIAssetEditorInstance.cpp.obj.response'
  [163/258] Microsoft (R) C/C++ Optimizing Compiler Version 19.16.27045 for x64
  Copyright (C) Microsoft Corporation.  All rights reserved.
  
  cl : Command line error D8022 : cannot open 'C:\Users\david\Documents\GitHub\Final-Year-Project\FYP\Plugins\UnrealEnginePython\Intermediate\Build\Win64\UE4Editor\Development\UnrealEnginePython\PipConsoleManager.cpp.obj.response'
  @progress 'Compiling C++ source code...' 64%
  [164/258] Microsoft (R) C/C++ Optimizing Compiler Version 19.16.27045 for x64
  Copyright (C) Microsoft Corporation.  All rights reserved.
  
  cl : Command line error D8022 : cannot open 'C:\Users\david\Documents\GitHub\Final-Year-Project\FYP\Plugins\UnrealEnginePython\Intermediate\Build\Win64\UE4Editor\Development\UnrealEnginePython\UEPyFViewportClient.cpp.obj.response'
  [165/258] Microsoft (R) C/C++ Optimizing Compiler Version 19.16.27045 for x64
  Copyright (C) Microsoft Corporation.  All rights reserved.
  
  cl : Command line error D8022 : cannot open 'C:\Users\david\Documents\GitHub\Final-Year-Project\FYP\Plugins\UnrealEnginePython\Intermediate\Build\Win64\UE4Editor\Development\UnrealEnginePython\UEPyMovements.cpp.obj.response'
  [166/258] Microsoft (R) C/C++ Optimizing Compiler Version 19.16.27045 for x64
  Copyright (C) Microsoft Corporation.  All rights reserved.
  
  cl : Command line error D8022 : cannot open 'C:\Users\david\Documents\GitHub\Final-Year-Project\FYP\Plugins\UnrealEnginePython\Intermediate\Build\Win64\UE4Editor\Development\UnrealEnginePython\UEPyEngine.cpp.obj.response'
  @progress 'Compiling C++ source code...' 65%
  [167/258] Microsoft (R) C/C++ Optimizing Compiler Version 19.16.27045 for x64
  Copyright (C) Microsoft Corporation.  All rights reserved.
  
  cl : Command line error D8022 : cannot open 'C:\Users\david\Documents\GitHub\Final-Year-Project\FYP\Plugins\UnrealEnginePython\Intermediate\Build\Win64\UE4Editor\Development\UnrealEnginePython\PyNativeWidgetHost.gen.cpp.obj.response'
  [168/258] Microsoft (R) C/C++ Optimizing Compiler Version 19.16.27045 for x64
  Copyright (C) Microsoft Corporation.  All rights reserved.
  
  cl : Command line error D8022 : cannot open 'C:\Users\david\Documents\GitHub\Final-Year-Project\FYP\Plugins\UnrealEnginePython\Intermediate\Build\Win64\UE4Editor\Development\UnrealEnginePython\UEPyEnumsImporter.cpp.obj.response'
  @progress 'Compiling C++ source code...' 66%
  [169/258] Microsoft (R) C/C++ Optimizing Compiler Version 19.16.27045 for x64
  Copyright (C) Microsoft Corporation.  All rights reserved.
  
  cl : Command line error D8022 : cannot open 'C:\Users\david\Documents\GitHub\Final-Year-Project\FYP\Plugins\UnrealEnginePython\Intermediate\Build\Win64\UE4Editor\Development\UnrealEnginePython\PyCharacter.gen.cpp.obj.response'
  [170/258] Microsoft (R) C/C++ Optimizing Compiler Version 19.16.27045 for x64
  Copyright (C) Microsoft Corporation.  All rights reserved.
  
  cl : Command line error D8022 : cannot open 'C:\Users\david\Documents\GitHub\Final-Year-Project\FYP\Plugins\UnrealEnginePython\Intermediate\Build\Win64\UE4Editor\Development\UnrealEnginePython\UEPyPackage.cpp.obj.response'
  [171/258] Microsoft (R) C/C++ Optimizing Compiler Version 19.16.27045 for x64
  Copyright (C) Microsoft Corporation.  All rights reserved.
  
  cl : Command line error D8022 : cannot open 'C:\Users\david\Documents\GitHub\Final-Year-Project\FYP\Plugins\UnrealEnginePython\Intermediate\Build\Win64\UE4Editor\Development\UnrealEnginePython\UEPyPawn.cpp.obj.response'
  @progress 'Compiling C++ source code...' 67%
  [172/258] Microsoft (R) C/C++ Optimizing Compiler Version 19.16.27045 for x64
  Copyright (C) Microsoft Corporation.  All rights reserved.
  
  cl : Command line error D8022 : cannot open 'C:\Users\david\Documents\GitHub\Final-Year-Project\FYP\Plugins\UnrealEnginePython\Intermediate\Build\Win64\UE4Editor\Development\UnrealEnginePython\UEPyPhysics.cpp.obj.response'
  [173/258] Microsoft (R) C/C++ Optimizing Compiler Version 19.16.27045 for x64
  Copyright (C) Microsoft Corporation.  All rights reserved.
  
  cl : Command line error D8022 : cannot open 'C:\Users\david\Documents\GitHub\Final-Year-Project\FYP\Plugins\UnrealEnginePython\Intermediate\Build\Win64\UE4Editor\Development\UnrealEnginePython\UEPyFRotator.cpp.obj.response'
  [174/258] Microsoft (R) C/C++ Optimizing Compiler Version 19.16.27045 for x64
  Copyright (C) Microsoft Corporation.  All rights reserved.
  
  cl : Command line error D8022 : cannot open 'C:\Users\david\Documents\GitHub\Final-Year-Project\FYP\Plugins\UnrealEnginePython\Intermediate\Build\Win64\UE4Editor\Development\UnrealEnginePython\UEPyFRawMesh.cpp.obj.response'
  @progress 'Compiling C++ source code...' 68%
  [175/258] Microsoft (R) C/C++ Optimizing Compiler Version 19.16.27045 for x64
  Copyright (C) Microsoft Corporation.  All rights reserved.
  
  cl : Command line error D8022 : cannot open 'C:\Users\david\Documents\GitHub\Final-Year-Project\FYP\Plugins\UnrealEnginePython\Intermediate\Build\Win64\UE4Editor\Development\UnrealEnginePython\UEPyFSlowTask.cpp.obj.response'
  [176/258] Microsoft (R) C/C++ Optimizing Compiler Version 19.16.27045 for x64
  Copyright (C) Microsoft Corporation.  All rights reserved.
  
  cl : Command line error D8022 : cannot open 'C:\Users\david\Documents\GitHub\Final-Year-Project\FYP\Plugins\UnrealEnginePython\Intermediate\Build\Win64\UE4Editor\Development\UnrealEnginePython\UEPyFSocket.cpp.obj.response'
  @progress 'Compiling C++ source code...' 69%
  [177/258] Microsoft (R) C/C++ Optimizing Compiler Version 19.16.27045 for x64
  Copyright (C) Microsoft Corporation.  All rights reserved.
  
  cl : Command line error D8022 : cannot open 'C:\Users\david\Documents\GitHub\Final-Year-Project\FYP\Plugins\UnrealEnginePython\Intermediate\Build\Win64\UE4Editor\Development\UnrealEnginePython\UEPyModule.cpp.obj.response'
  [178/258] Microsoft (R) C/C++ Optimizing Compiler Version 19.16.27045 for x64
  Copyright (C) Microsoft Corporation.  All rights reserved.
  
  cl : Command line error D8022 : cannot open 'C:\Users\david\Documents\GitHub\Final-Year-Project\FYP\Plugins\UnrealEnginePython\Intermediate\Build\Win64\UE4Editor\Development\UnrealEnginePython\PyHUD.gen.cpp.obj.response'
  [179/258] Microsoft (R) C/C++ Optimizing Compiler Version 19.16.27045 for x64
  Copyright (C) Microsoft Corporation.  All rights reserved.
  
  cl : Command line error D8022 : cannot open 'C:\Users\david\Documents\GitHub\Final-Year-Project\FYP\Plugins\UnrealEnginePython\Intermediate\Build\Win64\UE4Editor\Development\UnrealEnginePython\UEPySubclassing.cpp.obj.response'
  @progress 'Compiling C++ source code...' 70%
  [180/258] Microsoft (R) C/C++ Optimizing Compiler Version 19.16.27045 for x64
  Copyright (C) Microsoft Corporation.  All rights reserved.
  
  cl : Command line error D8022 : cannot open 'C:\Users\david\Documents\GitHub\Final-Year-Project\FYP\Plugins\UnrealEnginePython\Intermediate\Build\Win64\UE4Editor\Development\UnrealEnginePython\UEPyTicker.cpp.obj.response'
  [181/258] Microsoft (R) C/C++ Optimizing Compiler Version 19.16.27045 for x64
  Copyright (C) Microsoft Corporation.  All rights reserved.
  
  cl : Command line error D8022 : cannot open 'C:\Users\david\Documents\GitHub\Final-Year-Project\FYP\Plugins\UnrealEnginePython\Intermediate\Build\Win64\UE4Editor\Development\UnrealEnginePython\UEPyUClassesImporter.cpp.obj.response'
  @progress 'Compiling C++ source code...' 71%
  [182/258] Microsoft (R) C/C++ Optimizing Compiler Version 19.16.27045 for x64
  Copyright (C) Microsoft Corporation.  All rights reserved.
  
  cl : Command line error D8022 : cannot open 'C:\Users\david\Documents\GitHub\Final-Year-Project\FYP\Plugins\UnrealEnginePython\Intermediate\Build\Win64\UE4Editor\Development\UnrealEnginePython\UEPyTimer.cpp.obj.response'
  [183/258] Microsoft (R) C/C++ Optimizing Compiler Version 19.16.27045 for x64
  Copyright (C) Microsoft Corporation.  All rights reserved.
  
  cl : Command line error D8022 : cannot open 'C:\Users\david\Documents\GitHub\Final-Year-Project\FYP\Plugins\UnrealEnginePython\Intermediate\Build\Win64\UE4Editor\Development\UnrealEnginePython\UEPyObject.cpp.obj.response'
  [184/258] Microsoft (R) C/C++ Optimizing Compiler Version 19.16.27045 for x64
  Copyright (C) Microsoft Corporation.  All rights reserved.
  
  cl : Command line error D8022 : cannot open 'C:\Users\david\Documents\GitHub\Final-Year-Project\FYP\Plugins\UnrealEnginePython\Intermediate\Build\Win64\UE4Editor\Development\UnrealEnginePython\UEPyUStructsImporter.cpp.obj.response'
  @progress 'Compiling C++ source code...' 72%
  [185/258] Microsoft (R) C/C++ Optimizing Compiler Version 19.16.27045 for x64
  Copyright (C) Microsoft Corporation.  All rights reserved.
  
  cl : Command line error D8022 : cannot open 'C:\Users\david\Documents\GitHub\Final-Year-Project\FYP\Plugins\UnrealEnginePython\Intermediate\Build\Win64\UE4Editor\Development\UnrealEnginePython\UEPyUScriptStruct.cpp.obj.response'
  [186/258] Microsoft (R) C/C++ Optimizing Compiler Version 19.16.27045 for x64
  Copyright (C) Microsoft Corporation.  All rights reserved.
  
  cl : Command line error D8022 : cannot open 'C:\Users\david\Documents\GitHub\Final-Year-Project\FYP\Plugins\UnrealEnginePython\Intermediate\Build\Win64\UE4Editor\Development\UnrealEnginePython\UnrealEnginePython.cpp.obj.response'
  [187/258] Microsoft (R) C/C++ Optimizing Compiler Version 19.16.27045 for x64
  Copyright (C) Microsoft Corporation.  All rights reserved.
  
  cl : Command line error D8022 : cannot open 'C:\Users\david\Documents\GitHub\Final-Year-Project\FYP\Plugins\UnrealEnginePython\Intermediate\Build\Win64\UE4Editor\Development\UnrealEnginePython\UEPyVisualLogger.cpp.obj.response'
  @progress 'Compiling C++ source code...' 73%
  [188/258] Microsoft (R) C/C++ Optimizing Compiler Version 19.16.27045 for x64
  Copyright (C) Microsoft Corporation.  All rights reserved.
  
  cl : Command line error D8022 : cannot open 'C:\Users\david\Documents\GitHub\Final-Year-Project\FYP\Plugins\UnrealEnginePython\Intermediate\Build\Win64\UE4Editor\Development\UnrealEnginePython\PipConsoleManager.gen.cpp.obj.response'
  [189/258] Microsoft (R) C/C++ Optimizing Compiler Version 19.16.27045 for x64
  Copyright (C) Microsoft Corporation.  All rights reserved.
  
  cl : Command line error D8022 : cannot open 'C:\Users\david\Documents\GitHub\Final-Year-Project\FYP\Plugins\UnrealEnginePython\Intermediate\Build\Win64\UE4Editor\Development\UnrealEnginePython\PyActor.gen.cpp.obj.response'
  @progress 'Compiling C++ source code...' 74%
  [190/258] Microsoft (R) C/C++ Optimizing Compiler Version 19.16.27045 for x64
  Copyright (C) Microsoft Corporation.  All rights reserved.
  
  cl : Command line error D8022 : cannot open 'C:\Users\david\Documents\GitHub\Final-Year-Project\FYP\Plugins\UnrealEnginePython\Intermediate\Build\Win64\UE4Editor\Development\UnrealEnginePython\UEPyLambda.cpp.obj.response'
  [191/258] Microsoft (R) C/C++ Optimizing Compiler Version 19.16.27045 for x64
  Copyright (C) Microsoft Corporation.  All rights reserved.
  
  cl : Command line error D8022 : cannot open 'C:\Users\david\Documents\GitHub\Final-Year-Project\FYP\Plugins\socketio-client-ue4\Intermediate\Build\Win64\UE4Editor\Development\CoreUtility\Module.CoreUtility.cpp.obj.response'
  [192/258] Microsoft (R) C/C++ Optimizing Compiler Version 19.16.27045 for x64
  Copyright (C) Microsoft Corporation.  All rights reserved.
  
  cl : Command line error D8022 : cannot open 'C:\Users\david\Documents\GitHub\Final-Year-Project\FYP\Plugins\socketio-client-ue4\Intermediate\Build\Win64\UE4Editor\Development\CoreUtility\Module.CoreUtility.gen.cpp.obj.response'
  @progress 'Compiling C++ source code...' 75%
  [193/258] Microsoft (R) C/C++ Optimizing Compiler Version 19.16.27045 for x64
  Copyright (C) Microsoft Corporation.  All rights reserved.
  
  cl : Command line error D8022 : cannot open 'C:\Users\david\Documents\GitHub\Final-Year-Project\FYP\Plugins\socketio-client-ue4\Intermediate\Build\Win64\UE4Editor\Development\SIOJson\Module.SIOJson.gen.cpp.obj.response'
  [194/258] Microsoft (R) C/C++ Optimizing Compiler Version 19.16.27045 for x64
  Copyright (C) Microsoft Corporation.  All rights reserved.
  
  cl : Command line error D8022 : cannot open 'C:\Users\david\Documents\GitHub\Final-Year-Project\FYP\Plugins\socketio-client-ue4\Intermediate\Build\Win64\UE4Editor\Development\SIOJson\Module.SIOJson.cpp.obj.response'
  @progress 'Compiling C++ source code...' 76%
  [195/258] Microsoft (R) C/C++ Optimizing Compiler Version 19.16.27045 for x64
  Copyright (C) Microsoft Corporation.  All rights reserved.
  
  cl : Command line error D8022 : cannot open 'C:\Users\david\Documents\GitHub\Final-Year-Project\FYP\Plugins\socketio-client-ue4\Intermediate\Build\Win64\UE4Editor\Development\SocketIOLib\Module.SocketIOLib.cpp.obj.response'
  [196/258] Microsoft (R) C/C++ Optimizing Compiler Version 19.16.27045 for x64
  Copyright (C) Microsoft Corporation.  All rights reserved.
  
  cl : Command line error D8022 : cannot open 'C:\Users\david\Documents\GitHub\Final-Year-Project\FYP\Plugins\tensorflow-ue4\Intermediate\Build\Win64\UE4Editor\Development\TensorFlow\PCH.TensorFlow.h.pch.response'
  [197/258] Microsoft (R) C/C++ Optimizing Compiler Version 19.16.27045 for x64
  Copyright (C) Microsoft Corporation.  All rights reserved.
  
  cl : Command line error D8022 : cannot open 'C:\Users\david\Documents\GitHub\Final-Year-Project\FYP\Plugins\UnrealEnginePython\Intermediate\Build\Win64\UE4Editor\Development\PythonEditor\PythonSyntaxTokenizer.cpp.obj.response'
  @progress 'Compiling C++ source code...' 77%
  [198/258] Microsoft (R) C/C++ Optimizing Compiler Version 19.16.27045 for x64
  Copyright (C) Microsoft Corporation.  All rights reserved.
  
  cl : Command line error D8022 : cannot open 'C:\Users\david\Documents\GitHub\Final-Year-Project\FYP\Plugins\UnrealEnginePython\Intermediate\Build\Win64\UE4Editor\Development\PythonEditor\DirectoryScanner.cpp.obj.response'
  [199/258] Microsoft (R) C/C++ Optimizing Compiler Version 19.16.27045 for x64
  Copyright (C) Microsoft Corporation.  All rights reserved.
  
  cl : Command line error D8022 : cannot open 'C:\Users\david\Documents\GitHub\Final-Year-Project\FYP\Plugins\UnrealEnginePython\Intermediate\Build\Win64\UE4Editor\Development\PythonEditor\PythonEditorStyle.cpp.obj.response'
  @progress 'Compiling C++ source code...' 78%
  [200/258] Microsoft (R) C/C++ Optimizing Compiler Version 19.16.27045 for x64
  Copyright (C) Microsoft Corporation.  All rights reserved.
  
  cl : Command line error D8022 : cannot open 'C:\Users\david\Documents\GitHub\Final-Year-Project\FYP\Plugins\socketio-client-ue4\Intermediate\Build\Win64\UE4Editor\Development\SocketIOClient\Module.SocketIOClient.cpp.obj.response'
  [201/258] Microsoft (R) C/C++ Optimizing Compiler Version 19.16.27045 for x64
  Copyright (C) Microsoft Corporation.  All rights reserved.
  
  cl : Command line error D8022 : cannot open 'C:\Users\david\Documents\GitHub\Final-Year-Project\FYP\Plugins\UnrealEnginePython\Intermediate\Build\Win64\UE4Editor\Development\PythonEditor\PythonProjectEditorCommands.cpp.obj.response'
  [202/258] Microsoft (R) C/C++ Optimizing Compiler Version 19.16.27045 for x64
  Copyright (C) Microsoft Corporation.  All rights reserved.
  
  cl : Command line error D8022 : cannot open 'C:\Users\david\Documents\GitHub\Final-Year-Project\FYP\Plugins\tensorflow-ue4\Intermediate\Build\Win64\UE4Editor\Development\TFAudioCapture\Module.TFAudioCapture.gen.cpp.obj.response'
  @progress 'Compiling C++ source code...' 79%
  [203/258] Microsoft (R) C/C++ Optimizing Compiler Version 19.16.27045 for x64
  Copyright (C) Microsoft Corporation.  All rights reserved.
  
  cl : Command line error D8022 : cannot open 'C:\Users\david\Documents\GitHub\Final-Year-Project\FYP\Plugins\tensorflow-ue4\Intermediate\Build\Win64\UE4Editor\Development\TFAudioCapture\Module.TFAudioCapture.cpp.obj.response'
  [204/258] Microsoft (R) C/C++ Optimizing Compiler Version 19.16.27045 for x64
  Copyright (C) Microsoft Corporation.  All rights reserved.
  
  cl : Command line error D8022 : cannot open 'C:\Users\david\Documents\GitHub\Final-Year-Project\FYP\Plugins\UnrealEnginePython\Intermediate\Build\Win64\UE4Editor\Development\PythonEditor\PythonProject.gen.cpp.obj.response'
  [205/258] Microsoft (R) C/C++ Optimizing Compiler Version 19.16.27045 for x64
  Copyright (C) Microsoft Corporation.  All rights reserved.
  
  cl : Command line error D8022 : cannot open 'C:\Users\david\Documents\GitHub\Final-Year-Project\FYP\Plugins\socketio-client-ue4\Intermediate\Build\Win64\UE4Editor\Development\SIOJEditorPlugin\Module.SIOJEditorPlugin.gen.cpp.obj.response'
  @progress 'Compiling C++ source code...' 80%
  [206/258] Microsoft (R) C/C++ Optimizing Compiler Version 19.16.27045 for x64
  Copyright (C) Microsoft Corporation.  All rights reserved.
  
  cl : Command line error D8022 : cannot open 'C:\Users\david\Documents\GitHub\Final-Year-Project\FYP\Plugins\UnrealEnginePython\Intermediate\Build\Win64\UE4Editor\Development\PythonEditor\PythonProjectItem.gen.cpp.obj.response'
  [207/258] Microsoft (R) C/C++ Optimizing Compiler Version 19.16.27045 for x64
  Copyright (C) Microsoft Corporation.  All rights reserved.
  
  cl : Command line error D8022 : cannot open 'C:\Users\david\Documents\GitHub\Final-Year-Project\FYP\Plugins\UnrealEnginePython\Intermediate\Build\Win64\UE4Editor\Development\PythonEditor\SProjectViewItem.cpp.obj.response'
  @progress 'Compiling C++ source code...' 81%
  [208/258] Microsoft (R) C/C++ Optimizing Compiler Version 19.16.27045 for x64
  Copyright (C) Microsoft Corporation.  All rights reserved.
  
  cl : Command line error D8022 : cannot open 'C:\Users\david\Documents\GitHub\Final-Year-Project\FYP\Plugins\UnrealEnginePython\Intermediate\Build\Win64\UE4Editor\Development\PythonEditor\PythonEditorCustomization.gen.cpp.obj.response'
  [209/258] Microsoft (R) C/C++ Optimizing Compiler Version 19.16.27045 for x64
  Copyright (C) Microsoft Corporation.  All rights reserved.
  
  cl : Command line error D8022 : cannot open 'C:\Users\david\Documents\GitHub\Final-Year-Project\FYP\Plugins\UnrealEnginePython\Intermediate\Build\Win64\UE4Editor\Development\PythonEditor\PythonEditor.init.gen.cpp.obj.response'
  [210/258] Microsoft (R) C/C++ Optimizing Compiler Version 19.16.27045 for x64
  Copyright (C) Microsoft Corporation.  All rights reserved.
  
  cl : Command line error D8022 : cannot open 'C:\Users\david\Documents\GitHub\Final-Year-Project\FYP\Plugins\socketio-client-ue4\Intermediate\Build\Win64\UE4Editor\Development\SocketIOClient\Module.SocketIOClient.gen.cpp.obj.response'
  @progress 'Compiling C++ source code...' 82%
  [211/258] Microsoft (R) C/C++ Optimizing Compiler Version 19.16.27045 for x64
  Copyright (C) Microsoft Corporation.  All rights reserved.
  
  cl : Command line error D8022 : cannot open 'C:\Users\david\Documents\GitHub\Final-Year-Project\FYP\Plugins\UnrealEnginePython\Intermediate\Build\Win64\UE4Editor\Development\PythonEditor\PythonProjectEditorToolbar.cpp.obj.response'
  [212/258] Microsoft (R) C/C++ Optimizing Compiler Version 19.16.27045 for x64
  Copyright (C) Microsoft Corporation.  All rights reserved.
  
  cl : Command line error D8022 : cannot open 'C:\Users\david\Documents\GitHub\Final-Year-Project\FYP\Plugins\UnrealEnginePython\Intermediate\Build\Win64\UE4Editor\Development\PythonEditor\WhiteSpaceTextRun.cpp.obj.response'
  @progress 'Compiling C++ source code...' 83%
  [213/258] Microsoft (R) C/C++ Optimizing Compiler Version 19.16.27045 for x64
  Copyright (C) Microsoft Corporation.  All rights reserved.
  
  cl : Command line error D8022 : cannot open 'C:\Users\david\Documents\GitHub\Final-Year-Project\FYP\Plugins\socketio-client-ue4\Intermediate\Build\Win64\UE4Editor\Development\SIOJEditorPlugin\Module.SIOJEditorPlugin.cpp.obj.response'
  [214/258] Microsoft (R) C/C++ Optimizing Compiler Version 19.16.27045 for x64
  Copyright (C) Microsoft Corporation.  All rights reserved.
  
  cl : Command line error D8022 : cannot open 'C:\Users\david\Documents\GitHub\Final-Year-Project\FYP\Plugins\UnrealEnginePython\Intermediate\Build\Win64\UE4Editor\Development\PythonConsole\PythonScriptFactory.gen.cpp.obj.response'
  [215/258] Microsoft (R) C/C++ Optimizing Compiler Version 19.16.27045 for x64
  Copyright (C) Microsoft Corporation.  All rights reserved.
  
  cl : Command line error D8022 : cannot open 'C:\Users\david\Documents\GitHub\Final-Year-Project\FYP\Plugins\UnrealEnginePython\Intermediate\Build\Win64\UE4Editor\Development\PythonEditor\PythonProjectItem.cpp.obj.response'
  @progress 'Compiling C++ source code...' 84%
  [216/258] Microsoft (R) C/C++ Optimizing Compiler Version 19.16.27045 for x64
  Copyright (C) Microsoft Corporation.  All rights reserved.
  
  cl : Command line error D8022 : cannot open 'C:\Users\david\Documents\GitHub\Final-Year-Project\FYP\Plugins\UnrealEnginePython\Intermediate\Build\Win64\UE4Editor\Development\PythonConsole\PythonConsole.init.gen.cpp.obj.response'
  [217/258] Microsoft (R) C/C++ Optimizing Compiler Version 19.16.27045 for x64
  Copyright (C) Microsoft Corporation.  All rights reserved.
  
  cl : Command line error D8022 : cannot open 'C:\Users\david\Documents\GitHub\Final-Year-Project\FYP\Plugins\UnrealEnginePython\Intermediate\Build\Win64\UE4Editor\Development\PythonEditor\SPythonEditor.cpp.obj.response'
  [218/258] Microsoft (R) C/C++ Optimizing Compiler Version 19.16.27045 for x64
  Copyright (C) Microsoft Corporation.  All rights reserved.
  
  cl : Command line error D8022 : cannot open 'C:\Users\david\Documents\GitHub\Final-Year-Project\FYP\Plugins\UnrealEnginePython\Intermediate\Build\Win64\UE4Editor\Development\PythonEditor\SPythonProjectEditor.cpp.obj.response'
  @progress 'Compiling C++ source code...' 85%
  [219/258] Microsoft (R) C/C++ Optimizing Compiler Version 19.16.27045 for x64
  Copyright (C) Microsoft Corporation.  All rights reserved.
  
  cl : Command line error D8022 : cannot open 'C:\Users\david\Documents\GitHub\Final-Year-Project\FYP\Plugins\UnrealEnginePython\Intermediate\Build\Win64\UE4Editor\Development\PythonAutomation\UEPyFAutomationEditorCommonUtils.cpp.obj.response'
  [220/258] Microsoft (R) C/C++ Optimizing Compiler Version 19.16.27045 for x64
  Copyright (C) Microsoft Corporation.  All rights reserved.
  
  cl : Command line error D8022 : cannot open 'C:\Users\david\Documents\GitHub\Final-Year-Project\FYP\Plugins\UnrealEnginePython\Intermediate\Build\Win64\UE4Editor\Development\PythonEditor\SPythonEditableText.cpp.obj.response'
  @progress 'Compiling C++ source code...' 86%
  [221/258] Microsoft (R) C/C++ Optimizing Compiler Version 19.16.27045 for x64
  Copyright (C) Microsoft Corporation.  All rights reserved.
  
  cl : Command line error D8022 : cannot open 'C:\Users\david\Documents\GitHub\Final-Year-Project\FYP\Plugins\UnrealEnginePython\Intermediate\Build\Win64\UE4Editor\Development\PythonAutomation\PythonAutomationModule.cpp.obj.response'
  [222/258] Microsoft (R) C/C++ Optimizing Compiler Version 19.16.27045 for x64
  Copyright (C) Microsoft Corporation.  All rights reserved.
  
  cl : Command line error D8022 : cannot open 'C:\Users\david\Documents\GitHub\Final-Year-Project\FYP\Plugins\UnrealEnginePython\Intermediate\Build\Win64\UE4Editor\Development\PythonConsole\PythonConsoleModule.cpp.obj.response'
  [223/258] Microsoft (R) C/C++ Optimizing Compiler Version 19.16.27045 for x64
  Copyright (C) Microsoft Corporation.  All rights reserved.
  
  cl : Command line error D8022 : cannot open 'C:\Users\david\Documents\GitHub\Final-Year-Project\FYP\Plugins\UnrealEnginePython\Intermediate\Build\Win64\UE4Editor\Development\PythonConsole\PythonScriptFactory.cpp.obj.response'
  @progress 'Compiling C++ source code...' 87%
  [224/258] Microsoft (R) C/C++ Optimizing Compiler Version 19.16.27045 for x64
  Copyright (C) Microsoft Corporation.  All rights reserved.
  
  cl : Command line error D8022 : cannot open 'C:\Users\david\Documents\GitHub\Final-Year-Project\FYP\Plugins\UnrealEnginePython\Intermediate\Build\Win64\UE4Editor\Development\PythonEditor\PythonProjectEditor.cpp.obj.response'
  [225/258] Microsoft (R) C/C++ Optimizing Compiler Version 19.16.27045 for x64
  Copyright (C) Microsoft Corporation.  All rights reserved.
  
  cl : Command line error D8022 : cannot open 'C:\Users\david\Documents\GitHub\Final-Year-Project\FYP\Plugins\UnrealEnginePython\Intermediate\Build\Win64\UE4Editor\Development\PythonEditor\PythonProject.cpp.obj.response'
  @progress 'Compiling C++ source code...' 88%
  [226/258] Microsoft (R) C/C++ Optimizing Compiler Version 19.16.27045 for x64
  Copyright (C) Microsoft Corporation.  All rights reserved.
  
  cl : Command line error D8022 : cannot open 'C:\Users\david\Documents\GitHub\Final-Year-Project\FYP\Plugins\UnrealEnginePython\Intermediate\Build\Win64\UE4Editor\Development\PythonEditor\PythonEditorCustomization.cpp.obj.response'
  [227/258] Microsoft (R) C/C++ Optimizing Compiler Version 19.16.27045 for x64
  Copyright (C) Microsoft Corporation.  All rights reserved.
  
  cl : Command line error D8022 : cannot open 'C:\Users\david\Documents\GitHub\Final-Year-Project\FYP\Plugins\UnrealEnginePython\Intermediate\Build\Win64\UE4Editor\Development\PythonConsole\SPythonConsole.cpp.obj.response'
  [228/258] Microsoft (R) C/C++ Optimizing Compiler Version 19.16.27045 for x64
  Copyright (C) Microsoft Corporation.  All rights reserved.
  
  cl : Command line error D8022 : cannot open 'C:\Users\david\Documents\GitHub\Final-Year-Project\FYP\Plugins\UnrealEnginePython\Intermediate\Build\Win64\UE4Editor\Development\PythonConsole\SPythonLog.cpp.obj.response'
  @progress 'Compiling C++ source code...' 89%
  [229/258] Microsoft (R) C/C++ Optimizing Compiler Version 19.16.27045 for x64
  Copyright (C) Microsoft Corporation.  All rights reserved.
  
  cl : Command line error D8022 : cannot open 'C:\Users\david\Documents\GitHub\Final-Year-Project\FYP\Plugins\UnrealEnginePython\Intermediate\Build\Win64\UE4Editor\Development\PythonConsole\PyFactory.gen.cpp.obj.response'
  [230/258] Microsoft (R) C/C++ Optimizing Compiler Version 19.16.27045 for x64
  Copyright (C) Microsoft Corporation.  All rights reserved.
  
  cl : Command line error D8022 : cannot open 'C:\Users\david\Documents\GitHub\Final-Year-Project\FYP\Plugins\UnrealEnginePython\Intermediate\Build\Win64\UE4Editor\Development\PythonEditor\PythonEditor.cpp.obj.response'
  @progress 'Compiling C++ source code...' 90%
  [231/258] Microsoft (R) C/C++ Optimizing Compiler Version 19.16.27045 for x64
  Copyright (C) Microsoft Corporation.  All rights reserved.
  
  cl : Command line error D8022 : cannot open 'C:\Users\david\Documents\GitHub\Final-Year-Project\FYP\Plugins\UnrealEnginePython\Intermediate\Build\Win64\UE4Editor\Development\PythonConsole\PyFbxFactory.gen.cpp.obj.response'
  [232/258] Microsoft (R) C/C++ Optimizing Compiler Version 19.16.27045 for x64
  Copyright (C) Microsoft Corporation.  All rights reserved.
  
  cl : Command line error D8022 : cannot open 'C:\Users\david\Documents\GitHub\Final-Year-Project\FYP\Plugins\UnrealEnginePython\Intermediate\Build\Win64\UE4Editor\Development\PythonConsole\PyFbxFactory.cpp.obj.response'
  [233/258] Microsoft (R) C/C++ Optimizing Compiler Version 19.16.27045 for x64
  Copyright (C) Microsoft Corporation.  All rights reserved.
  
  cl : Command line error D8022 : cannot open 'C:\Users\david\Documents\GitHub\Final-Year-Project\FYP\Plugins\UnrealEnginePython\Intermediate\Build\Win64\UE4Editor\Development\PythonEditor\PYRichTextSyntaxHighlighterTextLayoutMarshaller.cpp.obj.response'
LogInit: Warning: Still incompatible or missing module: FYP
LogExit: Preparing to exit.
LogModuleManager: Shutting down and abandoning module DesktopPlatform (44)
LogModuleManager: Shutting down and abandoning module PlatformCryptoOpenSSL (42)
LogModuleManager: Shutting down and abandoning module PlatformCrypto (40)
LogModuleManager: Shutting down and abandoning module AnimationModifiers (38)
LogModuleManager: Shutting down and abandoning module PropertyEditor (37)
LogModuleManager: Shutting down and abandoning module AudioEditor (34)
LogModuleManager: Shutting down and abandoning module TextureCompressor (32)
LogModuleManager: Shutting down and abandoning module RenderCore (30)
LogModuleManager: Shutting down and abandoning module Landscape (28)
LogModuleManager: Shutting down and abandoning module SlateRHIRenderer (26)
LogModuleManager: Shutting down and abandoning module OpenGLDrv (24)
LogModuleManager: Shutting down and abandoning module D3D11RHI (22)
LogModuleManager: Shutting down and abandoning module AnimGraphRuntime (20)
LogModuleManager: Shutting down and abandoning module Renderer (18)
LogModuleManager: Shutting down and abandoning module Engine (16)
LogModuleManager: Shutting down and abandoning module CoreUObject (14)
LogModuleManager: Shutting down and abandoning module NetworkFile (12)
LogModuleManager: Shutting down and abandoning module CookedIterativeFile (10)
LogModuleManager: Shutting down and abandoning module StreamingFile (8)
LogModuleManager: Shutting down and abandoning module SandboxFile (6)
LogModuleManager: Shutting down and abandoning module PakFile (4)
LogModuleManager: Shutting down and abandoning module RSA (3)
LogExit: Exiting.
Log file closed, 12/29/20 17:19:25
