Log file open, 02/05/21 17:15:42
LogWindows: Failed to load 'aqProf.dll' (GetLastError=126)
LogWindows: File 'aqProf.dll' does not exist
LogWindows: Failed to load 'VtuneApi.dll' (GetLastError=126)
LogWindows: File 'VtuneApi.dll' does not exist
LogWindows: Failed to load 'VtuneApi32e.dll' (GetLastError=126)
LogWindows: File 'VtuneApi32e.dll' does not exist
LogConsoleResponse: Display: Failed to find resolution value strings in scalability ini. Falling back to default.
LogInit: Display: Running engine without a game
LogPlatformFile: Not using cached read wrapper
LogInit: Display: Loading recent project file: ../../../../../../Users/david/Documents/GitHub/Final-Year-Project/FYP/FYP.uproject
LogTaskGraph: Started task graph with 5 named threads and 14 total threads with 3 sets of task threads.
LogStats: Stats thread started at 0.563124
LogD3D11RHI: Loaded GFSDK_Aftermath_Lib.x64.dll
LogICUInternationalization: ICU TimeZone Detection - Raw Offset: +0:00, Platform Override: ''
LogPluginManager: Mounting plugin Paper2D
LogPluginManager: Mounting plugin AISupport
LogPluginManager: Mounting plugin LightPropagationVolume
LogPluginManager: Mounting plugin ActorLayerUtilities
LogPluginManager: Mounting plugin AnimationSharing
LogPluginManager: Mounting plugin CLionSourceCodeAccess
LogPluginManager: Mounting plugin CodeLiteSourceCodeAccess
LogPluginManager: Mounting plugin GitSourceControl
LogPluginManager: Mounting plugin KDevelopSourceCodeAccess
LogPluginManager: Mounting plugin NullSourceCodeAccess
LogPluginManager: Mounting plugin PerforceSourceControl
LogPluginManager: Mounting plugin SubversionSourceControl
LogPluginManager: Mounting plugin UObjectPlugin
LogPluginManager: Mounting plugin VisualStudioCodeSourceCodeAccess
LogPluginManager: Mounting plugin VisualStudioSourceCodeAccess
LogPluginManager: Mounting plugin XCodeSourceCodeAccess
LogPluginManager: Mounting plugin AssetManagerEditor
LogPluginManager: Mounting plugin CryptoKeys
LogPluginManager: Mounting plugin CurveEditorTools
LogPluginManager: Mounting plugin DataValidation
LogPluginManager: Mounting plugin FacialAnimation
LogPluginManager: Mounting plugin GameplayTagsEditor
LogPluginManager: Mounting plugin MacGraphicsSwitching
LogPluginManager: Mounting plugin MaterialAnalyzer
LogPluginManager: Mounting plugin MobileLauncherProfileWizard
LogPluginManager: Mounting plugin PluginBrowser
LogPluginManager: Mounting plugin SpeedTreeImporter
LogPluginManager: Mounting plugin DatasmithContent
LogPluginManager: Mounting plugin VariantManagerContent
LogPluginManager: Mounting plugin AlembicImporter
LogPluginManager: Mounting plugin AutomationUtils
LogPluginManager: Mounting plugin BackChannel
LogPluginManager: Mounting plugin CharacterAI
LogPluginManager: Mounting plugin GeometryCache
LogPluginManager: Mounting plugin HTML5Networking
LogPluginManager: Mounting plugin PlatformCrypto
LogPluginManager: Mounting plugin ProxyLODPlugin
LogPluginManager: Mounting plugin RawInput
LogPluginManager: Mounting plugin SkeletalReduction
LogPluginManager: Mounting plugin MagicLeap
LogPluginManager: Mounting plugin MagicLeapMedia
LogPluginManager: Mounting plugin AndroidMedia
LogPluginManager: Mounting plugin AvfMedia
LogPluginManager: Mounting plugin ImgMedia
LogPluginManager: Mounting plugin MediaCompositing
LogPluginManager: Mounting plugin MediaPlayerEditor
LogPluginManager: Mounting plugin WebMMedia
LogPluginManager: Mounting plugin WmfMedia
LogPluginManager: Mounting plugin TcpMessaging
LogPluginManager: Mounting plugin UdpMessaging
LogPluginManager: Mounting plugin ActorSequence
LogPluginManager: Mounting plugin LevelSequenceEditor
LogPluginManager: Mounting plugin MatineeToLevelSequence
LogPluginManager: Mounting plugin NetcodeUnitTest
LogPluginManager: Mounting plugin NUTUnrealEngine4
LogPluginManager: Mounting plugin OnlineSubsystemGooglePlay
LogPluginManager: Mounting plugin OnlineSubsystemIOS
LogPluginManager: Mounting plugin OnlineSubsystem
LogPluginManager: Mounting plugin OnlineSubsystemNull
LogPluginManager: Mounting plugin OnlineSubsystemUtils
LogPluginManager: Mounting plugin LauncherChunkInstaller
LogPluginManager: Mounting plugin AndroidDeviceProfileSelector
LogPluginManager: Mounting plugin AndroidMoviePlayer
LogPluginManager: Mounting plugin AndroidPermission
LogPluginManager: Mounting plugin AppleImageUtils
LogPluginManager: Mounting plugin AppleMoviePlayer
LogPluginManager: Mounting plugin ArchVisCharacter
LogPluginManager: Mounting plugin AudioCapture
LogPluginManager: Mounting plugin CableComponent
LogPluginManager: Mounting plugin CustomMeshComponent
LogPluginManager: Mounting plugin EditableMesh
LogPluginManager: Mounting plugin ExampleDeviceProfileSelector
LogPluginManager: Mounting plugin GoogleCloudMessaging
LogPluginManager: Mounting plugin IOSDeviceProfileSelector
LogPluginManager: Mounting plugin LinuxDeviceProfileSelector
LogPluginManager: Mounting plugin LocationServicesBPLibrary
LogPluginManager: Mounting plugin MobilePatchingUtils
LogPluginManager: Mounting plugin OculusVR
LogPluginManager: Mounting plugin PhysXVehicles
LogPluginManager: Mounting plugin ProceduralMeshComponent
LogPluginManager: Mounting plugin RuntimePhysXCooking
LogPluginManager: Mounting plugin SignificanceManager
LogPluginManager: Mounting plugin SteamVR
LogPluginManager: Mounting plugin WebMMoviePlayer
LogPluginManager: Mounting plugin WindowsMoviePlayer
LogPluginManager: Mounting plugin ScreenshotTools
LogPluginManager: Mounting plugin SocketIOClient
LogPluginManager: Mounting plugin TensorFlow
LogPluginManager: Mounting plugin UnrealEnginePython
LogInit: Using libcurl 7.55.1-DEV
LogInit:  - built for x86_64-pc-win32
LogInit:  - supports SSL with OpenSSL/1.1.1
LogInit:  - supports HTTP deflate (compression) using libz 1.2.8
LogInit:  - other features:
LogInit:      CURL_VERSION_SSL
LogInit:      CURL_VERSION_LIBZ
LogInit:      CURL_VERSION_IPV6
LogInit:      CURL_VERSION_ASYNCHDNS
LogInit:      CURL_VERSION_LARGEFILE
LogInit:      CURL_VERSION_IDN
LogInit:  CurlRequestOptions (configurable via config and command line):
LogInit:  - bVerifyPeer = true  - Libcurl will verify peer certificate
LogInit:  - bUseHttpProxy = false  - Libcurl will NOT use HTTP proxy
LogInit:  - bDontReuseConnections = false  - Libcurl will reuse connections
LogInit:  - MaxHostConnections = 16  - Libcurl will limit the number of connections to a host
LogInit:  - LocalHostAddr = Default
LogInit:  - BufferSize = 65536
LogOnline: OSS: Creating online subsystem instance for: NULL
LogInit: WinSock: version 1.1 (2.2), MaxSocks=32767, MaxUdp=65467
LogInit: Build: ++UE4+Release-4.23-CL-9631420
LogInit: Engine Version: 4.23.1-9631420+++UE4+Release-4.23
LogInit: Compatible Engine Version: 4.23.0-8386587+++UE4+Release-4.23
LogInit: Net CL: 8386587
LogInit: OS: Windows 10 (Release 2009) (), CPU:        Intel(R) Core(TM) i5-2500K CPU @ 3.30GHz, GPU: NVIDIA GeForce RTX 2060 SUPER
LogInit: Compiled (64-bit): Oct 18 2019 02:07:44
LogInit: Compiled with Visual C++: 19.16.27030.01
LogInit: Build Configuration: Development
LogInit: Branch Name: ++UE4+Release-4.23
LogInit: Command Line: 
LogInit: Base Directory: C:/Program Files/Epic Games/UE_4.23/Engine/Binaries/Win64/
LogInit: Installed Engine Build: 1
LogDevObjectVersion: Number of dev versions registered: 23
LogDevObjectVersion:   Dev-Blueprints (B0D832E4-1F89-4F0D-ACCF-7EB736FD4AA2): 10
LogDevObjectVersion:   Dev-Build (E1C64328-A22C-4D53-A36C-8E866417BD8C): 0
LogDevObjectVersion:   Dev-Core (375EC13C-06E4-48FB-B500-84F0262A717E): 3
LogDevObjectVersion:   Dev-Editor (E4B068ED-F494-42E9-A231-DA0B2E46BB41): 34
LogDevObjectVersion:   Dev-Framework (CFFC743F-43B0-4480-9391-14DF171D2073): 35
LogDevObjectVersion:   Dev-Mobile (B02B49B5-BB20-44E9-A304-32B752E40360): 2
LogDevObjectVersion:   Dev-Networking (A4E4105C-59A1-49B5-A7C5-40C4547EDFEE): 0
LogDevObjectVersion:   Dev-Online (39C831C9-5AE6-47DC-9A44-9C173E1C8E7C): 0
LogDevObjectVersion:   Dev-Physics (78F01B33-EBEA-4F98-B9B4-84EACCB95AA2): 0
LogDevObjectVersion:   Dev-Platform (6631380F-2D4D-43E0-8009-CF276956A95A): 0
LogDevObjectVersion:   Dev-Rendering (12F88B9F-8875-4AFC-A67C-D90C383ABD29): 31
LogDevObjectVersion:   Dev-Sequencer (7B5AE74C-D270-4C10-A958-57980B212A5A): 11
LogDevObjectVersion:   Dev-VR (D7296918-1DD6-4BDD-9DE2-64A83CC13884): 2
LogDevObjectVersion:   Dev-LoadTimes (C2A15278-BFE7-4AFE-6C17-90FF531DF755): 1
LogDevObjectVersion:   Private-Geometry (6EACA3D4-40EC-4CC1-B786-8BED09428FC5): 3
LogDevObjectVersion:   Dev-AnimPhys (29E575DD-E0A3-4627-9D10-D276232CDCEA): 17
LogDevObjectVersion:   Dev-Anim (AF43A65D-7FD3-4947-9873-3E8ED9C1BB05): 2
LogDevObjectVersion:   Dev-ReflectionCapture (6B266CEC-1EC7-4B8F-A30B-E4D90942FC07): 1
LogDevObjectVersion:   Dev-Automation (0DF73D61-A23F-47EA-B727-89E90C41499A): 1
LogDevObjectVersion:   FortniteMain (601D1886-AC64-4F84-AA16-D3DE0DEAC7D6): 27
LogDevObjectVersion:   Dev-Enterprise (9DFFBCD6-494F-0158-E221-12823C92A888): 6
LogDevObjectVersion:   Dev-Niagara (F2AED0AC-9AFE-416F-8664-AA7FFA26D6FC): 1
LogDevObjectVersion:   Dev-Destruction (174F1F0B-B4C6-45A5-B13F-2EE8D0FB917D): 9
LogInit: Presizing for max 16777216 objects, including 0 objects not considered by GC, pre-allocating 0 bytes for permanent pool.
LogInit: Object subsystem initialized
LogConfig: Setting CVar [[con.DebugEarlyDefault:1]]
LogConfig: Setting CVar [[r.setres:1280x720]]
[2021.02.05-17.15.44:098][  0]LogConfig: Setting CVar [[r.VSync:0]]
[2021.02.05-17.15.44:098][  0]LogConfig: Setting CVar [[r.RHICmdBypass:0]]
[2021.02.05-17.15.44:098][  0]LogConfig: Applying CVar settings from Section [/Script/Engine.RendererSettings] File [C:/Users/david/Documents/GitHub/Final-Year-Project/FYP/Saved/Config/Windows/Engine.ini]
[2021.02.05-17.15.44:098][  0]LogConfig: Setting CVar [[r.GPUCrashDebugging:0]]
[2021.02.05-17.15.44:098][  0]LogConfig: Setting CVar [[r.MobileHDR:1]]
[2021.02.05-17.15.44:098][  0]LogConfig: Setting CVar [[r.Mobile.DisableVertexFog:1]]
[2021.02.05-17.15.44:098][  0]LogConfig: Setting CVar [[r.Shadow.CSM.MaxMobileCascades:2]]
[2021.02.05-17.15.44:098][  0]LogConfig: Setting CVar [[r.MobileMSAA:1]]
[2021.02.05-17.15.44:098][  0]LogConfig: Setting CVar [[r.Mobile.UseLegacyShadingModel:0]]
[2021.02.05-17.15.44:098][  0]LogConfig: Setting CVar [[r.Mobile.UseHWsRGBEncoding:0]]
[2021.02.05-17.15.44:098][  0]LogConfig: Setting CVar [[r.Mobile.AllowDitheredLODTransition:0]]
[2021.02.05-17.15.44:098][  0]LogConfig: Setting CVar [[r.Mobile.AllowSoftwareOcclusion:0]]
[2021.02.05-17.15.44:098][  0]LogConfig: Setting CVar [[r.DiscardUnusedQuality:0]]
[2021.02.05-17.15.44:098][  0]LogConfig: Setting CVar [[r.AllowOcclusionQueries:1]]
[2021.02.05-17.15.44:098][  0]LogConfig: Setting CVar [[r.MinScreenRadiusForLights:0.030000]]
[2021.02.05-17.15.44:098][  0]LogConfig: Setting CVar [[r.MinScreenRadiusForDepthPrepass:0.030000]]
[2021.02.05-17.15.44:098][  0]LogConfig: Setting CVar [[r.MinScreenRadiusForCSMDepth:0.010000]]
[2021.02.05-17.15.44:098][  0]LogConfig: Setting CVar [[r.PrecomputedVisibilityWarning:0]]
[2021.02.05-17.15.44:098][  0]LogConfig: Setting CVar [[r.TextureStreaming:1]]
[2021.02.05-17.15.44:098][  0]LogConfig: Setting CVar [[Compat.UseDXT5NormalMaps:0]]
[2021.02.05-17.15.44:098][  0]LogConfig: Setting CVar [[r.VirtualTextures:0]]
[2021.02.05-17.15.44:098][  0]LogConfig: Setting CVar [[r.VirtualTexturedLightmaps:0]]
[2021.02.05-17.15.44:098][  0]LogConfig: Setting CVar [[r.VT.TileSize:128]]
[2021.02.05-17.15.44:098][  0]LogConfig: Setting CVar [[r.VT.TileBorderSize:4]]
[2021.02.05-17.15.44:098][  0]LogConfig: Setting CVar [[r.vt.FeedbackFactor:16]]
[2021.02.05-17.15.44:098][  0]LogConfig: Setting CVar [[r.VT.EnableCompressZlib:1]]
[2021.02.05-17.15.44:098][  0]LogConfig: Setting CVar [[r.VT.EnableCompressCrunch:0]]
[2021.02.05-17.15.44:098][  0]LogConfig: Setting CVar [[r.ClearCoatNormal:0]]
[2021.02.05-17.15.44:098][  0]LogConfig: Setting CVar [[r.ReflectionCaptureResolution:128]]
[2021.02.05-17.15.44:098][  0]LogConfig: Setting CVar [[r.ReflectionEnvironmentLightmapMixBasedOnRoughness:1]]
[2021.02.05-17.15.44:098][  0]LogConfig: Setting CVar [[r.ForwardShading:0]]
[2021.02.05-17.15.44:098][  0]LogConfig: Setting CVar [[r.VertexFoggingForOpaque:1]]
[2021.02.05-17.15.44:098][  0]LogConfig: Setting CVar [[r.AllowStaticLighting:1]]
[2021.02.05-17.15.44:098][  0]LogConfig: Setting CVar [[r.NormalMapsForStaticLighting:0]]
[2021.02.05-17.15.44:098][  0]LogConfig: Setting CVar [[r.GenerateMeshDistanceFields:0]]
[2021.02.05-17.15.44:098][  0]LogConfig: Setting CVar [[r.DistanceFieldBuild.EightBit:0]]
[2021.02.05-17.15.44:098][  0]LogConfig: Setting CVar [[r.GenerateLandscapeGIData:0]]
[2021.02.05-17.15.44:099][  0]LogConfig: Setting CVar [[r.DistanceFieldBuild.Compress:0]]
[2021.02.05-17.15.44:099][  0]LogConfig: Setting CVar [[r.TessellationAdaptivePixelsPerTriangle:48.000000]]
[2021.02.05-17.15.44:099][  0]LogConfig: Setting CVar [[r.SeparateTranslucency:1]]
[2021.02.05-17.15.44:099][  0]LogConfig: Setting CVar [[r.TranslucentSortPolicy:0]]
[2021.02.05-17.15.44:099][  0]LogConfig: Setting CVar [[r.CustomDepth:1]]
[2021.02.05-17.15.44:099][  0]LogConfig: Setting CVar [[r.CustomDepthTemporalAAJitter:1]]
[2021.02.05-17.15.44:099][  0]LogConfig: Setting CVar [[r.PostProcessing.PropagateAlpha:0]]
[2021.02.05-17.15.44:099][  0]LogConfig: Setting CVar [[r.DefaultFeature.Bloom:1]]
[2021.02.05-17.15.44:099][  0]LogConfig: Setting CVar [[r.DefaultFeature.AmbientOcclusion:1]]
[2021.02.05-17.15.44:099][  0]LogConfig: Setting CVar [[r.DefaultFeature.AmbientOcclusionStaticFraction:1]]
[2021.02.05-17.15.44:099][  0]LogConfig: Setting CVar [[r.DefaultFeature.AutoExposure:0]]
[2021.02.05-17.15.44:099][  0]LogConfig: Setting CVar [[r.DefaultFeature.AutoExposure.Method:0]]
[2021.02.05-17.15.44:099][  0]LogConfig: Setting CVar [[r.DefaultFeature.AutoExposure.ExtendDefaultLuminanceRange:0]]
[2021.02.05-17.15.44:099][  0]LogConfig: Setting CVar [[r.UsePreExposure:1]]
[2021.02.05-17.15.44:099][  0]LogConfig: Setting CVar [[r.EyeAdaptation.EditorOnly:1]]
[2021.02.05-17.15.44:099][  0]LogConfig: Setting CVar [[r.DefaultFeature.MotionBlur:0]]
[2021.02.05-17.15.44:099][  0]LogConfig: Setting CVar [[r.DefaultFeature.LensFlare:0]]
[2021.02.05-17.15.44:099][  0]LogConfig: Setting CVar [[r.TemporalAA.Upsampling:0]]
[2021.02.05-17.15.44:099][  0]LogConfig: Setting CVar [[r.DefaultFeature.AntiAliasing:0]]
[2021.02.05-17.15.44:099][  0]LogConfig: Setting CVar [[r.DefaultFeature.LightUnits:1]]
[2021.02.05-17.15.44:099][  0]LogConfig: Setting CVar [[r.DefaultBackBufferPixelFormat:4]]
[2021.02.05-17.15.44:099][  0]LogConfig: Setting CVar [[r.Shadow.UnbuiltPreviewInGame:1]]
[2021.02.05-17.15.44:099][  0]LogConfig: Setting CVar [[r.StencilForLODDither:0]]
[2021.02.05-17.15.44:099][  0]LogConfig: Setting CVar [[r.EarlyZPass:3]]
[2021.02.05-17.15.44:099][  0]LogConfig: Setting CVar [[r.EarlyZPassOnlyMaterialMasking:0]]
[2021.02.05-17.15.44:099][  0]LogConfig: Setting CVar [[r.DBuffer:1]]
[2021.02.05-17.15.44:099][  0]LogConfig: Setting CVar [[r.ClearSceneMethod:1]]
[2021.02.05-17.15.44:099][  0]LogConfig: Setting CVar [[r.BasePassOutputsVelocity:0]]
[2021.02.05-17.15.44:099][  0]LogConfig: Setting CVar [[r.SelectiveBasePassOutputs:0]]
[2021.02.05-17.15.44:099][  0]LogConfig: Setting CVar [[fx.GPUSimulationTextureSizeX:1024]]
[2021.02.05-17.15.44:099][  0]LogConfig: Setting CVar [[fx.GPUSimulationTextureSizeY:1024]]
[2021.02.05-17.15.44:099][  0]LogConfig: Setting CVar [[r.AllowGlobalClipPlane:0]]
[2021.02.05-17.15.44:099][  0]LogConfig: Setting CVar [[r.GBufferFormat:1]]
[2021.02.05-17.15.44:099][  0]LogConfig: Setting CVar [[r.MorphTarget.Mode:1]]
[2021.02.05-17.15.44:099][  0]LogConfig: Setting CVar [[vr.InstancedStereo:0]]
[2021.02.05-17.15.44:099][  0]LogConfig: Setting CVar [[vr.MultiView:0]]
[2021.02.05-17.15.44:099][  0]LogConfig: Setting CVar [[vr.MobileMultiView:0]]
[2021.02.05-17.15.44:099][  0]LogConfig: Setting CVar [[vr.MobileMultiView.Direct:0]]
[2021.02.05-17.15.44:099][  0]LogConfig: Setting CVar [[vr.RoundRobinOcclusion:0]]
[2021.02.05-17.15.44:099][  0]LogConfig: Setting CVar [[vr.ODSCapture:0]]
[2021.02.05-17.15.44:099][  0]LogConfig: Setting CVar [[r.WireframeCullThreshold:5.000000]]
[2021.02.05-17.15.44:099][  0]LogConfig: Setting CVar [[r.RayTracing:0]]
[2021.02.05-17.15.44:099][  0]LogConfig: Setting CVar [[r.SupportStationarySkylight:1]]
[2021.02.05-17.15.44:099][  0]LogConfig: Setting CVar [[r.SupportLowQualityLightmaps:1]]
[2021.02.05-17.15.44:099][  0]LogConfig: Setting CVar [[r.SupportPointLightWholeSceneShadows:1]]
[2021.02.05-17.15.44:099][  0]LogConfig: Setting CVar [[r.SupportAtmosphericFog:1]]
[2021.02.05-17.15.44:099][  0]LogConfig: Setting CVar [[r.SkinCache.CompileShaders:0]]
[2021.02.05-17.15.44:099][  0]LogConfig: Setting CVar [[r.Mobile.EnableStaticAndCSMShadowReceivers:1]]
[2021.02.05-17.15.44:099][  0]LogConfig: Setting CVar [[r.Mobile.EnableMovableLightCSMShaderCulling:1]]
[2021.02.05-17.15.44:099][  0]LogConfig: Setting CVar [[r.Mobile.AllowDistanceFieldShadows:1]]
[2021.02.05-17.15.44:099][  0]LogConfig: Setting CVar [[r.Mobile.AllowMovableDirectionalLights:1]]
[2021.02.05-17.15.44:099][  0]LogConfig: Setting CVar [[r.MobileNumDynamicPointLights:4]]
[2021.02.05-17.15.44:099][  0]LogConfig: Setting CVar [[r.MobileDynamicPointLightsUseStaticBranch:1]]
[2021.02.05-17.15.44:099][  0]LogConfig: Setting CVar [[r.Mobile.EnableMovableSpotlights:0]]
[2021.02.05-17.15.44:099][  0]LogConfig: Setting CVar [[r.SkinCache.SceneMemoryLimitInMB:128.000000]]
[2021.02.05-17.15.44:099][  0]LogConfig: Setting CVar [[r.GPUSkin.Limit2BoneInfluences:0]]
[2021.02.05-17.15.44:099][  0]LogConfig: Setting CVar [[r.SupportDepthOnlyIndexBuffers:1]]
[2021.02.05-17.15.44:100][  0]LogConfig: Setting CVar [[r.SupportReversedIndexBuffers:1]]
[2021.02.05-17.15.44:100][  0]LogConfig: Setting CVar [[r.SupportMaterialLayers:0]]
[2021.02.05-17.15.44:100][  0]LogConfig: Applying CVar settings from Section [/Script/Engine.RendererOverrideSettings] File [C:/Users/david/Documents/GitHub/Final-Year-Project/FYP/Saved/Config/Windows/Engine.ini]
[2021.02.05-17.15.44:100][  0]LogConfig: Applying CVar settings from Section [/Script/Engine.StreamingSettings] File [C:/Users/david/Documents/GitHub/Final-Year-Project/FYP/Saved/Config/Windows/Engine.ini]
[2021.02.05-17.15.44:100][  0]LogConfig: Setting CVar [[s.MinBulkDataSizeForAsyncLoading:131072]]
[2021.02.05-17.15.44:100][  0]LogConfig: Setting CVar [[s.AsyncLoadingThreadEnabled:0]]
[2021.02.05-17.15.44:100][  0]LogConfig: Setting CVar [[s.EventDrivenLoaderEnabled:1]]
[2021.02.05-17.15.44:100][  0]LogConfig: Setting CVar [[s.WarnIfTimeLimitExceeded:0]]
[2021.02.05-17.15.44:100][  0]LogConfig: Setting CVar [[s.TimeLimitExceededMultiplier:1.5]]
[2021.02.05-17.15.44:100][  0]LogConfig: Setting CVar [[s.TimeLimitExceededMinTime:0.005]]
[2021.02.05-17.15.44:100][  0]LogConfig: Setting CVar [[s.UseBackgroundLevelStreaming:1]]
[2021.02.05-17.15.44:100][  0]LogConfig: Setting CVar [[s.PriorityAsyncLoadingExtraTime:15.0]]
[2021.02.05-17.15.44:100][  0]LogConfig: Setting CVar [[s.LevelStreamingActorsUpdateTimeLimit:5.0]]
[2021.02.05-17.15.44:100][  0]LogConfig: Setting CVar [[s.PriorityLevelStreamingActorsUpdateExtraTime:5.0]]
[2021.02.05-17.15.44:100][  0]LogConfig: Setting CVar [[s.LevelStreamingComponentsRegistrationGranularity:10]]
[2021.02.05-17.15.44:100][  0]LogConfig: Setting CVar [[s.UnregisterComponentsTimeLimit:1.0]]
[2021.02.05-17.15.44:100][  0]LogConfig: Setting CVar [[s.LevelStreamingComponentsUnregistrationGranularity:5]]
[2021.02.05-17.15.44:100][  0]LogConfig: Applying CVar settings from Section [/Script/Engine.GarbageCollectionSettings] File [C:/Users/david/Documents/GitHub/Final-Year-Project/FYP/Saved/Config/Windows/Engine.ini]
[2021.02.05-17.15.44:100][  0]LogConfig: Setting CVar [[gc.MaxObjectsNotConsideredByGC:1]]
[2021.02.05-17.15.44:100][  0]LogConfig: Setting CVar [[gc.SizeOfPermanentObjectPool:0]]
[2021.02.05-17.15.44:100][  0]LogConfig: Setting CVar [[gc.FlushStreamingOnGC:0]]
[2021.02.05-17.15.44:100][  0]LogConfig: Setting CVar [[gc.NumRetriesBeforeForcingGC:10]]
[2021.02.05-17.15.44:100][  0]LogConfig: Setting CVar [[gc.AllowParallelGC:1]]
[2021.02.05-17.15.44:100][  0]LogConfig: Setting CVar [[gc.TimeBetweenPurgingPendingKillObjects:61.1]]
[2021.02.05-17.15.44:100][  0]LogConfig: Setting CVar [[gc.MaxObjectsInEditor:16777216]]
[2021.02.05-17.15.44:100][  0]LogConfig: Setting CVar [[gc.IncrementalBeginDestroyEnabled:1]]
[2021.02.05-17.15.44:100][  0]LogConfig: Setting CVar [[gc.CreateGCClusters:1]]
[2021.02.05-17.15.44:100][  0]LogConfig: Setting CVar [[gc.MinGCClusterSize:5]]
[2021.02.05-17.15.44:100][  0]LogConfig: Setting CVar [[gc.ActorClusteringEnabled:0]]
[2021.02.05-17.15.44:100][  0]LogConfig: Setting CVar [[gc.BlueprintClusteringEnabled:0]]
[2021.02.05-17.15.44:100][  0]LogConfig: Setting CVar [[gc.UseDisregardForGCOnDedicatedServers:0]]
[2021.02.05-17.15.44:100][  0]LogConfig: Applying CVar settings from Section [/Script/Engine.NetworkSettings] File [C:/Users/david/Documents/GitHub/Final-Year-Project/FYP/Saved/Config/Windows/Engine.ini]
[2021.02.05-17.15.44:100][  0]LogConfig: Applying CVar settings from Section [/Script/UnrealEd.CookerSettings] File [C:/Users/david/Documents/GitHub/Final-Year-Project/FYP/Saved/Config/Windows/Engine.ini]
[2021.02.05-17.15.44:103][  0]LogConfig: Applying CVar settings from Section [ViewDistanceQuality@3] File [C:/Users/david/Documents/GitHub/Final-Year-Project/FYP/Saved/Config/Windows/Scalability.ini]
[2021.02.05-17.15.44:104][  0]LogConfig: Setting CVar [[r.SkeletalMeshLODBias:0]]
[2021.02.05-17.15.44:104][  0]LogConfig: Setting CVar [[r.ViewDistanceScale:1.0]]
[2021.02.05-17.15.44:104][  0]LogConfig: Applying CVar settings from Section [AntiAliasingQuality@3] File [C:/Users/david/Documents/GitHub/Final-Year-Project/FYP/Saved/Config/Windows/Scalability.ini]
[2021.02.05-17.15.44:104][  0]LogConfig: Setting CVar [[r.PostProcessAAQuality:4]]
[2021.02.05-17.15.44:104][  0]LogConfig: Applying CVar settings from Section [ShadowQuality@3] File [C:/Users/david/Documents/GitHub/Final-Year-Project/FYP/Saved/Config/Windows/Scalability.ini]
[2021.02.05-17.15.44:104][  0]LogConfig: Setting CVar [[r.LightFunctionQuality:1]]
[2021.02.05-17.15.44:104][  0]LogConfig: Setting CVar [[r.ShadowQuality:5]]
[2021.02.05-17.15.44:104][  0]LogConfig: Setting CVar [[r.Shadow.CSM.MaxCascades:10]]
[2021.02.05-17.15.44:104][  0]LogConfig: Setting CVar [[r.Shadow.MaxResolution:2048]]
[2021.02.05-17.15.44:104][  0]LogConfig: Setting CVar [[r.Shadow.MaxCSMResolution:2048]]
[2021.02.05-17.15.44:104][  0]LogConfig: Setting CVar [[r.Shadow.RadiusThreshold:0.01]]
[2021.02.05-17.15.44:104][  0]LogConfig: Setting CVar [[r.Shadow.DistanceScale:1.0]]
[2021.02.05-17.15.44:104][  0]LogConfig: Setting CVar [[r.Shadow.CSM.TransitionScale:1.0]]
[2021.02.05-17.15.44:104][  0]LogConfig: Setting CVar [[r.Shadow.PreShadowResolutionFactor:1.0]]
[2021.02.05-17.15.44:104][  0]LogConfig: Setting CVar [[r.DistanceFieldShadowing:1]]
[2021.02.05-17.15.44:104][  0]LogConfig: Setting CVar [[r.DistanceFieldAO:1]]
[2021.02.05-17.15.44:104][  0]LogConfig: Setting CVar [[r.AOQuality:2]]
[2021.02.05-17.15.44:104][  0]LogConfig: Setting CVar [[r.VolumetricFog:1]]
[2021.02.05-17.15.44:104][  0]LogConfig: Setting CVar [[r.VolumetricFog.GridPixelSize:8]]
[2021.02.05-17.15.44:104][  0]LogConfig: Setting CVar [[r.VolumetricFog.GridSizeZ:128]]
[2021.02.05-17.15.44:104][  0]LogConfig: Setting CVar [[r.VolumetricFog.HistoryMissSupersampleCount:4]]
[2021.02.05-17.15.44:104][  0]LogConfig: Setting CVar [[r.LightMaxDrawDistanceScale:1]]
[2021.02.05-17.15.44:104][  0]LogConfig: Setting CVar [[r.CapsuleShadows:1]]
[2021.02.05-17.15.44:104][  0]LogConfig: Applying CVar settings from Section [PostProcessQuality@3] File [C:/Users/david/Documents/GitHub/Final-Year-Project/FYP/Saved/Config/Windows/Scalability.ini]
[2021.02.05-17.15.44:104][  0]LogConfig: Setting CVar [[r.MotionBlurQuality:4]]
[2021.02.05-17.15.44:104][  0]LogConfig: Setting CVar [[r.AmbientOcclusionMipLevelFactor:0.4]]
[2021.02.05-17.15.44:104][  0]LogConfig: Setting CVar [[r.AmbientOcclusionMaxQuality:100]]
[2021.02.05-17.15.44:104][  0]LogConfig: Setting CVar [[r.AmbientOcclusionLevels:-1]]
[2021.02.05-17.15.44:104][  0]LogConfig: Setting CVar [[r.AmbientOcclusionRadiusScale:1.0]]
[2021.02.05-17.15.44:104][  0]LogConfig: Setting CVar [[r.DepthOfFieldQuality:2]]
[2021.02.05-17.15.44:104][  0]LogConfig: Setting CVar [[r.RenderTargetPoolMin:400]]
[2021.02.05-17.15.44:104][  0]LogConfig: Setting CVar [[r.LensFlareQuality:2]]
[2021.02.05-17.15.44:104][  0]LogConfig: Setting CVar [[r.SceneColorFringeQuality:1]]
[2021.02.05-17.15.44:104][  0]LogConfig: Setting CVar [[r.EyeAdaptationQuality:2]]
[2021.02.05-17.15.44:104][  0]LogConfig: Setting CVar [[r.BloomQuality:5]]
[2021.02.05-17.15.44:104][  0]LogConfig: Setting CVar [[r.FastBlurThreshold:100]]
[2021.02.05-17.15.44:104][  0]LogConfig: Setting CVar [[r.Upscale.Quality:3]]
[2021.02.05-17.15.44:104][  0]LogConfig: Setting CVar [[r.Tonemapper.GrainQuantization:1]]
[2021.02.05-17.15.44:104][  0]LogConfig: Setting CVar [[r.LightShaftQuality:1]]
[2021.02.05-17.15.44:104][  0]LogConfig: Setting CVar [[r.Filter.SizeScale:1]]
[2021.02.05-17.15.44:104][  0]LogConfig: Setting CVar [[r.Tonemapper.Quality:5]]
[2021.02.05-17.15.44:104][  0]LogConfig: Setting CVar [[r.DOF.Gather.AccumulatorQuality:1        ; higher gathering accumulator quality]]
[2021.02.05-17.15.44:104][  0]LogConfig: Setting CVar [[r.DOF.Gather.PostfilterMethod:1          ; Median3x3 postfilering method]]
[2021.02.05-17.15.44:104][  0]LogConfig: Setting CVar [[r.DOF.Gather.EnableBokehSettings:0       ; no bokeh simulation when gathering]]
[2021.02.05-17.15.44:104][  0]LogConfig: Setting CVar [[r.DOF.Gather.RingCount:4                 ; medium number of samples when gathering]]
[2021.02.05-17.15.44:104][  0]LogConfig: Setting CVar [[r.DOF.Scatter.ForegroundCompositing:1    ; additive foreground scattering]]
[2021.02.05-17.15.44:104][  0]LogConfig: Setting CVar [[r.DOF.Scatter.BackgroundCompositing:2    ; additive background scattering]]
[2021.02.05-17.15.44:104][  0]LogConfig: Setting CVar [[r.DOF.Scatter.EnableBokehSettings:1      ; bokeh simulation when scattering]]
[2021.02.05-17.15.44:104][  0]LogConfig: Setting CVar [[r.DOF.Scatter.MaxSpriteRatio:0.1         ; only a maximum of 10% of scattered bokeh]]
[2021.02.05-17.15.44:104][  0]LogConfig: Setting CVar [[r.DOF.Recombine.Quality:1                ; cheap slight out of focus]]
[2021.02.05-17.15.44:104][  0]LogConfig: Setting CVar [[r.DOF.Recombine.EnableBokehSettings:0    ; no bokeh simulation on slight out of focus]]
[2021.02.05-17.15.44:104][  0]LogConfig: Setting CVar [[r.DOF.TemporalAAQuality:1                ; more stable temporal accumulation]]
[2021.02.05-17.15.44:104][  0]LogConfig: Setting CVar [[r.DOF.Kernel.MaxForegroundRadius:0.025]]
[2021.02.05-17.15.44:104][  0]LogConfig: Setting CVar [[r.DOF.Kernel.MaxBackgroundRadius:0.025]]
[2021.02.05-17.15.44:104][  0]LogConfig: Applying CVar settings from Section [TextureQuality@3] File [C:/Users/david/Documents/GitHub/Final-Year-Project/FYP/Saved/Config/Windows/Scalability.ini]
[2021.02.05-17.15.44:104][  0]LogConfig: Setting CVar [[r.Streaming.MipBias:0]]
[2021.02.05-17.15.44:104][  0]LogConfig: Setting CVar [[r.Streaming.AmortizeCPUToGPUCopy:0]]
[2021.02.05-17.15.44:104][  0]LogConfig: Setting CVar [[r.Streaming.MaxNumTexturesToStreamPerFrame:0]]
[2021.02.05-17.15.44:105][  0]LogConfig: Setting CVar [[r.Streaming.Boost:1]]
[2021.02.05-17.15.44:105][  0]LogConfig: Setting CVar [[r.MaxAnisotropy:8]]
[2021.02.05-17.15.44:105][  0]LogConfig: Setting CVar [[r.Streaming.LimitPoolSizeToVRAM:0]]
[2021.02.05-17.15.44:105][  0]LogConfig: Setting CVar [[r.Streaming.PoolSize:1000]]
[2021.02.05-17.15.44:105][  0]LogConfig: Setting CVar [[r.Streaming.MaxEffectiveScreenSize:0]]
[2021.02.05-17.15.44:105][  0]LogConfig: Applying CVar settings from Section [EffectsQuality@3] File [C:/Users/david/Documents/GitHub/Final-Year-Project/FYP/Saved/Config/Windows/Scalability.ini]
[2021.02.05-17.15.44:105][  0]LogConfig: Setting CVar [[r.TranslucencyLightingVolumeDim:64]]
[2021.02.05-17.15.44:105][  0]LogConfig: Setting CVar [[r.RefractionQuality:2]]
[2021.02.05-17.15.44:105][  0]LogConfig: Setting CVar [[r.SSR.Quality:3]]
[2021.02.05-17.15.44:105][  0]LogConfig: Setting CVar [[r.SceneColorFormat:4]]
[2021.02.05-17.15.44:105][  0]LogConfig: Setting CVar [[r.DetailMode:2]]
[2021.02.05-17.15.44:105][  0]LogConfig: Setting CVar [[r.TranslucencyVolumeBlur:1]]
[2021.02.05-17.15.44:105][  0]LogConfig: Setting CVar [[r.MaterialQualityLevel:1 ; High quality]]
[2021.02.05-17.15.44:105][  0]LogConfig: Setting CVar [[r.SSS.Scale:1]]
[2021.02.05-17.15.44:105][  0]LogConfig: Setting CVar [[r.SSS.SampleSet:2]]
[2021.02.05-17.15.44:105][  0]LogConfig: Setting CVar [[r.SSS.Quality:1]]
[2021.02.05-17.15.44:105][  0]LogConfig: Setting CVar [[r.SSS.HalfRes:1]]
[2021.02.05-17.15.44:105][  0]LogConfig: Setting CVar [[r.EmitterSpawnRateScale:1.0]]
[2021.02.05-17.15.44:105][  0]LogConfig: Setting CVar [[r.ParticleLightQuality:2]]
[2021.02.05-17.15.44:105][  0]LogConfig: Applying CVar settings from Section [FoliageQuality@3] File [C:/Users/david/Documents/GitHub/Final-Year-Project/FYP/Saved/Config/Windows/Scalability.ini]
[2021.02.05-17.15.44:105][  0]LogConfig: Setting CVar [[foliage.DensityScale:1.0]]
[2021.02.05-17.15.44:105][  0]LogConfig: Setting CVar [[grass.DensityScale:1.0]]
[2021.02.05-17.15.44:105][  0]LogInit: Selected Device Profile: [Windows]
[2021.02.05-17.15.44:105][  0]LogInit: Applying CVar settings loaded from the selected device profile: [Windows]
[2021.02.05-17.15.44:117][  0]LogHAL: Display: Platform has ~ 16 GB [17129328640 / 17179869184 / 16], which maps to Larger [LargestMinGB=32, LargerMinGB=12, DefaultMinGB=8, SmallerMinGB=6, SmallestMinGB=0)
[2021.02.05-17.15.44:117][  0]LogInit: Going up to parent DeviceProfile []
[2021.02.05-17.15.44:117][  0]LogConfig: Applying CVar settings from Section [ViewDistanceQuality@3] File [C:/Users/david/Documents/GitHub/Final-Year-Project/FYP/Saved/Config/Windows/Scalability.ini]
[2021.02.05-17.15.44:117][  0]LogConfig: Setting CVar [[r.SkeletalMeshLODBias:0]]
[2021.02.05-17.15.44:117][  0]LogConfig: Setting CVar [[r.ViewDistanceScale:1.0]]
[2021.02.05-17.15.44:117][  0]LogConfig: Applying CVar settings from Section [AntiAliasingQuality@3] File [C:/Users/david/Documents/GitHub/Final-Year-Project/FYP/Saved/Config/Windows/Scalability.ini]
[2021.02.05-17.15.44:117][  0]LogConfig: Setting CVar [[r.PostProcessAAQuality:4]]
[2021.02.05-17.15.44:117][  0]LogConfig: Applying CVar settings from Section [ShadowQuality@3] File [C:/Users/david/Documents/GitHub/Final-Year-Project/FYP/Saved/Config/Windows/Scalability.ini]
[2021.02.05-17.15.44:117][  0]LogConfig: Setting CVar [[r.LightFunctionQuality:1]]
[2021.02.05-17.15.44:117][  0]LogConfig: Setting CVar [[r.ShadowQuality:5]]
[2021.02.05-17.15.44:117][  0]LogConfig: Setting CVar [[r.Shadow.CSM.MaxCascades:10]]
[2021.02.05-17.15.44:117][  0]LogConfig: Setting CVar [[r.Shadow.MaxResolution:2048]]
[2021.02.05-17.15.44:117][  0]LogConfig: Setting CVar [[r.Shadow.MaxCSMResolution:2048]]
[2021.02.05-17.15.44:117][  0]LogConfig: Setting CVar [[r.Shadow.RadiusThreshold:0.01]]
[2021.02.05-17.15.44:117][  0]LogConfig: Setting CVar [[r.Shadow.DistanceScale:1.0]]
[2021.02.05-17.15.44:117][  0]LogConfig: Setting CVar [[r.Shadow.CSM.TransitionScale:1.0]]
[2021.02.05-17.15.44:117][  0]LogConfig: Setting CVar [[r.Shadow.PreShadowResolutionFactor:1.0]]
[2021.02.05-17.15.44:117][  0]LogConfig: Setting CVar [[r.DistanceFieldShadowing:1]]
[2021.02.05-17.15.44:117][  0]LogConfig: Setting CVar [[r.DistanceFieldAO:1]]
[2021.02.05-17.15.44:117][  0]LogConfig: Setting CVar [[r.AOQuality:2]]
[2021.02.05-17.15.44:117][  0]LogConfig: Setting CVar [[r.VolumetricFog:1]]
[2021.02.05-17.15.44:117][  0]LogConfig: Setting CVar [[r.VolumetricFog.GridPixelSize:8]]
[2021.02.05-17.15.44:117][  0]LogConfig: Setting CVar [[r.VolumetricFog.GridSizeZ:128]]
[2021.02.05-17.15.44:117][  0]LogConfig: Setting CVar [[r.VolumetricFog.HistoryMissSupersampleCount:4]]
[2021.02.05-17.15.44:117][  0]LogConfig: Setting CVar [[r.LightMaxDrawDistanceScale:1]]
[2021.02.05-17.15.44:117][  0]LogConfig: Setting CVar [[r.CapsuleShadows:1]]
[2021.02.05-17.15.44:117][  0]LogConfig: Applying CVar settings from Section [PostProcessQuality@3] File [C:/Users/david/Documents/GitHub/Final-Year-Project/FYP/Saved/Config/Windows/Scalability.ini]
[2021.02.05-17.15.44:117][  0]LogConfig: Setting CVar [[r.MotionBlurQuality:4]]
[2021.02.05-17.15.44:117][  0]LogConfig: Setting CVar [[r.AmbientOcclusionMipLevelFactor:0.4]]
[2021.02.05-17.15.44:117][  0]LogConfig: Setting CVar [[r.AmbientOcclusionMaxQuality:100]]
[2021.02.05-17.15.44:117][  0]LogConfig: Setting CVar [[r.AmbientOcclusionLevels:-1]]
[2021.02.05-17.15.44:117][  0]LogConfig: Setting CVar [[r.AmbientOcclusionRadiusScale:1.0]]
[2021.02.05-17.15.44:117][  0]LogConfig: Setting CVar [[r.DepthOfFieldQuality:2]]
[2021.02.05-17.15.44:117][  0]LogConfig: Setting CVar [[r.RenderTargetPoolMin:400]]
[2021.02.05-17.15.44:117][  0]LogConfig: Setting CVar [[r.LensFlareQuality:2]]
[2021.02.05-17.15.44:117][  0]LogConfig: Setting CVar [[r.SceneColorFringeQuality:1]]
[2021.02.05-17.15.44:117][  0]LogConfig: Setting CVar [[r.EyeAdaptationQuality:2]]
[2021.02.05-17.15.44:117][  0]LogConfig: Setting CVar [[r.BloomQuality:5]]
[2021.02.05-17.15.44:117][  0]LogConfig: Setting CVar [[r.FastBlurThreshold:100]]
[2021.02.05-17.15.44:117][  0]LogConfig: Setting CVar [[r.Upscale.Quality:3]]
[2021.02.05-17.15.44:117][  0]LogConfig: Setting CVar [[r.Tonemapper.GrainQuantization:1]]
[2021.02.05-17.15.44:117][  0]LogConfig: Setting CVar [[r.LightShaftQuality:1]]
[2021.02.05-17.15.44:117][  0]LogConfig: Setting CVar [[r.Filter.SizeScale:1]]
[2021.02.05-17.15.44:117][  0]LogConfig: Setting CVar [[r.Tonemapper.Quality:5]]
[2021.02.05-17.15.44:117][  0]LogConfig: Setting CVar [[r.DOF.Gather.AccumulatorQuality:1        ; higher gathering accumulator quality]]
[2021.02.05-17.15.44:118][  0]LogConfig: Setting CVar [[r.DOF.Gather.PostfilterMethod:1          ; Median3x3 postfilering method]]
[2021.02.05-17.15.44:118][  0]LogConfig: Setting CVar [[r.DOF.Gather.EnableBokehSettings:0       ; no bokeh simulation when gathering]]
[2021.02.05-17.15.44:118][  0]LogConfig: Setting CVar [[r.DOF.Gather.RingCount:4                 ; medium number of samples when gathering]]
[2021.02.05-17.15.44:118][  0]LogConfig: Setting CVar [[r.DOF.Scatter.ForegroundCompositing:1    ; additive foreground scattering]]
[2021.02.05-17.15.44:118][  0]LogConfig: Setting CVar [[r.DOF.Scatter.BackgroundCompositing:2    ; additive background scattering]]
[2021.02.05-17.15.44:118][  0]LogConfig: Setting CVar [[r.DOF.Scatter.EnableBokehSettings:1      ; bokeh simulation when scattering]]
[2021.02.05-17.15.44:118][  0]LogConfig: Setting CVar [[r.DOF.Scatter.MaxSpriteRatio:0.1         ; only a maximum of 10% of scattered bokeh]]
[2021.02.05-17.15.44:118][  0]LogConfig: Setting CVar [[r.DOF.Recombine.Quality:1                ; cheap slight out of focus]]
[2021.02.05-17.15.44:118][  0]LogConfig: Setting CVar [[r.DOF.Recombine.EnableBokehSettings:0    ; no bokeh simulation on slight out of focus]]
[2021.02.05-17.15.44:118][  0]LogConfig: Setting CVar [[r.DOF.TemporalAAQuality:1                ; more stable temporal accumulation]]
[2021.02.05-17.15.44:118][  0]LogConfig: Setting CVar [[r.DOF.Kernel.MaxForegroundRadius:0.025]]
[2021.02.05-17.15.44:118][  0]LogConfig: Setting CVar [[r.DOF.Kernel.MaxBackgroundRadius:0.025]]
[2021.02.05-17.15.44:118][  0]LogConfig: Applying CVar settings from Section [TextureQuality@3] File [C:/Users/david/Documents/GitHub/Final-Year-Project/FYP/Saved/Config/Windows/Scalability.ini]
[2021.02.05-17.15.44:118][  0]LogConfig: Setting CVar [[r.Streaming.MipBias:0]]
[2021.02.05-17.15.44:118][  0]LogConfig: Setting CVar [[r.Streaming.AmortizeCPUToGPUCopy:0]]
[2021.02.05-17.15.44:118][  0]LogConfig: Setting CVar [[r.Streaming.MaxNumTexturesToStreamPerFrame:0]]
[2021.02.05-17.15.44:118][  0]LogConfig: Setting CVar [[r.Streaming.Boost:1]]
[2021.02.05-17.15.44:118][  0]LogConfig: Setting CVar [[r.MaxAnisotropy:8]]
[2021.02.05-17.15.44:118][  0]LogConfig: Setting CVar [[r.Streaming.LimitPoolSizeToVRAM:0]]
[2021.02.05-17.15.44:118][  0]LogConfig: Setting CVar [[r.Streaming.PoolSize:1000]]
[2021.02.05-17.15.44:118][  0]LogConfig: Setting CVar [[r.Streaming.MaxEffectiveScreenSize:0]]
[2021.02.05-17.15.44:118][  0]LogConfig: Applying CVar settings from Section [EffectsQuality@3] File [C:/Users/david/Documents/GitHub/Final-Year-Project/FYP/Saved/Config/Windows/Scalability.ini]
[2021.02.05-17.15.44:118][  0]LogConfig: Setting CVar [[r.TranslucencyLightingVolumeDim:64]]
[2021.02.05-17.15.44:118][  0]LogConfig: Setting CVar [[r.RefractionQuality:2]]
[2021.02.05-17.15.44:118][  0]LogConfig: Setting CVar [[r.SSR.Quality:3]]
[2021.02.05-17.15.44:118][  0]LogConfig: Setting CVar [[r.SceneColorFormat:4]]
[2021.02.05-17.15.44:118][  0]LogConfig: Setting CVar [[r.DetailMode:2]]
[2021.02.05-17.15.44:118][  0]LogConfig: Setting CVar [[r.TranslucencyVolumeBlur:1]]
[2021.02.05-17.15.44:118][  0]LogConfig: Setting CVar [[r.MaterialQualityLevel:1 ; High quality]]
[2021.02.05-17.15.44:118][  0]LogConfig: Setting CVar [[r.SSS.Scale:1]]
[2021.02.05-17.15.44:118][  0]LogConfig: Setting CVar [[r.SSS.SampleSet:2]]
[2021.02.05-17.15.44:118][  0]LogConfig: Setting CVar [[r.SSS.Quality:1]]
[2021.02.05-17.15.44:118][  0]LogConfig: Setting CVar [[r.SSS.HalfRes:1]]
[2021.02.05-17.15.44:118][  0]LogConfig: Setting CVar [[r.EmitterSpawnRateScale:1.0]]
[2021.02.05-17.15.44:118][  0]LogConfig: Setting CVar [[r.ParticleLightQuality:2]]
[2021.02.05-17.15.44:118][  0]LogConfig: Applying CVar settings from Section [FoliageQuality@3] File [C:/Users/david/Documents/GitHub/Final-Year-Project/FYP/Saved/Config/Windows/Scalability.ini]
[2021.02.05-17.15.44:118][  0]LogConfig: Setting CVar [[foliage.DensityScale:1.0]]
[2021.02.05-17.15.44:118][  0]LogConfig: Setting CVar [[grass.DensityScale:1.0]]
[2021.02.05-17.15.44:118][  0]LogConfig: Applying CVar settings from Section [Startup] File [../../../Engine/Config/ConsoleVariables.ini]
[2021.02.05-17.15.44:125][  0]LogConfig: Setting CVar [[net.UseAdaptiveNetUpdateFrequency:0]]
[2021.02.05-17.15.44:125][  0]LogConfig: Setting CVar [[p.chaos.AllowCreatePhysxBodies:1]]
[2021.02.05-17.15.44:125][  0]LogConfig: Applying CVar settings from Section [ConsoleVariables] File [C:/Users/david/Documents/GitHub/Final-Year-Project/FYP/Saved/Config/Windows/Engine.ini]
[2021.02.05-17.15.44:127][  0]LogInit: Computer: DESKTOP-070UMBJ
[2021.02.05-17.15.44:127][  0]LogInit: User: david
[2021.02.05-17.15.44:127][  0]LogInit: CPU Page size=4096, Cores=4
[2021.02.05-17.15.44:127][  0]LogInit: High frequency timer resolution =10.000000 MHz
[2021.02.05-17.15.44:127][  0]LogMemory: Memory total: Physical=16.0GB (16GB approx)
[2021.02.05-17.15.44:127][  0]LogMemory: Platform Memory Stats for Windows
[2021.02.05-17.15.44:127][  0]LogMemory: Process Physical Memory: 101.47 MB used, 101.47 MB peak
[2021.02.05-17.15.44:127][  0]LogMemory: Process Virtual Memory: 87.69 MB used, 87.69 MB peak
[2021.02.05-17.15.44:127][  0]LogMemory: Physical Memory: 3836.81 MB used,  12498.99 MB free, 16335.80 MB total
[2021.02.05-17.15.44:127][  0]LogMemory: Virtual Memory: 4645.42 MB used,  134213080.00 MB free, 134217728.00 MB total
[2021.02.05-17.15.44:134][  0]LogWindows: WindowsPlatformFeatures enabled
[2021.02.05-17.15.44:564][  0]LogInit: Using OS detected language (en-GB).
[2021.02.05-17.15.44:564][  0]LogInit: Using OS detected locale (en-GB).
[2021.02.05-17.15.44:571][  0]LogTextLocalizationManager: No specific localization for 'en-GB' exists, so the 'en' localization will be used.
[2021.02.05-17.15.45:456][  0]LogInit: Setting process to per monitor DPI aware
[2021.02.05-17.15.45:603][  0]LogSlate: New Slate User Created.  User Index 0, Is Virtual User: 0
[2021.02.05-17.15.45:603][  0]LogSlate: Slate User Registered.  User Index 0, Is Virtual User: 0
[2021.02.05-17.15.49:343][  0]LogHMD: Failed to initialize OpenVR with code 110
[2021.02.05-17.15.49:343][  0]LogD3D11RHI: D3D11 adapters:
[2021.02.05-17.15.49:475][  0]LogD3D11RHI:    0. 'NVIDIA GeForce RTX 2060 SUPER' (Feature Level 11_0)
[2021.02.05-17.15.49:475][  0]LogD3D11RHI:       8031/0/8167 MB DedicatedVideo/DedicatedSystem/SharedSystem, Outputs:1, VendorId:0x10de
[2021.02.05-17.15.49:478][  0]LogD3D11RHI:    1. 'Microsoft Basic Render Driver' (Feature Level 11_0)
[2021.02.05-17.15.49:478][  0]LogD3D11RHI:       0/0/8167 MB DedicatedVideo/DedicatedSystem/SharedSystem, Outputs:0, VendorId:0x1414
[2021.02.05-17.15.49:478][  0]LogD3D11RHI: Chosen D3D11 Adapter: 0
[2021.02.05-17.15.49:484][  0]LogD3D11RHI: Creating new Direct3DDevice
[2021.02.05-17.15.49:484][  0]LogD3D11RHI:     GPU DeviceId: 0x1f06 (for the marketing name, search the web for "GPU Device Id")
[2021.02.05-17.15.49:484][  0]LogWindows: EnumDisplayDevices:
[2021.02.05-17.15.49:484][  0]LogWindows:    0. 'NVIDIA GeForce RTX 2060 SUPER' (P:1 D:1)
[2021.02.05-17.15.49:484][  0]LogWindows:    1. 'NVIDIA GeForce RTX 2060 SUPER' (P:0 D:0)
[2021.02.05-17.15.49:485][  0]LogWindows:    2. 'NVIDIA GeForce RTX 2060 SUPER' (P:0 D:0)
[2021.02.05-17.15.49:485][  0]LogWindows:    3. 'NVIDIA GeForce RTX 2060 SUPER' (P:0 D:0)
[2021.02.05-17.15.49:485][  0]LogWindows: DebugString: FoundDriverCount:4 
[2021.02.05-17.15.49:485][  0]LogD3D11RHI:     Adapter Name: NVIDIA GeForce RTX 2060 SUPER
[2021.02.05-17.15.49:485][  0]LogD3D11RHI:   Driver Version: 460.89 (internal:27.21.14.6089, unified:460.89)
[2021.02.05-17.15.49:485][  0]LogD3D11RHI:      Driver Date: 12-11-2020
[2021.02.05-17.15.49:485][  0]LogRHI: Texture pool is 5621 MB (70% of 8031 MB)
[2021.02.05-17.15.49:592][  0]LogD3D11RHI: Async texture creation enabled
[2021.02.05-17.15.49:628][  0]LogD3D11RHI: GPU Timing Frequency: 1000.000000 (Debug: 2 1)
[2021.02.05-17.15.50:028][  0]LogTemp: Display: Module 'AllDesktopTargetPlatform' loaded TargetPlatform 'AllDesktop'
[2021.02.05-17.15.50:040][  0]LogTemp: Display: Module 'MacClientTargetPlatform' loaded TargetPlatform 'MacClient'
[2021.02.05-17.15.50:052][  0]LogTemp: Display: Module 'MacNoEditorTargetPlatform' loaded TargetPlatform 'MacNoEditor'
[2021.02.05-17.15.50:064][  0]LogTemp: Display: Module 'MacServerTargetPlatform' loaded TargetPlatform 'MacServer'
[2021.02.05-17.15.50:082][  0]LogTemp: Display: Module 'MacTargetPlatform' loaded TargetPlatform 'Mac'
[2021.02.05-17.15.50:095][  0]LogTemp: Display: Module 'WindowsClientTargetPlatform' loaded TargetPlatform 'WindowsClient'
[2021.02.05-17.15.50:108][  0]LogTemp: Display: Module 'WindowsNoEditorTargetPlatform' loaded TargetPlatform 'WindowsNoEditor'
[2021.02.05-17.15.50:121][  0]LogTemp: Display: Module 'WindowsServerTargetPlatform' loaded TargetPlatform 'WindowsServer'
[2021.02.05-17.15.50:129][  0]LogTemp: Display: Module 'WindowsTargetPlatform' loaded TargetPlatform 'Windows'
[2021.02.05-17.15.50:196][  0]LogTemp: Display: Module 'AndroidTargetPlatform' loaded TargetPlatform 'Android'
[2021.02.05-17.15.50:196][  0]LogTemp: Display: Module 'AndroidTargetPlatform' loaded TargetPlatform 'Android_ASTC'
[2021.02.05-17.15.50:196][  0]LogTemp: Display: Module 'AndroidTargetPlatform' loaded TargetPlatform 'Android_ATC'
[2021.02.05-17.15.50:196][  0]LogTemp: Display: Module 'AndroidTargetPlatform' loaded TargetPlatform 'Android_DXT'
[2021.02.05-17.15.50:196][  0]LogTemp: Display: Module 'AndroidTargetPlatform' loaded TargetPlatform 'Android_ETC1'
[2021.02.05-17.15.50:196][  0]LogTemp: Display: Module 'AndroidTargetPlatform' loaded TargetPlatform 'Android_ETC1a'
[2021.02.05-17.15.50:196][  0]LogTemp: Display: Module 'AndroidTargetPlatform' loaded TargetPlatform 'Android_ETC2'
[2021.02.05-17.15.50:196][  0]LogTemp: Display: Module 'AndroidTargetPlatform' loaded TargetPlatform 'Android_PVRTC'
[2021.02.05-17.15.50:196][  0]LogTemp: Display: Module 'AndroidTargetPlatform' loaded TargetPlatform 'AndroidClient'
[2021.02.05-17.15.50:196][  0]LogTemp: Display: Module 'AndroidTargetPlatform' loaded TargetPlatform 'Android_ASTCClient'
[2021.02.05-17.15.50:196][  0]LogTemp: Display: Module 'AndroidTargetPlatform' loaded TargetPlatform 'Android_ATCClient'
[2021.02.05-17.15.50:196][  0]LogTemp: Display: Module 'AndroidTargetPlatform' loaded TargetPlatform 'Android_DXTClient'
[2021.02.05-17.15.50:196][  0]LogTemp: Display: Module 'AndroidTargetPlatform' loaded TargetPlatform 'Android_ETC1Client'
[2021.02.05-17.15.50:196][  0]LogTemp: Display: Module 'AndroidTargetPlatform' loaded TargetPlatform 'Android_ETC1aClient'
[2021.02.05-17.15.50:196][  0]LogTemp: Display: Module 'AndroidTargetPlatform' loaded TargetPlatform 'Android_ETC2Client'
[2021.02.05-17.15.50:196][  0]LogTemp: Display: Module 'AndroidTargetPlatform' loaded TargetPlatform 'Android_PVRTCClient'
[2021.02.05-17.15.50:196][  0]LogTemp: Display: Module 'AndroidTargetPlatform' loaded TargetPlatform 'Android_Multi'
[2021.02.05-17.15.50:196][  0]LogTemp: Display: Module 'AndroidTargetPlatform' loaded TargetPlatform 'Android_MultiClient'
[2021.02.05-17.15.50:202][  0]LogTemp: Display: Module 'HTML5TargetPlatform' loaded TargetPlatform 'HTML5'
[2021.02.05-17.15.50:243][  0]LogTemp: Display: Module 'IOSTargetPlatform' loaded TargetPlatform 'IOSClient'
[2021.02.05-17.15.50:243][  0]LogTemp: Display: Module 'IOSTargetPlatform' loaded TargetPlatform 'IOS'
[2021.02.05-17.15.50:262][  0]LogTemp: Display: Module 'TVOSTargetPlatform' loaded TargetPlatform 'TVOSClient'
[2021.02.05-17.15.50:262][  0]LogTemp: Display: Module 'TVOSTargetPlatform' loaded TargetPlatform 'TVOS'
[2021.02.05-17.15.50:273][  0]LogTemp: Display: Module 'LinuxClientTargetPlatform' loaded TargetPlatform 'LinuxClient'
[2021.02.05-17.15.50:285][  0]LogTemp: Display: Module 'LinuxNoEditorTargetPlatform' loaded TargetPlatform 'LinuxNoEditor'
[2021.02.05-17.15.50:297][  0]LogTemp: Display: Module 'LinuxServerTargetPlatform' loaded TargetPlatform 'LinuxServer'
[2021.02.05-17.15.50:323][  0]LogTemp: Display: Module 'LinuxTargetPlatform' loaded TargetPlatform 'Linux'
[2021.02.05-17.15.50:361][  0]LogTemp: Display: Module 'LuminTargetPlatform' loaded TargetPlatform 'Lumin'
[2021.02.05-17.15.50:361][  0]LogTemp: Display: Module 'LuminTargetPlatform' loaded TargetPlatform 'LuminClient'
[2021.02.05-17.15.50:361][  0]LogTargetPlatformManager: Display: Building Assets For Windows
[2021.02.05-17.15.50:423][  0]LogAudioDebug: Display: Lib vorbis DLL was dynamically loaded.
[2021.02.05-17.15.50:603][  0]LogShaderCompilers: Guid format shader working directory is -24 characters bigger than the processId version (../../../../../../Users/david/Documents/GitHub/Final-Year-Project/FYP/Intermediate/Shaders/WorkingDirectory/11524/).
[2021.02.05-17.15.50:603][  0]LogShaderCompilers: Cleaned the shader compiler working directory 'C:/Users/david/AppData/Local/Temp/UnrealShaderWorkingDir/AF3414E041D6C592A50FF28AFC11B5D2/'.
[2021.02.05-17.15.50:606][  0]LogXGEController: Cleaning working directory: C:/Users/david/AppData/Local/Temp/UnrealXGEWorkingDir/
[2021.02.05-17.15.50:607][  0]LogXGEController: Cannot use XGE Controller as Incredibuild is not installed on this machine.
[2021.02.05-17.15.50:607][  0]LogShaderCompilers: Cannot use XGE Shader Compiler as Incredibuild is not installed on this machine.
[2021.02.05-17.15.50:607][  0]LogShaderCompilers: Display: Using Local Shader Compiler.
[2021.02.05-17.15.54:008][  0]LogDerivedDataCache: Display: Max Cache Size: 512 MB
[2021.02.05-17.15.54:217][  0]LogDerivedDataCache: Loaded boot cache 0.21s 75MB C:/Users/david/AppData/Local/UnrealEngine/4.23/DerivedDataCache/Boot.ddc.
[2021.02.05-17.15.54:217][  0]LogDerivedDataCache: Display: Loaded Boot cache: C:/Users/david/AppData/Local/UnrealEngine/4.23/DerivedDataCache/Boot.ddc
[2021.02.05-17.15.54:217][  0]LogDerivedDataCache: FDerivedDataBackendGraph:  Pak pak cache file ../../../../../../Users/david/Documents/GitHub/Final-Year-Project/FYP/DerivedDataCache/DDC.ddp not found, will not use a pak cache.
[2021.02.05-17.15.54:217][  0]LogDerivedDataCache: Unable to find inner node Pak for hierarchical cache Hierarchy.
[2021.02.05-17.15.54:217][  0]LogDerivedDataCache: FDerivedDataBackendGraph:  CompressedPak pak cache file ../../../../../../Users/david/Documents/GitHub/Final-Year-Project/FYP/DerivedDataCache/Compressed.ddp not found, will not use a pak cache.
[2021.02.05-17.15.54:217][  0]LogDerivedDataCache: Unable to find inner node CompressedPak for hierarchical cache Hierarchy.
[2021.02.05-17.15.54:243][  0]LogDerivedDataCache: Display: Pak cache opened for reading ../../../Engine/DerivedDataCache/Compressed.ddp.
[2021.02.05-17.15.54:243][  0]LogDerivedDataCache: FDerivedDataBackendGraph:  EnterprisePak pak cache file ../../../Enterprise/DerivedDataCache/Compressed.ddp not found, will not use a pak cache.
[2021.02.05-17.15.54:243][  0]LogDerivedDataCache: Unable to find inner node EnterprisePak for hierarchical cache Hierarchy.
[2021.02.05-17.15.54:247][  0]LogDerivedDataCache: Using Local data cache path C:/Users/david/AppData/Local/UnrealEngine/Common/DerivedDataCache: Writable
[2021.02.05-17.15.54:247][  0]LogDerivedDataCache: Shared data cache path not found in *engine.ini, will not use an Shared cache.
[2021.02.05-17.15.54:247][  0]LogDerivedDataCache: Unable to find inner node Shared for hierarchical cache Hierarchy.
[2021.02.05-17.15.54:274][  0]LogMaterial: Verifying Global Shaders for PCD3D_SM5
[2021.02.05-17.15.54:277][  0]LogSlate: Using FreeType 2.6.0
[2021.02.05-17.15.54:299][  0]LogSlate: SlateFontServices - WITH_FREETYPE: 1, WITH_HARFBUZZ: 1
[2021.02.05-17.15.54:496][  0]LogAssetRegistry: FAssetRegistry took 0.0058 seconds to start up
[2021.02.05-17.15.54:936][  0]LogInit: Selected Device Profile: [Windows]
[2021.02.05-17.15.55:379][  0]LogMeshReduction: Using QuadricMeshReduction for automatic static mesh reduction
[2021.02.05-17.15.55:379][  0]LogMeshReduction: Using SimplygonMeshReduction for automatic skeletal mesh reduction
[2021.02.05-17.15.55:379][  0]LogMeshReduction: Using ProxyLODMeshReduction for automatic mesh merging
[2021.02.05-17.15.55:379][  0]LogMeshReduction: No distributed automatic mesh merging module available
[2021.02.05-17.15.55:380][  0]LogMeshMerging: No distributed automatic mesh merging module available
[2021.02.05-17.15.55:434][  0]LogNetVersion: FYP 1.0.0, NetCL: 8386587, EngineNetVer: 11, GameNetVer: 0 (Checksum: 2864843675)
[2021.02.05-17.15.57:081][  0]LogPackageLocalizationCache: Processed 14 localized package path(s) for 1 prioritized culture(s) in 0.087637 seconds
[2021.02.05-17.15.57:089][  0]LogUObjectArray: 43444 objects as part of root set at end of initial load.
[2021.02.05-17.15.57:089][  0]LogUObjectAllocator: 7548648 out of 0 bytes used by permanent object pool.
[2021.02.05-17.15.57:089][  0]LogUObjectArray: CloseDisregardForGC: 0/0 objects in disregard for GC pool
[2021.02.05-17.16.00:116][  0]LogTcpMessaging: Initializing TcpMessaging bridge
[2021.02.05-17.16.00:123][  0]LogUdpMessaging: Initializing bridge on interface 0.0.0.0:0 to multicast group 230.0.0.1:6666.
[2021.02.05-17.16.00:771][  0]LogPython: Python Scripts search path: ../../../../../../Users/david/Documents/GitHub/Final-Year-Project/FYP/Content/Scripts
[2021.02.05-17.16.00:771][  0]LogPython: Python Scripts search path: ../../../../../../Users/david/Documents/GitHub/Final-Year-Project/FYP/Plugins/tensorflow-ue4/Content/Scripts
[2021.02.05-17.16.00:771][  0]LogPython: Python Scripts search path: ../../../../../../Users/david/Documents/GitHub/Final-Year-Project/FYP/Plugins/UnrealEnginePython/Content/Scripts
[2021.02.05-17.16.00:771][  0]LogPython: Python Scripts search path: ../../../../../../Users/david/Documents/GitHub/Final-Year-Project/FYP/Plugins/UnrealEnginePython
[2021.02.05-17.16.00:771][  0]LogPython: Python VM initialized: 3.6.4 (v3.6.4:d48eceb, Dec 19 2017, 06:54:40) [MSC v.1900 64 bit (AMD64)]
[2021.02.05-17.16.01:043][  0]LogPython: upystartup::Checking pip location on startup
[2021.02.05-17.16.01:043][  0]LogPython: 

[2021.02.05-17.16.01:043][  0]LogPython: upystartup::stored loc: C:/Users/david/Documents/GitHub/Final-Year-Project/FYP/Plugins/UnrealEnginePython/Binaries/Win64/Scripts
[2021.02.05-17.16.01:043][  0]LogPython: 

[2021.02.05-17.16.01:043][  0]LogPython: upystartup::correct loc: C:/Users/david/Documents/GitHub/Final-Year-Project/FYP/Plugins/UnrealEnginePython/Binaries/Win64/Scripts
[2021.02.05-17.16.01:043][  0]LogPython: 

[2021.02.05-17.16.01:044][  0]LogPython: upystartup::pip location is up to date.
[2021.02.05-17.16.01:044][  0]LogPython: 

[2021.02.05-17.16.01:044][  0]LogPython: upystartup::system paths normalized.
[2021.02.05-17.16.01:044][  0]LogPython: 

[2021.02.05-17.16.01:044][  0]LogPython: upystartup::project doesn't use a upymodule.json file.
[2021.02.05-17.16.01:044][  0]LogPython: 

[2021.02.05-17.16.01:046][  0]LogPython: ue_site Python module not found
[2021.02.05-17.16.01:424][  0]SourceControl: Source control is disabled
[2021.02.05-17.16.01:424][  0]SourceControl: Source control is disabled
[2021.02.05-17.16.01:440][  0]SourceControl: Source control is disabled
[2021.02.05-17.16.01:446][  0]SourceControl: Source control is disabled
[2021.02.05-17.16.01:786][  0]LogAndroidPermission: UAndroidPermissionCallbackProxy::GetInstance
[2021.02.05-17.16.02:043][  0]LogOcInput: OculusInput pre-init called
[2021.02.05-17.16.02:061][  0]LogWindows: Failed to load 'OVRPlugin.dll' (GetLastError=126)
[2021.02.05-17.16.02:061][  0]LogWindows: File 'OVRPlugin.dll' does not exist
[2021.02.05-17.16.02:138][  0]LogPython: Added TensorFlow Plugin Content/Scripts (C:/Users/david/Documents/GitHub/Final-Year-Project/FYP/Plugins/tensorflow-ue4/Content/Scripts) to sys.path
[2021.02.05-17.16.02:153][  0]LogPython: upymodule_importer::Resolving upymodule dependencies for tensorflow-ue4
[2021.02.08-08.38.15:642][  0]LogPython: upymodule_importer::tensorflow-gpu 1.12.0 installed? True
[2021.02.08-08.38.15:642][  0]LogPython: upymodule_importer::h5py 2.7.0 installed? True
[2021.02.08-08.38.15:642][  0]LogPython: upymodule_importer::2 tensorflow-ue4 upymodule dependencies resolved (if installation in progress, more async output will stream)
[2021.02.08-08.38.15:642][  0]LogPython: TensorFlow Plugin upymodule.json parsed
[2021.02.08-08.38.15:997][  0]LogEngine: Initializing Engine...
[2021.02.08-08.38.15:998][  0]LogHMD: Failed to initialize OpenVR with code 110
[2021.02.08-08.38.16:001][  0]LogStats: UGameplayTagsManager::InitializeManager -  0.001 s
[2021.02.08-08.38.16:687][  0]LogInit: Initializing FReadOnlyCVARCache
[2021.02.08-08.38.16:733][  0]LogAIModule: Creating AISystem for world Untitled
[2021.02.08-08.38.16:762][  0]LogInit: XAudio2 using 'LG ULTRAWIDE (NVIDIA High Definition Audio)' : 2 channels at 48 kHz using 16 bits per sample (channel mask 0x3)
[2021.02.08-08.38.16:809][  0]LogInit: FAudioDevice initialized.
[2021.02.08-08.38.16:809][  0]LogNetVersion: Set ProjectVersion to 1.0.0.0. Version Checksum will be recalculated on next use.
[2021.02.08-08.38.16:889][  0]LogDerivedDataCache: Saved boot cache 0.08s 75MB C:/Users/david/AppData/Local/UnrealEngine/4.23/DerivedDataCache/Boot.ddc.
[2021.02.08-08.38.16:894][  0]LogInit: Texture streaming: Enabled
[2021.02.08-08.38.16:925][  0]LogEngineSessionManager: EngineSessionManager initialized
[2021.02.08-08.38.16:925][  0]LogEditorSessionSummary: Verbose: Initializing EditorSessionSummaryWriter for editor session tracking
[2021.02.08-08.38.16:926][  0]LogEditorSessionSummary: EditorSessionSummaryWriter initialized
[2021.02.08-08.38.17:434][  0]LogInit: Transaction tracking system initialized
[2021.02.08-08.38.17:608][  0]BlueprintLog: New page: Editor Load
[2021.02.08-08.38.17:883][  0]LocalizationService: Localization service is disabled
[2021.02.08-08.38.19:188][  0]LogCook: Display: Max memory allowance for cook 16384mb min free memory 0mb
[2021.02.08-08.38.19:188][  0]LogCook: Display: Mobile HDR setting 1
[2021.02.08-08.38.19:894][  0]SourceControl: Source control is disabled
[2021.02.08-08.38.19:895][  0]Cmd: MAP LOAD FILE="../../../../../../Users/david/Documents/GitHub/Final-Year-Project/FYP/Content/VehicleAdvCPP/Maps/VehicleAdvExampleMap.umap" TEMPLATE=0 SHOWPROGRESS=1 FEATURELEVEL=3
[2021.02.08-08.38.19:904][  0]LightingResults: New page: Lighting Build
[2021.02.08-08.38.19:914][  0]LogWorld: UWorld::CleanupWorld for Untitled, bSessionEnded=true, bCleanupResources=true
[2021.02.08-08.38.19:914][  0]MapCheck: New page: Map Check
[2021.02.08-08.38.19:914][  0]LightingResults: New page: Lighting Build
[2021.02.08-08.38.19:953][  0]LogUObjectHash: Compacting FUObjectHashTables data took   2.81ms
[2021.02.08-08.38.20:935][  0]LogAIModule: Creating AISystem for world VehicleAdvExampleMap
[2021.02.08-08.38.21:009][  0]LogEditorServer: Finished looking for orphan Actors (0.000 secs)
[2021.02.08-08.38.21:043][  0]LogUObjectHash: Compacting FUObjectHashTables data took   3.08ms
[2021.02.08-08.38.21:043][  0]Cmd: MAP CHECKDEP NOCLEARLOG
[2021.02.08-08.38.21:043][  0]MapCheck: Map check complete: 0 Error(s), 0 Warning(s), took 0.181ms to complete.
[2021.02.08-08.38.21:043][  0]LogFileHelpers: Loading map 'VehicleAdvExampleMap' took 1.148
[2021.02.08-08.38.22:760][  0]LogSlate: Only BGRA pngs, bmps or icos are supported in by External Image Picker
[2021.02.08-08.38.22:915][  0]LogSlate: Updating window title bar state: overlay mode, drag disabled, window buttons hidden, title bar hidden
[2021.02.08-08.38.22:925][  0]LogSlate: Updating window title bar state: overlay mode, drag disabled, window buttons hidden, title bar hidden
[2021.02.08-08.38.22:934][  0]LogSlate: Updating window title bar state: overlay mode, drag disabled, window buttons hidden, title bar hidden
[2021.02.08-08.38.22:951][  0]LogSlate: Updating window title bar state: overlay mode, drag disabled, window buttons hidden, title bar hidden
[2021.02.08-08.38.22:983][  0]LogCollectionManager: Loaded 0 collections in 0.002322 seconds
[2021.02.08-08.38.23:011][  0]LogFileCache: Scanning file cache for directory 'C:/Users/david/Documents/GitHub/Final-Year-Project/FYP/Saved/Collections/' took 0.00s
[2021.02.08-08.38.23:011][  0]LogFileCache: Scanning file cache for directory 'C:/Users/david/Documents/GitHub/Final-Year-Project/FYP/Content/Developers/david/Collections/' took 0.00s
[2021.02.08-08.38.23:011][  0]LogFileCache: Scanning file cache for directory 'C:/Users/david/Documents/GitHub/Final-Year-Project/FYP/Content/Collections/' took 0.00s
[2021.02.08-08.38.23:011][  0]LogCollectionManager: Rebuilt the GUID cache for 0 collections in 0.000004 seconds
[2021.02.08-08.38.23:153][  0]LogContentBrowser: Native class hierarchy populated in 0.1351 seconds. Added 2905 classes and 708 folders.
[2021.02.08-08.38.23:174][  0]LogContentBrowser: Native class hierarchy updated for 'WidgetCarousel' in 0.0004 seconds. Added 0 classes and 0 folders.
[2021.02.08-08.38.24:299][  0]LogContentBrowser: Native class hierarchy updated for 'AddContentDialog' in 0.0004 seconds. Added 0 classes and 0 folders.
[2021.02.08-08.38.24:604][  0]LogSlate: Took 0.008598 seconds to synchronously load lazily loaded font '../../../Engine/Content/Slate/Fonts/Roboto-Regular.ttf' (155K)
[2021.02.08-08.38.24:619][  0]LogSlate: Took 0.009446 seconds to synchronously load lazily loaded font '../../../Engine/Content/Slate/Fonts/Roboto-Bold.ttf' (160K)
[2021.02.08-08.38.24:633][  0]LogSlate: Took 0.010824 seconds to synchronously load lazily loaded font '../../../Engine/Content/Slate/Fonts/DroidSansMono.ttf' (77K)
[2021.02.08-08.38.24:813][  0]LogRenderer: Reallocating scene render targets to support 1672x612 Format 10 NumSamples 1 (Frame:1).
[2021.02.08-08.38.25:024][  0]LogContentBrowser: Native class hierarchy updated for 'HierarchicalLODOutliner' in 0.0004 seconds. Added 0 classes and 0 folders.
[2021.02.08-08.38.25:025][  0]LogLoad: (Engine Initialization) Total time: 40.38 seconds
[2021.02.08-08.38.25:025][  0]LogLoad: (Engine Initialization) Total Blueprint compile time: 0.00 seconds
[2021.02.08-08.38.25:043][  0]LogRawInputWindows: Warning: Found device 0 devices
[2021.02.08-08.38.25:043][  0]LogRawInputWindows: Warning: Found device 0 devices
[2021.02.08-08.38.25:043][  0]LogRawInputWindows: Warning: Device was registered succesfully but not connected (Usage:4 UsagePage:1)
[2021.02.08-08.38.25:043][  0]LogRawInputWindows: Warning: Found device 1 devices
[2021.02.08-08.38.25:043][  0]LogRawInputWindows: Warning: Device was registered succesfully but not connected (Usage:5 UsagePage:1)
[2021.02.08-08.38.25:098][  0]LogContentStreaming: Texture pool size now 1000 MB
[2021.02.08-08.38.26:201][ 18]LogAssetRegistry: Asset discovery search completed in 19.4030 seconds
[2021.02.08-08.38.26:205][ 18]LogCollectionManager: Rebuilt the object cache for 0 collections in 0.000009 seconds (found 0 objects)
[2021.02.08-08.38.26:206][ 18]LogCollectionManager: Fixed up redirectors for 0 collections in 0.000272 seconds (updated 0 objects)
[2021.02.08-08.38.30:954][483]LogSlate: FSceneViewport::OnFocusLost() reason 0
[2021.02.08-08.38.31:509][546]LogSlate: Took 0.008991 seconds to synchronously load lazily loaded font '../../../Engine/Content/Editor/Slate/Fonts/FontAwesome.ttf' (139K)
[2021.02.08-08.38.31:563][546]LogSlate: Took 0.010047 seconds to synchronously load lazily loaded font '../../../Engine/Content/Slate/Fonts/Roboto-Light.ttf' (167K)
[2021.02.08-08.38.36:364][ 35]LogTemp: Repeating last play command: Selected Viewport
[2021.02.08-08.38.36:384][ 35]LogBlueprintUserMessages: Early PlayInEditor Detection: Level '/Game/VehicleAdvCPP/Maps/VehicleAdvExampleMap.VehicleAdvExampleMap:PersistentLevel' has LevelScriptBlueprint '/Game/VehicleAdvCPP/Maps/VehicleAdvExampleMap.VehicleAdvExampleMap:PersistentLevel.VehicleAdvExampleMap' with GeneratedClass '/Game/VehicleAdvCPP/Maps/VehicleAdvExampleMap.VehicleAdvExampleMap_C' with ClassGeneratedBy '/Game/VehicleAdvCPP/Maps/VehicleAdvExampleMap.VehicleAdvExampleMap:PersistentLevel.VehicleAdvExampleMap'
[2021.02.08-08.38.36:386][ 35]LogPlayLevel: PlayLevel: No blueprints needed recompiling
[2021.02.08-08.38.36:387][ 35]PIE: New page: PIE session: VehicleAdvExampleMap (8 Feb 2021 08:38:36)
[2021.02.08-08.38.36:389][ 35]LogOnline: OSS: Creating online subsystem instance for: NULL
[2021.02.08-08.38.36:390][ 35]LogPlayLevel: Creating play world package: /Game/VehicleAdvCPP/Maps/UEDPIE_0_VehicleAdvExampleMap
[2021.02.08-08.38.36:428][ 35]LogPlayLevel: PIE: StaticDuplicateObject took: (0.037047s)
[2021.02.08-08.38.36:430][ 35]LogAIModule: Creating AISystem for world VehicleAdvExampleMap
[2021.02.08-08.38.36:430][ 35]LogPlayLevel: PIE: World Init took: (0.001558s)
[2021.02.08-08.38.36:431][ 35]LogPlayLevel: PIE: Created PIE world by copying editor world from /Game/VehicleAdvCPP/Maps/VehicleAdvExampleMap.VehicleAdvExampleMap to /Game/VehicleAdvCPP/Maps/UEDPIE_0_VehicleAdvExampleMap.VehicleAdvExampleMap (0.039980s)
[2021.02.08-08.38.36:457][ 35]LogUObjectHash: Compacting FUObjectHashTables data took   1.93ms
[2021.02.08-08.38.36:477][ 35]LogInit: XAudio2 using 'LG ULTRAWIDE (NVIDIA High Definition Audio)' : 2 channels at 48 kHz using 16 bits per sample (channel mask 0x3)
[2021.02.08-08.38.36:491][ 35]LogInit: FAudioDevice initialized.
[2021.02.08-08.38.36:503][ 35]LogLoad: Game class is 'FYPGameMode'
[2021.02.08-08.38.36:515][ 35]LogWorld: Bringing World /Game/VehicleAdvCPP/Maps/UEDPIE_0_VehicleAdvExampleMap.VehicleAdvExampleMap up for play (max tick rate 0) at 2021.02.08-08.38.36
[2021.02.08-08.38.41:225][ 35]LogPython: Error: C:\Users\david\Documents\GitHub\Final-Year-Project\FYP\Plugins\UnrealEnginePython\Binaries\Win64\Lib\site-packages\tensorflow\python\framework\dtypes.py:523: FutureWarning: Passing (type, 1) or '1type' as a synonym of type is deprecated; in a future version of numpy, it will be understood as (type, (1,)) / '(1,)type'.
  _np_qint8 = np.dtype([("qint8", np.int8, 1)])

[2021.02.08-08.38.41:226][ 35]LogPython: Error: C:\Users\david\Documents\GitHub\Final-Year-Project\FYP\Plugins\UnrealEnginePython\Binaries\Win64\Lib\site-packages\tensorflow\python\framework\dtypes.py:524: FutureWarning: Passing (type, 1) or '1type' as a synonym of type is deprecated; in a future version of numpy, it will be understood as (type, (1,)) / '(1,)type'.
  _np_quint8 = np.dtype([("quint8", np.uint8, 1)])

[2021.02.08-08.38.41:227][ 35]LogPython: Error: C:\Users\david\Documents\GitHub\Final-Year-Project\FYP\Plugins\UnrealEnginePython\Binaries\Win64\Lib\site-packages\tensorflow\python\framework\dtypes.py:525: FutureWarning: Passing (type, 1) or '1type' as a synonym of type is deprecated; in a future version of numpy, it will be understood as (type, (1,)) / '(1,)type'.
  _np_qint16 = np.dtype([("qint16", np.int16, 1)])

[2021.02.08-08.38.41:229][ 35]LogPython: Error: C:\Users\david\Documents\GitHub\Final-Year-Project\FYP\Plugins\UnrealEnginePython\Binaries\Win64\Lib\site-packages\tensorflow\python\framework\dtypes.py:526: FutureWarning: Passing (type, 1) or '1type' as a synonym of type is deprecated; in a future version of numpy, it will be understood as (type, (1,)) / '(1,)type'.
  _np_quint16 = np.dtype([("quint16", np.uint16, 1)])

[2021.02.08-08.38.41:230][ 35]LogPython: Error: C:\Users\david\Documents\GitHub\Final-Year-Project\FYP\Plugins\UnrealEnginePython\Binaries\Win64\Lib\site-packages\tensorflow\python\framework\dtypes.py:527: FutureWarning: Passing (type, 1) or '1type' as a synonym of type is deprecated; in a future version of numpy, it will be understood as (type, (1,)) / '(1,)type'.
  _np_qint32 = np.dtype([("qint32", np.int32, 1)])

[2021.02.08-08.38.41:231][ 35]LogPython: Error: C:\Users\david\Documents\GitHub\Final-Year-Project\FYP\Plugins\UnrealEnginePython\Binaries\Win64\Lib\site-packages\tensorflow\python\framework\dtypes.py:532: FutureWarning: Passing (type, 1) or '1type' as a synonym of type is deprecated; in a future version of numpy, it will be understood as (type, (1,)) / '(1,)type'.
  np_resource = np.dtype([("resource", np.ubyte, 1)])

[2021.02.08-08.38.53:091][ 35]LogWorld: Bringing up level for play took: 16.585495
[2021.02.08-08.38.53:092][ 35]LogOnline: OSS: Creating online subsystem instance for: :Context_2
[2021.02.08-08.38.53:105][ 35]LogContentBrowser: Native class hierarchy updated for 'MovieSceneCapture' in 0.0005 seconds. Added 20 classes and 0 folders.
[2021.02.08-08.38.53:106][ 35]LogPython: BeginPlay, importing TF module: AICar
[2021.02.08-08.38.53:125][ 35]LogPython: Var Setup
[2021.02.08-08.38.53:125][ 35]LogPython: Got Path
[2021.02.08-08.38.53:125][ 35]LogPython: Is Initilized
[2021.02.08-08.38.53:165][ 35]LogPython: File Loaded
[2021.02.08-08.38.53:175][ 35]LogPython: Is trainingData Constructed
[2021.02.08-08.38.53:208][ 35]LogPython: Error: 'int' object is not iterable
[2021.02.08-08.38.53:229][ 35]LogPython: Error: Traceback (most recent call last):

[2021.02.08-08.38.53:229][ 35]LogPython: Error:   File "C:\Users\david\Documents\GitHub\Final-Year-Project\FYP\Plugins\tensorflow-ue4\Content\Scripts\TensorFlowComponent.py", line 36, in begin_play
    self.setup()

[2021.02.08-08.38.53:230][ 35]LogPython: Error:   File "C:\Users\david\Documents\GitHub\Final-Year-Project\FYP\Plugins\tensorflow-ue4\Content\Scripts\TensorFlowComponent.py", line 56, in setup
    self.setup_blocking()

[2021.02.08-08.38.53:230][ 35]LogPython: Error:   File "C:\Users\david\Documents\GitHub\Final-Year-Project\FYP\Plugins\tensorflow-ue4\Content\Scripts\TensorFlowComponent.py", line 130, in setup_blocking
    self.tfapi.onSetup()

[2021.02.08-08.38.53:231][ 35]LogPython: Error:   File "C:\Users\david\Documents\GitHub\Final-Year-Project\FYP\Content\Scripts\AICar.py", line 78, in onSetup
    self.model.add(tf.keras.layers.Dense(16, activation='relu', input_shape=(8)))

[2021.02.08-08.38.53:231][ 35]LogPython: Error:   File "C:\Users\david\Documents\GitHub\Final-Year-Project\FYP\Plugins\UnrealEnginePython\Binaries\Win64\Lib\site-packages\tensorflow\python\keras\layers\core.py", line 916, in __init__
    activity_regularizer=regularizers.get(activity_regularizer), **kwargs)

[2021.02.08-08.38.53:232][ 35]LogPython: Error:   File "C:\Users\david\Documents\GitHub\Final-Year-Project\FYP\Plugins\UnrealEnginePython\Binaries\Win64\Lib\site-packages\tensorflow\python\training\checkpointable\base.py", line 474, in _method_wrapper
    method(self, *args, **kwargs)

[2021.02.08-08.38.53:233][ 35]LogPython: Error:   File "C:\Users\david\Documents\GitHub\Final-Year-Project\FYP\Plugins\UnrealEnginePython\Binaries\Win64\Lib\site-packages\tensorflow\python\keras\engine\base_layer.py", line 201, in __init__
    batch_input_shape = (batch_size,) + tuple(kwargs['input_shape'])

[2021.02.08-08.38.53:234][ 35]LogPython: Error: TypeError: 'int' object is not iterable

[2021.02.08-08.38.53:236][ 35]PIE: Play in editor start time for /Game/VehicleAdvCPP/Maps/UEDPIE_0_VehicleAdvExampleMap 15.925
[2021.02.08-08.38.53:236][ 35]LogBlueprintUserMessages: Late PlayInEditor Detection: Level '/Game/VehicleAdvCPP/Maps/VehicleAdvExampleMap.VehicleAdvExampleMap:PersistentLevel' has LevelScriptBlueprint '/Game/VehicleAdvCPP/Maps/VehicleAdvExampleMap.VehicleAdvExampleMap:PersistentLevel.VehicleAdvExampleMap' with GeneratedClass '/Game/VehicleAdvCPP/Maps/VehicleAdvExampleMap.VehicleAdvExampleMap_C' with ClassGeneratedBy '/Game/VehicleAdvCPP/Maps/VehicleAdvExampleMap.VehicleAdvExampleMap:PersistentLevel.VehicleAdvExampleMap'
[2021.02.08-08.38.53:240][ 35]LogPython: AICar input passed: {"North":"0.0","NorthEast":"0.313145","East":"0.216837","SouthEast":"0.315367","South":"0.0","SouthWest":"0.253916","West":"0.172957","NorthWest":"0.264315","RecordingData":"False"}
[2021.02.08-08.38.53:260][ 35]LogMemory: Warning: Freeing 33554432 bytes from backup pool to handle out of memory.
[2021.02.08-08.38.53:260][ 35]LogMemory: Warning: MemoryStats:
	AvailablePhysical 11727409152
	 AvailableVirtual 140728627113984
	     UsedPhysical 1067433984
	 PeakUsedPhysical 1227374592
	      UsedVirtual 3177574400
	  PeakUsedVirtual 2941394046976
[2021.02.08-08.38.53:260][ 35]Allocator Stats for TBB: (not implemented)
[2021.02.08-08.38.53:260][ 35]LogWindows: Windows GetLastError: The operation completed successfully. (0)
[2021.02.08-08.38.58:168][ 35]LogThreadingWindows: Error: Runnable thread TAsync 0 crashed.
[2021.02.08-08.38.58:168][ 35]LogWindows: Error: === Critical error: ===
[2021.02.08-08.38.58:168][ 35]LogWindows: Error: 
[2021.02.08-08.38.58:168][ 35]LogWindows: Error: Fatal error: [File:D:/Build/++UE4/Sync/Engine/Source/Runtime/Core/Private/GenericPlatform/GenericPlatformMemory.cpp] [Line: 186] 
[2021.02.08-08.38.58:168][ 35]LogWindows: Error: Ran out of memory allocating 2932468266807 bytes with alignment 0
[2021.02.08-08.38.58:168][ 35]LogWindows: Error: 
[2021.02.08-08.38.58:168][ 35]LogWindows: Error: 
[2021.02.08-08.38.58:168][ 35]LogWindows: Error: [Callstack] 0x00007ffc4951d759 KERNELBASE.dll!UnknownFunction []
[2021.02.08-08.38.58:168][ 35]LogWindows: Error: [Callstack] 0x00007ffbf998a367 UE4Editor-Core.dll!UnknownFunction []
[2021.02.08-08.38.58:168][ 35]LogWindows: Error: [Callstack] 0x00007ffbf998cbc4 UE4Editor-Core.dll!UnknownFunction []
[2021.02.08-08.38.58:168][ 35]LogWindows: Error: [Callstack] 0x00007ffbf9781ada UE4Editor-Core.dll!UnknownFunction []
[2021.02.08-08.38.58:168][ 35]LogWindows: Error: [Callstack] 0x00007ffbf96d67a3 UE4Editor-Core.dll!UnknownFunction []
[2021.02.08-08.38.58:168][ 35]LogWindows: Error: [Callstack] 0x00007ffbf96d6688 UE4Editor-Core.dll!UnknownFunction []
[2021.02.08-08.38.58:168][ 35]LogWindows: Error: [Callstack] 0x00007ffbf9595f50 UE4Editor-Core.dll!UnknownFunction []
[2021.02.08-08.38.58:168][ 35]LogWindows: Error: [Callstack] 0x00007ffbf95e1626 UE4Editor-Core.dll!UnknownFunction []
[2021.02.08-08.38.58:168][ 35]LogWindows: Error: [Callstack] 0x00007ffbf965a61a UE4Editor-Core.dll!UnknownFunction []
[2021.02.08-08.38.58:168][ 35]LogWindows: Error: [Callstack] 0x00007ffbdd135d8a UE4Editor-SocketIOLib.dll!std::_Allocate<16,std::_Default_allocate_traits,0>() []
[2021.02.08-08.38.58:168][ 35]LogWindows: Error: [Callstack] 0x00007ffbdd15f34c UE4Editor-SocketIOLib.dll!std::basic_string<char,std::char_traits<char>,std::allocator<char> >::assign() []
[2021.02.08-08.38.58:168][ 35]LogWindows: Error: [Callstack] 0x00007ffbdd164479 UE4Editor-SocketIOLib.dll!sio::client_impl::connect() []
[2021.02.08-08.38.58:168][ 35]LogWindows: Error: [Callstack] 0x00007ffbd9bdb89e UE4Editor-SocketIOClient.dll!<lambda_9d27ed946d65dfd41d92bc5689c4f281>::operator()() [c:\users\david\documents\github\final-year-project\fyp\plugins\socketio-client-ue4\source\socketioclient\private\socketionative.cpp:60]
[2021.02.08-08.38.58:168][ 35]LogWindows: Error: [Callstack] 0x00007ffbdd0d8552 UE4Editor-CoreUtility.dll!SetPromise<TUniqueFunction<void __cdecl(void)> &>() [c:\program files\epic games\ue_4.23\engine\source\runtime\core\public\async\async.h:49]
[2021.02.08-08.38.58:168][ 35]LogWindows: Error: [Callstack] 0x00007ffbdd0e35ba UE4Editor-CoreUtility.dll!TAsyncRunnable<void>::Run() [c:\program files\epic games\ue_4.23\engine\source\runtime\core\public\async\async.h:404]
[2021.02.08-08.38.58:168][ 35]LogWindows: Error: [Callstack] 0x00007ffbf99a9f5f UE4Editor-Core.dll!UnknownFunction []
[2021.02.08-08.38.58:168][ 35]LogWindows: Error: [Callstack] 0x00007ffbf99a04b1 UE4Editor-Core.dll!UnknownFunction []
[2021.02.08-08.38.58:168][ 35]LogWindows: Error: [Callstack] 0x00007ffc4b787034 KERNEL32.DLL!UnknownFunction []
[2021.02.08-08.38.58:168][ 35]LogWindows: Error: [Callstack] 0x00007ffc4b91d0d1 ntdll.dll!UnknownFunction []
[2021.02.08-08.38.58:168][ 35]LogWindows: Error: 
[2021.02.08-08.38.58:168][ 35]LogWindows: Error: Crash in runnable thread TAsync 0
[2021.02.08-08.38.58:229][ 35]LogExit: Executing StaticShutdownAfterError
[2021.02.08-08.38.58:229][ 35]LogWindows: FPlatformMisc::RequestExit(1)
[2021.02.08-08.38.58:267][ 35]Log file closed, 02/08/21 08:38:58
