Log file open, 12/21/20 15:57:47
LogWindows: Failed to load 'aqProf.dll' (GetLastError=126)
LogWindows: File 'aqProf.dll' does not exist
LogWindows: Failed to load 'VtuneApi.dll' (GetLastError=126)
LogWindows: File 'VtuneApi.dll' does not exist
LogWindows: Failed to load 'VtuneApi32e.dll' (GetLastError=126)
LogWindows: File 'VtuneApi32e.dll' does not exist
LogConsoleResponse: Display: Failed to find resolution value strings in scalability ini. Falling back to default.
LogInit: Display: Running engine for game: FYP
LogPlatformFile: Not using cached read wrapper
LogTaskGraph: Started task graph with 5 named threads and 14 total threads with 3 sets of task threads.
LogStats: Stats thread started at 0.179568
LogD3D11RHI: Loaded GFSDK_Aftermath_Lib.x64.dll
LogICUInternationalization: ICU TimeZone Detection - Raw Offset: +0:00, Platform Override: ''
LogPluginManager: Mounting plugin Paper2D
LogPluginManager: Mounting plugin AISupport
LogPluginManager: Mounting plugin LightPropagationVolume
LogPluginManager: Mounting plugin ActorLayerUtilities
LogPluginManager: Mounting plugin AnimationSharing
LogPluginManager: Mounting plugin CLionSourceCodeAccess
LogPluginManager: Mounting plugin CodeLiteSourceCodeAccess
LogPluginManager: Mounting plugin GitSourceControl
LogPluginManager: Mounting plugin KDevelopSourceCodeAccess
LogPluginManager: Mounting plugin NullSourceCodeAccess
LogPluginManager: Mounting plugin PerforceSourceControl
LogPluginManager: Mounting plugin SubversionSourceControl
LogPluginManager: Mounting plugin UObjectPlugin
LogPluginManager: Mounting plugin VisualStudioCodeSourceCodeAccess
LogPluginManager: Mounting plugin VisualStudioSourceCodeAccess
LogPluginManager: Mounting plugin XCodeSourceCodeAccess
LogPluginManager: Mounting plugin AssetManagerEditor
LogPluginManager: Mounting plugin CryptoKeys
LogPluginManager: Mounting plugin CurveEditorTools
LogPluginManager: Mounting plugin DataValidation
LogPluginManager: Mounting plugin FacialAnimation
LogPluginManager: Mounting plugin GameplayTagsEditor
LogPluginManager: Mounting plugin MacGraphicsSwitching
LogPluginManager: Mounting plugin MaterialAnalyzer
LogPluginManager: Mounting plugin MobileLauncherProfileWizard
LogPluginManager: Mounting plugin PluginBrowser
LogPluginManager: Mounting plugin SpeedTreeImporter
LogPluginManager: Mounting plugin DatasmithContent
LogPluginManager: Mounting plugin VariantManagerContent
LogPluginManager: Mounting plugin AlembicImporter
LogPluginManager: Mounting plugin AutomationUtils
LogPluginManager: Mounting plugin BackChannel
LogPluginManager: Mounting plugin CharacterAI
LogPluginManager: Mounting plugin GeometryCache
LogPluginManager: Mounting plugin HTML5Networking
LogPluginManager: Mounting plugin PlatformCrypto
LogPluginManager: Mounting plugin ProxyLODPlugin
LogPluginManager: Mounting plugin RawInput
LogPluginManager: Mounting plugin SkeletalReduction
LogPluginManager: Mounting plugin MagicLeap
LogPluginManager: Mounting plugin MagicLeapMedia
LogPluginManager: Mounting plugin AndroidMedia
LogPluginManager: Mounting plugin AvfMedia
LogPluginManager: Mounting plugin ImgMedia
LogPluginManager: Mounting plugin MediaCompositing
LogPluginManager: Mounting plugin MediaPlayerEditor
LogPluginManager: Mounting plugin WebMMedia
LogPluginManager: Mounting plugin WmfMedia
LogPluginManager: Mounting plugin TcpMessaging
LogPluginManager: Mounting plugin UdpMessaging
LogPluginManager: Mounting plugin ActorSequence
LogPluginManager: Mounting plugin LevelSequenceEditor
LogPluginManager: Mounting plugin MatineeToLevelSequence
LogPluginManager: Mounting plugin NetcodeUnitTest
LogPluginManager: Mounting plugin NUTUnrealEngine4
LogPluginManager: Mounting plugin OnlineSubsystemGooglePlay
LogPluginManager: Mounting plugin OnlineSubsystemIOS
LogPluginManager: Mounting plugin OnlineSubsystem
LogPluginManager: Mounting plugin OnlineSubsystemNull
LogPluginManager: Mounting plugin OnlineSubsystemUtils
LogPluginManager: Mounting plugin LauncherChunkInstaller
LogPluginManager: Mounting plugin AndroidDeviceProfileSelector
LogPluginManager: Mounting plugin AndroidMoviePlayer
LogPluginManager: Mounting plugin AndroidPermission
LogPluginManager: Mounting plugin AppleImageUtils
LogPluginManager: Mounting plugin AppleMoviePlayer
LogPluginManager: Mounting plugin ArchVisCharacter
LogPluginManager: Mounting plugin AudioCapture
LogPluginManager: Mounting plugin CableComponent
LogPluginManager: Mounting plugin CustomMeshComponent
LogPluginManager: Mounting plugin EditableMesh
LogPluginManager: Mounting plugin ExampleDeviceProfileSelector
LogPluginManager: Mounting plugin GoogleCloudMessaging
LogPluginManager: Mounting plugin IOSDeviceProfileSelector
LogPluginManager: Mounting plugin LinuxDeviceProfileSelector
LogPluginManager: Mounting plugin LocationServicesBPLibrary
LogPluginManager: Mounting plugin MobilePatchingUtils
LogPluginManager: Mounting plugin OculusVR
LogPluginManager: Mounting plugin PhysXVehicles
LogPluginManager: Mounting plugin ProceduralMeshComponent
LogPluginManager: Mounting plugin RuntimePhysXCooking
LogPluginManager: Mounting plugin SignificanceManager
LogPluginManager: Mounting plugin SteamVR
LogPluginManager: Mounting plugin WebMMoviePlayer
LogPluginManager: Mounting plugin WindowsMoviePlayer
LogPluginManager: Mounting plugin ScreenshotTools
LogInit: Using libcurl 7.55.1-DEV
LogInit:  - built for x86_64-pc-win32
LogInit:  - supports SSL with OpenSSL/1.1.1
LogInit:  - supports HTTP deflate (compression) using libz 1.2.8
LogInit:  - other features:
LogInit:      CURL_VERSION_SSL
LogInit:      CURL_VERSION_LIBZ
LogInit:      CURL_VERSION_IPV6
LogInit:      CURL_VERSION_ASYNCHDNS
LogInit:      CURL_VERSION_LARGEFILE
LogInit:      CURL_VERSION_IDN
LogInit:  CurlRequestOptions (configurable via config and command line):
LogInit:  - bVerifyPeer = true  - Libcurl will verify peer certificate
LogInit:  - bUseHttpProxy = false  - Libcurl will NOT use HTTP proxy
LogInit:  - bDontReuseConnections = false  - Libcurl will reuse connections
LogInit:  - MaxHostConnections = 16  - Libcurl will limit the number of connections to a host
LogInit:  - LocalHostAddr = Default
LogInit:  - BufferSize = 65536
LogOnline: OSS: Creating online subsystem instance for: NULL
LogInit: WinSock: version 1.1 (2.2), MaxSocks=32767, MaxUdp=65467
LogInit: Build: ++UE4+Release-4.23-CL-9631420
LogInit: Engine Version: 4.23.1-9631420+++UE4+Release-4.23
LogInit: Compatible Engine Version: 4.23.0-8386587+++UE4+Release-4.23
LogInit: Net CL: 8386587
LogInit: OS: Windows 10 (Release 2009) (), CPU:        Intel(R) Core(TM) i5-2500K CPU @ 3.30GHz, GPU: NVIDIA GeForce RTX 2060 SUPER
LogInit: Compiled (64-bit): Oct 18 2019 02:07:44
LogInit: Compiled with Visual C++: 19.16.27030.01
LogInit: Build Configuration: Development
LogInit: Branch Name: ++UE4+Release-4.23
LogInit: Command Line:  -skipcompile
LogInit: Base Directory: C:/Program Files/Epic Games/UE_4.23/Engine/Binaries/Win64/
LogInit: Installed Engine Build: 1
LogDevObjectVersion: Number of dev versions registered: 23
LogDevObjectVersion:   Dev-Blueprints (B0D832E4-1F89-4F0D-ACCF-7EB736FD4AA2): 10
LogDevObjectVersion:   Dev-Build (E1C64328-A22C-4D53-A36C-8E866417BD8C): 0
LogDevObjectVersion:   Dev-Core (375EC13C-06E4-48FB-B500-84F0262A717E): 3
LogDevObjectVersion:   Dev-Editor (E4B068ED-F494-42E9-A231-DA0B2E46BB41): 34
LogDevObjectVersion:   Dev-Framework (CFFC743F-43B0-4480-9391-14DF171D2073): 35
LogDevObjectVersion:   Dev-Mobile (B02B49B5-BB20-44E9-A304-32B752E40360): 2
LogDevObjectVersion:   Dev-Networking (A4E4105C-59A1-49B5-A7C5-40C4547EDFEE): 0
LogDevObjectVersion:   Dev-Online (39C831C9-5AE6-47DC-9A44-9C173E1C8E7C): 0
LogDevObjectVersion:   Dev-Physics (78F01B33-EBEA-4F98-B9B4-84EACCB95AA2): 0
LogDevObjectVersion:   Dev-Platform (6631380F-2D4D-43E0-8009-CF276956A95A): 0
LogDevObjectVersion:   Dev-Rendering (12F88B9F-8875-4AFC-A67C-D90C383ABD29): 31
LogDevObjectVersion:   Dev-Sequencer (7B5AE74C-D270-4C10-A958-57980B212A5A): 11
LogDevObjectVersion:   Dev-VR (D7296918-1DD6-4BDD-9DE2-64A83CC13884): 2
LogDevObjectVersion:   Dev-LoadTimes (C2A15278-BFE7-4AFE-6C17-90FF531DF755): 1
LogDevObjectVersion:   Private-Geometry (6EACA3D4-40EC-4CC1-B786-8BED09428FC5): 3
LogDevObjectVersion:   Dev-AnimPhys (29E575DD-E0A3-4627-9D10-D276232CDCEA): 17
LogDevObjectVersion:   Dev-Anim (AF43A65D-7FD3-4947-9873-3E8ED9C1BB05): 2
LogDevObjectVersion:   Dev-ReflectionCapture (6B266CEC-1EC7-4B8F-A30B-E4D90942FC07): 1
LogDevObjectVersion:   Dev-Automation (0DF73D61-A23F-47EA-B727-89E90C41499A): 1
LogDevObjectVersion:   FortniteMain (601D1886-AC64-4F84-AA16-D3DE0DEAC7D6): 27
LogDevObjectVersion:   Dev-Enterprise (9DFFBCD6-494F-0158-E221-12823C92A888): 6
LogDevObjectVersion:   Dev-Niagara (F2AED0AC-9AFE-416F-8664-AA7FFA26D6FC): 1
LogDevObjectVersion:   Dev-Destruction (174F1F0B-B4C6-45A5-B13F-2EE8D0FB917D): 9
LogInit: Presizing for max 16777216 objects, including 0 objects not considered by GC, pre-allocating 0 bytes for permanent pool.
LogInit: Object subsystem initialized
LogConfig: Setting CVar [[con.DebugEarlyDefault:1]]
LogConfig: Setting CVar [[r.setres:1280x720]]
[2020.12.21-15.57.48:233][  0]LogConfig: Setting CVar [[r.VSync:0]]
[2020.12.21-15.57.48:233][  0]LogConfig: Setting CVar [[r.RHICmdBypass:0]]
[2020.12.21-15.57.48:233][  0]LogConfig: Applying CVar settings from Section [/Script/Engine.RendererSettings] File [C:/Users/david/Documents/Unreal Projects/FYP/Saved/Config/Windows/Engine.ini]
[2020.12.21-15.57.48:233][  0]LogConfig: Setting CVar [[r.GPUCrashDebugging:0]]
[2020.12.21-15.57.48:233][  0]LogConfig: Setting CVar [[r.MobileHDR:1]]
[2020.12.21-15.57.48:233][  0]LogConfig: Setting CVar [[r.Mobile.DisableVertexFog:1]]
[2020.12.21-15.57.48:233][  0]LogConfig: Setting CVar [[r.Shadow.CSM.MaxMobileCascades:2]]
[2020.12.21-15.57.48:233][  0]LogConfig: Setting CVar [[r.MobileMSAA:1]]
[2020.12.21-15.57.48:233][  0]LogConfig: Setting CVar [[r.Mobile.UseLegacyShadingModel:0]]
[2020.12.21-15.57.48:233][  0]LogConfig: Setting CVar [[r.Mobile.UseHWsRGBEncoding:0]]
[2020.12.21-15.57.48:233][  0]LogConfig: Setting CVar [[r.Mobile.AllowDitheredLODTransition:0]]
[2020.12.21-15.57.48:233][  0]LogConfig: Setting CVar [[r.Mobile.AllowSoftwareOcclusion:0]]
[2020.12.21-15.57.48:233][  0]LogConfig: Setting CVar [[r.DiscardUnusedQuality:0]]
[2020.12.21-15.57.48:234][  0]LogConfig: Setting CVar [[r.AllowOcclusionQueries:1]]
[2020.12.21-15.57.48:234][  0]LogConfig: Setting CVar [[r.MinScreenRadiusForLights:0.030000]]
[2020.12.21-15.57.48:234][  0]LogConfig: Setting CVar [[r.MinScreenRadiusForDepthPrepass:0.030000]]
[2020.12.21-15.57.48:234][  0]LogConfig: Setting CVar [[r.MinScreenRadiusForCSMDepth:0.010000]]
[2020.12.21-15.57.48:234][  0]LogConfig: Setting CVar [[r.PrecomputedVisibilityWarning:0]]
[2020.12.21-15.57.48:234][  0]LogConfig: Setting CVar [[r.TextureStreaming:1]]
[2020.12.21-15.57.48:234][  0]LogConfig: Setting CVar [[Compat.UseDXT5NormalMaps:0]]
[2020.12.21-15.57.48:234][  0]LogConfig: Setting CVar [[r.VirtualTextures:0]]
[2020.12.21-15.57.48:234][  0]LogConfig: Setting CVar [[r.VirtualTexturedLightmaps:0]]
[2020.12.21-15.57.48:234][  0]LogConfig: Setting CVar [[r.VT.TileSize:128]]
[2020.12.21-15.57.48:234][  0]LogConfig: Setting CVar [[r.VT.TileBorderSize:4]]
[2020.12.21-15.57.48:234][  0]LogConfig: Setting CVar [[r.vt.FeedbackFactor:16]]
[2020.12.21-15.57.48:234][  0]LogConfig: Setting CVar [[r.VT.EnableCompressZlib:1]]
[2020.12.21-15.57.48:234][  0]LogConfig: Setting CVar [[r.VT.EnableCompressCrunch:0]]
[2020.12.21-15.57.48:234][  0]LogConfig: Setting CVar [[r.ClearCoatNormal:0]]
[2020.12.21-15.57.48:234][  0]LogConfig: Setting CVar [[r.ReflectionCaptureResolution:128]]
[2020.12.21-15.57.48:234][  0]LogConfig: Setting CVar [[r.ReflectionEnvironmentLightmapMixBasedOnRoughness:1]]
[2020.12.21-15.57.48:234][  0]LogConfig: Setting CVar [[r.ForwardShading:0]]
[2020.12.21-15.57.48:234][  0]LogConfig: Setting CVar [[r.VertexFoggingForOpaque:1]]
[2020.12.21-15.57.48:234][  0]LogConfig: Setting CVar [[r.AllowStaticLighting:1]]
[2020.12.21-15.57.48:234][  0]LogConfig: Setting CVar [[r.NormalMapsForStaticLighting:0]]
[2020.12.21-15.57.48:235][  0]LogConfig: Setting CVar [[r.GenerateMeshDistanceFields:0]]
[2020.12.21-15.57.48:235][  0]LogConfig: Setting CVar [[r.DistanceFieldBuild.EightBit:0]]
[2020.12.21-15.57.48:235][  0]LogConfig: Setting CVar [[r.GenerateLandscapeGIData:0]]
[2020.12.21-15.57.48:235][  0]LogConfig: Setting CVar [[r.DistanceFieldBuild.Compress:0]]
[2020.12.21-15.57.48:235][  0]LogConfig: Setting CVar [[r.TessellationAdaptivePixelsPerTriangle:48.000000]]
[2020.12.21-15.57.48:235][  0]LogConfig: Setting CVar [[r.SeparateTranslucency:1]]
[2020.12.21-15.57.48:235][  0]LogConfig: Setting CVar [[r.TranslucentSortPolicy:0]]
[2020.12.21-15.57.48:235][  0]LogConfig: Setting CVar [[r.CustomDepth:1]]
[2020.12.21-15.57.48:236][  0]LogConfig: Setting CVar [[r.CustomDepthTemporalAAJitter:1]]
[2020.12.21-15.57.48:236][  0]LogConfig: Setting CVar [[r.PostProcessing.PropagateAlpha:0]]
[2020.12.21-15.57.48:237][  0]LogConfig: Setting CVar [[r.DefaultFeature.Bloom:1]]
[2020.12.21-15.57.48:237][  0]LogConfig: Setting CVar [[r.DefaultFeature.AmbientOcclusion:1]]
[2020.12.21-15.57.48:238][  0]LogConfig: Setting CVar [[r.DefaultFeature.AmbientOcclusionStaticFraction:1]]
[2020.12.21-15.57.48:238][  0]LogConfig: Setting CVar [[r.DefaultFeature.AutoExposure:0]]
[2020.12.21-15.57.48:238][  0]LogConfig: Setting CVar [[r.DefaultFeature.AutoExposure.Method:0]]
[2020.12.21-15.57.48:238][  0]LogConfig: Setting CVar [[r.DefaultFeature.AutoExposure.ExtendDefaultLuminanceRange:0]]
[2020.12.21-15.57.48:239][  0]LogConfig: Setting CVar [[r.UsePreExposure:1]]
[2020.12.21-15.57.48:239][  0]LogConfig: Setting CVar [[r.EyeAdaptation.EditorOnly:1]]
[2020.12.21-15.57.48:239][  0]LogConfig: Setting CVar [[r.DefaultFeature.MotionBlur:0]]
[2020.12.21-15.57.48:239][  0]LogConfig: Setting CVar [[r.DefaultFeature.LensFlare:0]]
[2020.12.21-15.57.48:239][  0]LogConfig: Setting CVar [[r.TemporalAA.Upsampling:0]]
[2020.12.21-15.57.48:239][  0]LogConfig: Setting CVar [[r.DefaultFeature.AntiAliasing:0]]
[2020.12.21-15.57.48:239][  0]LogConfig: Setting CVar [[r.DefaultFeature.LightUnits:1]]
[2020.12.21-15.57.48:239][  0]LogConfig: Setting CVar [[r.DefaultBackBufferPixelFormat:4]]
[2020.12.21-15.57.48:239][  0]LogConfig: Setting CVar [[r.Shadow.UnbuiltPreviewInGame:1]]
[2020.12.21-15.57.48:239][  0]LogConfig: Setting CVar [[r.StencilForLODDither:0]]
[2020.12.21-15.57.48:239][  0]LogConfig: Setting CVar [[r.EarlyZPass:3]]
[2020.12.21-15.57.48:239][  0]LogConfig: Setting CVar [[r.EarlyZPassOnlyMaterialMasking:0]]
[2020.12.21-15.57.48:240][  0]LogConfig: Setting CVar [[r.DBuffer:1]]
[2020.12.21-15.57.48:240][  0]LogConfig: Setting CVar [[r.ClearSceneMethod:1]]
[2020.12.21-15.57.48:240][  0]LogConfig: Setting CVar [[r.BasePassOutputsVelocity:0]]
[2020.12.21-15.57.48:240][  0]LogConfig: Setting CVar [[r.SelectiveBasePassOutputs:0]]
[2020.12.21-15.57.48:240][  0]LogConfig: Setting CVar [[fx.GPUSimulationTextureSizeX:1024]]
[2020.12.21-15.57.48:240][  0]LogConfig: Setting CVar [[fx.GPUSimulationTextureSizeY:1024]]
[2020.12.21-15.57.48:240][  0]LogConfig: Setting CVar [[r.AllowGlobalClipPlane:0]]
[2020.12.21-15.57.48:240][  0]LogConfig: Setting CVar [[r.GBufferFormat:1]]
[2020.12.21-15.57.48:240][  0]LogConfig: Setting CVar [[r.MorphTarget.Mode:1]]
[2020.12.21-15.57.48:240][  0]LogConfig: Setting CVar [[vr.InstancedStereo:0]]
[2020.12.21-15.57.48:240][  0]LogConfig: Setting CVar [[vr.MultiView:0]]
[2020.12.21-15.57.48:240][  0]LogConfig: Setting CVar [[vr.MobileMultiView:0]]
[2020.12.21-15.57.48:240][  0]LogConfig: Setting CVar [[vr.MobileMultiView.Direct:0]]
[2020.12.21-15.57.48:240][  0]LogConfig: Setting CVar [[vr.RoundRobinOcclusion:0]]
[2020.12.21-15.57.48:240][  0]LogConfig: Setting CVar [[vr.ODSCapture:0]]
[2020.12.21-15.57.48:240][  0]LogConfig: Setting CVar [[r.WireframeCullThreshold:5.000000]]
[2020.12.21-15.57.48:240][  0]LogConfig: Setting CVar [[r.RayTracing:0]]
[2020.12.21-15.57.48:240][  0]LogConfig: Setting CVar [[r.SupportStationarySkylight:1]]
[2020.12.21-15.57.48:241][  0]LogConfig: Setting CVar [[r.SupportLowQualityLightmaps:1]]
[2020.12.21-15.57.48:241][  0]LogConfig: Setting CVar [[r.SupportPointLightWholeSceneShadows:1]]
[2020.12.21-15.57.48:241][  0]LogConfig: Setting CVar [[r.SupportAtmosphericFog:1]]
[2020.12.21-15.57.48:241][  0]LogConfig: Setting CVar [[r.SkinCache.CompileShaders:0]]
[2020.12.21-15.57.48:241][  0]LogConfig: Setting CVar [[r.Mobile.EnableStaticAndCSMShadowReceivers:1]]
[2020.12.21-15.57.48:241][  0]LogConfig: Setting CVar [[r.Mobile.EnableMovableLightCSMShaderCulling:1]]
[2020.12.21-15.57.48:241][  0]LogConfig: Setting CVar [[r.Mobile.AllowDistanceFieldShadows:1]]
[2020.12.21-15.57.48:241][  0]LogConfig: Setting CVar [[r.Mobile.AllowMovableDirectionalLights:1]]
[2020.12.21-15.57.48:241][  0]LogConfig: Setting CVar [[r.MobileNumDynamicPointLights:4]]
[2020.12.21-15.57.48:241][  0]LogConfig: Setting CVar [[r.MobileDynamicPointLightsUseStaticBranch:1]]
[2020.12.21-15.57.48:241][  0]LogConfig: Setting CVar [[r.Mobile.EnableMovableSpotlights:0]]
[2020.12.21-15.57.48:241][  0]LogConfig: Setting CVar [[r.SkinCache.SceneMemoryLimitInMB:128.000000]]
[2020.12.21-15.57.48:241][  0]LogConfig: Setting CVar [[r.GPUSkin.Limit2BoneInfluences:0]]
[2020.12.21-15.57.48:241][  0]LogConfig: Setting CVar [[r.SupportDepthOnlyIndexBuffers:1]]
[2020.12.21-15.57.48:241][  0]LogConfig: Setting CVar [[r.SupportReversedIndexBuffers:1]]
[2020.12.21-15.57.48:241][  0]LogConfig: Setting CVar [[r.SupportMaterialLayers:0]]
[2020.12.21-15.57.48:241][  0]LogConfig: Applying CVar settings from Section [/Script/Engine.RendererOverrideSettings] File [C:/Users/david/Documents/Unreal Projects/FYP/Saved/Config/Windows/Engine.ini]
[2020.12.21-15.57.48:241][  0]LogConfig: Applying CVar settings from Section [/Script/Engine.StreamingSettings] File [C:/Users/david/Documents/Unreal Projects/FYP/Saved/Config/Windows/Engine.ini]
[2020.12.21-15.57.48:241][  0]LogConfig: Setting CVar [[s.MinBulkDataSizeForAsyncLoading:131072]]
[2020.12.21-15.57.48:241][  0]LogConfig: Setting CVar [[s.AsyncLoadingThreadEnabled:0]]
[2020.12.21-15.57.48:242][  0]LogConfig: Setting CVar [[s.EventDrivenLoaderEnabled:1]]
[2020.12.21-15.57.48:242][  0]LogConfig: Setting CVar [[s.WarnIfTimeLimitExceeded:0]]
[2020.12.21-15.57.48:242][  0]LogConfig: Setting CVar [[s.TimeLimitExceededMultiplier:1.5]]
[2020.12.21-15.57.48:242][  0]LogConfig: Setting CVar [[s.TimeLimitExceededMinTime:0.005]]
[2020.12.21-15.57.48:242][  0]LogConfig: Setting CVar [[s.UseBackgroundLevelStreaming:1]]
[2020.12.21-15.57.48:242][  0]LogConfig: Setting CVar [[s.PriorityAsyncLoadingExtraTime:15.0]]
[2020.12.21-15.57.48:242][  0]LogConfig: Setting CVar [[s.LevelStreamingActorsUpdateTimeLimit:5.0]]
[2020.12.21-15.57.48:242][  0]LogConfig: Setting CVar [[s.PriorityLevelStreamingActorsUpdateExtraTime:5.0]]
[2020.12.21-15.57.48:242][  0]LogConfig: Setting CVar [[s.LevelStreamingComponentsRegistrationGranularity:10]]
[2020.12.21-15.57.48:242][  0]LogConfig: Setting CVar [[s.UnregisterComponentsTimeLimit:1.0]]
[2020.12.21-15.57.48:242][  0]LogConfig: Setting CVar [[s.LevelStreamingComponentsUnregistrationGranularity:5]]
[2020.12.21-15.57.48:242][  0]LogConfig: Applying CVar settings from Section [/Script/Engine.GarbageCollectionSettings] File [C:/Users/david/Documents/Unreal Projects/FYP/Saved/Config/Windows/Engine.ini]
[2020.12.21-15.57.48:242][  0]LogConfig: Setting CVar [[gc.MaxObjectsNotConsideredByGC:1]]
[2020.12.21-15.57.48:242][  0]LogConfig: Setting CVar [[gc.SizeOfPermanentObjectPool:0]]
[2020.12.21-15.57.48:242][  0]LogConfig: Setting CVar [[gc.FlushStreamingOnGC:0]]
[2020.12.21-15.57.48:242][  0]LogConfig: Setting CVar [[gc.NumRetriesBeforeForcingGC:10]]
[2020.12.21-15.57.48:242][  0]LogConfig: Setting CVar [[gc.AllowParallelGC:1]]
[2020.12.21-15.57.48:242][  0]LogConfig: Setting CVar [[gc.TimeBetweenPurgingPendingKillObjects:61.1]]
[2020.12.21-15.57.48:242][  0]LogConfig: Setting CVar [[gc.MaxObjectsInEditor:16777216]]
[2020.12.21-15.57.48:243][  0]LogConfig: Setting CVar [[gc.IncrementalBeginDestroyEnabled:1]]
[2020.12.21-15.57.48:243][  0]LogConfig: Setting CVar [[gc.CreateGCClusters:1]]
[2020.12.21-15.57.48:243][  0]LogConfig: Setting CVar [[gc.MinGCClusterSize:5]]
[2020.12.21-15.57.48:243][  0]LogConfig: Setting CVar [[gc.ActorClusteringEnabled:0]]
[2020.12.21-15.57.48:243][  0]LogConfig: Setting CVar [[gc.BlueprintClusteringEnabled:0]]
[2020.12.21-15.57.48:243][  0]LogConfig: Setting CVar [[gc.UseDisregardForGCOnDedicatedServers:0]]
[2020.12.21-15.57.48:243][  0]LogConfig: Applying CVar settings from Section [/Script/Engine.NetworkSettings] File [C:/Users/david/Documents/Unreal Projects/FYP/Saved/Config/Windows/Engine.ini]
[2020.12.21-15.57.48:243][  0]LogConfig: Applying CVar settings from Section [/Script/UnrealEd.CookerSettings] File [C:/Users/david/Documents/Unreal Projects/FYP/Saved/Config/Windows/Engine.ini]
[2020.12.21-15.57.48:252][  0]LogConfig: Applying CVar settings from Section [ViewDistanceQuality@3] File [C:/Users/david/Documents/Unreal Projects/FYP/Saved/Config/Windows/Scalability.ini]
[2020.12.21-15.57.48:253][  0]LogConfig: Setting CVar [[r.SkeletalMeshLODBias:0]]
[2020.12.21-15.57.48:253][  0]LogConfig: Setting CVar [[r.ViewDistanceScale:1.0]]
[2020.12.21-15.57.48:253][  0]LogConfig: Applying CVar settings from Section [AntiAliasingQuality@3] File [C:/Users/david/Documents/Unreal Projects/FYP/Saved/Config/Windows/Scalability.ini]
[2020.12.21-15.57.48:253][  0]LogConfig: Setting CVar [[r.PostProcessAAQuality:4]]
[2020.12.21-15.57.48:253][  0]LogConfig: Applying CVar settings from Section [ShadowQuality@3] File [C:/Users/david/Documents/Unreal Projects/FYP/Saved/Config/Windows/Scalability.ini]
[2020.12.21-15.57.48:253][  0]LogConfig: Setting CVar [[r.LightFunctionQuality:1]]
[2020.12.21-15.57.48:253][  0]LogConfig: Setting CVar [[r.ShadowQuality:5]]
[2020.12.21-15.57.48:253][  0]LogConfig: Setting CVar [[r.Shadow.CSM.MaxCascades:10]]
[2020.12.21-15.57.48:253][  0]LogConfig: Setting CVar [[r.Shadow.MaxResolution:2048]]
[2020.12.21-15.57.48:253][  0]LogConfig: Setting CVar [[r.Shadow.MaxCSMResolution:2048]]
[2020.12.21-15.57.48:253][  0]LogConfig: Setting CVar [[r.Shadow.RadiusThreshold:0.01]]
[2020.12.21-15.57.48:254][  0]LogConfig: Setting CVar [[r.Shadow.DistanceScale:1.0]]
[2020.12.21-15.57.48:254][  0]LogConfig: Setting CVar [[r.Shadow.CSM.TransitionScale:1.0]]
[2020.12.21-15.57.48:254][  0]LogConfig: Setting CVar [[r.Shadow.PreShadowResolutionFactor:1.0]]
[2020.12.21-15.57.48:254][  0]LogConfig: Setting CVar [[r.DistanceFieldShadowing:1]]
[2020.12.21-15.57.48:254][  0]LogConfig: Setting CVar [[r.DistanceFieldAO:1]]
[2020.12.21-15.57.48:254][  0]LogConfig: Setting CVar [[r.AOQuality:2]]
[2020.12.21-15.57.48:254][  0]LogConfig: Setting CVar [[r.VolumetricFog:1]]
[2020.12.21-15.57.48:254][  0]LogConfig: Setting CVar [[r.VolumetricFog.GridPixelSize:8]]
[2020.12.21-15.57.48:254][  0]LogConfig: Setting CVar [[r.VolumetricFog.GridSizeZ:128]]
[2020.12.21-15.57.48:254][  0]LogConfig: Setting CVar [[r.VolumetricFog.HistoryMissSupersampleCount:4]]
[2020.12.21-15.57.48:254][  0]LogConfig: Setting CVar [[r.LightMaxDrawDistanceScale:1]]
[2020.12.21-15.57.48:254][  0]LogConfig: Setting CVar [[r.CapsuleShadows:1]]
[2020.12.21-15.57.48:254][  0]LogConfig: Applying CVar settings from Section [PostProcessQuality@3] File [C:/Users/david/Documents/Unreal Projects/FYP/Saved/Config/Windows/Scalability.ini]
[2020.12.21-15.57.48:255][  0]LogConfig: Setting CVar [[r.MotionBlurQuality:4]]
[2020.12.21-15.57.48:255][  0]LogConfig: Setting CVar [[r.AmbientOcclusionMipLevelFactor:0.4]]
[2020.12.21-15.57.48:255][  0]LogConfig: Setting CVar [[r.AmbientOcclusionMaxQuality:100]]
[2020.12.21-15.57.48:255][  0]LogConfig: Setting CVar [[r.AmbientOcclusionLevels:-1]]
[2020.12.21-15.57.48:255][  0]LogConfig: Setting CVar [[r.AmbientOcclusionRadiusScale:1.0]]
[2020.12.21-15.57.48:255][  0]LogConfig: Setting CVar [[r.DepthOfFieldQuality:2]]
[2020.12.21-15.57.48:255][  0]LogConfig: Setting CVar [[r.RenderTargetPoolMin:400]]
[2020.12.21-15.57.48:255][  0]LogConfig: Setting CVar [[r.LensFlareQuality:2]]
[2020.12.21-15.57.48:255][  0]LogConfig: Setting CVar [[r.SceneColorFringeQuality:1]]
[2020.12.21-15.57.48:255][  0]LogConfig: Setting CVar [[r.EyeAdaptationQuality:2]]
[2020.12.21-15.57.48:255][  0]LogConfig: Setting CVar [[r.BloomQuality:5]]
[2020.12.21-15.57.48:255][  0]LogConfig: Setting CVar [[r.FastBlurThreshold:100]]
[2020.12.21-15.57.48:255][  0]LogConfig: Setting CVar [[r.Upscale.Quality:3]]
[2020.12.21-15.57.48:255][  0]LogConfig: Setting CVar [[r.Tonemapper.GrainQuantization:1]]
[2020.12.21-15.57.48:255][  0]LogConfig: Setting CVar [[r.LightShaftQuality:1]]
[2020.12.21-15.57.48:255][  0]LogConfig: Setting CVar [[r.Filter.SizeScale:1]]
[2020.12.21-15.57.48:255][  0]LogConfig: Setting CVar [[r.Tonemapper.Quality:5]]
[2020.12.21-15.57.48:256][  0]LogConfig: Setting CVar [[r.DOF.Gather.AccumulatorQuality:1        ; higher gathering accumulator quality]]
[2020.12.21-15.57.48:256][  0]LogConfig: Setting CVar [[r.DOF.Gather.PostfilterMethod:1          ; Median3x3 postfilering method]]
[2020.12.21-15.57.48:256][  0]LogConfig: Setting CVar [[r.DOF.Gather.EnableBokehSettings:0       ; no bokeh simulation when gathering]]
[2020.12.21-15.57.48:256][  0]LogConfig: Setting CVar [[r.DOF.Gather.RingCount:4                 ; medium number of samples when gathering]]
[2020.12.21-15.57.48:256][  0]LogConfig: Setting CVar [[r.DOF.Scatter.ForegroundCompositing:1    ; additive foreground scattering]]
[2020.12.21-15.57.48:256][  0]LogConfig: Setting CVar [[r.DOF.Scatter.BackgroundCompositing:2    ; additive background scattering]]
[2020.12.21-15.57.48:256][  0]LogConfig: Setting CVar [[r.DOF.Scatter.EnableBokehSettings:1      ; bokeh simulation when scattering]]
[2020.12.21-15.57.48:256][  0]LogConfig: Setting CVar [[r.DOF.Scatter.MaxSpriteRatio:0.1         ; only a maximum of 10% of scattered bokeh]]
[2020.12.21-15.57.48:256][  0]LogConfig: Setting CVar [[r.DOF.Recombine.Quality:1                ; cheap slight out of focus]]
[2020.12.21-15.57.48:256][  0]LogConfig: Setting CVar [[r.DOF.Recombine.EnableBokehSettings:0    ; no bokeh simulation on slight out of focus]]
[2020.12.21-15.57.48:256][  0]LogConfig: Setting CVar [[r.DOF.TemporalAAQuality:1                ; more stable temporal accumulation]]
[2020.12.21-15.57.48:256][  0]LogConfig: Setting CVar [[r.DOF.Kernel.MaxForegroundRadius:0.025]]
[2020.12.21-15.57.48:256][  0]LogConfig: Setting CVar [[r.DOF.Kernel.MaxBackgroundRadius:0.025]]
[2020.12.21-15.57.48:256][  0]LogConfig: Applying CVar settings from Section [TextureQuality@3] File [C:/Users/david/Documents/Unreal Projects/FYP/Saved/Config/Windows/Scalability.ini]
[2020.12.21-15.57.48:256][  0]LogConfig: Setting CVar [[r.Streaming.MipBias:0]]
[2020.12.21-15.57.48:257][  0]LogConfig: Setting CVar [[r.Streaming.AmortizeCPUToGPUCopy:0]]
[2020.12.21-15.57.48:257][  0]LogConfig: Setting CVar [[r.Streaming.MaxNumTexturesToStreamPerFrame:0]]
[2020.12.21-15.57.48:257][  0]LogConfig: Setting CVar [[r.Streaming.Boost:1]]
[2020.12.21-15.57.48:257][  0]LogConfig: Setting CVar [[r.MaxAnisotropy:8]]
[2020.12.21-15.57.48:257][  0]LogConfig: Setting CVar [[r.Streaming.LimitPoolSizeToVRAM:0]]
[2020.12.21-15.57.48:257][  0]LogConfig: Setting CVar [[r.Streaming.PoolSize:1000]]
[2020.12.21-15.57.48:257][  0]LogConfig: Setting CVar [[r.Streaming.MaxEffectiveScreenSize:0]]
[2020.12.21-15.57.48:257][  0]LogConfig: Applying CVar settings from Section [EffectsQuality@3] File [C:/Users/david/Documents/Unreal Projects/FYP/Saved/Config/Windows/Scalability.ini]
[2020.12.21-15.57.48:257][  0]LogConfig: Setting CVar [[r.TranslucencyLightingVolumeDim:64]]
[2020.12.21-15.57.48:257][  0]LogConfig: Setting CVar [[r.RefractionQuality:2]]
[2020.12.21-15.57.48:257][  0]LogConfig: Setting CVar [[r.SSR.Quality:3]]
[2020.12.21-15.57.48:257][  0]LogConfig: Setting CVar [[r.SceneColorFormat:4]]
[2020.12.21-15.57.48:257][  0]LogConfig: Setting CVar [[r.DetailMode:2]]
[2020.12.21-15.57.48:257][  0]LogConfig: Setting CVar [[r.TranslucencyVolumeBlur:1]]
[2020.12.21-15.57.48:257][  0]LogConfig: Setting CVar [[r.MaterialQualityLevel:1 ; High quality]]
[2020.12.21-15.57.48:257][  0]LogConfig: Setting CVar [[r.SSS.Scale:1]]
[2020.12.21-15.57.48:257][  0]LogConfig: Setting CVar [[r.SSS.SampleSet:2]]
[2020.12.21-15.57.48:258][  0]LogConfig: Setting CVar [[r.SSS.Quality:1]]
[2020.12.21-15.57.48:258][  0]LogConfig: Setting CVar [[r.SSS.HalfRes:1]]
[2020.12.21-15.57.48:258][  0]LogConfig: Setting CVar [[r.EmitterSpawnRateScale:1.0]]
[2020.12.21-15.57.48:258][  0]LogConfig: Setting CVar [[r.ParticleLightQuality:2]]
[2020.12.21-15.57.48:258][  0]LogConfig: Applying CVar settings from Section [FoliageQuality@3] File [C:/Users/david/Documents/Unreal Projects/FYP/Saved/Config/Windows/Scalability.ini]
[2020.12.21-15.57.48:258][  0]LogConfig: Setting CVar [[foliage.DensityScale:1.0]]
[2020.12.21-15.57.48:258][  0]LogConfig: Setting CVar [[grass.DensityScale:1.0]]
[2020.12.21-15.57.48:258][  0]LogInit: Selected Device Profile: [Windows]
[2020.12.21-15.57.48:258][  0]LogInit: Applying CVar settings loaded from the selected device profile: [Windows]
[2020.12.21-15.57.48:262][  0]LogHAL: Display: Platform has ~ 16 GB [17129328640 / 17179869184 / 16], which maps to Larger [LargestMinGB=32, LargerMinGB=12, DefaultMinGB=8, SmallerMinGB=6, SmallestMinGB=0)
[2020.12.21-15.57.48:262][  0]LogInit: Going up to parent DeviceProfile []
[2020.12.21-15.57.48:262][  0]LogConfig: Applying CVar settings from Section [ViewDistanceQuality@3] File [C:/Users/david/Documents/Unreal Projects/FYP/Saved/Config/Windows/Scalability.ini]
[2020.12.21-15.57.48:262][  0]LogConfig: Setting CVar [[r.SkeletalMeshLODBias:0]]
[2020.12.21-15.57.48:262][  0]LogConfig: Setting CVar [[r.ViewDistanceScale:1.0]]
[2020.12.21-15.57.48:262][  0]LogConfig: Applying CVar settings from Section [AntiAliasingQuality@3] File [C:/Users/david/Documents/Unreal Projects/FYP/Saved/Config/Windows/Scalability.ini]
[2020.12.21-15.57.48:262][  0]LogConfig: Setting CVar [[r.PostProcessAAQuality:4]]
[2020.12.21-15.57.48:262][  0]LogConfig: Applying CVar settings from Section [ShadowQuality@3] File [C:/Users/david/Documents/Unreal Projects/FYP/Saved/Config/Windows/Scalability.ini]
[2020.12.21-15.57.48:262][  0]LogConfig: Setting CVar [[r.LightFunctionQuality:1]]
[2020.12.21-15.57.48:262][  0]LogConfig: Setting CVar [[r.ShadowQuality:5]]
[2020.12.21-15.57.48:263][  0]LogConfig: Setting CVar [[r.Shadow.CSM.MaxCascades:10]]
[2020.12.21-15.57.48:263][  0]LogConfig: Setting CVar [[r.Shadow.MaxResolution:2048]]
[2020.12.21-15.57.48:263][  0]LogConfig: Setting CVar [[r.Shadow.MaxCSMResolution:2048]]
[2020.12.21-15.57.48:263][  0]LogConfig: Setting CVar [[r.Shadow.RadiusThreshold:0.01]]
[2020.12.21-15.57.48:263][  0]LogConfig: Setting CVar [[r.Shadow.DistanceScale:1.0]]
[2020.12.21-15.57.48:263][  0]LogConfig: Setting CVar [[r.Shadow.CSM.TransitionScale:1.0]]
[2020.12.21-15.57.48:263][  0]LogConfig: Setting CVar [[r.Shadow.PreShadowResolutionFactor:1.0]]
[2020.12.21-15.57.48:263][  0]LogConfig: Setting CVar [[r.DistanceFieldShadowing:1]]
[2020.12.21-15.57.48:263][  0]LogConfig: Setting CVar [[r.DistanceFieldAO:1]]
[2020.12.21-15.57.48:263][  0]LogConfig: Setting CVar [[r.AOQuality:2]]
[2020.12.21-15.57.48:263][  0]LogConfig: Setting CVar [[r.VolumetricFog:1]]
[2020.12.21-15.57.48:263][  0]LogConfig: Setting CVar [[r.VolumetricFog.GridPixelSize:8]]
[2020.12.21-15.57.48:263][  0]LogConfig: Setting CVar [[r.VolumetricFog.GridSizeZ:128]]
[2020.12.21-15.57.48:263][  0]LogConfig: Setting CVar [[r.VolumetricFog.HistoryMissSupersampleCount:4]]
[2020.12.21-15.57.48:263][  0]LogConfig: Setting CVar [[r.LightMaxDrawDistanceScale:1]]
[2020.12.21-15.57.48:264][  0]LogConfig: Setting CVar [[r.CapsuleShadows:1]]
[2020.12.21-15.57.48:264][  0]LogConfig: Applying CVar settings from Section [PostProcessQuality@3] File [C:/Users/david/Documents/Unreal Projects/FYP/Saved/Config/Windows/Scalability.ini]
[2020.12.21-15.57.48:264][  0]LogConfig: Setting CVar [[r.MotionBlurQuality:4]]
[2020.12.21-15.57.48:264][  0]LogConfig: Setting CVar [[r.AmbientOcclusionMipLevelFactor:0.4]]
[2020.12.21-15.57.48:264][  0]LogConfig: Setting CVar [[r.AmbientOcclusionMaxQuality:100]]
[2020.12.21-15.57.48:264][  0]LogConfig: Setting CVar [[r.AmbientOcclusionLevels:-1]]
[2020.12.21-15.57.48:264][  0]LogConfig: Setting CVar [[r.AmbientOcclusionRadiusScale:1.0]]
[2020.12.21-15.57.48:264][  0]LogConfig: Setting CVar [[r.DepthOfFieldQuality:2]]
[2020.12.21-15.57.48:264][  0]LogConfig: Setting CVar [[r.RenderTargetPoolMin:400]]
[2020.12.21-15.57.48:264][  0]LogConfig: Setting CVar [[r.LensFlareQuality:2]]
[2020.12.21-15.57.48:264][  0]LogConfig: Setting CVar [[r.SceneColorFringeQuality:1]]
[2020.12.21-15.57.48:264][  0]LogConfig: Setting CVar [[r.EyeAdaptationQuality:2]]
[2020.12.21-15.57.48:264][  0]LogConfig: Setting CVar [[r.BloomQuality:5]]
[2020.12.21-15.57.48:264][  0]LogConfig: Setting CVar [[r.FastBlurThreshold:100]]
[2020.12.21-15.57.48:264][  0]LogConfig: Setting CVar [[r.Upscale.Quality:3]]
[2020.12.21-15.57.48:264][  0]LogConfig: Setting CVar [[r.Tonemapper.GrainQuantization:1]]
[2020.12.21-15.57.48:264][  0]LogConfig: Setting CVar [[r.LightShaftQuality:1]]
[2020.12.21-15.57.48:265][  0]LogConfig: Setting CVar [[r.Filter.SizeScale:1]]
[2020.12.21-15.57.48:265][  0]LogConfig: Setting CVar [[r.Tonemapper.Quality:5]]
[2020.12.21-15.57.48:265][  0]LogConfig: Setting CVar [[r.DOF.Gather.AccumulatorQuality:1        ; higher gathering accumulator quality]]
[2020.12.21-15.57.48:265][  0]LogConfig: Setting CVar [[r.DOF.Gather.PostfilterMethod:1          ; Median3x3 postfilering method]]
[2020.12.21-15.57.48:265][  0]LogConfig: Setting CVar [[r.DOF.Gather.EnableBokehSettings:0       ; no bokeh simulation when gathering]]
[2020.12.21-15.57.48:265][  0]LogConfig: Setting CVar [[r.DOF.Gather.RingCount:4                 ; medium number of samples when gathering]]
[2020.12.21-15.57.48:265][  0]LogConfig: Setting CVar [[r.DOF.Scatter.ForegroundCompositing:1    ; additive foreground scattering]]
[2020.12.21-15.57.48:265][  0]LogConfig: Setting CVar [[r.DOF.Scatter.BackgroundCompositing:2    ; additive background scattering]]
[2020.12.21-15.57.48:265][  0]LogConfig: Setting CVar [[r.DOF.Scatter.EnableBokehSettings:1      ; bokeh simulation when scattering]]
[2020.12.21-15.57.48:265][  0]LogConfig: Setting CVar [[r.DOF.Scatter.MaxSpriteRatio:0.1         ; only a maximum of 10% of scattered bokeh]]
[2020.12.21-15.57.48:265][  0]LogConfig: Setting CVar [[r.DOF.Recombine.Quality:1                ; cheap slight out of focus]]
[2020.12.21-15.57.48:265][  0]LogConfig: Setting CVar [[r.DOF.Recombine.EnableBokehSettings:0    ; no bokeh simulation on slight out of focus]]
[2020.12.21-15.57.48:265][  0]LogConfig: Setting CVar [[r.DOF.TemporalAAQuality:1                ; more stable temporal accumulation]]
[2020.12.21-15.57.48:265][  0]LogConfig: Setting CVar [[r.DOF.Kernel.MaxForegroundRadius:0.025]]
[2020.12.21-15.57.48:265][  0]LogConfig: Setting CVar [[r.DOF.Kernel.MaxBackgroundRadius:0.025]]
[2020.12.21-15.57.48:265][  0]LogConfig: Applying CVar settings from Section [TextureQuality@3] File [C:/Users/david/Documents/Unreal Projects/FYP/Saved/Config/Windows/Scalability.ini]
[2020.12.21-15.57.48:265][  0]LogConfig: Setting CVar [[r.Streaming.MipBias:0]]
[2020.12.21-15.57.48:265][  0]LogConfig: Setting CVar [[r.Streaming.AmortizeCPUToGPUCopy:0]]
[2020.12.21-15.57.48:265][  0]LogConfig: Setting CVar [[r.Streaming.MaxNumTexturesToStreamPerFrame:0]]
[2020.12.21-15.57.48:265][  0]LogConfig: Setting CVar [[r.Streaming.Boost:1]]
[2020.12.21-15.57.48:266][  0]LogConfig: Setting CVar [[r.MaxAnisotropy:8]]
[2020.12.21-15.57.48:266][  0]LogConfig: Setting CVar [[r.Streaming.LimitPoolSizeToVRAM:0]]
[2020.12.21-15.57.48:266][  0]LogConfig: Setting CVar [[r.Streaming.PoolSize:1000]]
[2020.12.21-15.57.48:266][  0]LogConfig: Setting CVar [[r.Streaming.MaxEffectiveScreenSize:0]]
[2020.12.21-15.57.48:266][  0]LogConfig: Applying CVar settings from Section [EffectsQuality@3] File [C:/Users/david/Documents/Unreal Projects/FYP/Saved/Config/Windows/Scalability.ini]
[2020.12.21-15.57.48:266][  0]LogConfig: Setting CVar [[r.TranslucencyLightingVolumeDim:64]]
[2020.12.21-15.57.48:266][  0]LogConfig: Setting CVar [[r.RefractionQuality:2]]
[2020.12.21-15.57.48:266][  0]LogConfig: Setting CVar [[r.SSR.Quality:3]]
[2020.12.21-15.57.48:266][  0]LogConfig: Setting CVar [[r.SceneColorFormat:4]]
[2020.12.21-15.57.48:266][  0]LogConfig: Setting CVar [[r.DetailMode:2]]
[2020.12.21-15.57.48:266][  0]LogConfig: Setting CVar [[r.TranslucencyVolumeBlur:1]]
[2020.12.21-15.57.48:266][  0]LogConfig: Setting CVar [[r.MaterialQualityLevel:1 ; High quality]]
[2020.12.21-15.57.48:266][  0]LogConfig: Setting CVar [[r.SSS.Scale:1]]
[2020.12.21-15.57.48:266][  0]LogConfig: Setting CVar [[r.SSS.SampleSet:2]]
[2020.12.21-15.57.48:266][  0]LogConfig: Setting CVar [[r.SSS.Quality:1]]
[2020.12.21-15.57.48:266][  0]LogConfig: Setting CVar [[r.SSS.HalfRes:1]]
[2020.12.21-15.57.48:266][  0]LogConfig: Setting CVar [[r.EmitterSpawnRateScale:1.0]]
[2020.12.21-15.57.48:266][  0]LogConfig: Setting CVar [[r.ParticleLightQuality:2]]
[2020.12.21-15.57.48:266][  0]LogConfig: Applying CVar settings from Section [FoliageQuality@3] File [C:/Users/david/Documents/Unreal Projects/FYP/Saved/Config/Windows/Scalability.ini]
[2020.12.21-15.57.48:266][  0]LogConfig: Setting CVar [[foliage.DensityScale:1.0]]
[2020.12.21-15.57.48:267][  0]LogConfig: Setting CVar [[grass.DensityScale:1.0]]
[2020.12.21-15.57.48:267][  0]LogConfig: Applying CVar settings from Section [Startup] File [../../../Engine/Config/ConsoleVariables.ini]
[2020.12.21-15.57.48:267][  0]LogConfig: Setting CVar [[net.UseAdaptiveNetUpdateFrequency:0]]
[2020.12.21-15.57.48:267][  0]LogConfig: Setting CVar [[p.chaos.AllowCreatePhysxBodies:1]]
[2020.12.21-15.57.48:267][  0]LogConfig: Applying CVar settings from Section [ConsoleVariables] File [C:/Users/david/Documents/Unreal Projects/FYP/Saved/Config/Windows/Engine.ini]
[2020.12.21-15.57.48:268][  0]LogInit: Computer: DESKTOP-070UMBJ
[2020.12.21-15.57.48:268][  0]LogInit: User: david
[2020.12.21-15.57.48:268][  0]LogInit: CPU Page size=4096, Cores=4
[2020.12.21-15.57.48:268][  0]LogInit: High frequency timer resolution =10.000000 MHz
[2020.12.21-15.57.48:268][  0]LogMemory: Memory total: Physical=16.0GB (16GB approx)
[2020.12.21-15.57.48:268][  0]LogMemory: Platform Memory Stats for Windows
[2020.12.21-15.57.48:268][  0]LogMemory: Process Physical Memory: 101.41 MB used, 101.41 MB peak
[2020.12.21-15.57.48:268][  0]LogMemory: Process Virtual Memory: 88.09 MB used, 88.09 MB peak
[2020.12.21-15.57.48:268][  0]LogMemory: Physical Memory: 5924.18 MB used,  10411.62 MB free, 16335.80 MB total
[2020.12.21-15.57.48:268][  0]LogMemory: Virtual Memory: 4645.45 MB used,  134213080.00 MB free, 134217728.00 MB total
[2020.12.21-15.57.48:276][  0]LogWindows: WindowsPlatformFeatures enabled
[2020.12.21-15.57.48:419][  0]LogInit: Using OS detected language (en-GB).
[2020.12.21-15.57.48:419][  0]LogInit: Using OS detected locale (en-GB).
[2020.12.21-15.57.48:420][  0]LogTextLocalizationManager: No specific localization for 'en-GB' exists, so the 'en' localization will be used.
[2020.12.21-15.57.48:635][  0]LogInit: Setting process to per monitor DPI aware
[2020.12.21-15.57.48:716][  0]LogSlate: New Slate User Created.  User Index 0, Is Virtual User: 0
[2020.12.21-15.57.48:716][  0]LogSlate: Slate User Registered.  User Index 0, Is Virtual User: 0
[2020.12.21-15.57.48:915][  0]LogHMD: Failed to initialize OpenVR with code 110
[2020.12.21-15.57.48:915][  0]LogD3D11RHI: D3D11 adapters:
[2020.12.21-15.57.49:088][  0]LogD3D11RHI:    0. 'NVIDIA GeForce RTX 2060 SUPER' (Feature Level 11_0)
[2020.12.21-15.57.49:088][  0]LogD3D11RHI:       8031/0/8167 MB DedicatedVideo/DedicatedSystem/SharedSystem, Outputs:1, VendorId:0x10de
[2020.12.21-15.57.49:094][  0]LogD3D11RHI:    1. 'Microsoft Basic Render Driver' (Feature Level 11_0)
[2020.12.21-15.57.49:094][  0]LogD3D11RHI:       0/0/8167 MB DedicatedVideo/DedicatedSystem/SharedSystem, Outputs:0, VendorId:0x1414
[2020.12.21-15.57.49:094][  0]LogD3D11RHI: Chosen D3D11 Adapter: 0
[2020.12.21-15.57.49:101][  0]LogD3D11RHI: Creating new Direct3DDevice
[2020.12.21-15.57.49:101][  0]LogD3D11RHI:     GPU DeviceId: 0x1f06 (for the marketing name, search the web for "GPU Device Id")
[2020.12.21-15.57.49:101][  0]LogWindows: EnumDisplayDevices:
[2020.12.21-15.57.49:101][  0]LogWindows:    0. 'NVIDIA GeForce RTX 2060 SUPER' (P:1 D:1)
[2020.12.21-15.57.49:101][  0]LogWindows:    1. 'NVIDIA GeForce RTX 2060 SUPER' (P:0 D:0)
[2020.12.21-15.57.49:102][  0]LogWindows:    2. 'NVIDIA GeForce RTX 2060 SUPER' (P:0 D:0)
[2020.12.21-15.57.49:102][  0]LogWindows:    3. 'NVIDIA GeForce RTX 2060 SUPER' (P:0 D:0)
[2020.12.21-15.57.49:102][  0]LogWindows: DebugString: FoundDriverCount:4 
[2020.12.21-15.57.49:102][  0]LogD3D11RHI:     Adapter Name: NVIDIA GeForce RTX 2060 SUPER
[2020.12.21-15.57.49:102][  0]LogD3D11RHI:   Driver Version: 460.89 (internal:27.21.14.6089, unified:460.89)
[2020.12.21-15.57.49:103][  0]LogD3D11RHI:      Driver Date: 12-11-2020
[2020.12.21-15.57.49:103][  0]LogRHI: Texture pool is 5621 MB (70% of 8031 MB)
[2020.12.21-15.57.49:223][  0]LogD3D11RHI: Async texture creation enabled
[2020.12.21-15.57.49:249][  0]LogD3D11RHI: GPU Timing Frequency: 1000.000000 (Debug: 2 1)
[2020.12.21-15.57.49:611][  0]LogTemp: Display: Module 'AllDesktopTargetPlatform' loaded TargetPlatform 'AllDesktop'
[2020.12.21-15.57.49:628][  0]LogTemp: Display: Module 'MacClientTargetPlatform' loaded TargetPlatform 'MacClient'
[2020.12.21-15.57.49:641][  0]LogTemp: Display: Module 'MacNoEditorTargetPlatform' loaded TargetPlatform 'MacNoEditor'
[2020.12.21-15.57.49:654][  0]LogTemp: Display: Module 'MacServerTargetPlatform' loaded TargetPlatform 'MacServer'
[2020.12.21-15.57.49:667][  0]LogTemp: Display: Module 'MacTargetPlatform' loaded TargetPlatform 'Mac'
[2020.12.21-15.57.49:681][  0]LogTemp: Display: Module 'WindowsClientTargetPlatform' loaded TargetPlatform 'WindowsClient'
[2020.12.21-15.57.49:695][  0]LogTemp: Display: Module 'WindowsNoEditorTargetPlatform' loaded TargetPlatform 'WindowsNoEditor'
[2020.12.21-15.57.49:709][  0]LogTemp: Display: Module 'WindowsServerTargetPlatform' loaded TargetPlatform 'WindowsServer'
[2020.12.21-15.57.49:716][  0]LogTemp: Display: Module 'WindowsTargetPlatform' loaded TargetPlatform 'Windows'
[2020.12.21-15.57.49:761][  0]LogTemp: Display: Module 'AndroidTargetPlatform' loaded TargetPlatform 'Android'
[2020.12.21-15.57.49:761][  0]LogTemp: Display: Module 'AndroidTargetPlatform' loaded TargetPlatform 'Android_ASTC'
[2020.12.21-15.57.49:761][  0]LogTemp: Display: Module 'AndroidTargetPlatform' loaded TargetPlatform 'Android_ATC'
[2020.12.21-15.57.49:761][  0]LogTemp: Display: Module 'AndroidTargetPlatform' loaded TargetPlatform 'Android_DXT'
[2020.12.21-15.57.49:761][  0]LogTemp: Display: Module 'AndroidTargetPlatform' loaded TargetPlatform 'Android_ETC1'
[2020.12.21-15.57.49:761][  0]LogTemp: Display: Module 'AndroidTargetPlatform' loaded TargetPlatform 'Android_ETC1a'
[2020.12.21-15.57.49:761][  0]LogTemp: Display: Module 'AndroidTargetPlatform' loaded TargetPlatform 'Android_ETC2'
[2020.12.21-15.57.49:761][  0]LogTemp: Display: Module 'AndroidTargetPlatform' loaded TargetPlatform 'Android_PVRTC'
[2020.12.21-15.57.49:761][  0]LogTemp: Display: Module 'AndroidTargetPlatform' loaded TargetPlatform 'AndroidClient'
[2020.12.21-15.57.49:762][  0]LogTemp: Display: Module 'AndroidTargetPlatform' loaded TargetPlatform 'Android_ASTCClient'
[2020.12.21-15.57.49:762][  0]LogTemp: Display: Module 'AndroidTargetPlatform' loaded TargetPlatform 'Android_ATCClient'
[2020.12.21-15.57.49:762][  0]LogTemp: Display: Module 'AndroidTargetPlatform' loaded TargetPlatform 'Android_DXTClient'
[2020.12.21-15.57.49:762][  0]LogTemp: Display: Module 'AndroidTargetPlatform' loaded TargetPlatform 'Android_ETC1Client'
[2020.12.21-15.57.49:762][  0]LogTemp: Display: Module 'AndroidTargetPlatform' loaded TargetPlatform 'Android_ETC1aClient'
[2020.12.21-15.57.49:762][  0]LogTemp: Display: Module 'AndroidTargetPlatform' loaded TargetPlatform 'Android_ETC2Client'
[2020.12.21-15.57.49:762][  0]LogTemp: Display: Module 'AndroidTargetPlatform' loaded TargetPlatform 'Android_PVRTCClient'
[2020.12.21-15.57.49:762][  0]LogTemp: Display: Module 'AndroidTargetPlatform' loaded TargetPlatform 'Android_Multi'
[2020.12.21-15.57.49:762][  0]LogTemp: Display: Module 'AndroidTargetPlatform' loaded TargetPlatform 'Android_MultiClient'
[2020.12.21-15.57.49:766][  0]LogTemp: Display: Module 'HTML5TargetPlatform' loaded TargetPlatform 'HTML5'
[2020.12.21-15.57.49:799][  0]LogTemp: Display: Module 'IOSTargetPlatform' loaded TargetPlatform 'IOSClient'
[2020.12.21-15.57.49:799][  0]LogTemp: Display: Module 'IOSTargetPlatform' loaded TargetPlatform 'IOS'
[2020.12.21-15.57.49:820][  0]LogTemp: Display: Module 'TVOSTargetPlatform' loaded TargetPlatform 'TVOSClient'
[2020.12.21-15.57.49:820][  0]LogTemp: Display: Module 'TVOSTargetPlatform' loaded TargetPlatform 'TVOS'
[2020.12.21-15.57.49:833][  0]LogTemp: Display: Module 'LinuxClientTargetPlatform' loaded TargetPlatform 'LinuxClient'
[2020.12.21-15.57.49:845][  0]LogTemp: Display: Module 'LinuxNoEditorTargetPlatform' loaded TargetPlatform 'LinuxNoEditor'
[2020.12.21-15.57.49:857][  0]LogTemp: Display: Module 'LinuxServerTargetPlatform' loaded TargetPlatform 'LinuxServer'
[2020.12.21-15.57.49:869][  0]LogTemp: Display: Module 'LinuxTargetPlatform' loaded TargetPlatform 'Linux'
[2020.12.21-15.57.49:904][  0]LogTemp: Display: Module 'LuminTargetPlatform' loaded TargetPlatform 'Lumin'
[2020.12.21-15.57.49:904][  0]LogTemp: Display: Module 'LuminTargetPlatform' loaded TargetPlatform 'LuminClient'
[2020.12.21-15.57.49:904][  0]LogTargetPlatformManager: Display: Building Assets For Windows
[2020.12.21-15.57.49:927][  0]LogAudioDebug: Display: Lib vorbis DLL was dynamically loaded.
[2020.12.21-15.57.50:057][  0]LogShaderCompilers: Guid format shader working directory is -14 characters bigger than the processId version (../../../../../../Users/david/Documents/Unreal Projects/FYP/Intermediate/Shaders/WorkingDirectory/14812/).
[2020.12.21-15.57.50:057][  0]LogShaderCompilers: Cleaned the shader compiler working directory 'C:/Users/david/AppData/Local/Temp/UnrealShaderWorkingDir/2E14CE1D49897386FF18A6BE7F130D10/'.
[2020.12.21-15.57.50:061][  0]LogXGEController: Cannot use XGE Controller as Incredibuild is not installed on this machine.
[2020.12.21-15.57.50:061][  0]LogShaderCompilers: Cannot use XGE Shader Compiler as Incredibuild is not installed on this machine.
[2020.12.21-15.57.50:061][  0]LogShaderCompilers: Display: Using Local Shader Compiler.
[2020.12.21-15.57.51:060][  0]LogDerivedDataCache: Display: Max Cache Size: 512 MB
[2020.12.21-15.57.51:277][  0]LogDerivedDataCache: Loaded boot cache 0.22s 75MB C:/Users/david/AppData/Local/UnrealEngine/4.23/DerivedDataCache/Boot.ddc.
[2020.12.21-15.57.51:278][  0]LogDerivedDataCache: Display: Loaded Boot cache: C:/Users/david/AppData/Local/UnrealEngine/4.23/DerivedDataCache/Boot.ddc
[2020.12.21-15.57.51:278][  0]LogDerivedDataCache: FDerivedDataBackendGraph:  Pak pak cache file ../../../../../../Users/david/Documents/Unreal Projects/FYP/DerivedDataCache/DDC.ddp not found, will not use a pak cache.
[2020.12.21-15.57.51:278][  0]LogDerivedDataCache: Unable to find inner node Pak for hierarchical cache Hierarchy.
[2020.12.21-15.57.51:278][  0]LogDerivedDataCache: FDerivedDataBackendGraph:  CompressedPak pak cache file ../../../../../../Users/david/Documents/Unreal Projects/FYP/DerivedDataCache/Compressed.ddp not found, will not use a pak cache.
[2020.12.21-15.57.51:278][  0]LogDerivedDataCache: Unable to find inner node CompressedPak for hierarchical cache Hierarchy.
[2020.12.21-15.57.51:293][  0]LogDerivedDataCache: Display: Pak cache opened for reading ../../../Engine/DerivedDataCache/Compressed.ddp.
[2020.12.21-15.57.51:294][  0]LogDerivedDataCache: FDerivedDataBackendGraph:  EnterprisePak pak cache file ../../../Enterprise/DerivedDataCache/Compressed.ddp not found, will not use a pak cache.
[2020.12.21-15.57.51:294][  0]LogDerivedDataCache: Unable to find inner node EnterprisePak for hierarchical cache Hierarchy.
[2020.12.21-15.57.51:296][  0]LogDerivedDataCache: Using Local data cache path C:/Users/david/AppData/Local/UnrealEngine/Common/DerivedDataCache: Writable
[2020.12.21-15.57.51:296][  0]LogDerivedDataCache: Shared data cache path not found in *engine.ini, will not use an Shared cache.
[2020.12.21-15.57.51:297][  0]LogDerivedDataCache: Unable to find inner node Shared for hierarchical cache Hierarchy.
[2020.12.21-15.57.51:324][  0]LogMaterial: Verifying Global Shaders for PCD3D_SM5
[2020.12.21-15.57.51:328][  0]LogSlate: Using FreeType 2.6.0
[2020.12.21-15.57.51:347][  0]LogSlate: SlateFontServices - WITH_FREETYPE: 1, WITH_HARFBUZZ: 1
[2020.12.21-15.57.51:513][  0]LogAssetRegistry: FAssetRegistry took 0.0056 seconds to start up
[2020.12.21-15.57.51:872][  0]LogInit: Selected Device Profile: [Windows]
[2020.12.21-15.57.52:103][  0]LogMeshReduction: Using QuadricMeshReduction for automatic static mesh reduction
[2020.12.21-15.57.52:104][  0]LogMeshReduction: Using SimplygonMeshReduction for automatic skeletal mesh reduction
[2020.12.21-15.57.52:104][  0]LogMeshReduction: Using ProxyLODMeshReduction for automatic mesh merging
[2020.12.21-15.57.52:104][  0]LogMeshReduction: No distributed automatic mesh merging module available
[2020.12.21-15.57.52:104][  0]LogMeshMerging: No distributed automatic mesh merging module available
[2020.12.21-15.57.52:116][  0]LogNetVersion: FYP 1.0.0, NetCL: 8386587, EngineNetVer: 11, GameNetVer: 0 (Checksum: 2864843675)
[2020.12.21-15.57.52:631][  0]LogPackageLocalizationCache: Processed 12 localized package path(s) for 1 prioritized culture(s) in 0.065962 seconds
[2020.12.21-15.57.52:639][  0]LogUObjectArray: 43444 objects as part of root set at end of initial load.
[2020.12.21-15.57.52:639][  0]LogUObjectAllocator: 7548648 out of 0 bytes used by permanent object pool.
[2020.12.21-15.57.52:639][  0]LogUObjectArray: CloseDisregardForGC: 0/0 objects in disregard for GC pool
[2020.12.21-15.57.54:924][  0]LogTcpMessaging: Initializing TcpMessaging bridge
[2020.12.21-15.57.54:931][  0]LogUdpMessaging: Initializing bridge on interface 0.0.0.0:0 to multicast group 230.0.0.1:6666.
[2020.12.21-15.57.55:197][  0]SourceControl: Source control is disabled
[2020.12.21-15.57.55:197][  0]SourceControl: Source control is disabled
[2020.12.21-15.57.55:203][  0]SourceControl: Source control is disabled
[2020.12.21-15.57.55:208][  0]SourceControl: Source control is disabled
[2020.12.21-15.57.55:454][  0]LogAndroidPermission: UAndroidPermissionCallbackProxy::GetInstance
[2020.12.21-15.57.55:695][  0]LogOcInput: OculusInput pre-init called
[2020.12.21-15.57.55:710][  0]LogWindows: Failed to load 'OVRPlugin.dll' (GetLastError=126)
[2020.12.21-15.57.55:710][  0]LogWindows: File 'OVRPlugin.dll' does not exist
[2020.12.21-15.57.55:817][  0]LogEngine: Initializing Engine...
[2020.12.21-15.57.55:819][  0]LogHMD: Failed to initialize OpenVR with code 110
[2020.12.21-15.57.55:820][  0]LogStats: UGameplayTagsManager::InitializeManager -  0.000 s
[2020.12.21-15.57.56:095][  0]LogInit: Initializing FReadOnlyCVARCache
[2020.12.21-15.57.56:118][  0]LogAIModule: Creating AISystem for world Untitled
[2020.12.21-15.57.56:147][  0]LogInit: XAudio2 using 'LG ULTRAWIDE (NVIDIA High Definition Audio)' : 2 channels at 48 kHz using 16 bits per sample (channel mask 0x3)
[2020.12.21-15.57.56:172][  0]LogInit: FAudioDevice initialized.
[2020.12.21-15.57.56:173][  0]LogNetVersion: Set ProjectVersion to 1.0.0.0. Version Checksum will be recalculated on next use.
[2020.12.21-15.57.56:295][  0]LogDerivedDataCache: Saved boot cache 0.12s 75MB C:/Users/david/AppData/Local/UnrealEngine/4.23/DerivedDataCache/Boot.ddc.
[2020.12.21-15.57.56:306][  0]LogInit: Texture streaming: Enabled
[2020.12.21-15.57.56:342][  0]LogEngineSessionManager: EngineSessionManager initialized
[2020.12.21-15.57.56:342][  0]LogEditorSessionSummary: Verbose: Initializing EditorSessionSummaryWriter for editor session tracking
[2020.12.21-15.57.56:343][  0]LogEditorSessionSummary: EditorSessionSummaryWriter initialized
[2020.12.21-15.57.56:419][  0]LogInit: Transaction tracking system initialized
[2020.12.21-15.57.56:496][  0]BlueprintLog: New page: Editor Load
[2020.12.21-15.57.56:666][  0]LocalizationService: Localization service is disabled
[2020.12.21-15.57.57:033][  0]LogFileCache: Scanning file cache for directory 'C:/Users/david/Documents/Unreal Projects/FYP/Content/' took 0.01s
[2020.12.21-15.57.57:033][  0]LogCook: Display: Max memory allowance for cook 16384mb min free memory 0mb
[2020.12.21-15.57.57:033][  0]LogCook: Display: Mobile HDR setting 1
[2020.12.21-15.57.57:417][  0]SourceControl: Source control is disabled
[2020.12.21-15.57.57:532][  0]LogSlate: Took 0.007965 seconds to synchronously load lazily loaded font '../../../Engine/Content/Slate/Fonts/Roboto-Regular.ttf' (155K)
[2020.12.21-15.58.00:448][  0]LogSlate: Window 'Restore Packages' being destroyed
[2020.12.21-15.58.00:449][  0]LogWindowsTextInputMethodSystem: Display: IME system now deactivated.
[2020.12.21-15.58.00:451][  0]LogWindowsTextInputMethodSystem: Display: IME system now deactivated.
[2020.12.21-15.58.00:463][  0]Cmd: MAP LOAD FILE="../../../../../../Users/david/Documents/Unreal Projects/FYP/Content/VehicleAdvCPP/Maps/VehicleAdvExampleMap.umap" TEMPLATE=0 SHOWPROGRESS=1 FEATURELEVEL=3
[2020.12.21-15.58.00:463][  0]LightingResults: New page: Lighting Build
[2020.12.21-15.58.00:472][  0]LogWorld: UWorld::CleanupWorld for Untitled, bSessionEnded=true, bCleanupResources=true
[2020.12.21-15.58.00:473][  0]MapCheck: New page: Map Check
[2020.12.21-15.58.00:473][  0]LightingResults: New page: Lighting Build
[2020.12.21-15.58.00:503][  0]LogUObjectHash: Compacting FUObjectHashTables data took   2.59ms
[2020.12.21-15.58.00:627][  0]LogAIModule: Creating AISystem for world VehicleAdvExampleMap
[2020.12.21-15.58.00:644][  0]LogEditorServer: Finished looking for orphan Actors (0.000 secs)
[2020.12.21-15.58.00:678][  0]LogUObjectHash: Compacting FUObjectHashTables data took   1.79ms
[2020.12.21-15.58.00:679][  0]Cmd: MAP CHECKDEP NOCLEARLOG
[2020.12.21-15.58.00:680][  0]MapCheck: Map check complete: 0 Error(s), 0 Warning(s), took 0.262ms to complete.
[2020.12.21-15.58.00:680][  0]LogFileHelpers: Loading map 'VehicleAdvExampleMap' took 0.218
[2020.12.21-15.58.00:795][  0]LogSlate: Updating window title bar state: overlay mode, drag disabled, window buttons hidden, title bar hidden
[2020.12.21-15.58.00:805][  0]LogSlate: Updating window title bar state: overlay mode, drag disabled, window buttons hidden, title bar hidden
[2020.12.21-15.58.00:814][  0]LogSlate: Updating window title bar state: overlay mode, drag disabled, window buttons hidden, title bar hidden
[2020.12.21-15.58.00:824][  0]LogSlate: Updating window title bar state: overlay mode, drag disabled, window buttons hidden, title bar hidden
[2020.12.21-15.58.00:843][  0]LogCollectionManager: Loaded 0 collections in 0.002258 seconds
[2020.12.21-15.58.00:854][  0]LogFileCache: Scanning file cache for directory 'C:/Users/david/Documents/Unreal Projects/FYP/Saved/Collections/' took 0.00s
[2020.12.21-15.58.00:854][  0]LogFileCache: Scanning file cache for directory 'C:/Users/david/Documents/Unreal Projects/FYP/Content/Developers/david/Collections/' took 0.00s
[2020.12.21-15.58.00:855][  0]LogFileCache: Scanning file cache for directory 'C:/Users/david/Documents/Unreal Projects/FYP/Content/Collections/' took 0.00s
[2020.12.21-15.58.00:855][  0]LogCollectionManager: Rebuilt the GUID cache for 0 collections in 0.000002 seconds
[2020.12.21-15.58.00:865][  0]LogContentBrowser: Native class hierarchy populated in 0.0103 seconds. Added 2871 classes and 687 folders.
[2020.12.21-15.58.00:878][  0]LogContentBrowser: Native class hierarchy updated for 'WidgetCarousel' in 0.0004 seconds. Added 0 classes and 0 folders.
[2020.12.21-15.58.01:321][  0]LogContentBrowser: Native class hierarchy updated for 'AddContentDialog' in 0.0004 seconds. Added 0 classes and 0 folders.
[2020.12.21-15.58.01:357][  0]LogSlate: Took 0.008329 seconds to synchronously load lazily loaded font '../../../Engine/Content/Slate/Fonts/Roboto-Bold.ttf' (160K)
[2020.12.21-15.58.01:368][  0]LogSlate: Took 0.008707 seconds to synchronously load lazily loaded font '../../../Engine/Content/Editor/Slate/Fonts/FontAwesome.ttf' (139K)
[2020.12.21-15.58.01:421][  0]LogRenderer: Reallocating scene render targets to support 1776x608 Format 10 NumSamples 1 (Frame:1).
[2020.12.21-15.58.01:483][  0]LogSlate: Took 0.007826 seconds to synchronously load lazily loaded font '../../../Engine/Content/Slate/Fonts/Roboto-Light.ttf' (167K)
[2020.12.21-15.58.01:541][  0]LogContentBrowser: Native class hierarchy updated for 'HierarchicalLODOutliner' in 0.0004 seconds. Added 0 classes and 0 folders.
[2020.12.21-15.58.01:541][  0]LogLoad: (Engine Initialization) Total time: 15.01 seconds
[2020.12.21-15.58.01:541][  0]LogLoad: (Engine Initialization) Total Blueprint compile time: 0.00 seconds
[2020.12.21-15.58.01:568][  0]LogRawInputWindows: Warning: Found device 0 devices
[2020.12.21-15.58.01:568][  0]LogRawInputWindows: Warning: Found device 0 devices
[2020.12.21-15.58.01:568][  0]LogRawInputWindows: Warning: Device was registered succesfully but not connected (Usage:4 UsagePage:1)
[2020.12.21-15.58.01:568][  0]LogRawInputWindows: Warning: Found device 1 devices
[2020.12.21-15.58.01:568][  0]LogRawInputWindows: Warning: Device was registered succesfully but not connected (Usage:5 UsagePage:1)
[2020.12.21-15.58.01:628][  0]LogContentStreaming: Texture pool size now 1000 MB
[2020.12.21-15.58.02:513][ 16]LogAssetRegistry: Asset discovery search completed in 11.0033 seconds
[2020.12.21-15.58.02:516][ 16]LogCollectionManager: Rebuilt the object cache for 0 collections in 0.000008 seconds (found 0 objects)
[2020.12.21-15.58.02:516][ 16]LogCollectionManager: Fixed up redirectors for 0 collections in 0.000156 seconds (updated 0 objects)
[2020.12.21-15.58.03:725][157]LogSlate: FSceneViewport::OnFocusLost() reason 0
[2020.12.21-15.58.03:841][168]LogUObjectHash: Compacting FUObjectHashTables data took   1.78ms
[2020.12.21-15.58.03:918][168]LogSlate: Window 'FYP - Unreal Editor' being destroyed
[2020.12.21-15.58.03:919][168]LogWindowsTextInputMethodSystem: Display: IME system now deactivated.
[2020.12.21-15.58.03:920][168]LogWindowsTextInputMethodSystem: Display: IME system now deactivated.
[2020.12.21-15.58.03:983][168]LogDirectoryWatcher: A directory notification for '../../../Engine/Plugins/' was aborted.
[2020.12.21-15.58.04:043][169]Cmd: QUIT_EDITOR
[2020.12.21-15.58.04:112][169]LogExit: Preparing to exit.
[2020.12.21-15.58.04:429][169]LogWorld: UWorld::CleanupWorld for World_0, bSessionEnded=true, bCleanupResources=true
[2020.12.21-15.58.04:440][169]LogDemo: Cleaned up 0 splitscreen connections with owner deletion
[2020.12.21-15.58.04:455][169]LogExit: Editor shut down
[2020.12.21-15.58.04:456][169]LogExit: Transaction tracking system shut down
[2020.12.21-15.58.04:741][169]LogExit: Object subsystem successfully closed.
[2020.12.21-15.58.04:782][169]LogShaderCompilers: Display: Shaders left to compile 0
[2020.12.21-15.58.04:873][169]LogModuleManager: Shutting down and abandoning module HierarchicalLODOutliner (672)
[2020.12.21-15.58.04:873][169]LogModuleManager: Shutting down and abandoning module AddContentDialog (670)
[2020.12.21-15.58.04:874][169]LogModuleManager: Shutting down and abandoning module WidgetCarousel (669)
[2020.12.21-15.58.04:875][169]LogModuleManager: Shutting down and abandoning module EditorWidgets (666)
[2020.12.21-15.58.04:875][169]LogModuleManager: Shutting down and abandoning module CollectionManager (664)
[2020.12.21-15.58.04:876][169]LogModuleManager: Shutting down and abandoning module SceneOutliner (662)
[2020.12.21-15.58.04:876][169]LogModuleManager: Shutting down and abandoning module StatsViewer (660)
[2020.12.21-15.58.04:877][169]LogModuleManager: Shutting down and abandoning module VirtualTexturingEditor (658)
[2020.12.21-15.58.04:877][169]LogModuleManager: Shutting down and abandoning module FoliageEdit (656)
[2020.12.21-15.58.04:878][169]LogModuleManager: Shutting down and abandoning module LandscapeEditor (654)
[2020.12.21-15.58.04:881][169]LogModuleManager: Shutting down and abandoning module MeshPaintMode (652)
[2020.12.21-15.58.04:881][169]LogModuleManager: Shutting down and abandoning module SceneDepthPickerMode (650)
[2020.12.21-15.58.04:881][169]LogModuleManager: Shutting down and abandoning module ActorPickerMode (648)
[2020.12.21-15.58.04:881][169]LogModuleManager: Shutting down and abandoning module GeometryMode (646)
[2020.12.21-15.58.04:882][169]LogModuleManager: Shutting down and abandoning module TextureAlignMode (644)
[2020.12.21-15.58.04:882][169]LogModuleManager: Shutting down and abandoning module BspMode (642)
[2020.12.21-15.58.04:882][169]LogModuleManager: Shutting down and abandoning module PIEPreviewDeviceProfileSelector (640)
[2020.12.21-15.58.04:884][169]LogModuleManager: Shutting down and abandoning module SequenceRecorderSections (638)
[2020.12.21-15.58.04:884][169]LogModuleManager: Shutting down and abandoning module AutomationWorker (636)
[2020.12.21-15.58.04:884][169]LogModuleManager: Shutting down and abandoning module OculusMR (634)
[2020.12.21-15.58.04:884][169]LogModuleManager: Shutting down and abandoning module AudioCaptureEditor (632)
[2020.12.21-15.58.04:885][169]LogModuleManager: Shutting down and abandoning module MatineeToLevelSequence (630)
[2020.12.21-15.58.04:886][169]LogModuleManager: Shutting down and abandoning module LevelSequenceEditor (628)
[2020.12.21-15.58.04:889][169]LogModuleManager: Shutting down and abandoning module PlacementMode (627)
[2020.12.21-15.58.04:889][169]LogModuleManager: Shutting down and abandoning module MaterialEditor (626)
[2020.12.21-15.58.04:891][169]LogModuleManager: Shutting down and abandoning module ActorSequenceEditor (622)
[2020.12.21-15.58.04:893][169]LogModuleManager: Shutting down and abandoning module WmfMediaFactory (620)
[2020.12.21-15.58.04:893][169]LogModuleManager: Shutting down and abandoning module WmfMediaEditor (618)
[2020.12.21-15.58.04:893][169]LogModuleManager: Shutting down and abandoning module WebMMediaFactory (616)
[2020.12.21-15.58.04:893][169]LogModuleManager: Shutting down and abandoning module WebMMediaEditor (614)
[2020.12.21-15.58.04:893][169]LogModuleManager: Shutting down and abandoning module WebMMedia (612)
[2020.12.21-15.58.04:893][169]LogModuleManager: Shutting down and abandoning module MediaPlayerEditor (610)
[2020.12.21-15.58.04:898][169]LogModuleManager: Shutting down and abandoning module MediaCompositingEditor (608)
[2020.12.21-15.58.04:901][169]LogModuleManager: Shutting down and abandoning module SequenceRecorder (607)
[2020.12.21-15.58.04:901][169]LogModuleManager: Shutting down and abandoning module OpenExrWrapper (604)
[2020.12.21-15.58.04:901][169]LogModuleManager: Shutting down and abandoning module ImgMediaFactory (602)
[2020.12.21-15.58.04:901][169]LogModuleManager: Shutting down and abandoning module ImgMediaEditor (600)
[2020.12.21-15.58.04:901][169]LogModuleManager: Shutting down and abandoning module AvfMediaFactory (598)
[2020.12.21-15.58.04:901][169]LogModuleManager: Shutting down and abandoning module AvfMediaEditor (596)
[2020.12.21-15.58.04:901][169]LogModuleManager: Shutting down and abandoning module AndroidMediaFactory (594)
[2020.12.21-15.58.04:901][169]LogModuleManager: Shutting down and abandoning module AndroidMediaEditor (592)
[2020.12.21-15.58.04:901][169]LogModuleManager: Shutting down and abandoning module MagicLeapCameraPreviewFactory (590)
[2020.12.21-15.58.04:901][169]LogModuleManager: Shutting down and abandoning module MagicLeapMediaCodecFactory (588)
[2020.12.21-15.58.04:901][169]LogModuleManager: Shutting down and abandoning module MagicLeapMediaFactory (586)
[2020.12.21-15.58.04:901][169]LogModuleManager: Shutting down and abandoning module MagicLeapMediaEditor (584)
[2020.12.21-15.58.04:901][169]LogModuleManager: Shutting down and abandoning module CharacterAI (582)
[2020.12.21-15.58.04:901][169]LogModuleManager: Shutting down and abandoning module SmartSnapping (580)
[2020.12.21-15.58.04:902][169]LogModuleManager: Shutting down and abandoning module SessionServices (578)
[2020.12.21-15.58.04:902][169]LogModuleManager: Shutting down and abandoning module MeshPaint (576)
[2020.12.21-15.58.04:903][169]LogModuleManager: Shutting down and abandoning module ViewportSnapping (574)
[2020.12.21-15.58.04:903][169]LogModuleManager: Shutting down and abandoning module ViewportInteraction (572)
[2020.12.21-15.58.04:903][169]LogModuleManager: Shutting down and abandoning module ClothPainter (570)
[2020.12.21-15.58.04:904][169]LogModuleManager: Shutting down and abandoning module SkeletalMeshEditor (569)
[2020.12.21-15.58.04:906][169]LogModuleManager: Shutting down and abandoning module LogVisualizer (566)
[2020.12.21-15.58.04:908][169]LogModuleManager: Shutting down and abandoning module IntroTutorials (564)
[2020.12.21-15.58.04:908][169]LogModuleManager: Shutting down and abandoning module GameProjectGeneration (563)
[2020.12.21-15.58.04:909][169]LogModuleManager: Shutting down and abandoning module LuminPlatformEditor (560)
[2020.12.21-15.58.04:909][169]LogModuleManager: Shutting down and abandoning module IOSPlatformEditor (558)
[2020.12.21-15.58.04:910][169]LogModuleManager: Shutting down and abandoning module HTML5PlatformEditor (556)
[2020.12.21-15.58.04:910][169]LogModuleManager: Shutting down and abandoning module AndroidPlatformEditor (554)
[2020.12.21-15.58.04:911][169]LogModuleManager: Shutting down and abandoning module AndroidDeviceDetection (553)
