Log file open, 02/23/21 16:59:29
LogWindows: Failed to load 'aqProf.dll' (GetLastError=126)
LogWindows: File 'aqProf.dll' does not exist
LogWindows: Failed to load 'VtuneApi.dll' (GetLastError=126)
LogWindows: File 'VtuneApi.dll' does not exist
LogWindows: Failed to load 'VtuneApi32e.dll' (GetLastError=126)
LogWindows: File 'VtuneApi32e.dll' does not exist
LogConsoleResponse: Display: Failed to find resolution value strings in scalability ini. Falling back to default.
LogInit: Display: Running engine for game: FYP
LogPlatformFile: Not using cached read wrapper
LogTaskGraph: Started task graph with 5 named threads and 14 total threads with 3 sets of task threads.
LogStats: Stats thread started at 0.260716
LogD3D11RHI: Loaded GFSDK_Aftermath_Lib.x64.dll
LogICUInternationalization: ICU TimeZone Detection - Raw Offset: +0:00, Platform Override: ''
LogPluginManager: Mounting plugin Paper2D
LogPluginManager: Mounting plugin AISupport
LogPluginManager: Mounting plugin LightPropagationVolume
LogPluginManager: Mounting plugin ActorLayerUtilities
LogPluginManager: Mounting plugin AnimationSharing
LogPluginManager: Mounting plugin CLionSourceCodeAccess
LogPluginManager: Mounting plugin CodeLiteSourceCodeAccess
LogPluginManager: Mounting plugin GitSourceControl
LogPluginManager: Mounting plugin KDevelopSourceCodeAccess
LogPluginManager: Mounting plugin NullSourceCodeAccess
LogPluginManager: Mounting plugin PerforceSourceControl
LogPluginManager: Mounting plugin SubversionSourceControl
LogPluginManager: Mounting plugin UObjectPlugin
LogPluginManager: Mounting plugin VisualStudioCodeSourceCodeAccess
LogPluginManager: Mounting plugin VisualStudioSourceCodeAccess
LogPluginManager: Mounting plugin XCodeSourceCodeAccess
LogPluginManager: Mounting plugin AssetManagerEditor
LogPluginManager: Mounting plugin CryptoKeys
LogPluginManager: Mounting plugin CurveEditorTools
LogPluginManager: Mounting plugin DataValidation
LogPluginManager: Mounting plugin FacialAnimation
LogPluginManager: Mounting plugin GameplayTagsEditor
LogPluginManager: Mounting plugin MacGraphicsSwitching
LogPluginManager: Mounting plugin MaterialAnalyzer
LogPluginManager: Mounting plugin MobileLauncherProfileWizard
LogPluginManager: Mounting plugin PluginBrowser
LogPluginManager: Mounting plugin SpeedTreeImporter
LogPluginManager: Mounting plugin DatasmithContent
LogPluginManager: Mounting plugin VariantManagerContent
LogPluginManager: Mounting plugin AlembicImporter
LogPluginManager: Mounting plugin AutomationUtils
LogPluginManager: Mounting plugin BackChannel
LogPluginManager: Mounting plugin CharacterAI
LogPluginManager: Mounting plugin GeometryCache
LogPluginManager: Mounting plugin HTML5Networking
LogPluginManager: Mounting plugin PlatformCrypto
LogPluginManager: Mounting plugin ProxyLODPlugin
LogPluginManager: Mounting plugin RawInput
LogPluginManager: Mounting plugin SkeletalReduction
LogPluginManager: Mounting plugin MagicLeap
LogPluginManager: Mounting plugin MagicLeapMedia
LogPluginManager: Mounting plugin AndroidMedia
LogPluginManager: Mounting plugin AvfMedia
LogPluginManager: Mounting plugin ImgMedia
LogPluginManager: Mounting plugin MediaCompositing
LogPluginManager: Mounting plugin MediaPlayerEditor
LogPluginManager: Mounting plugin WebMMedia
LogPluginManager: Mounting plugin WmfMedia
LogPluginManager: Mounting plugin TcpMessaging
LogPluginManager: Mounting plugin UdpMessaging
LogPluginManager: Mounting plugin ActorSequence
LogPluginManager: Mounting plugin LevelSequenceEditor
LogPluginManager: Mounting plugin MatineeToLevelSequence
LogPluginManager: Mounting plugin NetcodeUnitTest
LogPluginManager: Mounting plugin NUTUnrealEngine4
LogPluginManager: Mounting plugin OnlineSubsystemGooglePlay
LogPluginManager: Mounting plugin OnlineSubsystemIOS
LogPluginManager: Mounting plugin OnlineSubsystem
LogPluginManager: Mounting plugin OnlineSubsystemNull
LogPluginManager: Mounting plugin OnlineSubsystemUtils
LogPluginManager: Mounting plugin LauncherChunkInstaller
LogPluginManager: Mounting plugin AndroidDeviceProfileSelector
LogPluginManager: Mounting plugin AndroidMoviePlayer
LogPluginManager: Mounting plugin AndroidPermission
LogPluginManager: Mounting plugin AppleImageUtils
LogPluginManager: Mounting plugin AppleMoviePlayer
LogPluginManager: Mounting plugin ArchVisCharacter
LogPluginManager: Mounting plugin AudioCapture
LogPluginManager: Mounting plugin CableComponent
LogPluginManager: Mounting plugin CustomMeshComponent
LogPluginManager: Mounting plugin EditableMesh
LogPluginManager: Mounting plugin ExampleDeviceProfileSelector
LogPluginManager: Mounting plugin GoogleCloudMessaging
LogPluginManager: Mounting plugin IOSDeviceProfileSelector
LogPluginManager: Mounting plugin LinuxDeviceProfileSelector
LogPluginManager: Mounting plugin LocationServicesBPLibrary
LogPluginManager: Mounting plugin MobilePatchingUtils
LogPluginManager: Mounting plugin OculusVR
LogPluginManager: Mounting plugin PhysXVehicles
LogPluginManager: Mounting plugin ProceduralMeshComponent
LogPluginManager: Mounting plugin RuntimePhysXCooking
LogPluginManager: Mounting plugin SignificanceManager
LogPluginManager: Mounting plugin SteamVR
LogPluginManager: Mounting plugin WebMMoviePlayer
LogPluginManager: Mounting plugin WindowsMoviePlayer
LogPluginManager: Mounting plugin ScreenshotTools
LogPluginManager: Mounting plugin SocketIOClient
LogPluginManager: Mounting plugin TensorFlow
LogPluginManager: Mounting plugin UnrealEnginePython
LogInit: Using libcurl 7.55.1-DEV
LogInit:  - built for x86_64-pc-win32
LogInit:  - supports SSL with OpenSSL/1.1.1
LogInit:  - supports HTTP deflate (compression) using libz 1.2.8
LogInit:  - other features:
LogInit:      CURL_VERSION_SSL
LogInit:      CURL_VERSION_LIBZ
LogInit:      CURL_VERSION_IPV6
LogInit:      CURL_VERSION_ASYNCHDNS
LogInit:      CURL_VERSION_LARGEFILE
LogInit:      CURL_VERSION_IDN
LogInit:  CurlRequestOptions (configurable via config and command line):
LogInit:  - bVerifyPeer = true  - Libcurl will verify peer certificate
LogInit:  - bUseHttpProxy = false  - Libcurl will NOT use HTTP proxy
LogInit:  - bDontReuseConnections = false  - Libcurl will reuse connections
LogInit:  - MaxHostConnections = 16  - Libcurl will limit the number of connections to a host
LogInit:  - LocalHostAddr = Default
LogInit:  - BufferSize = 65536
LogOnline: OSS: Creating online subsystem instance for: NULL
LogInit: WinSock: version 1.1 (2.2), MaxSocks=32767, MaxUdp=65467
LogInit: Build: ++UE4+Release-4.23-CL-9631420
LogInit: Engine Version: 4.23.1-9631420+++UE4+Release-4.23
LogInit: Compatible Engine Version: 4.23.0-8386587+++UE4+Release-4.23
LogInit: Net CL: 8386587
LogInit: OS: Windows 10 (Release 2009) (), CPU:        Intel(R) Core(TM) i5-2500K CPU @ 3.30GHz, GPU: NVIDIA GeForce RTX 2060 SUPER
LogInit: Compiled (64-bit): Oct 18 2019 02:07:44
LogInit: Compiled with Visual C++: 19.16.27030.01
LogInit: Build Configuration: Development
LogInit: Branch Name: ++UE4+Release-4.23
LogInit: Command Line:  -skipcompile
LogInit: Base Directory: C:/Program Files/Epic Games/UE_4.23/Engine/Binaries/Win64/
LogInit: Installed Engine Build: 1
LogDevObjectVersion: Number of dev versions registered: 23
LogDevObjectVersion:   Dev-Blueprints (B0D832E4-1F89-4F0D-ACCF-7EB736FD4AA2): 10
LogDevObjectVersion:   Dev-Build (E1C64328-A22C-4D53-A36C-8E866417BD8C): 0
LogDevObjectVersion:   Dev-Core (375EC13C-06E4-48FB-B500-84F0262A717E): 3
LogDevObjectVersion:   Dev-Editor (E4B068ED-F494-42E9-A231-DA0B2E46BB41): 34
LogDevObjectVersion:   Dev-Framework (CFFC743F-43B0-4480-9391-14DF171D2073): 35
LogDevObjectVersion:   Dev-Mobile (B02B49B5-BB20-44E9-A304-32B752E40360): 2
LogDevObjectVersion:   Dev-Networking (A4E4105C-59A1-49B5-A7C5-40C4547EDFEE): 0
LogDevObjectVersion:   Dev-Online (39C831C9-5AE6-47DC-9A44-9C173E1C8E7C): 0
LogDevObjectVersion:   Dev-Physics (78F01B33-EBEA-4F98-B9B4-84EACCB95AA2): 0
LogDevObjectVersion:   Dev-Platform (6631380F-2D4D-43E0-8009-CF276956A95A): 0
LogDevObjectVersion:   Dev-Rendering (12F88B9F-8875-4AFC-A67C-D90C383ABD29): 31
LogDevObjectVersion:   Dev-Sequencer (7B5AE74C-D270-4C10-A958-57980B212A5A): 11
LogDevObjectVersion:   Dev-VR (D7296918-1DD6-4BDD-9DE2-64A83CC13884): 2
LogDevObjectVersion:   Dev-LoadTimes (C2A15278-BFE7-4AFE-6C17-90FF531DF755): 1
LogDevObjectVersion:   Private-Geometry (6EACA3D4-40EC-4CC1-B786-8BED09428FC5): 3
LogDevObjectVersion:   Dev-AnimPhys (29E575DD-E0A3-4627-9D10-D276232CDCEA): 17
LogDevObjectVersion:   Dev-Anim (AF43A65D-7FD3-4947-9873-3E8ED9C1BB05): 2
LogDevObjectVersion:   Dev-ReflectionCapture (6B266CEC-1EC7-4B8F-A30B-E4D90942FC07): 1
LogDevObjectVersion:   Dev-Automation (0DF73D61-A23F-47EA-B727-89E90C41499A): 1
LogDevObjectVersion:   FortniteMain (601D1886-AC64-4F84-AA16-D3DE0DEAC7D6): 27
LogDevObjectVersion:   Dev-Enterprise (9DFFBCD6-494F-0158-E221-12823C92A888): 6
LogDevObjectVersion:   Dev-Niagara (F2AED0AC-9AFE-416F-8664-AA7FFA26D6FC): 1
LogDevObjectVersion:   Dev-Destruction (174F1F0B-B4C6-45A5-B13F-2EE8D0FB917D): 9
LogInit: Presizing for max 16777216 objects, including 0 objects not considered by GC, pre-allocating 0 bytes for permanent pool.
LogInit: Object subsystem initialized
LogConfig: Setting CVar [[con.DebugEarlyDefault:1]]
LogConfig: Setting CVar [[r.setres:1280x720]]
[2021.02.23-16.59.30:046][  0]LogConfig: Setting CVar [[r.VSync:0]]
[2021.02.23-16.59.30:046][  0]LogConfig: Setting CVar [[r.RHICmdBypass:0]]
[2021.02.23-16.59.30:046][  0]LogConfig: Applying CVar settings from Section [/Script/Engine.RendererSettings] File [C:/Users/david/Documents/GitHub/Final-Year-Project/FYP/Saved/Config/Windows/Engine.ini]
[2021.02.23-16.59.30:046][  0]LogConfig: Setting CVar [[r.GPUCrashDebugging:0]]
[2021.02.23-16.59.30:046][  0]LogConfig: Setting CVar [[r.MobileHDR:1]]
[2021.02.23-16.59.30:046][  0]LogConfig: Setting CVar [[r.Mobile.DisableVertexFog:1]]
[2021.02.23-16.59.30:046][  0]LogConfig: Setting CVar [[r.Shadow.CSM.MaxMobileCascades:2]]
[2021.02.23-16.59.30:046][  0]LogConfig: Setting CVar [[r.MobileMSAA:1]]
[2021.02.23-16.59.30:046][  0]LogConfig: Setting CVar [[r.Mobile.UseLegacyShadingModel:0]]
[2021.02.23-16.59.30:046][  0]LogConfig: Setting CVar [[r.Mobile.UseHWsRGBEncoding:0]]
[2021.02.23-16.59.30:047][  0]LogConfig: Setting CVar [[r.Mobile.AllowDitheredLODTransition:0]]
[2021.02.23-16.59.30:047][  0]LogConfig: Setting CVar [[r.Mobile.AllowSoftwareOcclusion:0]]
[2021.02.23-16.59.30:047][  0]LogConfig: Setting CVar [[r.DiscardUnusedQuality:0]]
[2021.02.23-16.59.30:047][  0]LogConfig: Setting CVar [[r.AllowOcclusionQueries:1]]
[2021.02.23-16.59.30:047][  0]LogConfig: Setting CVar [[r.MinScreenRadiusForLights:0.030000]]
[2021.02.23-16.59.30:047][  0]LogConfig: Setting CVar [[r.MinScreenRadiusForDepthPrepass:0.030000]]
[2021.02.23-16.59.30:047][  0]LogConfig: Setting CVar [[r.MinScreenRadiusForCSMDepth:0.010000]]
[2021.02.23-16.59.30:047][  0]LogConfig: Setting CVar [[r.PrecomputedVisibilityWarning:0]]
[2021.02.23-16.59.30:047][  0]LogConfig: Setting CVar [[r.TextureStreaming:1]]
[2021.02.23-16.59.30:047][  0]LogConfig: Setting CVar [[Compat.UseDXT5NormalMaps:0]]
[2021.02.23-16.59.30:047][  0]LogConfig: Setting CVar [[r.VirtualTextures:0]]
[2021.02.23-16.59.30:047][  0]LogConfig: Setting CVar [[r.VirtualTexturedLightmaps:0]]
[2021.02.23-16.59.30:047][  0]LogConfig: Setting CVar [[r.VT.TileSize:128]]
[2021.02.23-16.59.30:047][  0]LogConfig: Setting CVar [[r.VT.TileBorderSize:4]]
[2021.02.23-16.59.30:047][  0]LogConfig: Setting CVar [[r.vt.FeedbackFactor:16]]
[2021.02.23-16.59.30:047][  0]LogConfig: Setting CVar [[r.VT.EnableCompressZlib:1]]
[2021.02.23-16.59.30:047][  0]LogConfig: Setting CVar [[r.VT.EnableCompressCrunch:0]]
[2021.02.23-16.59.30:047][  0]LogConfig: Setting CVar [[r.ClearCoatNormal:0]]
[2021.02.23-16.59.30:047][  0]LogConfig: Setting CVar [[r.ReflectionCaptureResolution:128]]
[2021.02.23-16.59.30:047][  0]LogConfig: Setting CVar [[r.ReflectionEnvironmentLightmapMixBasedOnRoughness:1]]
[2021.02.23-16.59.30:047][  0]LogConfig: Setting CVar [[r.ForwardShading:0]]
[2021.02.23-16.59.30:047][  0]LogConfig: Setting CVar [[r.VertexFoggingForOpaque:1]]
[2021.02.23-16.59.30:048][  0]LogConfig: Setting CVar [[r.AllowStaticLighting:1]]
[2021.02.23-16.59.30:048][  0]LogConfig: Setting CVar [[r.NormalMapsForStaticLighting:0]]
[2021.02.23-16.59.30:048][  0]LogConfig: Setting CVar [[r.GenerateMeshDistanceFields:0]]
[2021.02.23-16.59.30:048][  0]LogConfig: Setting CVar [[r.DistanceFieldBuild.EightBit:0]]
[2021.02.23-16.59.30:048][  0]LogConfig: Setting CVar [[r.GenerateLandscapeGIData:0]]
[2021.02.23-16.59.30:048][  0]LogConfig: Setting CVar [[r.DistanceFieldBuild.Compress:0]]
[2021.02.23-16.59.30:048][  0]LogConfig: Setting CVar [[r.TessellationAdaptivePixelsPerTriangle:48.000000]]
[2021.02.23-16.59.30:048][  0]LogConfig: Setting CVar [[r.SeparateTranslucency:1]]
[2021.02.23-16.59.30:048][  0]LogConfig: Setting CVar [[r.TranslucentSortPolicy:0]]
[2021.02.23-16.59.30:048][  0]LogConfig: Setting CVar [[r.CustomDepth:1]]
[2021.02.23-16.59.30:048][  0]LogConfig: Setting CVar [[r.CustomDepthTemporalAAJitter:1]]
[2021.02.23-16.59.30:048][  0]LogConfig: Setting CVar [[r.PostProcessing.PropagateAlpha:0]]
[2021.02.23-16.59.30:048][  0]LogConfig: Setting CVar [[r.DefaultFeature.Bloom:1]]
[2021.02.23-16.59.30:048][  0]LogConfig: Setting CVar [[r.DefaultFeature.AmbientOcclusion:1]]
[2021.02.23-16.59.30:048][  0]LogConfig: Setting CVar [[r.DefaultFeature.AmbientOcclusionStaticFraction:1]]
[2021.02.23-16.59.30:048][  0]LogConfig: Setting CVar [[r.DefaultFeature.AutoExposure:0]]
[2021.02.23-16.59.30:049][  0]LogConfig: Setting CVar [[r.DefaultFeature.AutoExposure.Method:0]]
[2021.02.23-16.59.30:049][  0]LogConfig: Setting CVar [[r.DefaultFeature.AutoExposure.ExtendDefaultLuminanceRange:0]]
[2021.02.23-16.59.30:049][  0]LogConfig: Setting CVar [[r.UsePreExposure:1]]
[2021.02.23-16.59.30:049][  0]LogConfig: Setting CVar [[r.EyeAdaptation.EditorOnly:1]]
[2021.02.23-16.59.30:049][  0]LogConfig: Setting CVar [[r.DefaultFeature.MotionBlur:0]]
[2021.02.23-16.59.30:049][  0]LogConfig: Setting CVar [[r.DefaultFeature.LensFlare:0]]
[2021.02.23-16.59.30:049][  0]LogConfig: Setting CVar [[r.TemporalAA.Upsampling:0]]
[2021.02.23-16.59.30:049][  0]LogConfig: Setting CVar [[r.DefaultFeature.AntiAliasing:0]]
[2021.02.23-16.59.30:049][  0]LogConfig: Setting CVar [[r.DefaultFeature.LightUnits:1]]
[2021.02.23-16.59.30:049][  0]LogConfig: Setting CVar [[r.DefaultBackBufferPixelFormat:4]]
[2021.02.23-16.59.30:049][  0]LogConfig: Setting CVar [[r.Shadow.UnbuiltPreviewInGame:1]]
[2021.02.23-16.59.30:049][  0]LogConfig: Setting CVar [[r.StencilForLODDither:0]]
[2021.02.23-16.59.30:049][  0]LogConfig: Setting CVar [[r.EarlyZPass:3]]
[2021.02.23-16.59.30:049][  0]LogConfig: Setting CVar [[r.EarlyZPassOnlyMaterialMasking:0]]
[2021.02.23-16.59.30:049][  0]LogConfig: Setting CVar [[r.DBuffer:1]]
[2021.02.23-16.59.30:050][  0]LogConfig: Setting CVar [[r.ClearSceneMethod:1]]
[2021.02.23-16.59.30:050][  0]LogConfig: Setting CVar [[r.BasePassOutputsVelocity:0]]
[2021.02.23-16.59.30:050][  0]LogConfig: Setting CVar [[r.SelectiveBasePassOutputs:0]]
[2021.02.23-16.59.30:050][  0]LogConfig: Setting CVar [[fx.GPUSimulationTextureSizeX:1024]]
[2021.02.23-16.59.30:050][  0]LogConfig: Setting CVar [[fx.GPUSimulationTextureSizeY:1024]]
[2021.02.23-16.59.30:050][  0]LogConfig: Setting CVar [[r.AllowGlobalClipPlane:0]]
[2021.02.23-16.59.30:050][  0]LogConfig: Setting CVar [[r.GBufferFormat:1]]
[2021.02.23-16.59.30:050][  0]LogConfig: Setting CVar [[r.MorphTarget.Mode:1]]
[2021.02.23-16.59.30:050][  0]LogConfig: Setting CVar [[vr.InstancedStereo:0]]
[2021.02.23-16.59.30:050][  0]LogConfig: Setting CVar [[vr.MultiView:0]]
[2021.02.23-16.59.30:050][  0]LogConfig: Setting CVar [[vr.MobileMultiView:0]]
[2021.02.23-16.59.30:050][  0]LogConfig: Setting CVar [[vr.MobileMultiView.Direct:0]]
[2021.02.23-16.59.30:051][  0]LogConfig: Setting CVar [[vr.RoundRobinOcclusion:0]]
[2021.02.23-16.59.30:051][  0]LogConfig: Setting CVar [[vr.ODSCapture:0]]
[2021.02.23-16.59.30:051][  0]LogConfig: Setting CVar [[r.WireframeCullThreshold:5.000000]]
[2021.02.23-16.59.30:051][  0]LogConfig: Setting CVar [[r.RayTracing:0]]
[2021.02.23-16.59.30:052][  0]LogConfig: Setting CVar [[r.SupportStationarySkylight:1]]
[2021.02.23-16.59.30:052][  0]LogConfig: Setting CVar [[r.SupportLowQualityLightmaps:1]]
[2021.02.23-16.59.30:052][  0]LogConfig: Setting CVar [[r.SupportPointLightWholeSceneShadows:1]]
[2021.02.23-16.59.30:052][  0]LogConfig: Setting CVar [[r.SupportAtmosphericFog:1]]
[2021.02.23-16.59.30:053][  0]LogConfig: Setting CVar [[r.SkinCache.CompileShaders:0]]
[2021.02.23-16.59.30:054][  0]LogConfig: Setting CVar [[r.Mobile.EnableStaticAndCSMShadowReceivers:1]]
[2021.02.23-16.59.30:054][  0]LogConfig: Setting CVar [[r.Mobile.EnableMovableLightCSMShaderCulling:1]]
[2021.02.23-16.59.30:054][  0]LogConfig: Setting CVar [[r.Mobile.AllowDistanceFieldShadows:1]]
[2021.02.23-16.59.30:054][  0]LogConfig: Setting CVar [[r.Mobile.AllowMovableDirectionalLights:1]]
[2021.02.23-16.59.30:055][  0]LogConfig: Setting CVar [[r.MobileNumDynamicPointLights:4]]
[2021.02.23-16.59.30:055][  0]LogConfig: Setting CVar [[r.MobileDynamicPointLightsUseStaticBranch:1]]
[2021.02.23-16.59.30:055][  0]LogConfig: Setting CVar [[r.Mobile.EnableMovableSpotlights:0]]
[2021.02.23-16.59.30:055][  0]LogConfig: Setting CVar [[r.SkinCache.SceneMemoryLimitInMB:128.000000]]
[2021.02.23-16.59.30:055][  0]LogConfig: Setting CVar [[r.GPUSkin.Limit2BoneInfluences:0]]
[2021.02.23-16.59.30:056][  0]LogConfig: Setting CVar [[r.SupportDepthOnlyIndexBuffers:1]]
[2021.02.23-16.59.30:056][  0]LogConfig: Setting CVar [[r.SupportReversedIndexBuffers:1]]
[2021.02.23-16.59.30:056][  0]LogConfig: Setting CVar [[r.SupportMaterialLayers:0]]
[2021.02.23-16.59.30:056][  0]LogConfig: Applying CVar settings from Section [/Script/Engine.RendererOverrideSettings] File [C:/Users/david/Documents/GitHub/Final-Year-Project/FYP/Saved/Config/Windows/Engine.ini]
[2021.02.23-16.59.30:056][  0]LogConfig: Applying CVar settings from Section [/Script/Engine.StreamingSettings] File [C:/Users/david/Documents/GitHub/Final-Year-Project/FYP/Saved/Config/Windows/Engine.ini]
[2021.02.23-16.59.30:056][  0]LogConfig: Setting CVar [[s.MinBulkDataSizeForAsyncLoading:131072]]
[2021.02.23-16.59.30:056][  0]LogConfig: Setting CVar [[s.AsyncLoadingThreadEnabled:0]]
[2021.02.23-16.59.30:057][  0]LogConfig: Setting CVar [[s.EventDrivenLoaderEnabled:1]]
[2021.02.23-16.59.30:057][  0]LogConfig: Setting CVar [[s.WarnIfTimeLimitExceeded:0]]
[2021.02.23-16.59.30:057][  0]LogConfig: Setting CVar [[s.TimeLimitExceededMultiplier:1.5]]
[2021.02.23-16.59.30:057][  0]LogConfig: Setting CVar [[s.TimeLimitExceededMinTime:0.005]]
[2021.02.23-16.59.30:057][  0]LogConfig: Setting CVar [[s.UseBackgroundLevelStreaming:1]]
[2021.02.23-16.59.30:057][  0]LogConfig: Setting CVar [[s.PriorityAsyncLoadingExtraTime:15.0]]
[2021.02.23-16.59.30:057][  0]LogConfig: Setting CVar [[s.LevelStreamingActorsUpdateTimeLimit:5.0]]
[2021.02.23-16.59.30:057][  0]LogConfig: Setting CVar [[s.PriorityLevelStreamingActorsUpdateExtraTime:5.0]]
[2021.02.23-16.59.30:057][  0]LogConfig: Setting CVar [[s.LevelStreamingComponentsRegistrationGranularity:10]]
[2021.02.23-16.59.30:057][  0]LogConfig: Setting CVar [[s.UnregisterComponentsTimeLimit:1.0]]
[2021.02.23-16.59.30:057][  0]LogConfig: Setting CVar [[s.LevelStreamingComponentsUnregistrationGranularity:5]]
[2021.02.23-16.59.30:057][  0]LogConfig: Applying CVar settings from Section [/Script/Engine.GarbageCollectionSettings] File [C:/Users/david/Documents/GitHub/Final-Year-Project/FYP/Saved/Config/Windows/Engine.ini]
[2021.02.23-16.59.30:057][  0]LogConfig: Setting CVar [[gc.MaxObjectsNotConsideredByGC:1]]
[2021.02.23-16.59.30:058][  0]LogConfig: Setting CVar [[gc.SizeOfPermanentObjectPool:0]]
[2021.02.23-16.59.30:058][  0]LogConfig: Setting CVar [[gc.FlushStreamingOnGC:0]]
[2021.02.23-16.59.30:058][  0]LogConfig: Setting CVar [[gc.NumRetriesBeforeForcingGC:10]]
[2021.02.23-16.59.30:058][  0]LogConfig: Setting CVar [[gc.AllowParallelGC:1]]
[2021.02.23-16.59.30:058][  0]LogConfig: Setting CVar [[gc.TimeBetweenPurgingPendingKillObjects:61.1]]
[2021.02.23-16.59.30:058][  0]LogConfig: Setting CVar [[gc.MaxObjectsInEditor:16777216]]
[2021.02.23-16.59.30:058][  0]LogConfig: Setting CVar [[gc.IncrementalBeginDestroyEnabled:1]]
[2021.02.23-16.59.30:058][  0]LogConfig: Setting CVar [[gc.CreateGCClusters:1]]
[2021.02.23-16.59.30:058][  0]LogConfig: Setting CVar [[gc.MinGCClusterSize:5]]
[2021.02.23-16.59.30:058][  0]LogConfig: Setting CVar [[gc.ActorClusteringEnabled:0]]
[2021.02.23-16.59.30:058][  0]LogConfig: Setting CVar [[gc.BlueprintClusteringEnabled:0]]
[2021.02.23-16.59.30:058][  0]LogConfig: Setting CVar [[gc.UseDisregardForGCOnDedicatedServers:0]]
[2021.02.23-16.59.30:058][  0]LogConfig: Applying CVar settings from Section [/Script/Engine.NetworkSettings] File [C:/Users/david/Documents/GitHub/Final-Year-Project/FYP/Saved/Config/Windows/Engine.ini]
[2021.02.23-16.59.30:058][  0]LogConfig: Applying CVar settings from Section [/Script/UnrealEd.CookerSettings] File [C:/Users/david/Documents/GitHub/Final-Year-Project/FYP/Saved/Config/Windows/Engine.ini]
[2021.02.23-16.59.30:065][  0]LogConfig: Applying CVar settings from Section [ViewDistanceQuality@3] File [C:/Users/david/Documents/GitHub/Final-Year-Project/FYP/Saved/Config/Windows/Scalability.ini]
[2021.02.23-16.59.30:065][  0]LogConfig: Setting CVar [[r.SkeletalMeshLODBias:0]]
[2021.02.23-16.59.30:068][  0]LogConfig: Setting CVar [[r.ViewDistanceScale:1.0]]
[2021.02.23-16.59.30:068][  0]LogConfig: Applying CVar settings from Section [AntiAliasingQuality@3] File [C:/Users/david/Documents/GitHub/Final-Year-Project/FYP/Saved/Config/Windows/Scalability.ini]
[2021.02.23-16.59.30:068][  0]LogConfig: Setting CVar [[r.PostProcessAAQuality:4]]
[2021.02.23-16.59.30:069][  0]LogConfig: Applying CVar settings from Section [ShadowQuality@3] File [C:/Users/david/Documents/GitHub/Final-Year-Project/FYP/Saved/Config/Windows/Scalability.ini]
[2021.02.23-16.59.30:069][  0]LogConfig: Setting CVar [[r.LightFunctionQuality:1]]
[2021.02.23-16.59.30:070][  0]LogConfig: Setting CVar [[r.ShadowQuality:5]]
[2021.02.23-16.59.30:070][  0]LogConfig: Setting CVar [[r.Shadow.CSM.MaxCascades:10]]
[2021.02.23-16.59.30:073][  0]LogConfig: Setting CVar [[r.Shadow.MaxResolution:2048]]
[2021.02.23-16.59.30:073][  0]LogConfig: Setting CVar [[r.Shadow.MaxCSMResolution:2048]]
[2021.02.23-16.59.30:074][  0]LogConfig: Setting CVar [[r.Shadow.RadiusThreshold:0.01]]
[2021.02.23-16.59.30:074][  0]LogConfig: Setting CVar [[r.Shadow.DistanceScale:1.0]]
[2021.02.23-16.59.30:074][  0]LogConfig: Setting CVar [[r.Shadow.CSM.TransitionScale:1.0]]
[2021.02.23-16.59.30:074][  0]LogConfig: Setting CVar [[r.Shadow.PreShadowResolutionFactor:1.0]]
[2021.02.23-16.59.30:074][  0]LogConfig: Setting CVar [[r.DistanceFieldShadowing:1]]
[2021.02.23-16.59.30:074][  0]LogConfig: Setting CVar [[r.DistanceFieldAO:1]]
[2021.02.23-16.59.30:074][  0]LogConfig: Setting CVar [[r.AOQuality:2]]
[2021.02.23-16.59.30:075][  0]LogConfig: Setting CVar [[r.VolumetricFog:1]]
[2021.02.23-16.59.30:075][  0]LogConfig: Setting CVar [[r.VolumetricFog.GridPixelSize:8]]
[2021.02.23-16.59.30:076][  0]LogConfig: Setting CVar [[r.VolumetricFog.GridSizeZ:128]]
[2021.02.23-16.59.30:076][  0]LogConfig: Setting CVar [[r.VolumetricFog.HistoryMissSupersampleCount:4]]
[2021.02.23-16.59.30:076][  0]LogConfig: Setting CVar [[r.LightMaxDrawDistanceScale:1]]
[2021.02.23-16.59.30:076][  0]LogConfig: Setting CVar [[r.CapsuleShadows:1]]
[2021.02.23-16.59.30:076][  0]LogConfig: Applying CVar settings from Section [PostProcessQuality@3] File [C:/Users/david/Documents/GitHub/Final-Year-Project/FYP/Saved/Config/Windows/Scalability.ini]
[2021.02.23-16.59.30:077][  0]LogConfig: Setting CVar [[r.MotionBlurQuality:4]]
[2021.02.23-16.59.30:077][  0]LogConfig: Setting CVar [[r.AmbientOcclusionMipLevelFactor:0.4]]
[2021.02.23-16.59.30:077][  0]LogConfig: Setting CVar [[r.AmbientOcclusionMaxQuality:100]]
[2021.02.23-16.59.30:077][  0]LogConfig: Setting CVar [[r.AmbientOcclusionLevels:-1]]
[2021.02.23-16.59.30:077][  0]LogConfig: Setting CVar [[r.AmbientOcclusionRadiusScale:1.0]]
[2021.02.23-16.59.30:077][  0]LogConfig: Setting CVar [[r.DepthOfFieldQuality:2]]
[2021.02.23-16.59.30:077][  0]LogConfig: Setting CVar [[r.RenderTargetPoolMin:400]]
[2021.02.23-16.59.30:077][  0]LogConfig: Setting CVar [[r.LensFlareQuality:2]]
[2021.02.23-16.59.30:077][  0]LogConfig: Setting CVar [[r.SceneColorFringeQuality:1]]
[2021.02.23-16.59.30:077][  0]LogConfig: Setting CVar [[r.EyeAdaptationQuality:2]]
[2021.02.23-16.59.30:080][  0]LogConfig: Setting CVar [[r.BloomQuality:5]]
[2021.02.23-16.59.30:080][  0]LogConfig: Setting CVar [[r.FastBlurThreshold:100]]
[2021.02.23-16.59.30:080][  0]LogConfig: Setting CVar [[r.Upscale.Quality:3]]
[2021.02.23-16.59.30:081][  0]LogConfig: Setting CVar [[r.Tonemapper.GrainQuantization:1]]
[2021.02.23-16.59.30:081][  0]LogConfig: Setting CVar [[r.LightShaftQuality:1]]
[2021.02.23-16.59.30:081][  0]LogConfig: Setting CVar [[r.Filter.SizeScale:1]]
[2021.02.23-16.59.30:081][  0]LogConfig: Setting CVar [[r.Tonemapper.Quality:5]]
[2021.02.23-16.59.30:081][  0]LogConfig: Setting CVar [[r.DOF.Gather.AccumulatorQuality:1        ; higher gathering accumulator quality]]
[2021.02.23-16.59.30:082][  0]LogConfig: Setting CVar [[r.DOF.Gather.PostfilterMethod:1          ; Median3x3 postfilering method]]
[2021.02.23-16.59.30:084][  0]LogConfig: Setting CVar [[r.DOF.Gather.EnableBokehSettings:0       ; no bokeh simulation when gathering]]
[2021.02.23-16.59.30:085][  0]LogConfig: Setting CVar [[r.DOF.Gather.RingCount:4                 ; medium number of samples when gathering]]
[2021.02.23-16.59.30:085][  0]LogConfig: Setting CVar [[r.DOF.Scatter.ForegroundCompositing:1    ; additive foreground scattering]]
[2021.02.23-16.59.30:085][  0]LogConfig: Setting CVar [[r.DOF.Scatter.BackgroundCompositing:2    ; additive background scattering]]
[2021.02.23-16.59.30:085][  0]LogConfig: Setting CVar [[r.DOF.Scatter.EnableBokehSettings:1      ; bokeh simulation when scattering]]
[2021.02.23-16.59.30:085][  0]LogConfig: Setting CVar [[r.DOF.Scatter.MaxSpriteRatio:0.1         ; only a maximum of 10% of scattered bokeh]]
[2021.02.23-16.59.30:085][  0]LogConfig: Setting CVar [[r.DOF.Recombine.Quality:1                ; cheap slight out of focus]]
[2021.02.23-16.59.30:085][  0]LogConfig: Setting CVar [[r.DOF.Recombine.EnableBokehSettings:0    ; no bokeh simulation on slight out of focus]]
[2021.02.23-16.59.30:085][  0]LogConfig: Setting CVar [[r.DOF.TemporalAAQuality:1                ; more stable temporal accumulation]]
[2021.02.23-16.59.30:085][  0]LogConfig: Setting CVar [[r.DOF.Kernel.MaxForegroundRadius:0.025]]
[2021.02.23-16.59.30:086][  0]LogConfig: Setting CVar [[r.DOF.Kernel.MaxBackgroundRadius:0.025]]
[2021.02.23-16.59.30:086][  0]LogConfig: Applying CVar settings from Section [TextureQuality@3] File [C:/Users/david/Documents/GitHub/Final-Year-Project/FYP/Saved/Config/Windows/Scalability.ini]
[2021.02.23-16.59.30:086][  0]LogConfig: Setting CVar [[r.Streaming.MipBias:0]]
[2021.02.23-16.59.30:087][  0]LogConfig: Setting CVar [[r.Streaming.AmortizeCPUToGPUCopy:0]]
[2021.02.23-16.59.30:087][  0]LogConfig: Setting CVar [[r.Streaming.MaxNumTexturesToStreamPerFrame:0]]
[2021.02.23-16.59.30:087][  0]LogConfig: Setting CVar [[r.Streaming.Boost:1]]
[2021.02.23-16.59.30:087][  0]LogConfig: Setting CVar [[r.MaxAnisotropy:8]]
[2021.02.23-16.59.30:088][  0]LogConfig: Setting CVar [[r.Streaming.LimitPoolSizeToVRAM:0]]
[2021.02.23-16.59.30:088][  0]LogConfig: Setting CVar [[r.Streaming.PoolSize:1000]]
[2021.02.23-16.59.30:089][  0]LogConfig: Setting CVar [[r.Streaming.MaxEffectiveScreenSize:0]]
[2021.02.23-16.59.30:090][  0]LogConfig: Applying CVar settings from Section [EffectsQuality@3] File [C:/Users/david/Documents/GitHub/Final-Year-Project/FYP/Saved/Config/Windows/Scalability.ini]
[2021.02.23-16.59.30:091][  0]LogConfig: Setting CVar [[r.TranslucencyLightingVolumeDim:64]]
[2021.02.23-16.59.30:091][  0]LogConfig: Setting CVar [[r.RefractionQuality:2]]
[2021.02.23-16.59.30:092][  0]LogConfig: Setting CVar [[r.SSR.Quality:3]]
[2021.02.23-16.59.30:092][  0]LogConfig: Setting CVar [[r.SceneColorFormat:4]]
[2021.02.23-16.59.30:092][  0]LogConfig: Setting CVar [[r.DetailMode:2]]
[2021.02.23-16.59.30:093][  0]LogConfig: Setting CVar [[r.TranslucencyVolumeBlur:1]]
[2021.02.23-16.59.30:093][  0]LogConfig: Setting CVar [[r.MaterialQualityLevel:1 ; High quality]]
[2021.02.23-16.59.30:093][  0]LogConfig: Setting CVar [[r.SSS.Scale:1]]
[2021.02.23-16.59.30:093][  0]LogConfig: Setting CVar [[r.SSS.SampleSet:2]]
[2021.02.23-16.59.30:094][  0]LogConfig: Setting CVar [[r.SSS.Quality:1]]
[2021.02.23-16.59.30:094][  0]LogConfig: Setting CVar [[r.SSS.HalfRes:1]]
[2021.02.23-16.59.30:094][  0]LogConfig: Setting CVar [[r.EmitterSpawnRateScale:1.0]]
[2021.02.23-16.59.30:095][  0]LogConfig: Setting CVar [[r.ParticleLightQuality:2]]
[2021.02.23-16.59.30:095][  0]LogConfig: Applying CVar settings from Section [FoliageQuality@3] File [C:/Users/david/Documents/GitHub/Final-Year-Project/FYP/Saved/Config/Windows/Scalability.ini]
[2021.02.23-16.59.30:095][  0]LogConfig: Setting CVar [[foliage.DensityScale:1.0]]
[2021.02.23-16.59.30:095][  0]LogConfig: Setting CVar [[grass.DensityScale:1.0]]
[2021.02.23-16.59.30:095][  0]LogInit: Selected Device Profile: [Windows]
[2021.02.23-16.59.30:095][  0]LogInit: Applying CVar settings loaded from the selected device profile: [Windows]
[2021.02.23-16.59.30:099][  0]LogHAL: Display: Platform has ~ 16 GB [17129328640 / 17179869184 / 16], which maps to Larger [LargestMinGB=32, LargerMinGB=12, DefaultMinGB=8, SmallerMinGB=6, SmallestMinGB=0)
[2021.02.23-16.59.30:099][  0]LogInit: Going up to parent DeviceProfile []
[2021.02.23-16.59.30:101][  0]LogConfig: Applying CVar settings from Section [ViewDistanceQuality@3] File [C:/Users/david/Documents/GitHub/Final-Year-Project/FYP/Saved/Config/Windows/Scalability.ini]
[2021.02.23-16.59.30:101][  0]LogConfig: Setting CVar [[r.SkeletalMeshLODBias:0]]
[2021.02.23-16.59.30:101][  0]LogConfig: Setting CVar [[r.ViewDistanceScale:1.0]]
[2021.02.23-16.59.30:101][  0]LogConfig: Applying CVar settings from Section [AntiAliasingQuality@3] File [C:/Users/david/Documents/GitHub/Final-Year-Project/FYP/Saved/Config/Windows/Scalability.ini]
[2021.02.23-16.59.30:101][  0]LogConfig: Setting CVar [[r.PostProcessAAQuality:4]]
[2021.02.23-16.59.30:101][  0]LogConfig: Applying CVar settings from Section [ShadowQuality@3] File [C:/Users/david/Documents/GitHub/Final-Year-Project/FYP/Saved/Config/Windows/Scalability.ini]
[2021.02.23-16.59.30:103][  0]LogConfig: Setting CVar [[r.LightFunctionQuality:1]]
[2021.02.23-16.59.30:103][  0]LogConfig: Setting CVar [[r.ShadowQuality:5]]
[2021.02.23-16.59.30:104][  0]LogConfig: Setting CVar [[r.Shadow.CSM.MaxCascades:10]]
[2021.02.23-16.59.30:104][  0]LogConfig: Setting CVar [[r.Shadow.MaxResolution:2048]]
[2021.02.23-16.59.30:104][  0]LogConfig: Setting CVar [[r.Shadow.MaxCSMResolution:2048]]
[2021.02.23-16.59.30:105][  0]LogConfig: Setting CVar [[r.Shadow.RadiusThreshold:0.01]]
[2021.02.23-16.59.30:105][  0]LogConfig: Setting CVar [[r.Shadow.DistanceScale:1.0]]
[2021.02.23-16.59.30:106][  0]LogConfig: Setting CVar [[r.Shadow.CSM.TransitionScale:1.0]]
[2021.02.23-16.59.30:107][  0]LogConfig: Setting CVar [[r.Shadow.PreShadowResolutionFactor:1.0]]
[2021.02.23-16.59.30:107][  0]LogConfig: Setting CVar [[r.DistanceFieldShadowing:1]]
[2021.02.23-16.59.30:107][  0]LogConfig: Setting CVar [[r.DistanceFieldAO:1]]
[2021.02.23-16.59.30:107][  0]LogConfig: Setting CVar [[r.AOQuality:2]]
[2021.02.23-16.59.30:107][  0]LogConfig: Setting CVar [[r.VolumetricFog:1]]
[2021.02.23-16.59.30:107][  0]LogConfig: Setting CVar [[r.VolumetricFog.GridPixelSize:8]]
[2021.02.23-16.59.30:107][  0]LogConfig: Setting CVar [[r.VolumetricFog.GridSizeZ:128]]
[2021.02.23-16.59.30:108][  0]LogConfig: Setting CVar [[r.VolumetricFog.HistoryMissSupersampleCount:4]]
[2021.02.23-16.59.30:108][  0]LogConfig: Setting CVar [[r.LightMaxDrawDistanceScale:1]]
[2021.02.23-16.59.30:108][  0]LogConfig: Setting CVar [[r.CapsuleShadows:1]]
[2021.02.23-16.59.30:109][  0]LogConfig: Applying CVar settings from Section [PostProcessQuality@3] File [C:/Users/david/Documents/GitHub/Final-Year-Project/FYP/Saved/Config/Windows/Scalability.ini]
[2021.02.23-16.59.30:109][  0]LogConfig: Setting CVar [[r.MotionBlurQuality:4]]
[2021.02.23-16.59.30:109][  0]LogConfig: Setting CVar [[r.AmbientOcclusionMipLevelFactor:0.4]]
[2021.02.23-16.59.30:109][  0]LogConfig: Setting CVar [[r.AmbientOcclusionMaxQuality:100]]
[2021.02.23-16.59.30:110][  0]LogConfig: Setting CVar [[r.AmbientOcclusionLevels:-1]]
[2021.02.23-16.59.30:110][  0]LogConfig: Setting CVar [[r.AmbientOcclusionRadiusScale:1.0]]
[2021.02.23-16.59.30:110][  0]LogConfig: Setting CVar [[r.DepthOfFieldQuality:2]]
[2021.02.23-16.59.30:110][  0]LogConfig: Setting CVar [[r.RenderTargetPoolMin:400]]
[2021.02.23-16.59.30:111][  0]LogConfig: Setting CVar [[r.LensFlareQuality:2]]
[2021.02.23-16.59.30:111][  0]LogConfig: Setting CVar [[r.SceneColorFringeQuality:1]]
[2021.02.23-16.59.30:111][  0]LogConfig: Setting CVar [[r.EyeAdaptationQuality:2]]
[2021.02.23-16.59.30:111][  0]LogConfig: Setting CVar [[r.BloomQuality:5]]
[2021.02.23-16.59.30:112][  0]LogConfig: Setting CVar [[r.FastBlurThreshold:100]]
[2021.02.23-16.59.30:112][  0]LogConfig: Setting CVar [[r.Upscale.Quality:3]]
[2021.02.23-16.59.30:112][  0]LogConfig: Setting CVar [[r.Tonemapper.GrainQuantization:1]]
[2021.02.23-16.59.30:112][  0]LogConfig: Setting CVar [[r.LightShaftQuality:1]]
[2021.02.23-16.59.30:112][  0]LogConfig: Setting CVar [[r.Filter.SizeScale:1]]
[2021.02.23-16.59.30:112][  0]LogConfig: Setting CVar [[r.Tonemapper.Quality:5]]
[2021.02.23-16.59.30:113][  0]LogConfig: Setting CVar [[r.DOF.Gather.AccumulatorQuality:1        ; higher gathering accumulator quality]]
[2021.02.23-16.59.30:113][  0]LogConfig: Setting CVar [[r.DOF.Gather.PostfilterMethod:1          ; Median3x3 postfilering method]]
[2021.02.23-16.59.30:113][  0]LogConfig: Setting CVar [[r.DOF.Gather.EnableBokehSettings:0       ; no bokeh simulation when gathering]]
[2021.02.23-16.59.30:113][  0]LogConfig: Setting CVar [[r.DOF.Gather.RingCount:4                 ; medium number of samples when gathering]]
[2021.02.23-16.59.30:113][  0]LogConfig: Setting CVar [[r.DOF.Scatter.ForegroundCompositing:1    ; additive foreground scattering]]
[2021.02.23-16.59.30:113][  0]LogConfig: Setting CVar [[r.DOF.Scatter.BackgroundCompositing:2    ; additive background scattering]]
[2021.02.23-16.59.30:113][  0]LogConfig: Setting CVar [[r.DOF.Scatter.EnableBokehSettings:1      ; bokeh simulation when scattering]]
[2021.02.23-16.59.30:113][  0]LogConfig: Setting CVar [[r.DOF.Scatter.MaxSpriteRatio:0.1         ; only a maximum of 10% of scattered bokeh]]
[2021.02.23-16.59.30:114][  0]LogConfig: Setting CVar [[r.DOF.Recombine.Quality:1                ; cheap slight out of focus]]
[2021.02.23-16.59.30:114][  0]LogConfig: Setting CVar [[r.DOF.Recombine.EnableBokehSettings:0    ; no bokeh simulation on slight out of focus]]
[2021.02.23-16.59.30:114][  0]LogConfig: Setting CVar [[r.DOF.TemporalAAQuality:1                ; more stable temporal accumulation]]
[2021.02.23-16.59.30:114][  0]LogConfig: Setting CVar [[r.DOF.Kernel.MaxForegroundRadius:0.025]]
[2021.02.23-16.59.30:114][  0]LogConfig: Setting CVar [[r.DOF.Kernel.MaxBackgroundRadius:0.025]]
[2021.02.23-16.59.30:114][  0]LogConfig: Applying CVar settings from Section [TextureQuality@3] File [C:/Users/david/Documents/GitHub/Final-Year-Project/FYP/Saved/Config/Windows/Scalability.ini]
[2021.02.23-16.59.30:115][  0]LogConfig: Setting CVar [[r.Streaming.MipBias:0]]
[2021.02.23-16.59.30:115][  0]LogConfig: Setting CVar [[r.Streaming.AmortizeCPUToGPUCopy:0]]
[2021.02.23-16.59.30:115][  0]LogConfig: Setting CVar [[r.Streaming.MaxNumTexturesToStreamPerFrame:0]]
[2021.02.23-16.59.30:115][  0]LogConfig: Setting CVar [[r.Streaming.Boost:1]]
[2021.02.23-16.59.30:115][  0]LogConfig: Setting CVar [[r.MaxAnisotropy:8]]
[2021.02.23-16.59.30:115][  0]LogConfig: Setting CVar [[r.Streaming.LimitPoolSizeToVRAM:0]]
[2021.02.23-16.59.30:115][  0]LogConfig: Setting CVar [[r.Streaming.PoolSize:1000]]
[2021.02.23-16.59.30:115][  0]LogConfig: Setting CVar [[r.Streaming.MaxEffectiveScreenSize:0]]
[2021.02.23-16.59.30:115][  0]LogConfig: Applying CVar settings from Section [EffectsQuality@3] File [C:/Users/david/Documents/GitHub/Final-Year-Project/FYP/Saved/Config/Windows/Scalability.ini]
[2021.02.23-16.59.30:115][  0]LogConfig: Setting CVar [[r.TranslucencyLightingVolumeDim:64]]
[2021.02.23-16.59.30:115][  0]LogConfig: Setting CVar [[r.RefractionQuality:2]]
[2021.02.23-16.59.30:116][  0]LogConfig: Setting CVar [[r.SSR.Quality:3]]
[2021.02.23-16.59.30:116][  0]LogConfig: Setting CVar [[r.SceneColorFormat:4]]
[2021.02.23-16.59.30:116][  0]LogConfig: Setting CVar [[r.DetailMode:2]]
[2021.02.23-16.59.30:116][  0]LogConfig: Setting CVar [[r.TranslucencyVolumeBlur:1]]
[2021.02.23-16.59.30:116][  0]LogConfig: Setting CVar [[r.MaterialQualityLevel:1 ; High quality]]
[2021.02.23-16.59.30:116][  0]LogConfig: Setting CVar [[r.SSS.Scale:1]]
[2021.02.23-16.59.30:116][  0]LogConfig: Setting CVar [[r.SSS.SampleSet:2]]
[2021.02.23-16.59.30:116][  0]LogConfig: Setting CVar [[r.SSS.Quality:1]]
[2021.02.23-16.59.30:116][  0]LogConfig: Setting CVar [[r.SSS.HalfRes:1]]
[2021.02.23-16.59.30:116][  0]LogConfig: Setting CVar [[r.EmitterSpawnRateScale:1.0]]
[2021.02.23-16.59.30:116][  0]LogConfig: Setting CVar [[r.ParticleLightQuality:2]]
[2021.02.23-16.59.30:116][  0]LogConfig: Applying CVar settings from Section [FoliageQuality@3] File [C:/Users/david/Documents/GitHub/Final-Year-Project/FYP/Saved/Config/Windows/Scalability.ini]
[2021.02.23-16.59.30:117][  0]LogConfig: Setting CVar [[foliage.DensityScale:1.0]]
[2021.02.23-16.59.30:117][  0]LogConfig: Setting CVar [[grass.DensityScale:1.0]]
[2021.02.23-16.59.30:117][  0]LogConfig: Applying CVar settings from Section [Startup] File [../../../Engine/Config/ConsoleVariables.ini]
[2021.02.23-16.59.30:118][  0]LogConfig: Setting CVar [[net.UseAdaptiveNetUpdateFrequency:0]]
[2021.02.23-16.59.30:118][  0]LogConfig: Setting CVar [[p.chaos.AllowCreatePhysxBodies:1]]
[2021.02.23-16.59.30:118][  0]LogConfig: Applying CVar settings from Section [ConsoleVariables] File [C:/Users/david/Documents/GitHub/Final-Year-Project/FYP/Saved/Config/Windows/Engine.ini]
[2021.02.23-16.59.30:118][  0]LogInit: Computer: DESKTOP-070UMBJ
[2021.02.23-16.59.30:118][  0]LogInit: User: david
[2021.02.23-16.59.30:118][  0]LogInit: CPU Page size=4096, Cores=4
[2021.02.23-16.59.30:118][  0]LogInit: High frequency timer resolution =10.000000 MHz
[2021.02.23-16.59.30:119][  0]LogMemory: Memory total: Physical=16.0GB (16GB approx)
[2021.02.23-16.59.30:119][  0]LogMemory: Platform Memory Stats for Windows
[2021.02.23-16.59.30:120][  0]LogMemory: Process Physical Memory: 102.25 MB used, 102.26 MB peak
[2021.02.23-16.59.30:120][  0]LogMemory: Process Virtual Memory: 99.82 MB used, 99.82 MB peak
[2021.02.23-16.59.30:120][  0]LogMemory: Physical Memory: 7407.01 MB used,  8928.79 MB free, 16335.80 MB total
[2021.02.23-16.59.30:120][  0]LogMemory: Virtual Memory: 4657.42 MB used,  134213072.00 MB free, 134217728.00 MB total
[2021.02.23-16.59.30:134][  0]LogWindows: WindowsPlatformFeatures enabled
[2021.02.23-16.59.30:363][  0]LogInit: Using OS detected language (en-GB).
[2021.02.23-16.59.30:363][  0]LogInit: Using OS detected locale (en-GB).
[2021.02.23-16.59.30:364][  0]LogTextLocalizationManager: No specific localization for 'en-GB' exists, so the 'en' localization will be used.
[2021.02.23-16.59.30:577][  0]LogInit: Setting process to per monitor DPI aware
[2021.02.23-16.59.30:632][  0]LogSlate: New Slate User Created.  User Index 0, Is Virtual User: 0
[2021.02.23-16.59.30:632][  0]LogSlate: Slate User Registered.  User Index 0, Is Virtual User: 0
[2021.02.23-16.59.30:826][  0]LogHMD: Failed to initialize OpenVR with code 110
[2021.02.23-16.59.30:826][  0]LogD3D11RHI: D3D11 adapters:
[2021.02.23-16.59.31:013][  0]LogD3D11RHI:    0. 'NVIDIA GeForce RTX 2060 SUPER' (Feature Level 11_0)
[2021.02.23-16.59.31:013][  0]LogD3D11RHI:       8031/0/8167 MB DedicatedVideo/DedicatedSystem/SharedSystem, Outputs:1, VendorId:0x10de
[2021.02.23-16.59.31:024][  0]LogD3D11RHI:    1. 'Microsoft Basic Render Driver' (Feature Level 11_0)
[2021.02.23-16.59.31:024][  0]LogD3D11RHI:       0/0/8167 MB DedicatedVideo/DedicatedSystem/SharedSystem, Outputs:0, VendorId:0x1414
[2021.02.23-16.59.31:024][  0]LogD3D11RHI: Chosen D3D11 Adapter: 0
[2021.02.23-16.59.31:030][  0]LogD3D11RHI: Creating new Direct3DDevice
[2021.02.23-16.59.31:031][  0]LogD3D11RHI:     GPU DeviceId: 0x1f06 (for the marketing name, search the web for "GPU Device Id")
[2021.02.23-16.59.31:031][  0]LogWindows: EnumDisplayDevices:
[2021.02.23-16.59.31:031][  0]LogWindows:    0. 'NVIDIA GeForce RTX 2060 SUPER' (P:1 D:1)
[2021.02.23-16.59.31:031][  0]LogWindows:    1. 'NVIDIA GeForce RTX 2060 SUPER' (P:0 D:0)
[2021.02.23-16.59.31:032][  0]LogWindows:    2. 'NVIDIA GeForce RTX 2060 SUPER' (P:0 D:0)
[2021.02.23-16.59.31:032][  0]LogWindows:    3. 'NVIDIA GeForce RTX 2060 SUPER' (P:0 D:0)
[2021.02.23-16.59.31:032][  0]LogWindows: DebugString: FoundDriverCount:4 
[2021.02.23-16.59.31:032][  0]LogD3D11RHI:     Adapter Name: NVIDIA GeForce RTX 2060 SUPER
[2021.02.23-16.59.31:032][  0]LogD3D11RHI:   Driver Version: 460.89 (internal:27.21.14.6089, unified:460.89)
[2021.02.23-16.59.31:032][  0]LogD3D11RHI:      Driver Date: 12-11-2020
[2021.02.23-16.59.31:032][  0]LogRHI: Texture pool is 5621 MB (70% of 8031 MB)
[2021.02.23-16.59.31:156][  0]LogD3D11RHI: Async texture creation enabled
[2021.02.23-16.59.31:189][  0]LogD3D11RHI: GPU Timing Frequency: 1000.000000 (Debug: 2 1)
[2021.02.23-16.59.31:519][  0]LogTemp: Display: Module 'AllDesktopTargetPlatform' loaded TargetPlatform 'AllDesktop'
[2021.02.23-16.59.31:532][  0]LogTemp: Display: Module 'MacClientTargetPlatform' loaded TargetPlatform 'MacClient'
[2021.02.23-16.59.31:545][  0]LogTemp: Display: Module 'MacNoEditorTargetPlatform' loaded TargetPlatform 'MacNoEditor'
[2021.02.23-16.59.31:559][  0]LogTemp: Display: Module 'MacServerTargetPlatform' loaded TargetPlatform 'MacServer'
[2021.02.23-16.59.31:573][  0]LogTemp: Display: Module 'MacTargetPlatform' loaded TargetPlatform 'Mac'
[2021.02.23-16.59.31:590][  0]LogTemp: Display: Module 'WindowsClientTargetPlatform' loaded TargetPlatform 'WindowsClient'
[2021.02.23-16.59.31:604][  0]LogTemp: Display: Module 'WindowsNoEditorTargetPlatform' loaded TargetPlatform 'WindowsNoEditor'
[2021.02.23-16.59.31:617][  0]LogTemp: Display: Module 'WindowsServerTargetPlatform' loaded TargetPlatform 'WindowsServer'
[2021.02.23-16.59.31:624][  0]LogTemp: Display: Module 'WindowsTargetPlatform' loaded TargetPlatform 'Windows'
[2021.02.23-16.59.31:671][  0]LogTemp: Display: Module 'AndroidTargetPlatform' loaded TargetPlatform 'Android'
[2021.02.23-16.59.31:671][  0]LogTemp: Display: Module 'AndroidTargetPlatform' loaded TargetPlatform 'Android_ASTC'
[2021.02.23-16.59.31:671][  0]LogTemp: Display: Module 'AndroidTargetPlatform' loaded TargetPlatform 'Android_ATC'
[2021.02.23-16.59.31:671][  0]LogTemp: Display: Module 'AndroidTargetPlatform' loaded TargetPlatform 'Android_DXT'
[2021.02.23-16.59.31:671][  0]LogTemp: Display: Module 'AndroidTargetPlatform' loaded TargetPlatform 'Android_ETC1'
[2021.02.23-16.59.31:671][  0]LogTemp: Display: Module 'AndroidTargetPlatform' loaded TargetPlatform 'Android_ETC1a'
[2021.02.23-16.59.31:671][  0]LogTemp: Display: Module 'AndroidTargetPlatform' loaded TargetPlatform 'Android_ETC2'
[2021.02.23-16.59.31:671][  0]LogTemp: Display: Module 'AndroidTargetPlatform' loaded TargetPlatform 'Android_PVRTC'
[2021.02.23-16.59.31:671][  0]LogTemp: Display: Module 'AndroidTargetPlatform' loaded TargetPlatform 'AndroidClient'
[2021.02.23-16.59.31:671][  0]LogTemp: Display: Module 'AndroidTargetPlatform' loaded TargetPlatform 'Android_ASTCClient'
[2021.02.23-16.59.31:671][  0]LogTemp: Display: Module 'AndroidTargetPlatform' loaded TargetPlatform 'Android_ATCClient'
[2021.02.23-16.59.31:671][  0]LogTemp: Display: Module 'AndroidTargetPlatform' loaded TargetPlatform 'Android_DXTClient'
[2021.02.23-16.59.31:671][  0]LogTemp: Display: Module 'AndroidTargetPlatform' loaded TargetPlatform 'Android_ETC1Client'
[2021.02.23-16.59.31:671][  0]LogTemp: Display: Module 'AndroidTargetPlatform' loaded TargetPlatform 'Android_ETC1aClient'
[2021.02.23-16.59.31:672][  0]LogTemp: Display: Module 'AndroidTargetPlatform' loaded TargetPlatform 'Android_ETC2Client'
[2021.02.23-16.59.31:672][  0]LogTemp: Display: Module 'AndroidTargetPlatform' loaded TargetPlatform 'Android_PVRTCClient'
[2021.02.23-16.59.31:672][  0]LogTemp: Display: Module 'AndroidTargetPlatform' loaded TargetPlatform 'Android_Multi'
[2021.02.23-16.59.31:672][  0]LogTemp: Display: Module 'AndroidTargetPlatform' loaded TargetPlatform 'Android_MultiClient'
[2021.02.23-16.59.31:676][  0]LogTemp: Display: Module 'HTML5TargetPlatform' loaded TargetPlatform 'HTML5'
[2021.02.23-16.59.31:707][  0]LogTemp: Display: Module 'IOSTargetPlatform' loaded TargetPlatform 'IOSClient'
[2021.02.23-16.59.31:707][  0]LogTemp: Display: Module 'IOSTargetPlatform' loaded TargetPlatform 'IOS'
[2021.02.23-16.59.31:727][  0]LogTemp: Display: Module 'TVOSTargetPlatform' loaded TargetPlatform 'TVOSClient'
[2021.02.23-16.59.31:727][  0]LogTemp: Display: Module 'TVOSTargetPlatform' loaded TargetPlatform 'TVOS'
[2021.02.23-16.59.31:738][  0]LogTemp: Display: Module 'LinuxClientTargetPlatform' loaded TargetPlatform 'LinuxClient'
[2021.02.23-16.59.31:748][  0]LogTemp: Display: Module 'LinuxNoEditorTargetPlatform' loaded TargetPlatform 'LinuxNoEditor'
[2021.02.23-16.59.31:759][  0]LogTemp: Display: Module 'LinuxServerTargetPlatform' loaded TargetPlatform 'LinuxServer'
[2021.02.23-16.59.31:772][  0]LogTemp: Display: Module 'LinuxTargetPlatform' loaded TargetPlatform 'Linux'
[2021.02.23-16.59.31:807][  0]LogTemp: Display: Module 'LuminTargetPlatform' loaded TargetPlatform 'Lumin'
[2021.02.23-16.59.31:807][  0]LogTemp: Display: Module 'LuminTargetPlatform' loaded TargetPlatform 'LuminClient'
[2021.02.23-16.59.31:807][  0]LogTargetPlatformManager: Display: Building Assets For Windows
[2021.02.23-16.59.31:835][  0]LogAudioDebug: Display: Lib vorbis DLL was dynamically loaded.
[2021.02.23-16.59.31:999][  0]LogShaderCompilers: Guid format shader working directory is -24 characters bigger than the processId version (../../../../../../Users/david/Documents/GitHub/Final-Year-Project/FYP/Intermediate/Shaders/WorkingDirectory/15948/).
[2021.02.23-16.59.31:999][  0]LogShaderCompilers: Cleaned the shader compiler working directory 'C:/Users/david/AppData/Local/Temp/UnrealShaderWorkingDir/AD9B02C74F5FCF7DA61B70B5C9486E91/'.
[2021.02.23-16.59.32:003][  0]LogXGEController: Cannot use XGE Controller as Incredibuild is not installed on this machine.
[2021.02.23-16.59.32:003][  0]LogShaderCompilers: Cannot use XGE Shader Compiler as Incredibuild is not installed on this machine.
[2021.02.23-16.59.32:003][  0]LogShaderCompilers: Display: Using Local Shader Compiler.
[2021.02.23-16.59.32:781][  0]LogDerivedDataCache: Display: Max Cache Size: 512 MB
[2021.02.23-16.59.32:841][  0]LogDerivedDataCache: Loaded boot cache 0.06s 75MB C:/Users/david/AppData/Local/UnrealEngine/4.23/DerivedDataCache/Boot.ddc.
[2021.02.23-16.59.32:841][  0]LogDerivedDataCache: Display: Loaded Boot cache: C:/Users/david/AppData/Local/UnrealEngine/4.23/DerivedDataCache/Boot.ddc
[2021.02.23-16.59.32:842][  0]LogDerivedDataCache: FDerivedDataBackendGraph:  Pak pak cache file ../../../../../../Users/david/Documents/GitHub/Final-Year-Project/FYP/DerivedDataCache/DDC.ddp not found, will not use a pak cache.
[2021.02.23-16.59.32:842][  0]LogDerivedDataCache: Unable to find inner node Pak for hierarchical cache Hierarchy.
[2021.02.23-16.59.32:842][  0]LogDerivedDataCache: FDerivedDataBackendGraph:  CompressedPak pak cache file ../../../../../../Users/david/Documents/GitHub/Final-Year-Project/FYP/DerivedDataCache/Compressed.ddp not found, will not use a pak cache.
[2021.02.23-16.59.32:842][  0]LogDerivedDataCache: Unable to find inner node CompressedPak for hierarchical cache Hierarchy.
[2021.02.23-16.59.32:856][  0]LogDerivedDataCache: Display: Pak cache opened for reading ../../../Engine/DerivedDataCache/Compressed.ddp.
[2021.02.23-16.59.32:856][  0]LogDerivedDataCache: FDerivedDataBackendGraph:  EnterprisePak pak cache file ../../../Enterprise/DerivedDataCache/Compressed.ddp not found, will not use a pak cache.
[2021.02.23-16.59.32:856][  0]LogDerivedDataCache: Unable to find inner node EnterprisePak for hierarchical cache Hierarchy.
[2021.02.23-16.59.32:859][  0]LogDerivedDataCache: Using Local data cache path C:/Users/david/AppData/Local/UnrealEngine/Common/DerivedDataCache: Writable
[2021.02.23-16.59.32:859][  0]LogDerivedDataCache: Shared data cache path not found in *engine.ini, will not use an Shared cache.
[2021.02.23-16.59.32:859][  0]LogDerivedDataCache: Unable to find inner node Shared for hierarchical cache Hierarchy.
[2021.02.23-16.59.32:886][  0]LogMaterial: Verifying Global Shaders for PCD3D_SM5
[2021.02.23-16.59.32:889][  0]LogSlate: Using FreeType 2.6.0
[2021.02.23-16.59.32:890][  0]LogSlate: SlateFontServices - WITH_FREETYPE: 1, WITH_HARFBUZZ: 1
[2021.02.23-16.59.32:958][  0]LogAssetRegistry: FAssetRegistry took 0.0054 seconds to start up
[2021.02.23-16.59.33:307][  0]LogInit: Selected Device Profile: [Windows]
[2021.02.23-16.59.33:511][  0]LogMeshReduction: Using QuadricMeshReduction for automatic static mesh reduction
[2021.02.23-16.59.33:512][  0]LogMeshReduction: Using SimplygonMeshReduction for automatic skeletal mesh reduction
[2021.02.23-16.59.33:512][  0]LogMeshReduction: Using ProxyLODMeshReduction for automatic mesh merging
[2021.02.23-16.59.33:512][  0]LogMeshReduction: No distributed automatic mesh merging module available
[2021.02.23-16.59.33:512][  0]LogMeshMerging: No distributed automatic mesh merging module available
[2021.02.23-16.59.33:524][  0]LogNetVersion: FYP 1.0.0, NetCL: 8386587, EngineNetVer: 11, GameNetVer: 0 (Checksum: 2864843675)
[2021.02.23-16.59.34:023][  0]LogPackageLocalizationCache: Processed 14 localized package path(s) for 1 prioritized culture(s) in 0.067053 seconds
[2021.02.23-16.59.34:032][  0]LogUObjectArray: 43444 objects as part of root set at end of initial load.
[2021.02.23-16.59.34:035][  0]LogUObjectAllocator: 7548648 out of 0 bytes used by permanent object pool.
[2021.02.23-16.59.34:038][  0]LogUObjectArray: CloseDisregardForGC: 0/0 objects in disregard for GC pool
[2021.02.23-16.59.35:154][  0]LogTcpMessaging: Initializing TcpMessaging bridge
[2021.02.23-16.59.35:160][  0]LogUdpMessaging: Initializing bridge on interface 0.0.0.0:0 to multicast group 230.0.0.1:6666.
[2021.02.23-16.59.35:388][  0]LogPython: Python Scripts search path: ../../../../../../Users/david/Documents/GitHub/Final-Year-Project/FYP/Content/Scripts
[2021.02.23-16.59.35:388][  0]LogPython: Python Scripts search path: ../../../../../../Users/david/Documents/GitHub/Final-Year-Project/FYP/Plugins/tensorflow-ue4/Content/Scripts
[2021.02.23-16.59.35:388][  0]LogPython: Python Scripts search path: ../../../../../../Users/david/Documents/GitHub/Final-Year-Project/FYP/Plugins/UnrealEnginePython/Content/Scripts
[2021.02.23-16.59.35:388][  0]LogPython: Python Scripts search path: ../../../../../../Users/david/Documents/GitHub/Final-Year-Project/FYP/Plugins/UnrealEnginePython
[2021.02.23-16.59.35:388][  0]LogPython: Python VM initialized: 3.6.4 (v3.6.4:d48eceb, Dec 19 2017, 06:54:40) [MSC v.1900 64 bit (AMD64)]
[2021.02.23-16.59.35:419][  0]LogPython: upystartup::Checking pip location on startup
[2021.02.23-16.59.35:419][  0]LogPython: 

[2021.02.23-16.59.35:419][  0]LogPython: upystartup::stored loc: C:/Users/david/Documents/GitHub/Final-Year-Project/FYP/Plugins/UnrealEnginePython/Binaries/Win64/Scripts
[2021.02.23-16.59.35:420][  0]LogPython: 

[2021.02.23-16.59.35:420][  0]LogPython: upystartup::correct loc: C:/Users/david/Documents/GitHub/Final-Year-Project/FYP/Plugins/UnrealEnginePython/Binaries/Win64/Scripts
[2021.02.23-16.59.35:420][  0]LogPython: 

[2021.02.23-16.59.35:420][  0]LogPython: upystartup::pip location is up to date.
[2021.02.23-16.59.35:420][  0]LogPython: 

[2021.02.23-16.59.35:420][  0]LogPython: upystartup::system paths normalized.
[2021.02.23-16.59.35:420][  0]LogPython: 

[2021.02.23-16.59.35:420][  0]LogPython: upystartup::project doesn't use a upymodule.json file.
[2021.02.23-16.59.35:420][  0]LogPython: 

[2021.02.23-16.59.35:423][  0]LogPython: ue_site Python module not found
[2021.02.23-16.59.35:634][  0]SourceControl: Source control is disabled
[2021.02.23-16.59.35:634][  0]SourceControl: Source control is disabled
[2021.02.23-16.59.35:637][  0]SourceControl: Source control is disabled
[2021.02.23-16.59.35:640][  0]SourceControl: Source control is disabled
[2021.02.23-16.59.35:822][  0]LogAndroidPermission: UAndroidPermissionCallbackProxy::GetInstance
[2021.02.23-16.59.36:022][  0]LogOcInput: OculusInput pre-init called
[2021.02.23-16.59.36:035][  0]LogWindows: Failed to load 'OVRPlugin.dll' (GetLastError=126)
[2021.02.23-16.59.36:035][  0]LogWindows: File 'OVRPlugin.dll' does not exist
[2021.02.23-16.59.36:129][  0]LogPython: Added TensorFlow Plugin Content/Scripts (C:/Users/david/Documents/GitHub/Final-Year-Project/FYP/Plugins/tensorflow-ue4/Content/Scripts) to sys.path
[2021.02.23-16.59.36:142][  0]LogPython: upymodule_importer::Resolving upymodule dependencies for tensorflow-ue4
[2021.02.23-16.59.36:855][  0]LogPython: upymodule_importer::tensorflow-gpu 1.12.0 installed? True
[2021.02.23-16.59.36:855][  0]LogPython: upymodule_importer::h5py 2.7.0 installed? True
[2021.02.23-16.59.36:855][  0]LogPython: upymodule_importer::2 tensorflow-ue4 upymodule dependencies resolved (if installation in progress, more async output will stream)
[2021.02.23-16.59.36:857][  0]LogPython: TensorFlow Plugin upymodule.json parsed
[2021.02.23-16.59.37:055][  0]LogEngine: Initializing Engine...
[2021.02.23-16.59.37:056][  0]LogHMD: Failed to initialize OpenVR with code 110
[2021.02.23-16.59.37:057][  0]LogStats: UGameplayTagsManager::InitializeManager -  0.000 s
[2021.02.23-16.59.37:321][  0]LogInit: Initializing FReadOnlyCVARCache
[2021.02.23-16.59.37:342][  0]LogAIModule: Creating AISystem for world Untitled
[2021.02.23-16.59.37:368][  0]LogInit: XAudio2 using 'LG ULTRAWIDE (NVIDIA High Definition Audio)' : 2 channels at 48 kHz using 16 bits per sample (channel mask 0x3)
[2021.02.23-16.59.37:392][  0]LogInit: FAudioDevice initialized.
[2021.02.23-16.59.37:392][  0]LogNetVersion: Set ProjectVersion to 1.0.0.0. Version Checksum will be recalculated on next use.
[2021.02.23-16.59.37:465][  0]LogDerivedDataCache: Saved boot cache 0.07s 75MB C:/Users/david/AppData/Local/UnrealEngine/4.23/DerivedDataCache/Boot.ddc.
[2021.02.23-16.59.37:473][  0]LogInit: Texture streaming: Enabled
[2021.02.23-16.59.37:502][  0]LogEngineSessionManager: EngineSessionManager initialized
[2021.02.23-16.59.37:502][  0]LogEngineSessionManager: EngineSessionManager sent abnormal shutdown report. Type=AbnormalShutdown, SessionId={19816438-4B11-BE92-90B3-68A6269B51FC}
[2021.02.23-16.59.37:502][  0]LogEditorSessionSummary: Verbose: Initializing EditorSessionSummaryWriter for editor session tracking
[2021.02.23-16.59.37:504][  0]LogEditorSessionSummary: EditorSessionSummaryWriter initialized
[2021.02.23-16.59.37:572][  0]LogInit: Transaction tracking system initialized
[2021.02.23-16.59.37:624][  0]BlueprintLog: New page: Editor Load
[2021.02.23-16.59.37:745][  0]LocalizationService: Localization service is disabled
[2021.02.23-16.59.38:052][  0]LogCook: Display: Max memory allowance for cook 16384mb min free memory 0mb
[2021.02.23-16.59.38:052][  0]LogCook: Display: Mobile HDR setting 1
[2021.02.23-16.59.38:323][  0]SourceControl: Source control is disabled
[2021.02.23-16.59.38:323][  0]Cmd: MAP LOAD FILE="../../../../../../Users/david/Documents/GitHub/Final-Year-Project/FYP/Content/VehicleAdvCPP/Maps/VehicleAdvExampleMap.umap" TEMPLATE=0 SHOWPROGRESS=1 FEATURELEVEL=3
[2021.02.23-16.59.38:324][  0]LightingResults: New page: Lighting Build
[2021.02.23-16.59.38:327][  0]LogWorld: UWorld::CleanupWorld for Untitled, bSessionEnded=true, bCleanupResources=true
[2021.02.23-16.59.38:327][  0]MapCheck: New page: Map Check
[2021.02.23-16.59.38:327][  0]LightingResults: New page: Lighting Build
[2021.02.23-16.59.38:355][  0]LogUObjectHash: Compacting FUObjectHashTables data took   2.54ms
[2021.02.23-16.59.38:565][  0]LogAIModule: Creating AISystem for world VehicleAdvExampleMap
[2021.02.23-16.59.38:583][  0]LogEditorServer: Finished looking for orphan Actors (0.000 secs)
[2021.02.23-16.59.38:616][  0]LogUObjectHash: Compacting FUObjectHashTables data took   3.21ms
[2021.02.23-16.59.38:616][  0]Cmd: MAP CHECKDEP NOCLEARLOG
[2021.02.23-16.59.38:617][  0]MapCheck: Map check complete: 0 Error(s), 0 Warning(s), took 0.243ms to complete.
[2021.02.23-16.59.38:617][  0]LogFileHelpers: Loading map 'VehicleAdvExampleMap' took 0.294
[2021.02.23-16.59.39:883][  0]LogSlate: Only BGRA pngs, bmps or icos are supported in by External Image Picker
[2021.02.23-16.59.39:960][  0]LogSlate: Updating window title bar state: overlay mode, drag disabled, window buttons hidden, title bar hidden
[2021.02.23-16.59.39:969][  0]LogSlate: Updating window title bar state: overlay mode, drag disabled, window buttons hidden, title bar hidden
[2021.02.23-16.59.39:979][  0]LogSlate: Updating window title bar state: overlay mode, drag disabled, window buttons hidden, title bar hidden
[2021.02.23-16.59.39:989][  0]LogSlate: Updating window title bar state: overlay mode, drag disabled, window buttons hidden, title bar hidden
[2021.02.23-16.59.39:999][  0]LogCollectionManager: Loaded 0 collections in 0.002455 seconds
[2021.02.23-16.59.40:016][  0]LogFileCache: Scanning file cache for directory 'C:/Users/david/Documents/GitHub/Final-Year-Project/FYP/Saved/Collections/' took 0.00s
[2021.02.23-16.59.40:016][  0]LogFileCache: Scanning file cache for directory 'C:/Users/david/Documents/GitHub/Final-Year-Project/FYP/Content/Developers/david/Collections/' took 0.00s
[2021.02.23-16.59.40:017][  0]LogFileCache: Scanning file cache for directory 'C:/Users/david/Documents/GitHub/Final-Year-Project/FYP/Content/Collections/' took 0.00s
[2021.02.23-16.59.40:017][  0]LogCollectionManager: Rebuilt the GUID cache for 0 collections in 0.000002 seconds
[2021.02.23-16.59.40:027][  0]LogContentBrowser: Native class hierarchy populated in 0.0099 seconds. Added 2905 classes and 708 folders.
[2021.02.23-16.59.40:038][  0]LogContentBrowser: Native class hierarchy updated for 'WidgetCarousel' in 0.0004 seconds. Added 0 classes and 0 folders.
[2021.02.23-16.59.40:085][  0]LogContentBrowser: Native class hierarchy updated for 'AddContentDialog' in 0.0004 seconds. Added 0 classes and 0 folders.
[2021.02.23-16.59.40:182][  0]LogSlate: Took 0.000214 seconds to synchronously load lazily loaded font '../../../Engine/Content/Slate/Fonts/Roboto-Regular.ttf' (155K)
[2021.02.23-16.59.40:193][  0]LogSlate: Took 0.000245 seconds to synchronously load lazily loaded font '../../../Engine/Content/Slate/Fonts/Roboto-Bold.ttf' (160K)
[2021.02.23-16.59.40:198][  0]LogSlate: Took 0.000250 seconds to synchronously load lazily loaded font '../../../Engine/Content/Slate/Fonts/DroidSansMono.ttf' (77K)
[2021.02.23-16.59.40:329][  0]LogRenderer: Reallocating scene render targets to support 1664x612 Format 10 NumSamples 1 (Frame:1).
[2021.02.23-16.59.40:477][  0]LogContentBrowser: Native class hierarchy updated for 'HierarchicalLODOutliner' in 0.0004 seconds. Added 0 classes and 0 folders.
[2021.02.23-16.59.40:477][  0]LogLoad: (Engine Initialization) Total time: 12.78 seconds
[2021.02.23-16.59.40:478][  0]LogLoad: (Engine Initialization) Total Blueprint compile time: 0.00 seconds
[2021.02.23-16.59.40:509][  0]LogRawInputWindows: Warning: Found device 0 devices
[2021.02.23-16.59.40:509][  0]LogRawInputWindows: Warning: Found device 0 devices
[2021.02.23-16.59.40:509][  0]LogRawInputWindows: Warning: Device was registered succesfully but not connected (Usage:4 UsagePage:1)
[2021.02.23-16.59.40:510][  0]LogRawInputWindows: Warning: Found device 1 devices
[2021.02.23-16.59.40:510][  0]LogRawInputWindows: VenderID:45e ProductID:2ff
[2021.02.23-16.59.40:511][  0]LogRawInputWindows: Device was registered succesfully and is connected (Usage:5 UsagePage:1)
[2021.02.23-16.59.40:563][  0]LogAssetRegistry: Asset discovery search completed in 7.6077 seconds
[2021.02.23-16.59.40:568][  0]LogCollectionManager: Rebuilt the object cache for 0 collections in 0.000008 seconds (found 0 objects)
[2021.02.23-16.59.40:569][  0]LogCollectionManager: Fixed up redirectors for 0 collections in 0.000351 seconds (updated 0 objects)
[2021.02.23-16.59.40:570][  0]LogContentStreaming: Texture pool size now 1000 MB
[2021.02.23-16.59.50:308][799]LogSlate: FSceneViewport::OnFocusLost() reason 0
[2021.02.23-16.59.50:366][806]LogTemp: Repeating last play command: Selected Viewport
[2021.02.23-16.59.50:387][806]LogBlueprintUserMessages: Early PlayInEditor Detection: Level '/Game/VehicleAdvCPP/Maps/VehicleAdvExampleMap.VehicleAdvExampleMap:PersistentLevel' has LevelScriptBlueprint '/Game/VehicleAdvCPP/Maps/VehicleAdvExampleMap.VehicleAdvExampleMap:PersistentLevel.VehicleAdvExampleMap' with GeneratedClass '/Game/VehicleAdvCPP/Maps/VehicleAdvExampleMap.VehicleAdvExampleMap_C' with ClassGeneratedBy '/Game/VehicleAdvCPP/Maps/VehicleAdvExampleMap.VehicleAdvExampleMap:PersistentLevel.VehicleAdvExampleMap'
[2021.02.23-16.59.50:388][806]LogPlayLevel: PlayLevel: No blueprints needed recompiling
[2021.02.23-16.59.50:389][806]PIE: New page: PIE session: VehicleAdvExampleMap (23 Feb 2021 16:59:50)
[2021.02.23-16.59.50:391][806]LogOnline: OSS: Creating online subsystem instance for: NULL
[2021.02.23-16.59.50:393][806]LogPlayLevel: Creating play world package: /Game/VehicleAdvCPP/Maps/UEDPIE_0_VehicleAdvExampleMap
[2021.02.23-16.59.50:431][806]LogPlayLevel: PIE: StaticDuplicateObject took: (0.037079s)
[2021.02.23-16.59.50:432][806]LogAIModule: Creating AISystem for world VehicleAdvExampleMap
[2021.02.23-16.59.50:432][806]LogPlayLevel: PIE: World Init took: (0.001333s)
[2021.02.23-16.59.50:433][806]LogPlayLevel: PIE: Created PIE world by copying editor world from /Game/VehicleAdvCPP/Maps/VehicleAdvExampleMap.VehicleAdvExampleMap to /Game/VehicleAdvCPP/Maps/UEDPIE_0_VehicleAdvExampleMap.VehicleAdvExampleMap (0.039365s)
[2021.02.23-16.59.50:457][806]LogUObjectHash: Compacting FUObjectHashTables data took   1.87ms
[2021.02.23-16.59.50:475][806]LogInit: XAudio2 using 'LG ULTRAWIDE (NVIDIA High Definition Audio)' : 2 channels at 48 kHz using 16 bits per sample (channel mask 0x3)
[2021.02.23-16.59.50:488][806]LogInit: FAudioDevice initialized.
[2021.02.23-16.59.50:502][806]LogLoad: Game class is 'FYPGameMode'
[2021.02.23-16.59.50:511][806]LogWorld: Bringing World /Game/VehicleAdvCPP/Maps/UEDPIE_0_VehicleAdvExampleMap.VehicleAdvExampleMap up for play (max tick rate 0) at 2021.02.23-16.59.50
[2021.02.23-16.59.51:066][806]LogPython: Error: C:\Users\david\Documents\GitHub\Final-Year-Project\FYP\Plugins\UnrealEnginePython\Binaries\Win64\Lib\site-packages\tensorflow\python\framework\dtypes.py:523: FutureWarning: Passing (type, 1) or '1type' as a synonym of type is deprecated; in a future version of numpy, it will be understood as (type, (1,)) / '(1,)type'.
  _np_qint8 = np.dtype([("qint8", np.int8, 1)])

[2021.02.23-16.59.51:067][806]LogPython: Error: C:\Users\david\Documents\GitHub\Final-Year-Project\FYP\Plugins\UnrealEnginePython\Binaries\Win64\Lib\site-packages\tensorflow\python\framework\dtypes.py:524: FutureWarning: Passing (type, 1) or '1type' as a synonym of type is deprecated; in a future version of numpy, it will be understood as (type, (1,)) / '(1,)type'.
  _np_quint8 = np.dtype([("quint8", np.uint8, 1)])

[2021.02.23-16.59.51:068][806]LogPython: Error: C:\Users\david\Documents\GitHub\Final-Year-Project\FYP\Plugins\UnrealEnginePython\Binaries\Win64\Lib\site-packages\tensorflow\python\framework\dtypes.py:525: FutureWarning: Passing (type, 1) or '1type' as a synonym of type is deprecated; in a future version of numpy, it will be understood as (type, (1,)) / '(1,)type'.
  _np_qint16 = np.dtype([("qint16", np.int16, 1)])

[2021.02.23-16.59.51:069][806]LogPython: Error: C:\Users\david\Documents\GitHub\Final-Year-Project\FYP\Plugins\UnrealEnginePython\Binaries\Win64\Lib\site-packages\tensorflow\python\framework\dtypes.py:526: FutureWarning: Passing (type, 1) or '1type' as a synonym of type is deprecated; in a future version of numpy, it will be understood as (type, (1,)) / '(1,)type'.
  _np_quint16 = np.dtype([("quint16", np.uint16, 1)])

[2021.02.23-16.59.51:069][806]LogPython: Error: C:\Users\david\Documents\GitHub\Final-Year-Project\FYP\Plugins\UnrealEnginePython\Binaries\Win64\Lib\site-packages\tensorflow\python\framework\dtypes.py:527: FutureWarning: Passing (type, 1) or '1type' as a synonym of type is deprecated; in a future version of numpy, it will be understood as (type, (1,)) / '(1,)type'.
  _np_qint32 = np.dtype([("qint32", np.int32, 1)])

[2021.02.23-16.59.51:070][806]LogPython: Error: C:\Users\david\Documents\GitHub\Final-Year-Project\FYP\Plugins\UnrealEnginePython\Binaries\Win64\Lib\site-packages\tensorflow\python\framework\dtypes.py:532: FutureWarning: Passing (type, 1) or '1type' as a synonym of type is deprecated; in a future version of numpy, it will be understood as (type, (1,)) / '(1,)type'.
  np_resource = np.dtype([("resource", np.ubyte, 1)])

[2021.02.23-16.59.52:714][806]LogWorld: Bringing up level for play took: 2.209667
[2021.02.23-16.59.52:715][806]LogOnline: OSS: Creating online subsystem instance for: :Context_2
[2021.02.23-16.59.52:725][806]LogContentBrowser: Native class hierarchy updated for 'MovieSceneCapture' in 0.0004 seconds. Added 20 classes and 0 folders.
[2021.02.23-16.59.52:727][806]LogPython: BeginPlay, importing TF module: AICar
[2021.02.23-16.59.52:884][806]LogPython: Is training Data Constructed
[2021.02.23-16.59.52:965][806]LogPython: _________________________________________________________________
[2021.02.23-16.59.52:965][806]LogPython: 

[2021.02.23-16.59.52:965][806]LogPython: Layer (type)                 Output Shape              Param #   
[2021.02.23-16.59.52:965][806]LogPython: 

[2021.02.23-16.59.52:965][806]LogPython: =================================================================
[2021.02.23-16.59.52:965][806]LogPython: 

[2021.02.23-16.59.52:966][806]LogPython: dense (Dense)                (None, 16)                144       
[2021.02.23-16.59.52:966][806]LogPython: 

[2021.02.23-16.59.52:966][806]LogPython: _________________________________________________________________
[2021.02.23-16.59.52:966][806]LogPython: 

[2021.02.23-16.59.52:966][806]LogPython: dense_1 (Dense)              (None, 8)                 136       
[2021.02.23-16.59.52:967][806]LogPython: 

[2021.02.23-16.59.52:967][806]LogPython: _________________________________________________________________
[2021.02.23-16.59.52:967][806]LogPython: 

[2021.02.23-16.59.52:967][806]LogPython: dense_2 (Dense)              (None, 4)                 36        
[2021.02.23-16.59.52:967][806]LogPython: 

[2021.02.23-16.59.52:967][806]LogPython: _________________________________________________________________
[2021.02.23-16.59.52:968][806]LogPython: 

[2021.02.23-16.59.52:968][806]LogPython: dense_3 (Dense)              (None, 2)                 10        
[2021.02.23-16.59.52:968][806]LogPython: 

[2021.02.23-16.59.52:968][806]LogPython: =================================================================
[2021.02.23-16.59.52:968][806]LogPython: 

[2021.02.23-16.59.52:968][806]LogPython: Total params: 326
[2021.02.23-16.59.52:969][806]LogPython: 

[2021.02.23-16.59.52:969][806]LogPython: Trainable params: 326
[2021.02.23-16.59.52:969][806]LogPython: 

[2021.02.23-16.59.52:969][806]LogPython: Non-trainable params: 0
[2021.02.23-16.59.52:969][806]LogPython: 

[2021.02.23-16.59.52:969][806]LogPython: _________________________________________________________________
[2021.02.23-16.59.52:969][806]LogPython: 

[2021.02.23-16.59.57:543][806]PIE: Play in editor start time for /Game/VehicleAdvCPP/Maps/UEDPIE_0_VehicleAdvExampleMap 7.163
[2021.02.23-16.59.57:544][806]LogBlueprintUserMessages: Late PlayInEditor Detection: Level '/Game/VehicleAdvCPP/Maps/VehicleAdvExampleMap.VehicleAdvExampleMap:PersistentLevel' has LevelScriptBlueprint '/Game/VehicleAdvCPP/Maps/VehicleAdvExampleMap.VehicleAdvExampleMap:PersistentLevel.VehicleAdvExampleMap' with GeneratedClass '/Game/VehicleAdvCPP/Maps/VehicleAdvExampleMap.VehicleAdvExampleMap_C' with ClassGeneratedBy '/Game/VehicleAdvCPP/Maps/VehicleAdvExampleMap.VehicleAdvExampleMap:PersistentLevel.VehicleAdvExampleMap'
[2021.02.23-16.59.57:545][806]LogPython: Setup complete!
[2021.02.23-16.59.57:549][806]LogPython: AICar input passed: {"North":"0.162193","NorthEast":"0.027714","East":"0.019081","SouthEast":"0.027775","South":"0.438894","SouthWest":"0.032309","West":"0.022244","NorthWest":"0.03275","RecordingData":"False"}
[2021.02.23-16.59.57:848][806]SocketIOLog: SocketIO failed to connect.
[2021.02.23-16.59.57:848][806]LogPython: 0.79665995
[2021.02.23-16.59.57:848][806]LogPython: 0.20334008
[2021.02.23-17.00.28:257][806]LogTemp: Warning:  Into Car LR: -0.593320    FB: 0.593320
